Reading OFF file /home/rcarrasco/GPolylla/data/1000000_points.1.off
[Polylla] Constructing Polylla...
[GPU] Copy vectors to device in 7.1551 ms
[GPU] Labered max edges in 9.55041 ms
[GPU] Labeled frontier edges in 0.266794 ms
[GPU] Labeled seed edges in 0.236157 ms
[GPU] Labeled extra frontier edge in 1.20844 ms
[GPU] Traversal phase 1 in 0.364621 ms
[GPU] Traversal phase (search frontier edge) in 0.240394 ms
[GPU] Rapair overwrite seed in 0.27775 ms
[GPU] Labeled seed scan in 0.212931 ms
[GPU] Labeled seed compaction in 0.029885 ms
[GPU] Back to host in 10.8737 ms
[GPU] Mesh with 322161 polygons 0 edges and 0 barrier-edge tips.
Printing JSON file as /home/rcarrasco/GPolylla/experiments/CPU_and_GPU/gpu-uniform-result/4/uniform_1000000.json
Tiempo de ejecución: 9.907 segundos

Reading OFF file /home/rcarrasco/GPolylla/data/2353515_points.1.off
[Polylla] Constructing Polylla...
[GPU] Copy vectors to device in 16.5983 ms
[GPU] Labered max edges in 10.8571 ms
[GPU] Labeled frontier edges in 0.592165 ms
[GPU] Labeled seed edges in 0.56209 ms
[GPU] Labeled extra frontier edge in 4.47922 ms
[GPU] Traversal phase 1 in 0.902584 ms
[GPU] Traversal phase (search frontier edge) in 0.484312 ms
[GPU] Rapair overwrite seed in 0.627328 ms
[GPU] Labeled seed scan in 0.286523 ms
[GPU] Labeled seed compaction in 0.093001 ms
[GPU] Back to host in 21.3984 ms
[GPU] Mesh with 757244 polygons 0 edges and 0 barrier-edge tips.
Printing JSON file as /home/rcarrasco/GPolylla/experiments/CPU_and_GPU/gpu-uniform-result/4/uniform_2353515.json
Tiempo de ejecución: 21.707 segundos

Reading OFF file /home/rcarrasco/GPolylla/data/3707030_points.1.off
[Polylla] Constructing Polylla...
[GPU] Copy vectors to device in 25.8272 ms
[GPU] Labered max edges in 12.9656 ms
[GPU] Labeled frontier edges in 0.89369 ms
[GPU] Labeled seed edges in 0.876004 ms
[GPU] Labeled extra frontier edge in 7.52702 ms
[GPU] Traversal phase 1 in 1.42781 ms
[GPU] Traversal phase (search frontier edge) in 0.727609 ms
[GPU] Rapair overwrite seed in 0.974452 ms
[GPU] Labeled seed scan in 0.433275 ms
[GPU] Labeled seed compaction in 0.221695 ms
[GPU] Back to host in 36.0334 ms
[GPU] Mesh with 1193293 polygons 0 edges and 0 barrier-edge tips.
Printing JSON file as /home/rcarrasco/GPolylla/experiments/CPU_and_GPU/gpu-uniform-result/4/uniform_3707030.json
Tiempo de ejecución: 32.831 segundos

Reading OFF file /home/rcarrasco/GPolylla/data/5060545_points.1.off
[Polylla] Constructing Polylla...
[GPU] Copy vectors to device in 35.5294 ms
[GPU] Labered max edges in 10.4999 ms
[GPU] Labeled frontier edges in 1.21471 ms
[GPU] Labeled seed edges in 1.21274 ms
[GPU] Labeled extra frontier edge in 10.6548 ms
[GPU] Traversal phase 1 in 1.96672 ms
[GPU] Traversal phase (search frontier edge) in 0.969274 ms
[GPU] Rapair overwrite seed in 1.32227 ms
[GPU] Labeled seed scan in 0.603672 ms
[GPU] Labeled seed compaction in 0.270298 ms
[GPU] Back to host in 45.9802 ms
[GPU] Mesh with 1630101 polygons 0 edges and 0 barrier-edge tips.
Printing JSON file as /home/rcarrasco/GPolylla/experiments/CPU_and_GPU/gpu-uniform-result/4/uniform_5060545.json
Tiempo de ejecución: 43.949 segundos

Reading OFF file /home/rcarrasco/GPolylla/data/6414060_points.1.off
[Polylla] Constructing Polylla...
[GPU] Copy vectors to device in 44.6389 ms
[GPU] Labered max edges in 14.0188 ms
[GPU] Labeled frontier edges in 1.52665 ms
[GPU] Labeled seed edges in 1.53236 ms
[GPU] Labeled extra frontier edge in 13.6879 ms
[GPU] Traversal phase 1 in 2.4809 ms
[GPU] Traversal phase (search frontier edge) in 1.21107 ms
[GPU] Rapair overwrite seed in 1.66811 ms
[GPU] Labeled seed scan in 0.726447 ms
[GPU] Labeled seed compaction in 0.319343 ms
[GPU] Back to host in 65.6031 ms
[GPU] Mesh with 2065978 polygons 0 edges and 0 barrier-edge tips.
Printing JSON file as /home/rcarrasco/GPolylla/experiments/CPU_and_GPU/gpu-uniform-result/4/uniform_6414060.json
Tiempo de ejecución: 55.938 segundos

Reading OFF file /home/rcarrasco/GPolylla/data/7767575_points.1.off
[Polylla] Constructing Polylla...
[GPU] Copy vectors to device in 53.7708 ms
[GPU] Labered max edges in 13.3507 ms
[GPU] Labeled frontier edges in 1.84755 ms
[GPU] Labeled seed edges in 1.83448 ms
[GPU] Labeled extra frontier edge in 16.7638 ms
[GPU] Traversal phase 1 in 3.0198 ms
[GPU] Traversal phase (search frontier edge) in 1.4529 ms
[GPU] Rapair overwrite seed in 2.01431 ms
[GPU] Labeled seed scan in 0.851336 ms
[GPU] Labeled seed compaction in 0.372161 ms
[GPU] Back to host in 70.1754 ms
[GPU] Mesh with 2501412 polygons 0 edges and 0 barrier-edge tips.
Printing JSON file as /home/rcarrasco/GPolylla/experiments/CPU_and_GPU/gpu-uniform-result/4/uniform_7767575.json
Tiempo de ejecución: 67.389 segundos

Reading OFF file /home/rcarrasco/GPolylla/data/9121090_points.1.off
[Polylla] Constructing Polylla...
[GPU] Copy vectors to device in 63.8273 ms
[GPU] Labered max edges in 23.4052 ms
[GPU] Labeled frontier edges in 2.16885 ms
[GPU] Labeled seed edges in 2.14497 ms
[GPU] Labeled extra frontier edge in 19.8726 ms
[GPU] Traversal phase 1 in 3.55123 ms
[GPU] Traversal phase (search frontier edge) in 1.69798 ms
[GPU] Rapair overwrite seed in 2.36789 ms
[GPU] Labeled seed scan in 4.13907 ms
[GPU] Labeled seed compaction in 0.422027 ms
[GPU] Back to host in 86.1575 ms
[GPU] Mesh with 2937286 polygons 0 edges and 0 barrier-edge tips.
Printing JSON file as /home/rcarrasco/GPolylla/experiments/CPU_and_GPU/gpu-uniform-result/4/uniform_9121090.json
Tiempo de ejecución: 78.860 segundos

Reading OFF file /home/rcarrasco/GPolylla/data/10474605_points.1.off
[Polylla] Constructing Polylla...
[GPU] Copy vectors to device in 72.6169 ms
[GPU] Labered max edges in 15.3837 ms
[GPU] Labeled frontier edges in 2.48488 ms
[GPU] Labeled seed edges in 2.44714 ms
[GPU] Labeled extra frontier edge in 22.9059 ms
[GPU] Traversal phase 1 in 4.08564 ms
[GPU] Traversal phase (search frontier edge) in 1.94133 ms
[GPU] Rapair overwrite seed in 2.71309 ms
[GPU] Labeled seed scan in 1.1394 ms
[GPU] Labeled seed compaction in 0.473905 ms
[GPU] Back to host in 96.8646 ms
[GPU] Mesh with 3374006 polygons 0 edges and 0 barrier-edge tips.
Printing JSON file as /home/rcarrasco/GPolylla/experiments/CPU_and_GPU/gpu-uniform-result/4/uniform_10474605.json
Tiempo de ejecución: 89.300 segundos

Reading OFF file /home/rcarrasco/GPolylla/data/11828120_points.1.off
[Polylla] Constructing Polylla...
[GPU] Copy vectors to device in 81.9483 ms
[GPU] Labered max edges in 15.0147 ms
[GPU] Labeled frontier edges in 2.80638 ms
[GPU] Labeled seed edges in 2.73976 ms
[GPU] Labeled extra frontier edge in 25.8416 ms
[GPU] Traversal phase 1 in 4.6017 ms
[GPU] Traversal phase (search frontier edge) in 2.17769 ms
[GPU] Rapair overwrite seed in 3.05963 ms
[GPU] Labeled seed scan in 1.25067 ms
[GPU] Labeled seed compaction in 0.526495 ms
[GPU] Back to host in 102.906 ms
[GPU] Mesh with 3810426 polygons 0 edges and 0 barrier-edge tips.
Printing JSON file as /home/rcarrasco/GPolylla/experiments/CPU_and_GPU/gpu-uniform-result/4/uniform_11828120.json
Tiempo de ejecución: 102.228 segundos

Reading OFF file /home/rcarrasco/GPolylla/data/13181635_points.1.off
[Polylla] Constructing Polylla...
[GPU] Copy vectors to device in 90.557 ms
[GPU] Labered max edges in 15.1799 ms
[GPU] Labeled frontier edges in 3.12323 ms
[GPU] Labeled seed edges in 3.05797 ms
[GPU] Labeled extra frontier edge in 28.8196 ms
[GPU] Traversal phase 1 in 5.14064 ms
[GPU] Traversal phase (search frontier edge) in 2.4159 ms
[GPU] Rapair overwrite seed in 3.41105 ms
[GPU] Labeled seed scan in 1.39543 ms
[GPU] Labeled seed compaction in 0.57643 ms
[GPU] Back to host in 128.601 ms
[GPU] Mesh with 4246998 polygons 0 edges and 0 barrier-edge tips.
Printing JSON file as /home/rcarrasco/GPolylla/experiments/CPU_and_GPU/gpu-uniform-result/4/uniform_13181635.json
Tiempo de ejecución: 115.642 segundos

Reading OFF file /home/rcarrasco/GPolylla/data/14535150_points.1.off
[Polylla] Constructing Polylla...
[GPU] Copy vectors to device in 100.081 ms
[GPU] Labered max edges in 19.077 ms
[GPU] Labeled frontier edges in 3.4527 ms
[GPU] Labeled seed edges in 3.35588 ms
[GPU] Labeled extra frontier edge in 31.85 ms
[GPU] Traversal phase 1 in 5.65563 ms
[GPU] Traversal phase (search frontier edge) in 2.6607 ms
[GPU] Rapair overwrite seed in 3.75279 ms
[GPU] Labeled seed scan in 1.51102 ms
[GPU] Labeled seed compaction in 0.629489 ms
[GPU] Back to host in 135.759 ms
[GPU] Mesh with 4682772 polygons 0 edges and 0 barrier-edge tips.
Printing JSON file as /home/rcarrasco/GPolylla/experiments/CPU_and_GPU/gpu-uniform-result/4/uniform_14535150.json
Tiempo de ejecución: 128.013 segundos

Reading OFF file /home/rcarrasco/GPolylla/data/15888665_points.1.off
[Polylla] Constructing Polylla...
[GPU] Copy vectors to device in 109.115 ms
[GPU] Labered max edges in 18.0941 ms
[GPU] Labeled frontier edges in 3.7591 ms
[GPU] Labeled seed edges in 3.64928 ms
[GPU] Labeled extra frontier edge in 34.9278 ms
[GPU] Traversal phase 1 in 6.16597 ms
[GPU] Traversal phase (search frontier edge) in 2.90337 ms
[GPU] Rapair overwrite seed in 4.10888 ms
[GPU] Labeled seed scan in 1.6467 ms
[GPU] Labeled seed compaction in 0.680596 ms
[GPU] Back to host in 144.126 ms
[GPU] Mesh with 5118818 polygons 0 edges and 0 barrier-edge tips.
Printing JSON file as /home/rcarrasco/GPolylla/experiments/CPU_and_GPU/gpu-uniform-result/4/uniform_15888665.json
Tiempo de ejecución: 137.263 segundos

Reading OFF file /home/rcarrasco/GPolylla/data/17242180_points.1.off
[Polylla] Constructing Polylla...
[GPU] Copy vectors to device in 120.189 ms
[GPU] Labered max edges in 17.9638 ms
[GPU] Labeled frontier edges in 4.07783 ms
[GPU] Labeled seed edges in 3.95711 ms
[GPU] Labeled extra frontier edge in 38.0144 ms
[GPU] Traversal phase 1 in 6.72707 ms
[GPU] Traversal phase (search frontier edge) in 3.14153 ms
[GPU] Rapair overwrite seed in 4.45579 ms
[GPU] Labeled seed scan in 1.7809 ms
[GPU] Labeled seed compaction in 0.730811 ms
[GPU] Back to host in 151.753 ms
[GPU] Mesh with 5554535 polygons 0 edges and 0 barrier-edge tips.
Printing JSON file as /home/rcarrasco/GPolylla/experiments/CPU_and_GPU/gpu-uniform-result/4/uniform_17242180.json
Tiempo de ejecución: 153.371 segundos

Reading OFF file /home/rcarrasco/GPolylla/data/18595695_points.1.off
[Polylla] Constructing Polylla...
[GPU] Copy vectors to device in 127.481 ms
[GPU] Labered max edges in 19.3804 ms
[GPU] Labeled frontier edges in 4.40121 ms
[GPU] Labeled seed edges in 4.25374 ms
[GPU] Labeled extra frontier edge in 41.1335 ms
[GPU] Traversal phase 1 in 7.26021 ms
[GPU] Traversal phase (search frontier edge) in 3.38468 ms
[GPU] Rapair overwrite seed in 4.80025 ms
[GPU] Labeled seed scan in 1.89114 ms
[GPU] Labeled seed compaction in 0.78289 ms
[GPU] Back to host in 172.661 ms
[GPU] Mesh with 5991767 polygons 0 edges and 0 barrier-edge tips.
Printing JSON file as /home/rcarrasco/GPolylla/experiments/CPU_and_GPU/gpu-uniform-result/4/uniform_18595695.json
Tiempo de ejecución: 164.548 segundos

Reading OFF file /home/rcarrasco/GPolylla/data/19949210_points.1.off
[Polylla] Constructing Polylla...
[GPU] Copy vectors to device in 138.579 ms
[GPU] Labered max edges in 17.7437 ms
[GPU] Labeled frontier edges in 4.71607 ms
[GPU] Labeled seed edges in 4.55872 ms
[GPU] Labeled extra frontier edge in 44.1986 ms
[GPU] Traversal phase 1 in 7.78604 ms
[GPU] Traversal phase (search frontier edge) in 3.62823 ms
[GPU] Rapair overwrite seed in 5.15109 ms
[GPU] Labeled seed scan in 2.02279 ms
[GPU] Labeled seed compaction in 0.835089 ms
[GPU] Back to host in 184.185 ms
[GPU] Mesh with 6427832 polygons 0 edges and 0 barrier-edge tips.
Printing JSON file as /home/rcarrasco/GPolylla/experiments/CPU_and_GPU/gpu-uniform-result/4/uniform_19949210.json
Tiempo de ejecución: 175.664 segundos

Reading OFF file /home/rcarrasco/GPolylla/data/21302725_points.1.off
[Polylla] Constructing Polylla...
[GPU] Copy vectors to device in 146.629 ms
[GPU] Labered max edges in 18.6491 ms
[GPU] Labeled frontier edges in 5.02665 ms
[GPU] Labeled seed edges in 4.86579 ms
[GPU] Labeled extra frontier edge in 47.2933 ms
[GPU] Traversal phase 1 in 8.30576 ms
[GPU] Traversal phase (search frontier edge) in 3.86972 ms
[GPU] Rapair overwrite seed in 5.49596 ms
[GPU] Labeled seed scan in 2.22013 ms
[GPU] Labeled seed compaction in 0.883031 ms
[GPU] Back to host in 181.863 ms
[GPU] Mesh with 6863913 polygons 0 edges and 0 barrier-edge tips.
Printing JSON file as /home/rcarrasco/GPolylla/experiments/CPU_and_GPU/gpu-uniform-result/4/uniform_21302725.json
Tiempo de ejecución: 190.302 segundos

Reading OFF file /home/rcarrasco/GPolylla/data/22656240_points.1.off
[Polylla] Constructing Polylla...
[GPU] Copy vectors to device in 157.315 ms
[GPU] Labered max edges in 19.9406 ms
[GPU] Labeled frontier edges in 5.34641 ms
[GPU] Labeled seed edges in 5.15465 ms
[GPU] Labeled extra frontier edge in 50.3442 ms
[GPU] Traversal phase 1 in 8.84591 ms
[GPU] Traversal phase (search frontier edge) in 4.1189 ms
[GPU] Rapair overwrite seed in 5.84793 ms
[GPU] Labeled seed scan in 2.35718 ms
[GPU] Labeled seed compaction in 0.937713 ms
[GPU] Back to host in 208.715 ms
[GPU] Mesh with 7299505 polygons 0 edges and 0 barrier-edge tips.
Printing JSON file as /home/rcarrasco/GPolylla/experiments/CPU_and_GPU/gpu-uniform-result/4/uniform_22656240.json
Tiempo de ejecución: 204.069 segundos

Reading OFF file /home/rcarrasco/GPolylla/data/24009755_points.1.off
[Polylla] Constructing Polylla...
[GPU] Copy vectors to device in 166.077 ms
[GPU] Labered max edges in 20.1041 ms
[GPU] Labeled frontier edges in 5.66641 ms
[GPU] Labeled seed edges in 5.45558 ms
[GPU] Labeled extra frontier edge in 53.3333 ms
[GPU] Traversal phase 1 in 9.38306 ms
[GPU] Traversal phase (search frontier edge) in 4.35149 ms
[GPU] Rapair overwrite seed in 6.18915 ms
[GPU] Labeled seed scan in 2.4548 ms
[GPU] Labeled seed compaction in 0.986255 ms
[GPU] Back to host in 231.876 ms
[GPU] Mesh with 7734952 polygons 0 edges and 0 barrier-edge tips.
Printing JSON file as /home/rcarrasco/GPolylla/experiments/CPU_and_GPU/gpu-uniform-result/4/uniform_24009755.json
Tiempo de ejecución: 211.063 segundos

Reading OFF file /home/rcarrasco/GPolylla/data/25363270_points.1.off
[Polylla] Constructing Polylla...
[GPU] Copy vectors to device in 174.986 ms
[GPU] Labered max edges in 22.9777 ms
[GPU] Labeled frontier edges in 5.98737 ms
[GPU] Labeled seed edges in 5.77198 ms
[GPU] Labeled extra frontier edge in 56.3854 ms
[GPU] Traversal phase 1 in 9.89422 ms
[GPU] Traversal phase (search frontier edge) in 4.59432 ms
[GPU] Rapair overwrite seed in 6.54079 ms
[GPU] Labeled seed scan in 2.58901 ms
[GPU] Labeled seed compaction in 1.03912 ms
[GPU] Back to host in 243.288 ms
[GPU] Mesh with 8169613 polygons 0 edges and 0 barrier-edge tips.
Printing JSON file as /home/rcarrasco/GPolylla/experiments/CPU_and_GPU/gpu-uniform-result/4/uniform_25363270.json
Tiempo de ejecución: 230.029 segundos

Reading OFF file /home/rcarrasco/GPolylla/data/26716785_points.1.off
[Polylla] Constructing Polylla...
[GPU] Copy vectors to device in 184.847 ms
[GPU] Labered max edges in 21.5662 ms
[GPU] Labeled frontier edges in 6.29993 ms
[GPU] Labeled seed edges in 6.07526 ms
[GPU] Labeled extra frontier edge in 59.4495 ms
[GPU] Traversal phase 1 in 10.4248 ms
[GPU] Traversal phase (search frontier edge) in 4.8349 ms
[GPU] Rapair overwrite seed in 6.87942 ms
[GPU] Labeled seed scan in 2.71187 ms
[GPU] Labeled seed compaction in 1.08802 ms
[GPU] Back to host in 243.36 ms
[GPU] Mesh with 8604676 polygons 0 edges and 0 barrier-edge tips.
Printing JSON file as /home/rcarrasco/GPolylla/experiments/CPU_and_GPU/gpu-uniform-result/4/uniform_26716785.json
Tiempo de ejecución: 235.815 segundos

Reading OFF file /home/rcarrasco/GPolylla/data/28070300_points.1.off
[Polylla] Constructing Polylla...
[GPU] Copy vectors to device in 191.462 ms
[GPU] Labered max edges in 21.868 ms
[GPU] Labeled frontier edges in 6.61879 ms
[GPU] Labeled seed edges in 6.36303 ms
[GPU] Labeled extra frontier edge in 62.4677 ms
[GPU] Traversal phase 1 in 10.9258 ms
[GPU] Traversal phase (search frontier edge) in 5.07132 ms
[GPU] Rapair overwrite seed in 7.23097 ms
[GPU] Labeled seed scan in 2.85908 ms
[GPU] Labeled seed compaction in 1.14195 ms
[GPU] Back to host in 261.003 ms
[GPU] Mesh with 9042769 polygons 0 edges and 0 barrier-edge tips.
Printing JSON file as /home/rcarrasco/GPolylla/experiments/CPU_and_GPU/gpu-uniform-result/4/uniform_28070300.json
Tiempo de ejecución: 253.687 segundos

Reading OFF file /home/rcarrasco/GPolylla/data/29423815_points.1.off
[Polylla] Constructing Polylla...
[GPU] Copy vectors to device in 203.878 ms
[GPU] Labered max edges in 21.4627 ms
[GPU] Labeled frontier edges in 6.94311 ms
[GPU] Labeled seed edges in 6.66914 ms
[GPU] Labeled extra frontier edge in 65.5173 ms
[GPU] Traversal phase 1 in 11.4705 ms
[GPU] Traversal phase (search frontier edge) in 5.31038 ms
[GPU] Rapair overwrite seed in 7.57841 ms
[GPU] Labeled seed scan in 2.95804 ms
[GPU] Labeled seed compaction in 1.18721 ms
[GPU] Back to host in 252.608 ms
[GPU] Mesh with 9478835 polygons 0 edges and 0 barrier-edge tips.
Printing JSON file as /home/rcarrasco/GPolylla/experiments/CPU_and_GPU/gpu-uniform-result/4/uniform_29423815.json
Tiempo de ejecución: 263.943 segundos

Reading OFF file /home/rcarrasco/GPolylla/data/30777330_points.1.off
[Polylla] Constructing Polylla...
[GPU] Copy vectors to device in 214.681 ms
[GPU] Labered max edges in 22.9517 ms
[GPU] Labeled frontier edges in 7.27273 ms
[GPU] Labeled seed edges in 6.97039 ms
[GPU] Labeled extra frontier edge in 68.6035 ms
[GPU] Traversal phase 1 in 11.9823 ms
[GPU] Traversal phase (search frontier edge) in 5.55754 ms
[GPU] Rapair overwrite seed in 7.93106 ms
[GPU] Labeled seed scan in 3.11663 ms
[GPU] Labeled seed compaction in 1.24387 ms
[GPU] Back to host in 280.247 ms
[GPU] Mesh with 9915091 polygons 0 edges and 0 barrier-edge tips.
Printing JSON file as /home/rcarrasco/GPolylla/experiments/CPU_and_GPU/gpu-uniform-result/4/uniform_30777330.json
Tiempo de ejecución: 279.941 segundos

Reading OFF file /home/rcarrasco/GPolylla/data/32130845_points.1.off
[Polylla] Constructing Polylla...
[GPU] Copy vectors to device in 221.476 ms
[GPU] Labered max edges in 25.7203 ms
[GPU] Labeled frontier edges in 7.58258 ms
[GPU] Labeled seed edges in 7.28019 ms
[GPU] Labeled extra frontier edge in 71.7278 ms
[GPU] Traversal phase 1 in 12.5412 ms
[GPU] Traversal phase (search frontier edge) in 5.80314 ms
[GPU] Rapair overwrite seed in 8.27898 ms
[GPU] Labeled seed scan in 3.27032 ms
[GPU] Labeled seed compaction in 1.29548 ms
[GPU] Back to host in 269.458 ms
[GPU] Mesh with 10351400 polygons 0 edges and 0 barrier-edge tips.
Printing JSON file as /home/rcarrasco/GPolylla/experiments/CPU_and_GPU/gpu-uniform-result/4/uniform_32130845.json
Tiempo de ejecución: 291.099 segundos

Reading OFF file /home/rcarrasco/GPolylla/data/33484360_points.1.off
[Polylla] Constructing Polylla...
[GPU] Copy vectors to device in 230.283 ms
[GPU] Labered max edges in 25.5943 ms
[GPU] Labeled frontier edges in 7.89884 ms
[GPU] Labeled seed edges in 7.58811 ms
[GPU] Labeled extra frontier edge in 74.8715 ms
[GPU] Traversal phase 1 in 13.0721 ms
[GPU] Traversal phase (search frontier edge) in 6.04292 ms
[GPU] Rapair overwrite seed in 8.62028 ms
[GPU] Labeled seed scan in 3.37327 ms
[GPU] Labeled seed compaction in 1.34483 ms
[GPU] Back to host in 292.954 ms
[GPU] Mesh with 10787556 polygons 0 edges and 0 barrier-edge tips.
Printing JSON file as /home/rcarrasco/GPolylla/experiments/CPU_and_GPU/gpu-uniform-result/4/uniform_33484360.json
Tiempo de ejecución: 310.208 segundos

Reading OFF file /home/rcarrasco/GPolylla/data/34837875_points.1.off
[Polylla] Constructing Polylla...
[GPU] Copy vectors to device in 246.834 ms
[GPU] Labered max edges in 25.2031 ms
[GPU] Labeled frontier edges in 8.21708 ms
[GPU] Labeled seed edges in 7.88104 ms
[GPU] Labeled extra frontier edge in 77.9365 ms
[GPU] Traversal phase 1 in 13.5968 ms
[GPU] Traversal phase (search frontier edge) in 6.29058 ms
[GPU] Rapair overwrite seed in 8.97483 ms
[GPU] Labeled seed scan in 3.52228 ms
[GPU] Labeled seed compaction in 1.3956 ms
[GPU] Back to host in 296.838 ms
[GPU] Mesh with 11224093 polygons 0 edges and 0 barrier-edge tips.
Printing JSON file as /home/rcarrasco/GPolylla/experiments/CPU_and_GPU/gpu-uniform-result/4/uniform_34837875.json
Tiempo de ejecución: 315.345 segundos

Reading OFF file /home/rcarrasco/GPolylla/data/36191390_points.1.off
[Polylla] Constructing Polylla...
[GPU] Copy vectors to device in 250.064 ms
[GPU] Labered max edges in 25.6458 ms
[GPU] Labeled frontier edges in 8.54848 ms
[GPU] Labeled seed edges in 8.17812 ms
[GPU] Labeled extra frontier edge in 81.0411 ms
[GPU] Traversal phase 1 in 14.1292 ms
[GPU] Traversal phase (search frontier edge) in 6.53166 ms
[GPU] Rapair overwrite seed in 9.32403 ms
[GPU] Labeled seed scan in 3.60449 ms
[GPU] Labeled seed compaction in 1.44842 ms
[GPU] Back to host in 320.584 ms
[GPU] Mesh with 11660282 polygons 0 edges and 0 barrier-edge tips.
Printing JSON file as /home/rcarrasco/GPolylla/experiments/CPU_and_GPU/gpu-uniform-result/4/uniform_36191390.json
Tiempo de ejecución: 321.236 segundos

Reading OFF file /home/rcarrasco/GPolylla/data/37544905_points.1.off
[Polylla] Constructing Polylla...
[GPU] Copy vectors to device in 258.904 ms
[GPU] Labered max edges in 28.5952 ms
[GPU] Labeled frontier edges in 8.87039 ms
[GPU] Labeled seed edges in 8.48605 ms
[GPU] Labeled extra frontier edge in 84.1586 ms
[GPU] Traversal phase 1 in 14.6398 ms
[GPU] Traversal phase (search frontier edge) in 6.77556 ms
[GPU] Rapair overwrite seed in 9.67204 ms
[GPU] Labeled seed scan in 3.79034 ms
[GPU] Labeled seed compaction in 1.49836 ms
[GPU] Back to host in 320.245 ms
[GPU] Mesh with 12096777 polygons 0 edges and 0 barrier-edge tips.
Printing JSON file as /home/rcarrasco/GPolylla/experiments/CPU_and_GPU/gpu-uniform-result/4/uniform_37544905.json
Tiempo de ejecución: 342.804 segundos

Reading OFF file /home/rcarrasco/GPolylla/data/38898420_points.1.off
[Polylla] Constructing Polylla...
[GPU] Copy vectors to device in 265.708 ms
[GPU] Labered max edges in 27.354 ms
[GPU] Labeled frontier edges in 9.16914 ms
[GPU] Labeled seed edges in 8.79032 ms
[GPU] Labeled extra frontier edge in 87.2349 ms
[GPU] Traversal phase 1 in 15.2004 ms
[GPU] Traversal phase (search frontier edge) in 7.02073 ms
[GPU] Rapair overwrite seed in 10.0198 ms
[GPU] Labeled seed scan in 3.8937 ms
[GPU] Labeled seed compaction in 1.55375 ms
[GPU] Back to host in 376.325 ms
[GPU] Mesh with 12533539 polygons 0 edges and 0 barrier-edge tips.
Printing JSON file as /home/rcarrasco/GPolylla/experiments/CPU_and_GPU/gpu-uniform-result/4/uniform_38898420.json
Tiempo de ejecución: 348.230 segundos

Reading OFF file /home/rcarrasco/GPolylla/data/40251935_points.1.off
[Polylla] Constructing Polylla...
[GPU] Copy vectors to device in 278.706 ms
[GPU] Labered max edges in 28.0858 ms
[GPU] Labeled frontier edges in 9.50079 ms
[GPU] Labeled seed edges in 9.10361 ms
[GPU] Labeled extra frontier edge in 90.2026 ms
[GPU] Traversal phase 1 in 15.7043 ms
[GPU] Traversal phase (search frontier edge) in 7.26891 ms
[GPU] Rapair overwrite seed in 10.3759 ms
[GPU] Labeled seed scan in 4.00932 ms
[GPU] Labeled seed compaction in 1.60579 ms
[GPU] Back to host in 370.319 ms
[GPU] Mesh with 12970216 polygons 0 edges and 0 barrier-edge tips.
Printing JSON file as /home/rcarrasco/GPolylla/experiments/CPU_and_GPU/gpu-uniform-result/4/uniform_40251935.json
Tiempo de ejecución: 370.481 segundos

Reading OFF file /home/rcarrasco/GPolylla/data/41605450_points.1.off
[Polylla] Constructing Polylla...
[GPU] Copy vectors to device in 287.025 ms
[GPU] Labered max edges in 28.7109 ms
[GPU] Labeled frontier edges in 9.81091 ms
[GPU] Labeled seed edges in 9.39425 ms
[GPU] Labeled extra frontier edge in 93.2813 ms
[GPU] Traversal phase 1 in 16.1632 ms
[GPU] Traversal phase (search frontier edge) in 7.49877 ms
[GPU] Rapair overwrite seed in 10.7158 ms
[GPU] Labeled seed scan in 4.1472 ms
[GPU] Labeled seed compaction in 1.65257 ms
[GPU] Back to host in 362.449 ms
[GPU] Mesh with 13405615 polygons 0 edges and 0 barrier-edge tips.
Printing JSON file as /home/rcarrasco/GPolylla/experiments/CPU_and_GPU/gpu-uniform-result/4/uniform_41605450.json
Tiempo de ejecución: 386.180 segundos

Reading OFF file /home/rcarrasco/GPolylla/data/42958965_points.1.off
[Polylla] Constructing Polylla...
[GPU] Copy vectors to device in 295.448 ms
[GPU] Labered max edges in 27.8622 ms
[GPU] Labeled frontier edges in 10.1201 ms
[GPU] Labeled seed edges in 9.68681 ms
[GPU] Labeled extra frontier edge in 96.2113 ms
[GPU] Traversal phase 1 in 16.7284 ms
[GPU] Traversal phase (search frontier edge) in 7.73888 ms
[GPU] Rapair overwrite seed in 11.0569 ms
[GPU] Labeled seed scan in 4.25891 ms
[GPU] Labeled seed compaction in 1.702 ms
[GPU] Back to host in 378.323 ms
[GPU] Mesh with 13841282 polygons 0 edges and 0 barrier-edge tips.
Printing JSON file as /home/rcarrasco/GPolylla/experiments/CPU_and_GPU/gpu-uniform-result/4/uniform_42958965.json
Tiempo de ejecución: 401.147 segundos

Reading OFF file /home/rcarrasco/GPolylla/data/44312480_points.1.off
[Polylla] Constructing Polylla...
[GPU] Copy vectors to device in 309.447 ms
[GPU] Labered max edges in 28.1943 ms
[GPU] Labeled frontier edges in 10.4395 ms
[GPU] Labeled seed edges in 9.99672 ms
[GPU] Labeled extra frontier edge in 99.1729 ms
[GPU] Traversal phase 1 in 17.2931 ms
[GPU] Traversal phase (search frontier edge) in 7.98349 ms
[GPU] Rapair overwrite seed in 11.4079 ms
[GPU] Labeled seed scan in 4.41924 ms
[GPU] Labeled seed compaction in 1.75555 ms
[GPU] Back to host in 376.344 ms
[GPU] Mesh with 14277136 polygons 0 edges and 0 barrier-edge tips.
Printing JSON file as /home/rcarrasco/GPolylla/experiments/CPU_and_GPU/gpu-uniform-result/4/uniform_44312480.json
Tiempo de ejecución: 412.186 segundos

