Ejecutando Polylla con tamaño 25745476
Generating points  
Generating triangles 
estimao 51470658 final 51470658
Constructing halfedges 
Triangulation generation time: 97729.1
[Polylla] Input mesh generated
[Polylla] Constructing Polylla...
[GPU] Copy vectors to device in 283.904 ms
[GPU] Labered max edges in 4.32038 ms
[GPU] Labeled frontier edges in 3.22851 ms
[GPU] Labeled seed edges in 3.28332 ms
[GPU] Labeled seed scan in 1.98257 ms
[GPU] Labeled seed compaction in 1.11956 ms
[GPU] Traversal phase 1 in 9.99576 ms
[GPU] Traversal phase (search frontier edge) in 2.33676 ms
[GPU] Back to host in 304.583 ms
Done!
Printing JSON file as uniform_25745476.json
output json in uniform_25745476.json
Tiempo de ejecución: 110.495 segundos
