Sat Mar 25 03:22:52 -03 2023
Start: 1000000, End: 44312500, Intervalo: 1353515, Diferencia: 43312500, NSAMPLES: 32
Sat Mar 25 03:22:52 -03 2023
Ejecutando Polylla con tamaño 1000000
Reading OFF file ../../data/1000000_points.1.off
[Polylla] Constructing Polylla...
[GPU] Copy vectors to device in 20.5737 ms
[GPU] Labered max edges in 0.307423 ms
[GPU] Labeled frontier edges in 0.13696 ms
[GPU] Labeled seed edges in 0.795898 ms
[GPU] Labeled seed scan in 0.415368 ms
[GPU] Labeled seed compaction in 0.057669 ms
[GPU] Traversal phase 1 in 0.455433 ms
[GPU] Traversal phase (search frontier edge) in 0.878074 ms
[GPU] Back to host in 12.7735 ms
Printing OFF file1000000 302941
output off in uniform_1000000.off
Tiempo de ejecución: 14.068 segundos

Sat Mar 25 03:23:06 -03 2023
Ejecutando Polylla con tamaño 2353515
Reading OFF file ../../data/2353515_points.1.off
[Polylla] Constructing Polylla...
[GPU] Copy vectors to device in 37.8722 ms
[GPU] Labered max edges in 0.665722 ms
[GPU] Labeled frontier edges in 0.306651 ms
[GPU] Labeled seed edges in 0.816437 ms
[GPU] Labeled seed scan in 0.502582 ms
[GPU] Labeled seed compaction in 0.11065 ms
[GPU] Traversal phase 1 in 1.04043 ms
[GPU] Traversal phase (search frontier edge) in 0.991268 ms
[GPU] Back to host in 29.0228 ms
Printing OFF file2353515 711914
output off in uniform_2353515.off
Tiempo de ejecución: 31.917 segundos

Sat Mar 25 03:23:38 -03 2023
Ejecutando Polylla con tamaño 3707030
Reading OFF file ../../data/3707030_points.1.off
[Polylla] Constructing Polylla...
[GPU] Copy vectors to device in 59.0869 ms
[GPU] Labered max edges in 1.05048 ms
[GPU] Labeled frontier edges in 0.473216 ms
[GPU] Labeled seed edges in 0.857966 ms
[GPU] Labeled seed scan in 0.555873 ms
[GPU] Labeled seed compaction in 0.162699 ms
[GPU] Traversal phase 1 in 1.62142 ms
[GPU] Traversal phase (search frontier edge) in 1.07757 ms
[GPU] Back to host in 46.4266 ms
Printing OFF file3707030 1121394
output off in uniform_3707030.off
Tiempo de ejecución: 50.249 segundos

Sat Mar 25 03:24:28 -03 2023
Ejecutando Polylla con tamaño 5060545
Reading OFF file ../../data/5060545_points.1.off
[Polylla] Constructing Polylla...
[GPU] Copy vectors to device in 62.1351 ms
[GPU] Labered max edges in 1.43146 ms
[GPU] Labeled frontier edges in 0.645343 ms
[GPU] Labeled seed edges in 0.903452 ms
[GPU] Labeled seed scan in 0.646845 ms
[GPU] Labeled seed compaction in 0.216089 ms
[GPU] Traversal phase 1 in 2.20594 ms
[GPU] Traversal phase (search frontier edge) in 1.18262 ms
[GPU] Back to host in 57.5167 ms
Printing OFF file5060545 1531495
output off in uniform_5060545.off
Tiempo de ejecución: 69.588 segundos

Sat Mar 25 03:25:38 -03 2023
Ejecutando Polylla con tamaño 6414060
Reading OFF file ../../data/6414060_points.1.off
[Polylla] Constructing Polylla...
[GPU] Copy vectors to device in 90.7095 ms
[GPU] Labered max edges in 1.81573 ms
[GPU] Labeled frontier edges in 0.814984 ms
[GPU] Labeled seed edges in 0.982001 ms
[GPU] Labeled seed scan in 0.735684 ms
[GPU] Labeled seed compaction in 0.267917 ms
[GPU] Traversal phase 1 in 2.79349 ms
[GPU] Traversal phase (search frontier edge) in 1.2829 ms
[GPU] Back to host in 78.0499 ms
Printing OFF file6414060 1940863
output off in uniform_6414060.off
Tiempo de ejecución: 87.661 segundos

Sat Mar 25 03:27:05 -03 2023
Ejecutando Polylla con tamaño 7767575
Reading OFF file ../../data/7767575_points.1.off
[Polylla] Constructing Polylla...
[GPU] Copy vectors to device in 117.501 ms
[GPU] Labered max edges in 2.20053 ms
[GPU] Labeled frontier edges in 0.985267 ms
[GPU] Labeled seed edges in 1.08179 ms
[GPU] Labeled seed scan in 0.824192 ms
[GPU] Labeled seed compaction in 0.320858 ms
[GPU] Traversal phase 1 in 3.36858 ms
[GPU] Traversal phase (search frontier edge) in 1.33901 ms
[GPU] Back to host in 94.4608 ms
Printing OFF file7767575 2350641
output off in uniform_7767575.off
Tiempo de ejecución: 104.704 segundos

Sat Mar 25 03:28:50 -03 2023
Ejecutando Polylla con tamaño 9121090
Reading OFF file ../../data/9121090_points.1.off
[Polylla] Constructing Polylla...
[GPU] Copy vectors to device in 102.475 ms
[GPU] Labered max edges in 2.59361 ms
[GPU] Labeled frontier edges in 1.15244 ms
[GPU] Labeled seed edges in 1.19848 ms
[GPU] Labeled seed scan in 0.881971 ms
[GPU] Labeled seed compaction in 0.37959 ms
[GPU] Traversal phase 1 in 3.96428 ms
[GPU] Traversal phase (search frontier edge) in 1.435 ms
[GPU] Back to host in 109.948 ms
Printing OFF file9121090 2759791
output off in uniform_9121090.off
Tiempo de ejecución: 125.577 segundos

Sat Mar 25 03:30:56 -03 2023
Ejecutando Polylla con tamaño 10474605
Reading OFF file ../../data/10474605_points.1.off
[Polylla] Constructing Polylla...
[GPU] Copy vectors to device in 133.018 ms
[GPU] Labered max edges in 2.97965 ms
[GPU] Labeled frontier edges in 1.32023 ms
[GPU] Labeled seed edges in 1.31085 ms
[GPU] Labeled seed scan in 0.969077 ms
[GPU] Labeled seed compaction in 0.424103 ms
[GPU] Traversal phase 1 in 4.55077 ms
[GPU] Traversal phase (search frontier edge) in 1.47961 ms
[GPU] Back to host in 178.506 ms
Printing OFF file10474605 3170983
output off in uniform_10474605.off
Tiempo de ejecución: 138.360 segundos

Sat Mar 25 03:33:14 -03 2023
Ejecutando Polylla con tamaño 11828120
Reading OFF file ../../data/11828120_points.1.off
[Polylla] Constructing Polylla...
[GPU] Copy vectors to device in 131.31 ms
[GPU] Labered max edges in 3.35698 ms
[GPU] Labeled frontier edges in 1.49236 ms
[GPU] Labeled seed edges in 1.59203 ms
[GPU] Labeled seed scan in 1.04262 ms
[GPU] Labeled seed compaction in 0.475691 ms
[GPU] Traversal phase 1 in 5.12716 ms
[GPU] Traversal phase (search frontier edge) in 1.56323 ms
[GPU] Back to host in 121.974 ms
Printing OFF file11828120 3580665
output off in uniform_11828120.off
Tiempo de ejecución: 158.320 segundos

Sat Mar 25 03:35:52 -03 2023
Ejecutando Polylla con tamaño 13181635
Reading OFF file ../../data/13181635_points.1.off
[Polylla] Constructing Polylla...
[GPU] Copy vectors to device in 251.244 ms
[GPU] Labered max edges in 3.75309 ms
[GPU] Labeled frontier edges in 1.66548 ms
[GPU] Labeled seed edges in 1.7126 ms
[GPU] Labeled seed scan in 1.12391 ms
[GPU] Labeled seed compaction in 0.527921 ms
[GPU] Traversal phase 1 in 5.69312 ms
[GPU] Traversal phase (search frontier edge) in 1.65164 ms
[GPU] Back to host in 164.451 ms
Printing OFF file13181635 3991001
output off in uniform_13181635.off
Tiempo de ejecución: 185.837 segundos

Sat Mar 25 03:38:58 -03 2023
Ejecutando Polylla con tamaño 14535150
Reading OFF file ../../data/14535150_points.1.off
[Polylla] Constructing Polylla...
[GPU] Copy vectors to device in 203.885 ms
[GPU] Labered max edges in 4.11555 ms
[GPU] Labeled frontier edges in 1.82741 ms
[GPU] Labeled seed edges in 1.83357 ms
[GPU] Labeled seed scan in 1.18015 ms
[GPU] Labeled seed compaction in 0.578647 ms
[GPU] Traversal phase 1 in 6.28179 ms
[GPU] Traversal phase (search frontier edge) in 1.68675 ms
[GPU] Back to host in 182.118 ms
Printing OFF file14535150 4400194
output off in uniform_14535150.off
Tiempo de ejecución: 205.324 segundos

Sat Mar 25 03:42:23 -03 2023
Ejecutando Polylla con tamaño 15888665
Reading OFF file ../../data/15888665_points.1.off
[Polylla] Constructing Polylla...
[GPU] Copy vectors to device in 214.228 ms
[GPU] Labered max edges in 4.51776 ms
[GPU] Labeled frontier edges in 1.9964 ms
[GPU] Labeled seed edges in 1.9704 ms
[GPU] Labeled seed scan in 1.28506 ms
[GPU] Labeled seed compaction in 0.632027 ms
[GPU] Traversal phase 1 in 6.87038 ms
[GPU] Traversal phase (search frontier edge) in 1.76903 ms
[GPU] Back to host in 197.658 ms
Printing OFF file15888665 4810195
output off in uniform_15888665.off
Tiempo de ejecución: 228.729 segundos

Sat Mar 25 03:46:12 -03 2023
Ejecutando Polylla con tamaño 17242180
Reading OFF file ../../data/17242180_points.1.off
[Polylla] Constructing Polylla...
[GPU] Copy vectors to device in 203.118 ms
[GPU] Labered max edges in 4.91068 ms
[GPU] Labeled frontier edges in 2.17009 ms
[GPU] Labeled seed edges in 2.21657 ms
[GPU] Labeled seed scan in 1.35325 ms
[GPU] Labeled seed compaction in 0.683615 ms
[GPU] Traversal phase 1 in 7.46803 ms
[GPU] Traversal phase (search frontier edge) in 1.85683 ms
[GPU] Back to host in 207.774 ms
Printing OFF file17242180 5219661
output off in uniform_17242180.off
Tiempo de ejecución: 257.092 segundos

Sat Mar 25 03:50:29 -03 2023
Ejecutando Polylla con tamaño 18595695
Reading OFF file ../../data/18595695_points.1.off
[Polylla] Constructing Polylla...
[GPU] Copy vectors to device in 251.206 ms
[GPU] Labered max edges in 5.30235 ms
[GPU] Labeled frontier edges in 2.33508 ms
[GPU] Labeled seed edges in 2.34181 ms
[GPU] Labeled seed scan in 1.42092 ms
[GPU] Labeled seed compaction in 0.736055 ms
[GPU] Traversal phase 1 in 8.04626 ms
[GPU] Traversal phase (search frontier edge) in 1.88449 ms
[GPU] Back to host in 212.879 ms
Printing OFF file18595695 5630513
output off in uniform_18595695.off
Tiempo de ejecución: 266.657 segundos

Sat Mar 25 03:54:56 -03 2023
Ejecutando Polylla con tamaño 19949210
Reading OFF file ../../data/19949210_points.1.off
[Polylla] Constructing Polylla...
[GPU] Copy vectors to device in 297.535 ms
[GPU] Labered max edges in 5.68815 ms
[GPU] Labeled frontier edges in 2.50866 ms
[GPU] Labeled seed edges in 2.47979 ms
[GPU] Labeled seed scan in 1.53757 ms
[GPU] Labeled seed compaction in 0.787482 ms
[GPU] Traversal phase 1 in 8.62913 ms
[GPU] Traversal phase (search frontier edge) in 1.96709 ms
[GPU] Back to host in 247.448 ms
Printing OFF file19949210 6039874
output off in uniform_19949210.off
Tiempo de ejecución: 289.804 segundos

Sat Mar 25 03:59:46 -03 2023
Ejecutando Polylla con tamaño 21302725
Reading OFF file ../../data/21302725_points.1.off
[Polylla] Constructing Polylla...
[GPU] Copy vectors to device in 315.944 ms
[GPU] Labered max edges in 6.07436 ms
[GPU] Labeled frontier edges in 2.67659 ms
[GPU] Labeled seed edges in 2.63528 ms
[GPU] Labeled seed scan in 1.72856 ms
[GPU] Labeled seed compaction in 0.840913 ms
[GPU] Traversal phase 1 in 9.214 ms
[GPU] Traversal phase (search frontier edge) in 2.00321 ms
[GPU] Back to host in 267.482 ms
Printing OFF file21302725 6449242
output off in uniform_21302725.off
Tiempo de ejecución: 323.857 segundos

Sat Mar 25 04:05:10 -03 2023
Ejecutando Polylla con tamaño 22656240
Reading OFF file ../../data/22656240_points.1.off
[Polylla] Constructing Polylla...
[GPU] Copy vectors to device in 301.76 ms
[GPU] Labered max edges in 6.44567 ms
[GPU] Labeled frontier edges in 2.846 ms
[GPU] Labeled seed edges in 2.85777 ms
[GPU] Labeled seed scan in 1.7765 ms
[GPU] Labeled seed compaction in 0.89154 ms
[GPU] Traversal phase 1 in 9.80859 ms
[GPU] Traversal phase (search frontier edge) in 2.08194 ms
[GPU] Back to host in 277.058 ms
Printing OFF file22656240 6859005
output off in uniform_22656240.off
Tiempo de ejecución: 345.785 segundos

Sat Mar 25 04:10:55 -03 2023
Ejecutando Polylla con tamaño 24009755
Reading OFF file ../../data/24009755_points.1.off
[Polylla] Constructing Polylla...
[GPU] Copy vectors to device in 332.596 ms
[GPU] Labered max edges in 6.83476 ms
[GPU] Labeled frontier edges in 3.01224 ms
[GPU] Labeled seed edges in 3.05916 ms
[GPU] Labeled seed scan in 1.85225 ms
[GPU] Labeled seed compaction in 0.944319 ms
[GPU] Traversal phase 1 in 10.3847 ms
[GPU] Traversal phase (search frontier edge) in 2.15582 ms
[GPU] Back to host in 264.492 ms
Printing OFF file24009755 7268238
output off in uniform_24009755.off
Tiempo de ejecución: 359.564 segundos

Sat Mar 25 04:16:55 -03 2023
Ejecutando Polylla con tamaño 25363270
Reading OFF file ../../data/25363270_points.1.off
[Polylla] Constructing Polylla...
[GPU] Copy vectors to device in 295.201 ms
[GPU] Labered max edges in 7.22128 ms
[GPU] Labeled frontier edges in 3.18545 ms
[GPU] Labeled seed edges in 3.19627 ms
[GPU] Labeled seed scan in 1.98278 ms
[GPU] Labeled seed compaction in 0.996689 ms
[GPU] Traversal phase 1 in 10.9731 ms
[GPU] Traversal phase (search frontier edge) in 2.195 ms
[GPU] Back to host in 278.027 ms
Printing OFF file25363270 7676631
output off in uniform_25363270.off
Tiempo de ejecución: 373.189 segundos

Sat Mar 25 04:23:08 -03 2023
Ejecutando Polylla con tamaño 26716785
Reading OFF file ../../data/26716785_points.1.off
[Polylla] Constructing Polylla...
[GPU] Copy vectors to device in 412.595 ms
[GPU] Labered max edges in 7.61697 ms
[GPU] Labeled frontier edges in 3.34898 ms
[GPU] Labeled seed edges in 3.32879 ms
[GPU] Labeled seed scan in 2.06171 ms
[GPU] Labeled seed compaction in 1.05036 ms
[GPU] Traversal phase 1 in 11.5598 ms
[GPU] Traversal phase (search frontier edge) in 2.27188 ms
[GPU] Back to host in 307.07 ms
Printing OFF file26716785 8085633
output off in uniform_26716785.off
Tiempo de ejecución: 400.873 segundos

Sat Mar 25 04:29:49 -03 2023
Ejecutando Polylla con tamaño 28070300
Reading OFF file ../../data/28070300_points.1.off
[Polylla] Constructing Polylla...
[GPU] Copy vectors to device in 321.728 ms
[GPU] Labered max edges in 8.00882 ms
[GPU] Labeled frontier edges in 3.5157 ms
[GPU] Labeled seed edges in 3.64043 ms
[GPU] Labeled seed scan in 2.08733 ms
[GPU] Labeled seed compaction in 1.1005 ms
[GPU] Traversal phase 1 in 12.1232 ms
[GPU] Traversal phase (search frontier edge) in 2.31719 ms
[GPU] Back to host in 321.236 ms
Printing OFF file28070300 8497182
output off in uniform_28070300.off
Tiempo de ejecución: 434.316 segundos

Sat Mar 25 04:37:03 -03 2023
Ejecutando Polylla con tamaño 29423815
Reading OFF file ../../data/29423815_points.1.off
[Polylla] Constructing Polylla...
[GPU] Copy vectors to device in 425.026 ms
[GPU] Labered max edges in 8.40482 ms
[GPU] Labeled frontier edges in 3.69333 ms
[GPU] Labeled seed edges in 3.74109 ms
[GPU] Labeled seed scan in 2.28838 ms
[GPU] Labeled seed compaction in 1.15215 ms
[GPU] Traversal phase 1 in 12.7114 ms
[GPU] Traversal phase (search frontier edge) in 2.39751 ms
[GPU] Back to host in 337.772 ms
Printing OFF file29423815 8907845
output off in uniform_29423815.off
Tiempo de ejecución: 434.421 segundos

Sat Mar 25 04:44:18 -03 2023
Ejecutando Polylla con tamaño 30777330
Reading OFF file ../../data/30777330_points.1.off
[Polylla] Constructing Polylla...
[GPU] Copy vectors to device in 379.653 ms
[GPU] Labered max edges in 8.79211 ms
[GPU] Labeled frontier edges in 3.86091 ms
[GPU] Labeled seed edges in 3.86181 ms
[GPU] Labeled seed scan in 2.27238 ms
[GPU] Labeled seed compaction in 1.20371 ms
[GPU] Traversal phase 1 in 13.2951 ms
[GPU] Traversal phase (search frontier edge) in 2.46848 ms
[GPU] Back to host in 377.235 ms
Printing OFF file30777330 9317845
output off in uniform_30777330.off
Tiempo de ejecución: 451.645 segundos

Sat Mar 25 04:51:49 -03 2023
Ejecutando Polylla con tamaño 32130845
Reading OFF file ../../data/32130845_points.1.off
[Polylla] Constructing Polylla...
[GPU] Copy vectors to device in 371.083 ms
[GPU] Labered max edges in 9.1712 ms
[GPU] Labeled frontier edges in 4.03626 ms
[GPU] Labeled seed edges in 3.98408 ms
[GPU] Labeled seed scan in 2.33036 ms
[GPU] Labeled seed compaction in 1.25685 ms
[GPU] Traversal phase 1 in 13.8925 ms
[GPU] Traversal phase (search frontier edge) in 2.51632 ms
[GPU] Back to host in 393.6 ms
Printing OFF file32130845 9728626
output off in uniform_32130845.off
Tiempo de ejecución: 463.475 segundos

Sat Mar 25 04:59:33 -03 2023
Ejecutando Polylla con tamaño 33484360
Reading OFF file ../../data/33484360_points.1.off
[Polylla] Constructing Polylla...
[GPU] Copy vectors to device in 382.019 ms
[GPU] Labered max edges in 9.59113 ms
[GPU] Labeled frontier edges in 4.19452 ms
[GPU] Labeled seed edges in 4.12167 ms
[GPU] Labeled seed scan in 2.45988 ms
[GPU] Labeled seed compaction in 1.30752 ms
[GPU] Traversal phase 1 in 14.4905 ms
[GPU] Traversal phase (search frontier edge) in 2.59283 ms
[GPU] Back to host in 402.842 ms
Printing OFF file33484360 10138018
output off in uniform_33484360.off
Tiempo de ejecución: 507.473 segundos

Sat Mar 25 05:08:00 -03 2023
Ejecutando Polylla con tamaño 34837875
Reading OFF file ../../data/34837875_points.1.off
[Polylla] Constructing Polylla...
[GPU] Copy vectors to device in 411.34 ms
[GPU] Labered max edges in 9.9702 ms
[GPU] Labeled frontier edges in 4.3742 ms
[GPU] Labeled seed edges in 4.32739 ms
[GPU] Labeled seed scan in 2.51404 ms
[GPU] Labeled seed compaction in 1.36263 ms
[GPU] Traversal phase 1 in 15.0795 ms
[GPU] Traversal phase (search frontier edge) in 2.64364 ms
[GPU] Back to host in 435.771 ms
Printing OFF file34837875 10547470
output off in uniform_34837875.off
Tiempo de ejecución: 519.692 segundos

Sat Mar 25 05:16:40 -03 2023
Ejecutando Polylla con tamaño 36191390
Reading OFF file ../../data/36191390_points.1.off
[Polylla] Constructing Polylla...
[GPU] Copy vectors to device in 450.78 ms
[GPU] Labered max edges in 10.35 ms
[GPU] Labeled frontier edges in 4.54164 ms
[GPU] Labeled seed edges in 4.45877 ms
[GPU] Labeled seed scan in 2.56614 ms
[GPU] Labeled seed compaction in 1.41181 ms
[GPU] Traversal phase 1 in 15.6616 ms
[GPU] Traversal phase (search frontier edge) in 2.71656 ms
[GPU] Back to host in 442.725 ms
Printing OFF file36191390 10957693
output off in uniform_36191390.off
Tiempo de ejecución: 553.045 segundos

Sat Mar 25 05:25:53 -03 2023
Ejecutando Polylla con tamaño 37544905
Reading OFF file ../../data/37544905_points.1.off
[Polylla] Constructing Polylla...
[GPU] Copy vectors to device in 408.561 ms
[GPU] Labered max edges in 10.7231 ms
[GPU] Labeled frontier edges in 4.70965 ms
[GPU] Labeled seed edges in 4.63256 ms
[GPU] Labeled seed scan in 2.70593 ms
[GPU] Labeled seed compaction in 1.46553 ms
[GPU] Traversal phase 1 in 16.2594 ms
[GPU] Traversal phase (search frontier edge) in 2.79007 ms
[GPU] Back to host in 481.439 ms
Printing OFF file37544905 11367527
output off in uniform_37544905.off
Tiempo de ejecución: 574.172 segundos

Sat Mar 25 05:35:27 -03 2023
Ejecutando Polylla con tamaño 38898420
Reading OFF file ../../data/38898420_points.1.off
[Polylla] Constructing Polylla...
[GPU] Copy vectors to device in 441.825 ms
[GPU] Labered max edges in 11.1233 ms
[GPU] Labeled frontier edges in 4.87757 ms
[GPU] Labeled seed edges in 4.77687 ms
[GPU] Labeled seed scan in 2.72461 ms
[GPU] Labeled seed compaction in 1.51645 ms
[GPU] Traversal phase 1 in 16.8342 ms
[GPU] Traversal phase (search frontier edge) in 2.85522 ms
[GPU] Back to host in 483.452 ms
Printing OFF file38898420 11778156
output off in uniform_38898420.off
Tiempo de ejecución: 584.324 segundos

Sat Mar 25 05:45:12 -03 2023
Ejecutando Polylla con tamaño 40251935
Reading OFF file ../../data/40251935_points.1.off
[Polylla] Constructing Polylla...
[GPU] Copy vectors to device in 411.176 ms
[GPU] Labered max edges in 11.5007 ms
[GPU] Labeled frontier edges in 5.04211 ms
[GPU] Labeled seed edges in 4.97555 ms
[GPU] Labeled seed scan in 2.84925 ms
[GPU] Labeled seed compaction in 1.56913 ms
[GPU] Traversal phase 1 in 17.4304 ms
[GPU] Traversal phase (search frontier edge) in 2.9279 ms
[GPU] Back to host in 435.836 ms
Printing OFF file40251935 12188789
output off in uniform_40251935.off
Tiempo de ejecución: 592.717 segundos

Sat Mar 25 05:55:04 -03 2023
Ejecutando Polylla con tamaño 41605450
Reading OFF file ../../data/41605450_points.1.off
[Polylla] Constructing Polylla...
[GPU] Copy vectors to device in 437.733 ms
[GPU] Labered max edges in 11.878 ms
[GPU] Labeled frontier edges in 5.20814 ms
[GPU] Labeled seed edges in 5.12704 ms
[GPU] Labeled seed scan in 2.88746 ms
[GPU] Labeled seed compaction in 1.62174 ms
[GPU] Traversal phase 1 in 18.0028 ms
[GPU] Traversal phase (search frontier edge) in 2.98711 ms
[GPU] Back to host in 473.584 ms
Printing OFF file41605450 12597729
output off in uniform_41605450.off
Tiempo de ejecución: 616.576 segundos

Sat Mar 25 06:05:21 -03 2023
Ejecutando Polylla con tamaño 42958965
Reading OFF file ../../data/42958965_points.1.off
[Polylla] Constructing Polylla...
[GPU] Copy vectors to device in 433.648 ms
[GPU] Labered max edges in 12.2779 ms
[GPU] Labeled frontier edges in 5.37937 ms
[GPU] Labeled seed edges in 5.29449 ms
[GPU] Labeled seed scan in 2.94937 ms
[GPU] Labeled seed compaction in 1.673 ms
[GPU] Traversal phase 1 in 18.5894 ms
[GPU] Traversal phase (search frontier edge) in 3.05384 ms
[GPU] Back to host in 459.047 ms
Printing OFF file42958965 13007639
output off in uniform_42958965.off
Tiempo de ejecución: 650.812 segundos

Sat Mar 25 06:16:12 -03 2023
Ejecutando Polylla con tamaño 44312480
Reading OFF file ../../data/44312480_points.1.off
[Polylla] Constructing Polylla...
[GPU] Copy vectors to device in 611.042 ms
[GPU] Labered max edges in 12.6373 ms
[GPU] Labeled frontier edges in 5.55097 ms
[GPU] Labeled seed edges in 5.4464 ms
[GPU] Labeled seed scan in 3.04316 ms
[GPU] Labeled seed compaction in 1.72368 ms
[GPU] Traversal phase 1 in 19.1785 ms
[GPU] Traversal phase (search frontier edge) in 3.12588 ms
[GPU] Back to host in 471.766 ms
Printing OFF file44312480 13417452
output off in uniform_44312480.off
Tiempo de ejecución: 630.645 segundos

Sat Mar 25 06:26:42 -03 2023
