Reading OFF file /home/rcarrasco/GPolylla/data/1000000_points.1.off
[Polylla] Constructing Polylla...
[GPU] Copy vectors to device in 7.13364 ms
[GPU] Labered max edges in 10.5435 ms
[GPU] Labeled frontier edges in 0.265572 ms
[GPU] Labeled seed edges in 0.236337 ms
[GPU] Labeled extra frontier edge in 1.2118 ms
[GPU] Traversal phase 1 in 0.362949 ms
[GPU] Traversal phase (search frontier edge) in 0.241445 ms
[GPU] Rapair overwrite seed in 0.276728 ms
[GPU] Labeled seed scan in 0.219512 ms
[GPU] Labeled seed compaction in 0.030617 ms
[GPU] Back to host in 9.24253 ms
[GPU] Mesh with 322162 polygons 0 edges and 0 barrier-edge tips.
Printing JSON file as /home/rcarrasco/GPolylla/experiments/CPU_and_GPU/gpu-uniform-result/2/uniform_1000000.json
Tiempo de ejecución: 9.629 segundos

Reading OFF file /home/rcarrasco/GPolylla/data/2353515_points.1.off
[Polylla] Constructing Polylla...
[GPU] Copy vectors to device in 16.6761 ms
[GPU] Labered max edges in 11.6041 ms
[GPU] Labeled frontier edges in 0.618946 ms
[GPU] Labeled seed edges in 0.554879 ms
[GPU] Labeled extra frontier edge in 4.47874 ms
[GPU] Traversal phase 1 in 0.905058 ms
[GPU] Traversal phase (search frontier edge) in 0.484562 ms
[GPU] Rapair overwrite seed in 0.626226 ms
[GPU] Labeled seed scan in 0.295927 ms
[GPU] Labeled seed compaction in 0.090396 ms
[GPU] Back to host in 22.1099 ms
[GPU] Mesh with 757246 polygons 0 edges and 0 barrier-edge tips.
Printing JSON file as /home/rcarrasco/GPolylla/experiments/CPU_and_GPU/gpu-uniform-result/2/uniform_2353515.json
Tiempo de ejecución: 20.288 segundos

Reading OFF file /home/rcarrasco/GPolylla/data/3707030_points.1.off
[Polylla] Constructing Polylla...
[GPU] Copy vectors to device in 25.7227 ms
[GPU] Labered max edges in 10.6826 ms
[GPU] Labeled frontier edges in 0.911217 ms
[GPU] Labeled seed edges in 0.865438 ms
[GPU] Labeled extra frontier edge in 7.51914 ms
[GPU] Traversal phase 1 in 1.42896 ms
[GPU] Traversal phase (search frontier edge) in 0.726438 ms
[GPU] Rapair overwrite seed in 0.97303 ms
[GPU] Labeled seed scan in 0.432323 ms
[GPU] Labeled seed compaction in 0.220513 ms
[GPU] Back to host in 34.8591 ms
[GPU] Mesh with 1193296 polygons 0 edges and 0 barrier-edge tips.
Printing JSON file as /home/rcarrasco/GPolylla/experiments/CPU_and_GPU/gpu-uniform-result/2/uniform_3707030.json
Tiempo de ejecución: 32.253 segundos

Reading OFF file /home/rcarrasco/GPolylla/data/5060545_points.1.off
[Polylla] Constructing Polylla...
[GPU] Copy vectors to device in 34.9564 ms
[GPU] Labered max edges in 10.3667 ms
[GPU] Labeled frontier edges in 1.23374 ms
[GPU] Labeled seed edges in 1.20957 ms
[GPU] Labeled extra frontier edge in 10.6497 ms
[GPU] Traversal phase 1 in 1.95439 ms
[GPU] Traversal phase (search frontier edge) in 0.969143 ms
[GPU] Rapair overwrite seed in 1.32058 ms
[GPU] Labeled seed scan in 0.610122 ms
[GPU] Labeled seed compaction in 0.269237 ms
[GPU] Back to host in 51.3966 ms
[GPU] Mesh with 1630097 polygons 0 edges and 0 barrier-edge tips.
Printing JSON file as /home/rcarrasco/GPolylla/experiments/CPU_and_GPU/gpu-uniform-result/2/uniform_5060545.json
Tiempo de ejecución: 44.445 segundos

Reading OFF file /home/rcarrasco/GPolylla/data/6414060_points.1.off
[Polylla] Constructing Polylla...
[GPU] Copy vectors to device in 44.8087 ms
[GPU] Labered max edges in 12.0407 ms
[GPU] Labeled frontier edges in 1.52957 ms
[GPU] Labeled seed edges in 1.53343 ms
[GPU] Labeled extra frontier edge in 13.6905 ms
[GPU] Traversal phase 1 in 2.49324 ms
[GPU] Traversal phase (search frontier edge) in 1.21093 ms
[GPU] Rapair overwrite seed in 1.66646 ms
[GPU] Labeled seed scan in 0.719367 ms
[GPU] Labeled seed compaction in 0.319723 ms
[GPU] Back to host in 62.672 ms
[GPU] Mesh with 2065984 polygons 0 edges and 0 barrier-edge tips.
Printing JSON file as /home/rcarrasco/GPolylla/experiments/CPU_and_GPU/gpu-uniform-result/2/uniform_6414060.json
Tiempo de ejecución: 55.740 segundos

Reading OFF file /home/rcarrasco/GPolylla/data/7767575_points.1.off
[Polylla] Constructing Polylla...
[GPU] Copy vectors to device in 54.4802 ms
[GPU] Labered max edges in 13.1027 ms
[GPU] Labeled frontier edges in 1.84687 ms
[GPU] Labeled seed edges in 1.84641 ms
[GPU] Labeled extra frontier edge in 16.7471 ms
[GPU] Traversal phase 1 in 3.00829 ms
[GPU] Traversal phase (search frontier edge) in 1.45122 ms
[GPU] Rapair overwrite seed in 2.01747 ms
[GPU] Labeled seed scan in 0.860069 ms
[GPU] Labeled seed compaction in 0.372222 ms
[GPU] Back to host in 75.0494 ms
[GPU] Mesh with 2501408 polygons 0 edges and 0 barrier-edge tips.
Printing JSON file as /home/rcarrasco/GPolylla/experiments/CPU_and_GPU/gpu-uniform-result/2/uniform_7767575.json
Tiempo de ejecución: 67.415 segundos

Reading OFF file /home/rcarrasco/GPolylla/data/9121090_points.1.off
[Polylla] Constructing Polylla...
[GPU] Copy vectors to device in 63.0362 ms
[GPU] Labered max edges in 15.3647 ms
[GPU] Labeled frontier edges in 2.17304 ms
[GPU] Labeled seed edges in 2.15176 ms
[GPU] Labeled extra frontier edge in 19.8638 ms
[GPU] Traversal phase 1 in 3.54783 ms
[GPU] Traversal phase (search frontier edge) in 1.69793 ms
[GPU] Rapair overwrite seed in 2.3699 ms
[GPU] Labeled seed scan in 0.994722 ms
[GPU] Labeled seed compaction in 0.422608 ms
[GPU] Back to host in 85.9737 ms
[GPU] Mesh with 2937288 polygons 0 edges and 0 barrier-edge tips.
Printing JSON file as /home/rcarrasco/GPolylla/experiments/CPU_and_GPU/gpu-uniform-result/2/uniform_9121090.json
Tiempo de ejecución: 78.765 segundos

Reading OFF file /home/rcarrasco/GPolylla/data/10474605_points.1.off
[Polylla] Constructing Polylla...
[GPU] Copy vectors to device in 72.3073 ms
[GPU] Labered max edges in 16.4917 ms
[GPU] Labeled frontier edges in 2.48998 ms
[GPU] Labeled seed edges in 2.44499 ms
[GPU] Labeled extra frontier edge in 22.9273 ms
[GPU] Traversal phase 1 in 4.08725 ms
[GPU] Traversal phase (search frontier edge) in 1.93809 ms
[GPU] Rapair overwrite seed in 2.71409 ms
[GPU] Labeled seed scan in 1.10976 ms
[GPU] Labeled seed compaction in 0.474285 ms
[GPU] Back to host in 94.4852 ms
[GPU] Mesh with 3373997 polygons 0 edges and 0 barrier-edge tips.
Printing JSON file as /home/rcarrasco/GPolylla/experiments/CPU_and_GPU/gpu-uniform-result/2/uniform_10474605.json
Tiempo de ejecución: 90.540 segundos

Reading OFF file /home/rcarrasco/GPolylla/data/11828120_points.1.off
[Polylla] Constructing Polylla...
[GPU] Copy vectors to device in 81.2648 ms
[GPU] Labered max edges in 16.6282 ms
[GPU] Labeled frontier edges in 2.82022 ms
[GPU] Labeled seed edges in 2.74162 ms
[GPU] Labeled extra frontier edge in 25.8426 ms
[GPU] Traversal phase 1 in 4.61056 ms
[GPU] Traversal phase (search frontier edge) in 2.17552 ms
[GPU] Rapair overwrite seed in 3.05801 ms
[GPU] Labeled seed scan in 1.23439 ms
[GPU] Labeled seed compaction in 0.526344 ms
[GPU] Back to host in 106.267 ms
[GPU] Mesh with 3810435 polygons 0 edges and 0 barrier-edge tips.
Printing JSON file as /home/rcarrasco/GPolylla/experiments/CPU_and_GPU/gpu-uniform-result/2/uniform_11828120.json
Tiempo de ejecución: 102.714 segundos

Reading OFF file /home/rcarrasco/GPolylla/data/13181635_points.1.off
[Polylla] Constructing Polylla...
[GPU] Copy vectors to device in 91.0046 ms
[GPU] Labered max edges in 15.7615 ms
[GPU] Labeled frontier edges in 3.11991 ms
[GPU] Labeled seed edges in 3.04645 ms
[GPU] Labeled extra frontier edge in 28.8101 ms
[GPU] Traversal phase 1 in 5.13741 ms
[GPU] Traversal phase (search frontier edge) in 2.42195 ms
[GPU] Rapair overwrite seed in 3.40915 ms
[GPU] Labeled seed scan in 1.40884 ms
[GPU] Labeled seed compaction in 0.577811 ms
[GPU] Back to host in 120.604 ms
[GPU] Mesh with 4246997 polygons 0 edges and 0 barrier-edge tips.
Printing JSON file as /home/rcarrasco/GPolylla/experiments/CPU_and_GPU/gpu-uniform-result/2/uniform_13181635.json
Tiempo de ejecución: 113.938 segundos

Reading OFF file /home/rcarrasco/GPolylla/data/14535150_points.1.off
[Polylla] Constructing Polylla...
[GPU] Copy vectors to device in 99.4844 ms
[GPU] Labered max edges in 16.0117 ms
[GPU] Labeled frontier edges in 3.44976 ms
[GPU] Labeled seed edges in 3.35882 ms
[GPU] Labeled extra frontier edge in 31.8505 ms
[GPU] Traversal phase 1 in 5.66009 ms
[GPU] Traversal phase (search frontier edge) in 2.66374 ms
[GPU] Rapair overwrite seed in 3.75389 ms
[GPU] Labeled seed scan in 1.49971 ms
[GPU] Labeled seed compaction in 0.627987 ms
[GPU] Back to host in 139.676 ms
[GPU] Mesh with 4682774 polygons 0 edges and 0 barrier-edge tips.
Printing JSON file as /home/rcarrasco/GPolylla/experiments/CPU_and_GPU/gpu-uniform-result/2/uniform_14535150.json
Tiempo de ejecución: 126.124 segundos

Reading OFF file /home/rcarrasco/GPolylla/data/15888665_points.1.off
[Polylla] Constructing Polylla...
[GPU] Copy vectors to device in 110.84 ms
[GPU] Labered max edges in 14.5206 ms
[GPU] Labeled frontier edges in 3.77009 ms
[GPU] Labeled seed edges in 3.64872 ms
[GPU] Labeled extra frontier edge in 34.9229 ms
[GPU] Traversal phase 1 in 6.18525 ms
[GPU] Traversal phase (search frontier edge) in 2.9015 ms
[GPU] Rapair overwrite seed in 4.1047 ms
[GPU] Labeled seed scan in 1.63725 ms
[GPU] Labeled seed compaction in 0.678713 ms
[GPU] Back to host in 147.715 ms
[GPU] Mesh with 5118819 polygons 0 edges and 0 barrier-edge tips.
Printing JSON file as /home/rcarrasco/GPolylla/experiments/CPU_and_GPU/gpu-uniform-result/2/uniform_15888665.json
Tiempo de ejecución: 137.224 segundos

Reading OFF file /home/rcarrasco/GPolylla/data/17242180_points.1.off
[Polylla] Constructing Polylla...
[GPU] Copy vectors to device in 119.265 ms
[GPU] Labered max edges in 16.9096 ms
[GPU] Labeled frontier edges in 4.07752 ms
[GPU] Labeled seed edges in 3.95514 ms
[GPU] Labeled extra frontier edge in 37.9977 ms
[GPU] Traversal phase 1 in 6.71724 ms
[GPU] Traversal phase (search frontier edge) in 3.14429 ms
[GPU] Rapair overwrite seed in 4.45226 ms
[GPU] Labeled seed scan in 1.75768 ms
[GPU] Labeled seed compaction in 0.731527 ms
[GPU] Back to host in 149.541 ms
[GPU] Mesh with 5554534 polygons 0 edges and 0 barrier-edge tips.
Printing JSON file as /home/rcarrasco/GPolylla/experiments/CPU_and_GPU/gpu-uniform-result/2/uniform_17242180.json
Tiempo de ejecución: 151.562 segundos

Reading OFF file /home/rcarrasco/GPolylla/data/18595695_points.1.off
[Polylla] Constructing Polylla...
[GPU] Copy vectors to device in 127.498 ms
[GPU] Labered max edges in 18.5287 ms
[GPU] Labeled frontier edges in 4.3988 ms
[GPU] Labeled seed edges in 4.26601 ms
[GPU] Labeled extra frontier edge in 41.1242 ms
[GPU] Traversal phase 1 in 7.26938 ms
[GPU] Traversal phase (search frontier edge) in 3.38979 ms
[GPU] Rapair overwrite seed in 4.80129 ms
[GPU] Labeled seed scan in 2.8485 ms
[GPU] Labeled seed compaction in 0.782704 ms
[GPU] Back to host in 156.019 ms
[GPU] Mesh with 5991763 polygons 0 edges and 0 barrier-edge tips.
Printing JSON file as /home/rcarrasco/GPolylla/experiments/CPU_and_GPU/gpu-uniform-result/2/uniform_18595695.json
Tiempo de ejecución: 164.145 segundos

Reading OFF file /home/rcarrasco/GPolylla/data/19949210_points.1.off
[Polylla] Constructing Polylla...
[GPU] Copy vectors to device in 137.616 ms
[GPU] Labered max edges in 19.461 ms
[GPU] Labeled frontier edges in 4.71188 ms
[GPU] Labeled seed edges in 4.56061 ms
[GPU] Labeled extra frontier edge in 44.2128 ms
[GPU] Traversal phase 1 in 7.78481 ms
[GPU] Traversal phase (search frontier edge) in 3.62596 ms
[GPU] Rapair overwrite seed in 5.14828 ms
[GPU] Labeled seed scan in 2.02141 ms
[GPU] Labeled seed compaction in 0.833622 ms
[GPU] Back to host in 174.517 ms
[GPU] Mesh with 6427833 polygons 0 edges and 0 barrier-edge tips.
Printing JSON file as /home/rcarrasco/GPolylla/experiments/CPU_and_GPU/gpu-uniform-result/2/uniform_19949210.json
Tiempo de ejecución: 171.136 segundos

Reading OFF file /home/rcarrasco/GPolylla/data/21302725_points.1.off
[Polylla] Constructing Polylla...
[GPU] Copy vectors to device in 147.846 ms
[GPU] Labered max edges in 20.5408 ms
[GPU] Labeled frontier edges in 5.02866 ms
[GPU] Labeled seed edges in 4.86269 ms
[GPU] Labeled extra frontier edge in 47.2803 ms
[GPU] Traversal phase 1 in 8.29231 ms
[GPU] Traversal phase (search frontier edge) in 3.87443 ms
[GPU] Rapair overwrite seed in 5.49588 ms
[GPU] Labeled seed scan in 2.21305 ms
[GPU] Labeled seed compaction in 0.886053 ms
[GPU] Back to host in 182.934 ms
[GPU] Mesh with 6863912 polygons 0 edges and 0 barrier-edge tips.
Printing JSON file as /home/rcarrasco/GPolylla/experiments/CPU_and_GPU/gpu-uniform-result/2/uniform_21302725.json
Tiempo de ejecución: 185.678 segundos

Reading OFF file /home/rcarrasco/GPolylla/data/22656240_points.1.off
[Polylla] Constructing Polylla...
[GPU] Copy vectors to device in 155.117 ms
[GPU] Labered max edges in 20.2071 ms
[GPU] Labeled frontier edges in 5.34297 ms
[GPU] Labeled seed edges in 5.16127 ms
[GPU] Labeled extra frontier edge in 50.3314 ms
[GPU] Traversal phase 1 in 8.82963 ms
[GPU] Traversal phase (search frontier edge) in 4.1137 ms
[GPU] Rapair overwrite seed in 5.8454 ms
[GPU] Labeled seed scan in 2.33306 ms
[GPU] Labeled seed compaction in 0.936168 ms
[GPU] Back to host in 199.11 ms
[GPU] Mesh with 7299512 polygons 0 edges and 0 barrier-edge tips.
Printing JSON file as /home/rcarrasco/GPolylla/experiments/CPU_and_GPU/gpu-uniform-result/2/uniform_22656240.json
Tiempo de ejecución: 197.285 segundos

Reading OFF file /home/rcarrasco/GPolylla/data/24009755_points.1.off
[Polylla] Constructing Polylla...
[GPU] Copy vectors to device in 165.67 ms
[GPU] Labered max edges in 22.1502 ms
[GPU] Labeled frontier edges in 5.66658 ms
[GPU] Labeled seed edges in 5.46078 ms
[GPU] Labeled extra frontier edge in 53.3141 ms
[GPU] Traversal phase 1 in 9.34426 ms
[GPU] Traversal phase (search frontier edge) in 4.35387 ms
[GPU] Rapair overwrite seed in 6.18721 ms
[GPU] Labeled seed scan in 2.43664 ms
[GPU] Labeled seed compaction in 0.986274 ms
[GPU] Back to host in 212.633 ms
[GPU] Mesh with 7734945 polygons 0 edges and 0 barrier-edge tips.
Printing JSON file as /home/rcarrasco/GPolylla/experiments/CPU_and_GPU/gpu-uniform-result/2/uniform_24009755.json
Tiempo de ejecución: 216.677 segundos

Reading OFF file /home/rcarrasco/GPolylla/data/25363270_points.1.off
[Polylla] Constructing Polylla...
[GPU] Copy vectors to device in 173.684 ms
[GPU] Labered max edges in 21.1982 ms
[GPU] Labeled frontier edges in 5.98487 ms
[GPU] Labeled seed edges in 5.76878 ms
[GPU] Labeled extra frontier edge in 56.3971 ms
[GPU] Traversal phase 1 in 9.88936 ms
[GPU] Traversal phase (search frontier edge) in 4.59237 ms
[GPU] Rapair overwrite seed in 6.53589 ms
[GPU] Labeled seed scan in 2.59385 ms
[GPU] Labeled seed compaction in 1.03657 ms
[GPU] Back to host in 233.258 ms
[GPU] Mesh with 8169614 polygons 0 edges and 0 barrier-edge tips.
Printing JSON file as /home/rcarrasco/GPolylla/experiments/CPU_and_GPU/gpu-uniform-result/2/uniform_25363270.json
Tiempo de ejecución: 224.003 segundos

Reading OFF file /home/rcarrasco/GPolylla/data/26716785_points.1.off
[Polylla] Constructing Polylla...
[GPU] Copy vectors to device in 184.363 ms
[GPU] Labered max edges in 21.8773 ms
[GPU] Labeled frontier edges in 6.30219 ms
[GPU] Labeled seed edges in 6.07616 ms
[GPU] Labeled extra frontier edge in 59.4513 ms
[GPU] Traversal phase 1 in 10.4438 ms
[GPU] Traversal phase (search frontier edge) in 4.83991 ms
[GPU] Rapair overwrite seed in 6.88877 ms
[GPU] Labeled seed scan in 2.74768 ms
[GPU] Labeled seed compaction in 1.09398 ms
[GPU] Back to host in 243.172 ms
[GPU] Mesh with 8604683 polygons 0 edges and 0 barrier-edge tips.
Printing JSON file as /home/rcarrasco/GPolylla/experiments/CPU_and_GPU/gpu-uniform-result/2/uniform_26716785.json
Tiempo de ejecución: 241.706 segundos

Reading OFF file /home/rcarrasco/GPolylla/data/28070300_points.1.off
[Polylla] Constructing Polylla...
[GPU] Copy vectors to device in 193.584 ms
[GPU] Labered max edges in 22.0593 ms
[GPU] Labeled frontier edges in 6.62412 ms
[GPU] Labeled seed edges in 6.37165 ms
[GPU] Labeled extra frontier edge in 62.4721 ms
[GPU] Traversal phase 1 in 10.9454 ms
[GPU] Traversal phase (search frontier edge) in 5.07331 ms
[GPU] Rapair overwrite seed in 7.23281 ms
[GPU] Labeled seed scan in 2.84723 ms
[GPU] Labeled seed compaction in 1.14133 ms
[GPU] Back to host in 242.384 ms
[GPU] Mesh with 9042767 polygons 0 edges and 0 barrier-edge tips.
Printing JSON file as /home/rcarrasco/GPolylla/experiments/CPU_and_GPU/gpu-uniform-result/2/uniform_28070300.json
Tiempo de ejecución: 251.311 segundos

Reading OFF file /home/rcarrasco/GPolylla/data/29423815_points.1.off
[Polylla] Constructing Polylla...
[GPU] Copy vectors to device in 202.266 ms
[GPU] Labered max edges in 22.332 ms
[GPU] Labeled frontier edges in 6.93765 ms
[GPU] Labeled seed edges in 6.67278 ms
[GPU] Labeled extra frontier edge in 65.5087 ms
[GPU] Traversal phase 1 in 11.4588 ms
[GPU] Traversal phase (search frontier edge) in 5.3139 ms
[GPU] Rapair overwrite seed in 7.57329 ms
[GPU] Labeled seed scan in 2.96533 ms
[GPU] Labeled seed compaction in 1.18692 ms
[GPU] Back to host in 250.151 ms
[GPU] Mesh with 9478836 polygons 0 edges and 0 barrier-edge tips.
Printing JSON file as /home/rcarrasco/GPolylla/experiments/CPU_and_GPU/gpu-uniform-result/2/uniform_29423815.json
Tiempo de ejecución: 268.015 segundos

Reading OFF file /home/rcarrasco/GPolylla/data/30777330_points.1.off
[Polylla] Constructing Polylla...
[GPU] Copy vectors to device in 210.874 ms
[GPU] Labered max edges in 24.2032 ms
[GPU] Labeled frontier edges in 7.27412 ms
[GPU] Labeled seed edges in 6.97683 ms
[GPU] Labeled extra frontier edge in 68.6102 ms
[GPU] Traversal phase 1 in 11.986 ms
[GPU] Traversal phase (search frontier edge) in 5.55208 ms
[GPU] Rapair overwrite seed in 7.92927 ms
[GPU] Labeled seed scan in 3.08036 ms
[GPU] Labeled seed compaction in 1.24125 ms
[GPU] Back to host in 252.484 ms
[GPU] Mesh with 9915096 polygons 0 edges and 0 barrier-edge tips.
Printing JSON file as /home/rcarrasco/GPolylla/experiments/CPU_and_GPU/gpu-uniform-result/2/uniform_30777330.json
Tiempo de ejecución: 277.694 segundos

Reading OFF file /home/rcarrasco/GPolylla/data/32130845_points.1.off
[Polylla] Constructing Polylla...
[GPU] Copy vectors to device in 220.53 ms
[GPU] Labered max edges in 23.9377 ms
[GPU] Labeled frontier edges in 7.57771 ms
[GPU] Labeled seed edges in 7.28413 ms
[GPU] Labeled extra frontier edge in 71.7386 ms
[GPU] Traversal phase 1 in 12.5445 ms
[GPU] Traversal phase (search frontier edge) in 5.80277 ms
[GPU] Rapair overwrite seed in 8.27877 ms
[GPU] Labeled seed scan in 3.25805 ms
[GPU] Labeled seed compaction in 1.29697 ms
[GPU] Back to host in 273.944 ms
[GPU] Mesh with 10351397 polygons 0 edges and 0 barrier-edge tips.
Printing JSON file as /home/rcarrasco/GPolylla/experiments/CPU_and_GPU/gpu-uniform-result/2/uniform_32130845.json
Tiempo de ejecución: 283.043 segundos

Reading OFF file /home/rcarrasco/GPolylla/data/33484360_points.1.off
[Polylla] Constructing Polylla...
[GPU] Copy vectors to device in 231.146 ms
[GPU] Labered max edges in 25.1961 ms
[GPU] Labeled frontier edges in 7.91209 ms
[GPU] Labeled seed edges in 7.58066 ms
[GPU] Labeled extra frontier edge in 74.8623 ms
[GPU] Traversal phase 1 in 13.078 ms
[GPU] Traversal phase (search frontier edge) in 6.05033 ms
[GPU] Rapair overwrite seed in 8.62036 ms
[GPU] Labeled seed scan in 3.3899 ms
[GPU] Labeled seed compaction in 1.349 ms
[GPU] Back to host in 291.028 ms
[GPU] Mesh with 10787562 polygons 0 edges and 0 barrier-edge tips.
Printing JSON file as /home/rcarrasco/GPolylla/experiments/CPU_and_GPU/gpu-uniform-result/2/uniform_33484360.json
Tiempo de ejecución: 308.475 segundos

Reading OFF file /home/rcarrasco/GPolylla/data/34837875_points.1.off
[Polylla] Constructing Polylla...
[GPU] Copy vectors to device in 244.926 ms
[GPU] Labered max edges in 26.657 ms
[GPU] Labeled frontier edges in 8.21206 ms
[GPU] Labeled seed edges in 7.88186 ms
[GPU] Labeled extra frontier edge in 77.9438 ms
[GPU] Traversal phase 1 in 13.5848 ms
[GPU] Traversal phase (search frontier edge) in 6.29028 ms
[GPU] Rapair overwrite seed in 8.97581 ms
[GPU] Labeled seed scan in 3.48447 ms
[GPU] Labeled seed compaction in 1.39909 ms
[GPU] Back to host in 291.909 ms
[GPU] Mesh with 11224094 polygons 0 edges and 0 barrier-edge tips.
Printing JSON file as /home/rcarrasco/GPolylla/experiments/CPU_and_GPU/gpu-uniform-result/2/uniform_34837875.json
Tiempo de ejecución: 315.118 segundos

Reading OFF file /home/rcarrasco/GPolylla/data/36191390_points.1.off
[Polylla] Constructing Polylla...
[GPU] Copy vectors to device in 249.155 ms
[GPU] Labered max edges in 28.3902 ms
[GPU] Labeled frontier edges in 8.53302 ms
[GPU] Labeled seed edges in 8.17934 ms
[GPU] Labeled extra frontier edge in 81.0607 ms
[GPU] Traversal phase 1 in 14.1303 ms
[GPU] Traversal phase (search frontier edge) in 6.53171 ms
[GPU] Rapair overwrite seed in 9.32274 ms
[GPU] Labeled seed scan in 3.63059 ms
[GPU] Labeled seed compaction in 1.44739 ms
[GPU] Back to host in 314.926 ms
[GPU] Mesh with 11660291 polygons 0 edges and 0 barrier-edge tips.
Printing JSON file as /home/rcarrasco/GPolylla/experiments/CPU_and_GPU/gpu-uniform-result/2/uniform_36191390.json
Tiempo de ejecución: 330.987 segundos

Reading OFF file /home/rcarrasco/GPolylla/data/37544905_points.1.off
[Polylla] Constructing Polylla...
[GPU] Copy vectors to device in 260.313 ms
[GPU] Labered max edges in 26.6187 ms
[GPU] Labeled frontier edges in 8.85039 ms
[GPU] Labeled seed edges in 8.4871 ms
[GPU] Labeled extra frontier edge in 84.162 ms
[GPU] Traversal phase 1 in 14.6216 ms
[GPU] Traversal phase (search frontier edge) in 6.77372 ms
[GPU] Rapair overwrite seed in 9.67405 ms
[GPU] Labeled seed scan in 3.74156 ms
[GPU] Labeled seed compaction in 1.49829 ms
[GPU] Back to host in 332.338 ms
[GPU] Mesh with 12096785 polygons 0 edges and 0 barrier-edge tips.
Printing JSON file as /home/rcarrasco/GPolylla/experiments/CPU_and_GPU/gpu-uniform-result/2/uniform_37544905.json
Tiempo de ejecución: 337.059 segundos

Reading OFF file /home/rcarrasco/GPolylla/data/38898420_points.1.off
[Polylla] Constructing Polylla...
[GPU] Copy vectors to device in 267.879 ms
[GPU] Labered max edges in 27.2785 ms
[GPU] Labeled frontier edges in 9.17383 ms
[GPU] Labeled seed edges in 8.78746 ms
[GPU] Labeled extra frontier edge in 87.2354 ms
[GPU] Traversal phase 1 in 15.1889 ms
[GPU] Traversal phase (search frontier edge) in 7.01394 ms
[GPU] Rapair overwrite seed in 10.0139 ms
[GPU] Labeled seed scan in 3.87043 ms
[GPU] Labeled seed compaction in 1.54875 ms
[GPU] Back to host in 326.338 ms
[GPU] Mesh with 12533542 polygons 0 edges and 0 barrier-edge tips.
Printing JSON file as /home/rcarrasco/GPolylla/experiments/CPU_and_GPU/gpu-uniform-result/2/uniform_38898420.json
Tiempo de ejecución: 350.521 segundos

Reading OFF file /home/rcarrasco/GPolylla/data/40251935_points.1.off
[Polylla] Constructing Polylla...
[GPU] Copy vectors to device in 276.723 ms
[GPU] Labered max edges in 27.5313 ms
[GPU] Labeled frontier edges in 9.5056 ms
[GPU] Labeled seed edges in 9.08769 ms
[GPU] Labeled extra frontier edge in 90.2251 ms
[GPU] Traversal phase 1 in 15.6941 ms
[GPU] Traversal phase (search frontier edge) in 7.25663 ms
[GPU] Rapair overwrite seed in 10.3641 ms
[GPU] Labeled seed scan in 4.00973 ms
[GPU] Labeled seed compaction in 1.60073 ms
[GPU] Back to host in 366.203 ms
[GPU] Mesh with 12970222 polygons 0 edges and 0 barrier-edge tips.
Printing JSON file as /home/rcarrasco/GPolylla/experiments/CPU_and_GPU/gpu-uniform-result/2/uniform_40251935.json
Tiempo de ejecución: 357.933 segundos

Reading OFF file /home/rcarrasco/GPolylla/data/41605450_points.1.off
[Polylla] Constructing Polylla...
[GPU] Copy vectors to device in 286.724 ms
[GPU] Labered max edges in 30.5779 ms
[GPU] Labeled frontier edges in 9.82442 ms
[GPU] Labeled seed edges in 9.40106 ms
[GPU] Labeled extra frontier edge in 93.2716 ms
[GPU] Traversal phase 1 in 16.2349 ms
[GPU] Traversal phase (search frontier edge) in 7.50373 ms
[GPU] Rapair overwrite seed in 10.7138 ms
[GPU] Labeled seed scan in 4.1395 ms
[GPU] Labeled seed compaction in 1.65299 ms
[GPU] Back to host in 355.659 ms
[GPU] Mesh with 13405622 polygons 0 edges and 0 barrier-edge tips.
Printing JSON file as /home/rcarrasco/GPolylla/experiments/CPU_and_GPU/gpu-uniform-result/2/uniform_41605450.json
Tiempo de ejecución: 381.971 segundos

Reading OFF file /home/rcarrasco/GPolylla/data/42958965_points.1.off
[Polylla] Constructing Polylla...
[GPU] Copy vectors to device in 295.325 ms
[GPU] Labered max edges in 28.2327 ms
[GPU] Labeled frontier edges in 10.1139 ms
[GPU] Labeled seed edges in 9.67506 ms
[GPU] Labeled extra frontier edge in 96.2068 ms
[GPU] Traversal phase 1 in 16.727 ms
[GPU] Traversal phase (search frontier edge) in 7.74465 ms
[GPU] Rapair overwrite seed in 11.0588 ms
[GPU] Labeled seed scan in 4.27611 ms
[GPU] Labeled seed compaction in 1.70269 ms
[GPU] Back to host in 390.761 ms
[GPU] Mesh with 13841275 polygons 0 edges and 0 barrier-edge tips.
Printing JSON file as /home/rcarrasco/GPolylla/experiments/CPU_and_GPU/gpu-uniform-result/2/uniform_42958965.json
Tiempo de ejecución: 401.936 segundos

Reading OFF file /home/rcarrasco/GPolylla/data/44312480_points.1.off
[Polylla] Constructing Polylla...
[GPU] Copy vectors to device in 314.764 ms
[GPU] Labered max edges in 30.7711 ms
[GPU] Labeled frontier edges in 10.4394 ms
[GPU] Labeled seed edges in 9.99066 ms
[GPU] Labeled extra frontier edge in 99.1688 ms
[GPU] Traversal phase 1 in 17.3003 ms
[GPU] Traversal phase (search frontier edge) in 7.97733 ms
[GPU] Rapair overwrite seed in 11.4018 ms
[GPU] Labeled seed scan in 4.36791 ms
[GPU] Labeled seed compaction in 1.7525 ms
[GPU] Back to host in 384.775 ms
[GPU] Mesh with 14277129 polygons 0 edges and 0 barrier-edge tips.
Printing JSON file as /home/rcarrasco/GPolylla/experiments/CPU_and_GPU/gpu-uniform-result/2/uniform_44312480.json
Tiempo de ejecución: 405.652 segundos

