Reading OFF file /home/rcarrasco/GPolylla/data/1000000_points.1.off
[Polylla] Constructing Polylla...
[GPU] Copy vectors to device in 15.6617 ms
[GPU] Labered max edges in 0.330136 ms
[GPU] Labeled frontier edges in 0.1375 ms
[GPU] Labeled seed edges in 0.154863 ms
[GPU] Labeled extra frontier edge in 1.00777 ms
[GPU] Labeled seed scan in 0.434394 ms
[GPU] Labeled seed compaction in 0.066556 ms
[GPU] Traversal phase 1 in 0.58009 ms
[GPU] Traversal phase (search frontier edge) in 1.06627 ms
[GPU] Rapair overwrite seed in 0.132862 ms
[GPU] Back to host in 12.0734 ms
[GPU] Mesh with 338589 polygons 0 edges and 0 barrier-edge tips.
Printing JSON file as /home/rcarrasco/GPolylla/experiments/CPU_and_GPU/gpu-uniform-result/2/uniform_1000000.json
Tiempo de ejecución: 11.510 segundos

Reading OFF file /home/rcarrasco/GPolylla/data/2353515_points.1.off
[Polylla] Constructing Polylla...
[GPU] Copy vectors to device in 41.1319 ms
[GPU] Labered max edges in 0.684428 ms
[GPU] Labeled frontier edges in 0.311571 ms
[GPU] Labeled seed edges in 0.340816 ms
[GPU] Labeled extra frontier edge in 2.53218 ms
[GPU] Labeled seed scan in 3.43798 ms
[GPU] Labeled seed compaction in 0.128875 ms
[GPU] Traversal phase 1 in 1.33032 ms
[GPU] Traversal phase (search frontier edge) in 1.13128 ms
[GPU] Rapair overwrite seed in 0.273368 ms
[GPU] Back to host in 28.7428 ms
[GPU] Mesh with 795874 polygons 0 edges and 0 barrier-edge tips.
Printing JSON file as /home/rcarrasco/GPolylla/experiments/CPU_and_GPU/gpu-uniform-result/2/uniform_2353515.json
Tiempo de ejecución: 24.945 segundos

Reading OFF file /home/rcarrasco/GPolylla/data/3707030_points.1.off
[Polylla] Constructing Polylla...
[GPU] Copy vectors to device in 57.0525 ms
[GPU] Labered max edges in 1.11381 ms
[GPU] Labeled frontier edges in 0.477235 ms
[GPU] Labeled seed edges in 0.520156 ms
[GPU] Labeled extra frontier edge in 4.11092 ms
[GPU] Labeled seed scan in 0.618052 ms
[GPU] Labeled seed compaction in 0.1901 ms
[GPU] Traversal phase 1 in 2.07911 ms
[GPU] Traversal phase (search frontier edge) in 1.26788 ms
[GPU] Rapair overwrite seed in 0.407894 ms
[GPU] Back to host in 44.2534 ms
[GPU] Mesh with 1254482 polygons 0 edges and 0 barrier-edge tips.
Printing JSON file as /home/rcarrasco/GPolylla/experiments/CPU_and_GPU/gpu-uniform-result/2/uniform_3707030.json
Tiempo de ejecución: 38.550 segundos

Reading OFF file /home/rcarrasco/GPolylla/data/5060545_points.1.off
[Polylla] Constructing Polylla...
[GPU] Copy vectors to device in 77.7569 ms
[GPU] Labered max edges in 1.51795 ms
[GPU] Labeled frontier edges in 0.650453 ms
[GPU] Labeled seed edges in 0.698004 ms
[GPU] Labeled extra frontier edge in 5.67725 ms
[GPU] Labeled seed scan in 0.958487 ms
[GPU] Labeled seed compaction in 0.251818 ms
[GPU] Traversal phase 1 in 2.83267 ms
[GPU] Traversal phase (search frontier edge) in 1.36068 ms
[GPU] Rapair overwrite seed in 0.537659 ms
[GPU] Back to host in 61.1702 ms
[GPU] Mesh with 1714015 polygons 0 edges and 0 barrier-edge tips.
Printing JSON file as /home/rcarrasco/GPolylla/experiments/CPU_and_GPU/gpu-uniform-result/2/uniform_5060545.json
Tiempo de ejecución: 51.535 segundos

Reading OFF file /home/rcarrasco/GPolylla/data/6414060_points.1.off
[Polylla] Constructing Polylla...
[GPU] Copy vectors to device in 91.6798 ms
[GPU] Labered max edges in 1.96524 ms
[GPU] Labeled frontier edges in 0.81721 ms
[GPU] Labeled seed edges in 0.874778 ms
[GPU] Labeled extra frontier edge in 7.26238 ms
[GPU] Labeled seed scan in 1.17483 ms
[GPU] Labeled seed compaction in 0.313685 ms
[GPU] Traversal phase 1 in 3.58655 ms
[GPU] Traversal phase (search frontier edge) in 1.44522 ms
[GPU] Rapair overwrite seed in 0.67473 ms
[GPU] Back to host in 78.6594 ms
[GPU] Mesh with 2172423 polygons 0 edges and 0 barrier-edge tips.
Printing JSON file as /home/rcarrasco/GPolylla/experiments/CPU_and_GPU/gpu-uniform-result/2/uniform_6414060.json
Tiempo de ejecución: 65.630 segundos

Reading OFF file /home/rcarrasco/GPolylla/data/7767575_points.1.off
[Polylla] Constructing Polylla...
[GPU] Copy vectors to device in 112.788 ms
[GPU] Labered max edges in 2.37449 ms
[GPU] Labeled frontier edges in 0.996049 ms
[GPU] Labeled seed edges in 1.04641 ms
[GPU] Labeled extra frontier edge in 8.8296 ms
[GPU] Labeled seed scan in 6.19689 ms
[GPU] Labeled seed compaction in 0.375261 ms
[GPU] Traversal phase 1 in 4.33399 ms
[GPU] Traversal phase (search frontier edge) in 1.53556 ms
[GPU] Rapair overwrite seed in 0.803373 ms
[GPU] Back to host in 95.4846 ms
[GPU] Mesh with 2629745 polygons 0 edges and 0 barrier-edge tips.
Printing JSON file as /home/rcarrasco/GPolylla/experiments/CPU_and_GPU/gpu-uniform-result/2/uniform_7767575.json
Tiempo de ejecución: 78.384 segundos

Reading OFF file /home/rcarrasco/GPolylla/data/9121090_points.1.off
[Polylla] Constructing Polylla...
[GPU] Copy vectors to device in 138.492 ms
[GPU] Labered max edges in 2.8296 ms
[GPU] Labeled frontier edges in 1.16319 ms
[GPU] Labeled seed edges in 1.22285 ms
[GPU] Labeled extra frontier edge in 10.4328 ms
[GPU] Labeled seed scan in 0.99118 ms
[GPU] Labeled seed compaction in 0.436147 ms
[GPU] Traversal phase 1 in 5.09386 ms
[GPU] Traversal phase (search frontier edge) in 1.62947 ms
[GPU] Rapair overwrite seed in 0.932038 ms
[GPU] Back to host in 113.149 ms
[GPU] Mesh with 3088381 polygons 0 edges and 0 barrier-edge tips.
Printing JSON file as /home/rcarrasco/GPolylla/experiments/CPU_and_GPU/gpu-uniform-result/2/uniform_9121090.json
Tiempo de ejecución: 92.154 segundos

Reading OFF file /home/rcarrasco/GPolylla/data/10474605_points.1.off
[Polylla] Constructing Polylla...
[GPU] Copy vectors to device in 151.441 ms
[GPU] Labered max edges in 3.24334 ms
[GPU] Labeled frontier edges in 1.32724 ms
[GPU] Labeled seed edges in 1.38923 ms
[GPU] Labeled extra frontier edge in 12.0072 ms
[GPU] Labeled seed scan in 4.11604 ms
[GPU] Labeled seed compaction in 0.498305 ms
[GPU] Traversal phase 1 in 5.83948 ms
[GPU] Traversal phase (search frontier edge) in 1.68347 ms
[GPU] Rapair overwrite seed in 1.06382 ms
[GPU] Back to host in 129.586 ms
[GPU] Mesh with 3546517 polygons 0 edges and 0 barrier-edge tips.
Printing JSON file as /home/rcarrasco/GPolylla/experiments/CPU_and_GPU/gpu-uniform-result/2/uniform_10474605.json
Tiempo de ejecución: 107.750 segundos

Reading OFF file /home/rcarrasco/GPolylla/data/11828120_points.1.off
[Polylla] Constructing Polylla...
[GPU] Copy vectors to device in 176.86 ms
[GPU] Labered max edges in 3.69774 ms
[GPU] Labeled frontier edges in 1.49864 ms
[GPU] Labeled seed edges in 1.5774 ms
[GPU] Labeled extra frontier edge in 13.5836 ms
[GPU] Labeled seed scan in 2.22619 ms
[GPU] Labeled seed compaction in 0.55901 ms
[GPU] Traversal phase 1 in 6.58449 ms
[GPU] Traversal phase (search frontier edge) in 1.76411 ms
[GPU] Rapair overwrite seed in 1.19578 ms
[GPU] Back to host in 147.559 ms
[GPU] Mesh with 4005659 polygons 0 edges and 0 barrier-edge tips.
Printing JSON file as /home/rcarrasco/GPolylla/experiments/CPU_and_GPU/gpu-uniform-result/2/uniform_11828120.json
Tiempo de ejecución: 123.701 segundos

Reading OFF file /home/rcarrasco/GPolylla/data/13181635_points.1.off
[Polylla] Constructing Polylla...
[GPU] Copy vectors to device in 191.984 ms
[GPU] Labered max edges in 4.10586 ms
[GPU] Labeled frontier edges in 1.67431 ms
[GPU] Labeled seed edges in 1.74872 ms
[GPU] Labeled extra frontier edge in 15.1554 ms
[GPU] Labeled seed scan in 1.8258 ms
[GPU] Labeled seed compaction in 0.621249 ms
[GPU] Traversal phase 1 in 7.32563 ms
[GPU] Traversal phase (search frontier edge) in 1.80381 ms
[GPU] Rapair overwrite seed in 1.32453 ms
[GPU] Back to host in 162.549 ms
[GPU] Mesh with 4464664 polygons 0 edges and 0 barrier-edge tips.
Printing JSON file as /home/rcarrasco/GPolylla/experiments/CPU_and_GPU/gpu-uniform-result/2/uniform_13181635.json
Tiempo de ejecución: 136.399 segundos

Reading OFF file /home/rcarrasco/GPolylla/data/14535150_points.1.off
[Polylla] Constructing Polylla...
[GPU] Copy vectors to device in 232.392 ms
[GPU] Labered max edges in 4.19702 ms
[GPU] Labeled frontier edges in 1.83191 ms
[GPU] Labeled seed edges in 1.82559 ms
[GPU] Labeled extra frontier edge in 15.6438 ms
[GPU] Labeled seed scan in 9.58294 ms
[GPU] Labeled seed compaction in 0.597493 ms
[GPU] Traversal phase 1 in 6.56984 ms
[GPU] Traversal phase (search frontier edge) in 1.69989 ms
[GPU] Rapair overwrite seed in 1.44849 ms
[GPU] Back to host in 177.396 ms
[GPU] Mesh with 4922913 polygons 0 edges and 0 barrier-edge tips.
Printing JSON file as /home/rcarrasco/GPolylla/experiments/CPU_and_GPU/gpu-uniform-result/2/uniform_14535150.json
Tiempo de ejecución: 149.731 segundos

Reading OFF file /home/rcarrasco/GPolylla/data/15888665_points.1.off
[Polylla] Constructing Polylla...
[GPU] Copy vectors to device in 234.798 ms
[GPU] Labered max edges in 4.76378 ms
[GPU] Labeled frontier edges in 2.00458 ms
[GPU] Labeled seed edges in 2.04785 ms
[GPU] Labeled extra frontier edge in 17.4127 ms
[GPU] Labeled seed scan in 1.40512 ms
[GPU] Labeled seed compaction in 0.709265 ms
[GPU] Traversal phase 1 in 8.25101 ms
[GPU] Traversal phase (search frontier edge) in 1.85622 ms
[GPU] Rapair overwrite seed in 1.58349 ms
[GPU] Back to host in 197.019 ms
[GPU] Mesh with 5380944 polygons 0 edges and 0 barrier-edge tips.
Printing JSON file as /home/rcarrasco/GPolylla/experiments/CPU_and_GPU/gpu-uniform-result/2/uniform_15888665.json
Tiempo de ejecución: 165.346 segundos

Reading OFF file /home/rcarrasco/GPolylla/data/17242180_points.1.off
[Polylla] Constructing Polylla...
[GPU] Copy vectors to device in 250.948 ms
[GPU] Labered max edges in 5.44285 ms
[GPU] Labeled frontier edges in 2.18058 ms
[GPU] Labeled seed edges in 2.27074 ms
[GPU] Labeled extra frontier edge in 19.5385 ms
[GPU] Labeled seed scan in 4.54668 ms
[GPU] Labeled seed compaction in 0.69109 ms
[GPU] Traversal phase 1 in 7.55003 ms
[GPU] Traversal phase (search frontier edge) in 1.79272 ms
[GPU] Rapair overwrite seed in 1.70757 ms
[GPU] Back to host in 215.653 ms
[GPU] Mesh with 5839303 polygons 0 edges and 0 barrier-edge tips.
Printing JSON file as /home/rcarrasco/GPolylla/experiments/CPU_and_GPU/gpu-uniform-result/2/uniform_17242180.json
Tiempo de ejecución: 178.564 segundos

Reading OFF file /home/rcarrasco/GPolylla/data/18595695_points.1.off
[Polylla] Constructing Polylla...
[GPU] Copy vectors to device in 270.278 ms
[GPU] Labered max edges in 5.36673 ms
[GPU] Labeled frontier edges in 2.34156 ms
[GPU] Labeled seed edges in 2.32347 ms
[GPU] Labeled extra frontier edge in 20.0632 ms
[GPU] Labeled seed scan in 1.48708 ms
[GPU] Labeled seed compaction in 0.749582 ms
[GPU] Traversal phase 1 in 8.23465 ms
[GPU] Traversal phase (search frontier edge) in 1.84573 ms
[GPU] Rapair overwrite seed in 1.84661 ms
[GPU] Back to host in 234.555 ms
[GPU] Mesh with 6298958 polygons 0 edges and 0 barrier-edge tips.
Printing JSON file as /home/rcarrasco/GPolylla/experiments/CPU_and_GPU/gpu-uniform-result/2/uniform_18595695.json
Tiempo de ejecución: 193.572 segundos

Reading OFF file /home/rcarrasco/GPolylla/data/19949210_points.1.off
[Polylla] Constructing Polylla...
[GPU] Copy vectors to device in 294.232 ms
[GPU] Labered max edges in 5.7502 ms
[GPU] Labeled frontier edges in 2.50406 ms
[GPU] Labeled seed edges in 2.47598 ms
[GPU] Labeled extra frontier edge in 21.5869 ms
[GPU] Labeled seed scan in 1.54988 ms
[GPU] Labeled seed compaction in 0.807652 ms
[GPU] Traversal phase 1 in 8.93497 ms
[GPU] Traversal phase (search frontier edge) in 1.92754 ms
[GPU] Rapair overwrite seed in 1.97714 ms
[GPU] Back to host in 245.95 ms
[GPU] Mesh with 6757630 polygons 0 edges and 0 barrier-edge tips.
Printing JSON file as /home/rcarrasco/GPolylla/experiments/CPU_and_GPU/gpu-uniform-result/2/uniform_19949210.json
Tiempo de ejecución: 208.150 segundos

Reading OFF file /home/rcarrasco/GPolylla/data/21302725_points.1.off
[Polylla] Constructing Polylla...
[GPU] Copy vectors to device in 314.964 ms
[GPU] Labered max edges in 6.3202 ms
[GPU] Labeled frontier edges in 2.67585 ms
[GPU] Labeled seed edges in 2.71734 ms
[GPU] Labeled extra frontier edge in 23.2126 ms
[GPU] Labeled seed scan in 1.72714 ms
[GPU] Labeled seed compaction in 0.849992 ms
[GPU] Traversal phase 1 in 9.33844 ms
[GPU] Traversal phase (search frontier edge) in 1.99012 ms
[GPU] Rapair overwrite seed in 2.10429 ms
[GPU] Back to host in 268.016 ms
[GPU] Mesh with 7216248 polygons 0 edges and 0 barrier-edge tips.
Printing JSON file as /home/rcarrasco/GPolylla/experiments/CPU_and_GPU/gpu-uniform-result/2/uniform_21302725.json
Tiempo de ejecución: 228.323 segundos

Reading OFF file /home/rcarrasco/GPolylla/data/22656240_points.1.off
[Polylla] Constructing Polylla...
[GPU] Copy vectors to device in 334.839 ms
[GPU] Labered max edges in 6.52734 ms
[GPU] Labeled frontier edges in 2.84407 ms
[GPU] Labeled seed edges in 2.83021 ms
[GPU] Labeled extra frontier edge in 24.557 ms
[GPU] Labeled seed scan in 1.82313 ms
[GPU] Labeled seed compaction in 0.902862 ms
[GPU] Traversal phase 1 in 9.92634 ms
[GPU] Traversal phase (search frontier edge) in 2.03076 ms
[GPU] Rapair overwrite seed in 2.23498 ms
[GPU] Back to host in 284.189 ms
[GPU] Mesh with 7674113 polygons 0 edges and 0 barrier-edge tips.
Printing JSON file as /home/rcarrasco/GPolylla/experiments/CPU_and_GPU/gpu-uniform-result/2/uniform_22656240.json
Tiempo de ejecución: 240.453 segundos

Reading OFF file /home/rcarrasco/GPolylla/data/24009755_points.1.off
[Polylla] Constructing Polylla...
[GPU] Copy vectors to device in 357.387 ms
[GPU] Labered max edges in 6.88742 ms
[GPU] Labeled frontier edges in 3.01311 ms
[GPU] Labeled seed edges in 2.97427 ms
[GPU] Labeled extra frontier edge in 25.9988 ms
[GPU] Labeled seed scan in 2.58242 ms
[GPU] Labeled seed compaction in 0.967765 ms
[GPU] Traversal phase 1 in 10.744 ms
[GPU] Traversal phase (search frontier edge) in 2.12216 ms
[GPU] Rapair overwrite seed in 2.36763 ms
[GPU] Back to host in 298.176 ms
[GPU] Mesh with 8131772 polygons 0 edges and 0 barrier-edge tips.
Printing JSON file as /home/rcarrasco/GPolylla/experiments/CPU_and_GPU/gpu-uniform-result/2/uniform_24009755.json
Tiempo de ejecución: 255.366 segundos

Reading OFF file /home/rcarrasco/GPolylla/data/25363270_points.1.off
[Polylla] Constructing Polylla...
[GPU] Copy vectors to device in 375.102 ms
[GPU] Labered max edges in 7.27928 ms
[GPU] Labeled frontier edges in 3.18064 ms
[GPU] Labeled seed edges in 3.14461 ms
[GPU] Labeled extra frontier edge in 27.3984 ms
[GPU] Labeled seed scan in 1.95937 ms
[GPU] Labeled seed compaction in 1.01246 ms
[GPU] Traversal phase 1 in 11.2255 ms
[GPU] Traversal phase (search frontier edge) in 2.15735 ms
[GPU] Rapair overwrite seed in 2.49093 ms
[GPU] Back to host in 318.369 ms
[GPU] Mesh with 8588750 polygons 0 edges and 0 barrier-edge tips.
Printing JSON file as /home/rcarrasco/GPolylla/experiments/CPU_and_GPU/gpu-uniform-result/2/uniform_25363270.json
Tiempo de ejecución: 270.367 segundos

Reading OFF file /home/rcarrasco/GPolylla/data/26716785_points.1.off
[Polylla] Constructing Polylla...
[GPU] Copy vectors to device in 392.71 ms
[GPU] Labered max edges in 7.69411 ms
[GPU] Labeled frontier edges in 3.35379 ms
[GPU] Labeled seed edges in 3.31603 ms
[GPU] Labeled extra frontier edge in 28.9122 ms
[GPU] Labeled seed scan in 2.77258 ms
[GPU] Labeled seed compaction in 1.07366 ms
[GPU] Traversal phase 1 in 11.9506 ms
[GPU] Traversal phase (search frontier edge) in 2.23971 ms
[GPU] Rapair overwrite seed in 2.63403 ms
[GPU] Back to host in 331.289 ms
[GPU] Mesh with 9045986 polygons 0 edges and 0 barrier-edge tips.
Printing JSON file as /home/rcarrasco/GPolylla/experiments/CPU_and_GPU/gpu-uniform-result/2/uniform_26716785.json
Tiempo de ejecución: 285.924 segundos

Reading OFF file /home/rcarrasco/GPolylla/data/28070300_points.1.off
[Polylla] Constructing Polylla...
[GPU] Copy vectors to device in 408.861 ms
[GPU] Labered max edges in 8.087 ms
[GPU] Labeled frontier edges in 3.51944 ms
[GPU] Labeled seed edges in 3.47658 ms
[GPU] Labeled extra frontier edge in 30.4703 ms
[GPU] Labeled seed scan in 2.15849 ms
[GPU] Labeled seed compaction in 1.1276 ms
[GPU] Traversal phase 1 in 12.5537 ms
[GPU] Traversal phase (search frontier edge) in 2.28779 ms
[GPU] Rapair overwrite seed in 2.75466 ms
[GPU] Back to host in 351.899 ms
[GPU] Mesh with 9506407 polygons 0 edges and 0 barrier-edge tips.
Printing JSON file as /home/rcarrasco/GPolylla/experiments/CPU_and_GPU/gpu-uniform-result/2/uniform_28070300.json
Tiempo de ejecución: 300.371 segundos

Reading OFF file /home/rcarrasco/GPolylla/data/29423815_points.1.off
[Polylla] Constructing Polylla...
[GPU] Copy vectors to device in 434.347 ms
[GPU] Labered max edges in 8.46362 ms
[GPU] Labeled frontier edges in 3.69152 ms
[GPU] Labeled seed edges in 3.62739 ms
[GPU] Labeled extra frontier edge in 31.8762 ms
[GPU] Labeled seed scan in 2.26737 ms
[GPU] Labeled seed compaction in 1.16524 ms
[GPU] Traversal phase 1 in 12.8746 ms
[GPU] Traversal phase (search frontier edge) in 2.51139 ms
[GPU] Rapair overwrite seed in 2.88692 ms
[GPU] Back to host in 369.063 ms
[GPU] Mesh with 9964118 polygons 0 edges and 0 barrier-edge tips.
Printing JSON file as /home/rcarrasco/GPolylla/experiments/CPU_and_GPU/gpu-uniform-result/2/uniform_29423815.json
Tiempo de ejecución: 314.905 segundos

Reading OFF file /home/rcarrasco/GPolylla/data/30777330_points.1.off
[Polylla] Constructing Polylla...
[GPU] Copy vectors to device in 457.062 ms
[GPU] Labered max edges in 8.85106 ms
[GPU] Labeled frontier edges in 3.85913 ms
[GPU] Labeled seed edges in 3.79809 ms
[GPU] Labeled extra frontier edge in 33.3596 ms
[GPU] Labeled seed scan in 2.24425 ms
[GPU] Labeled seed compaction in 1.21779 ms
[GPU] Traversal phase 1 in 13.4858 ms
[GPU] Traversal phase (search frontier edge) in 2.41626 ms
[GPU] Rapair overwrite seed in 3.01839 ms
[GPU] Back to host in 386.834 ms
[GPU] Mesh with 10422695 polygons 0 edges and 0 barrier-edge tips.
Printing JSON file as /home/rcarrasco/GPolylla/experiments/CPU_and_GPU/gpu-uniform-result/2/uniform_30777330.json
Tiempo de ejecución: 334.682 segundos

Reading OFF file /home/rcarrasco/GPolylla/data/32130845_points.1.off
[Polylla] Constructing Polylla...
[GPU] Copy vectors to device in 466.987 ms
[GPU] Labered max edges in 9.25059 ms
[GPU] Labeled frontier edges in 4.03023 ms
[GPU] Labeled seed edges in 3.98307 ms
[GPU] Labeled extra frontier edge in 34.871 ms
[GPU] Labeled seed scan in 2.36135 ms
[GPU] Labeled seed compaction in 1.27031 ms
[GPU] Traversal phase 1 in 14.0704 ms
[GPU] Traversal phase (search frontier edge) in 2.46866 ms
[GPU] Rapair overwrite seed in 3.14994 ms
[GPU] Back to host in 401.448 ms
[GPU] Mesh with 10880754 polygons 0 edges and 0 barrier-edge tips.
Printing JSON file as /home/rcarrasco/GPolylla/experiments/CPU_and_GPU/gpu-uniform-result/2/uniform_32130845.json
Tiempo de ejecución: 342.648 segundos

Reading OFF file /home/rcarrasco/GPolylla/data/33484360_points.1.off
[Polylla] Constructing Polylla...
[GPU] Copy vectors to device in 493.237 ms
[GPU] Labered max edges in 9.66648 ms
[GPU] Labeled frontier edges in 4.20192 ms
[GPU] Labeled seed edges in 4.1179 ms
[GPU] Labeled extra frontier edge in 36.3119 ms
[GPU] Labeled seed scan in 2.42813 ms
[GPU] Labeled seed compaction in 1.32281 ms
[GPU] Traversal phase 1 in 14.6651 ms
[GPU] Traversal phase (search frontier edge) in 2.54206 ms
[GPU] Rapair overwrite seed in 3.28506 ms
[GPU] Back to host in 417.91 ms
[GPU] Mesh with 11339767 polygons 0 edges and 0 barrier-edge tips.
Printing JSON file as /home/rcarrasco/GPolylla/experiments/CPU_and_GPU/gpu-uniform-result/2/uniform_33484360.json
Tiempo de ejecución: 361.720 segundos

Reading OFF file /home/rcarrasco/GPolylla/data/34837875_points.1.off
[Polylla] Constructing Polylla...
[GPU] Copy vectors to device in 524.87 ms
[GPU] Labered max edges in 10.0439 ms
[GPU] Labeled frontier edges in 4.36846 ms
[GPU] Labeled seed edges in 4.30756 ms
[GPU] Labeled extra frontier edge in 37.8113 ms
[GPU] Labeled seed scan in 2.50967 ms
[GPU] Labeled seed compaction in 1.37551 ms
[GPU] Traversal phase 1 in 15.2693 ms
[GPU] Traversal phase (search frontier edge) in 2.5992 ms
[GPU] Rapair overwrite seed in 3.41179 ms
[GPU] Back to host in 435.67 ms
[GPU] Mesh with 11799210 polygons 0 edges and 0 barrier-edge tips.
Printing JSON file as /home/rcarrasco/GPolylla/experiments/CPU_and_GPU/gpu-uniform-result/2/uniform_34837875.json
Tiempo de ejecución: 374.096 segundos

Reading OFF file /home/rcarrasco/GPolylla/data/36191390_points.1.off
[Polylla] Constructing Polylla...
[GPU] Copy vectors to device in 522.549 ms
[GPU] Labered max edges in 10.4449 ms
[GPU] Labeled frontier edges in 4.53414 ms
[GPU] Labeled seed edges in 4.4999 ms
[GPU] Labeled extra frontier edge in 39.3414 ms
[GPU] Labeled seed scan in 2.61238 ms
[GPU] Labeled seed compaction in 1.42865 ms
[GPU] Traversal phase 1 in 15.8756 ms
[GPU] Traversal phase (search frontier edge) in 2.67242 ms
[GPU] Rapair overwrite seed in 3.54257 ms
[GPU] Back to host in 450.139 ms
[GPU] Mesh with 12257318 polygons 0 edges and 0 barrier-edge tips.
Printing JSON file as /home/rcarrasco/GPolylla/experiments/CPU_and_GPU/gpu-uniform-result/2/uniform_36191390.json
Tiempo de ejecución: 391.405 segundos

Reading OFF file /home/rcarrasco/GPolylla/data/37544905_points.1.off
[Polylla] Constructing Polylla...
[GPU] Copy vectors to device in 541.418 ms
[GPU] Labered max edges in 10.8388 ms
[GPU] Labeled frontier edges in 4.71021 ms
[GPU] Labeled seed edges in 4.64173 ms
[GPU] Labeled extra frontier edge in 40.8317 ms
[GPU] Labeled seed scan in 2.67145 ms
[GPU] Labeled seed compaction in 1.48203 ms
[GPU] Traversal phase 1 in 16.449 ms
[GPU] Traversal phase (search frontier edge) in 2.73188 ms
[GPU] Rapair overwrite seed in 3.6722 ms
[GPU] Back to host in 468.978 ms
[GPU] Mesh with 12716634 polygons 0 edges and 0 barrier-edge tips.
Printing JSON file as /home/rcarrasco/GPolylla/experiments/CPU_and_GPU/gpu-uniform-result/2/uniform_37544905.json
Tiempo de ejecución: 408.699 segundos

Reading OFF file /home/rcarrasco/GPolylla/data/38898420_points.1.off
[Polylla] Constructing Polylla...
[GPU] Copy vectors to device in 567.383 ms
[GPU] Labered max edges in 11.1988 ms
[GPU] Labeled frontier edges in 4.8716 ms
[GPU] Labeled seed edges in 4.80176 ms
[GPU] Labeled extra frontier edge in 42.3246 ms
[GPU] Labeled seed scan in 6.22365 ms
[GPU] Labeled seed compaction in 1.53475 ms
[GPU] Traversal phase 1 in 17.0484 ms
[GPU] Traversal phase (search frontier edge) in 2.80327 ms
[GPU] Rapair overwrite seed in 3.80312 ms
[GPU] Back to host in 486.373 ms
[GPU] Mesh with 13175477 polygons 0 edges and 0 barrier-edge tips.
Printing JSON file as /home/rcarrasco/GPolylla/experiments/CPU_and_GPU/gpu-uniform-result/2/uniform_38898420.json
Tiempo de ejecución: 427.530 segundos

Reading OFF file /home/rcarrasco/GPolylla/data/40251935_points.1.off
[Polylla] Constructing Polylla...
[GPU] Copy vectors to device in 583.048 ms
[GPU] Labered max edges in 11.5824 ms
[GPU] Labeled frontier edges in 5.03909 ms
[GPU] Labeled seed edges in 4.95093 ms
[GPU] Labeled extra frontier edge in 43.7995 ms
[GPU] Labeled seed scan in 8.66371 ms
[GPU] Labeled seed compaction in 1.58874 ms
[GPU] Traversal phase 1 in 17.6556 ms
[GPU] Traversal phase (search frontier edge) in 2.86258 ms
[GPU] Rapair overwrite seed in 3.93571 ms
[GPU] Back to host in 510.408 ms
[GPU] Mesh with 13634482 polygons 0 edges and 0 barrier-edge tips.
Printing JSON file as /home/rcarrasco/GPolylla/experiments/CPU_and_GPU/gpu-uniform-result/2/uniform_40251935.json
Tiempo de ejecución: 437.966 segundos

Reading OFF file /home/rcarrasco/GPolylla/data/41605450_points.1.off
[Polylla] Constructing Polylla...
[GPU] Copy vectors to device in 603.624 ms
[GPU] Labered max edges in 11.9868 ms
[GPU] Labeled frontier edges in 5.21481 ms
[GPU] Labeled seed edges in 5.12595 ms
[GPU] Labeled extra frontier edge in 45.2705 ms
[GPU] Labeled seed scan in 2.90844 ms
[GPU] Labeled seed compaction in 1.64043 ms
[GPU] Traversal phase 1 in 18.2387 ms
[GPU] Traversal phase (search frontier edge) in 2.93514 ms
[GPU] Rapair overwrite seed in 4.06361 ms
[GPU] Back to host in 523.146 ms
[GPU] Mesh with 14092153 polygons 0 edges and 0 barrier-edge tips.
Printing JSON file as /home/rcarrasco/GPolylla/experiments/CPU_and_GPU/gpu-uniform-result/2/uniform_41605450.json
Tiempo de ejecución: 455.110 segundos

Reading OFF file /home/rcarrasco/GPolylla/data/42958965_points.1.off
[Polylla] Constructing Polylla...
[GPU] Copy vectors to device in 628.284 ms
[GPU] Labered max edges in 12.3679 ms
[GPU] Labeled frontier edges in 5.38378 ms
[GPU] Labeled seed edges in 5.28651 ms
[GPU] Labeled extra frontier edge in 46.6749 ms
[GPU] Labeled seed scan in 4.20412 ms
[GPU] Labeled seed compaction in 1.69337 ms
[GPU] Traversal phase 1 in 18.8371 ms
[GPU] Traversal phase (search frontier edge) in 3.00223 ms
[GPU] Rapair overwrite seed in 4.19556 ms
[GPU] Back to host in 535.98 ms
[GPU] Mesh with 14549386 polygons 0 edges and 0 barrier-edge tips.
Printing JSON file as /home/rcarrasco/GPolylla/experiments/CPU_and_GPU/gpu-uniform-result/2/uniform_42958965.json
Tiempo de ejecución: 473.100 segundos

Reading OFF file /home/rcarrasco/GPolylla/data/44312480_points.1.off
[Polylla] Constructing Polylla...
[GPU] Copy vectors to device in 659.674 ms
[GPU] Labered max edges in 12.7343 ms
[GPU] Labeled frontier edges in 5.55225 ms
[GPU] Labeled seed edges in 5.44696 ms
[GPU] Labeled extra frontier edge in 48.0943 ms
[GPU] Labeled seed scan in 3.06297 ms
[GPU] Labeled seed compaction in 1.74627 ms
[GPU] Traversal phase 1 in 19.425 ms
[GPU] Traversal phase (search frontier edge) in 3.06442 ms
[GPU] Rapair overwrite seed in 4.32468 ms
[GPU] Back to host in 556.174 ms
[GPU] Mesh with 15007576 polygons 0 edges and 0 barrier-edge tips.
Printing JSON file as /home/rcarrasco/GPolylla/experiments/CPU_and_GPU/gpu-uniform-result/2/uniform_44312480.json
Tiempo de ejecución: 485.423 segundos

