Ejecutando Polylla con tamaño 25745476
Generating points  
Generating triangles 
estimao 51470658 final 51470658
Constructing halfedges 
Triangulation generation time: 99538.6
[Polylla] Input mesh generated
[Polylla] Constructing Polylla...
[GPU] Copy vectors to device in 290.603 ms
[GPU] Labered max edges in 4.32865 ms
[GPU] Labeled frontier edges in 3.24473 ms
[GPU] Labeled seed edges in 3.29338 ms
[GPU] Labeled seed scan in 1.97694 ms
[GPU] Labeled seed compaction in 1.12356 ms
[GPU] Traversal phase 1 in 9.99787 ms
[GPU] Traversal phase (search frontier edge) in 2.34509 ms
[GPU] Back to host in 295.764 ms
Done!
Printing JSON file as uniform_25745476.json
output json in uniform_25745476.json
Tiempo de ejecución: 112.731 segundos
