Ejecutando Polylla con tamaño 1000000
Generating points  
Generating triangles 
estimao 1996002 final 1996002
Constructing halfedges 
Triangulation generation time: 3233.87
[Polylla] Input mesh generated
[Polylla] Constructing Polylla...
[GPU] Copy vectors to device in 18.7636 ms
[GPU] Labered max edges in 0.240897 ms
[GPU] Labeled frontier edges in 0.136839 ms
[GPU] Labeled seed edges in 0.79184 ms
[GPU] Labeled seed scan in 0.408063 ms
[GPU] Labeled seed compaction in 0.061046 ms
[GPU] Traversal phase 1 in 0.410838 ms
[GPU] Traversal phase (search frontier edge) in 0.791881 ms
[GPU] Back to host in 11.1714 ms
Done!
Printing JSON file as uniform_1000000.json
output json in uniform_1000000.json
Tiempo de ejecución: 4.819 segundos
