Reading OFF file ../../../data/1000000_points.1.off
Constructing interior halfedges
Creating Polylla...
Labered max edges in 929.781 ms
Labeled frontier edges in 251.164 ms
Labeled seed edges in 325.863 ms
Mesh with 322376 polygons 1322508 edges and 19565 barrier-edge tips.
Time to generate Triangulation: 4548.64 ms
Time to label max edges 929.781 ms
Time to label frontier edges 251.164 ms
Time to label seed edges 325.863 ms
Time to label total1506.81 ms
Time to traversal and repair 402.582 ms
Time to traversal 355.482 ms
Time to repair 47.1 ms
Time to generate polygonal mesh 1909.39 ms
Printing JSON file as 4/uniform_1000000.json
output json in 4/uniform_1000000.json
Tiempo de ejecución: 9.888 segundos

Reading OFF file ../../../data/2353515_points.1.off
Constructing interior halfedges
Creating Polylla...
Labered max edges in 2237.39 ms
Labeled frontier edges in 607.98 ms
Labeled seed edges in 776.699 ms
Mesh with 757792 polygons 3111574 edges and 46154 barrier-edge tips.
Time to generate Triangulation: 11646.2 ms
Time to label max edges 2237.39 ms
Time to label frontier edges 607.98 ms
Time to label seed edges 776.699 ms
Time to label total3622.06 ms
Time to traversal and repair 956.96 ms
Time to traversal 850.324 ms
Time to repair 106.636 ms
Time to generate polygonal mesh 4579.02 ms
Printing JSON file as 4/uniform_2353515.json
output json in 4/uniform_2353515.json
Tiempo de ejecución: 23.904 segundos

Reading OFF file ../../../data/3707030_points.1.off
Constructing interior halfedges
Creating Polylla...
Labered max edges in 3515.02 ms
Labeled frontier edges in 946.046 ms
Labeled seed edges in 1214.58 ms
Mesh with 1194177 polygons 4901674 edges and 73257 barrier-edge tips.
Time to generate Triangulation: 18319.6 ms
Time to label max edges 3515.02 ms
Time to label frontier edges 946.046 ms
Time to label seed edges 1214.58 ms
Time to label total5675.64 ms
Time to traversal and repair 1491.03 ms
Time to traversal 1323.23 ms
Time to repair 167.802 ms
Time to generate polygonal mesh 7166.68 ms
Printing JSON file as 4/uniform_3707030.json
output json in 4/uniform_3707030.json
Tiempo de ejecución: 36.978 segundos

Reading OFF file ../../../data/5060545_points.1.off
Constructing interior halfedges
Creating Polylla...
Labered max edges in 4854.03 ms
Labeled frontier edges in 1306.46 ms
Labeled seed edges in 1674.6 ms
Mesh with 1631507 polygons 6692647 edges and 100591 barrier-edge tips.
Time to generate Triangulation: 25810 ms
Time to label max edges 4854.03 ms
Time to label frontier edges 1306.46 ms
Time to label seed edges 1674.6 ms
Time to label total7835.08 ms
Time to traversal and repair 2056.99 ms
Time to traversal 1810.66 ms
Time to repair 246.335 ms
Time to generate polygonal mesh 9892.07 ms
Printing JSON file as 4/uniform_5060545.json
output json in 4/uniform_5060545.json
Tiempo de ejecución: 51.300 segundos

Reading OFF file ../../../data/6414060_points.1.off
Constructing interior halfedges
Creating Polylla...
Labered max edges in 6104.28 ms
Labeled frontier edges in 1633.9 ms
Labeled seed edges in 2107.98 ms
Mesh with 2067637 polygons 8482485 edges and 127526 barrier-edge tips.
Time to generate Triangulation: 32618.9 ms
Time to label max edges 6104.28 ms
Time to label frontier edges 1633.9 ms
Time to label seed edges 2107.98 ms
Time to label total9846.17 ms
Time to traversal and repair 2608.01 ms
Time to traversal 2310.22 ms
Time to repair 297.794 ms
Time to generate polygonal mesh 12454.2 ms
Printing JSON file as 4/uniform_6414060.json
output json in 4/uniform_6414060.json
Tiempo de ejecución: 64.120 segundos

Reading OFF file ../../../data/7767575_points.1.off
Constructing interior halfedges
Creating Polylla...
Labered max edges in 7486.63 ms
Labeled frontier edges in 2009.56 ms
Labeled seed edges in 2552.34 ms
Mesh with 2503451 polygons 10271980 edges and 153759 barrier-edge tips.
Time to generate Triangulation: 40010.1 ms
Time to label max edges 7486.63 ms
Time to label frontier edges 2009.56 ms
Time to label seed edges 2552.34 ms
Time to label total12048.5 ms
Time to traversal and repair 3164.84 ms
Time to traversal 2804.59 ms
Time to repair 360.249 ms
Time to generate polygonal mesh 15213.4 ms
Printing JSON file as 4/uniform_7767575.json
output json in 4/uniform_7767575.json
Tiempo de ejecución: 78.614 segundos

Reading OFF file ../../../data/9121090_points.1.off
Constructing interior halfedges
Creating Polylla...
Labered max edges in 8781.73 ms
Labeled frontier edges in 2337.21 ms
Labeled seed edges in 3004.93 ms
Mesh with 2939663 polygons 12061874 edges and 180998 barrier-edge tips.
Time to generate Triangulation: 46962.9 ms
Time to label max edges 8781.73 ms
Time to label frontier edges 2337.21 ms
Time to label seed edges 3004.93 ms
Time to label total14123.9 ms
Time to traversal and repair 3712.58 ms
Time to traversal 3288.94 ms
Time to repair 423.642 ms
Time to generate polygonal mesh 17836.5 ms
Printing JSON file as 4/uniform_9121090.json
output json in 4/uniform_9121090.json
Tiempo de ejecución: 91.407 segundos

Reading OFF file ../../../data/10474605_points.1.off
Constructing interior halfedges
Creating Polylla...
Labered max edges in 10128.4 ms
Labeled frontier edges in 2696.51 ms
Labeled seed edges in 3464.54 ms
Mesh with 3376695 polygons 13852614 edges and 207005 barrier-edge tips.
Time to generate Triangulation: 55573.5 ms
Time to label max edges 10128.4 ms
Time to label frontier edges 2696.51 ms
Time to label seed edges 3464.54 ms
Time to label total16289.4 ms
Time to traversal and repair 4259.9 ms
Time to traversal 3775.16 ms
Time to repair 484.739 ms
Time to generate polygonal mesh 20549.3 ms
Printing JSON file as 4/uniform_10474605.json
output json in 4/uniform_10474605.json
Tiempo de ejecución: 106.608 segundos

Reading OFF file ../../../data/11828120_points.1.off
Constructing interior halfedges
Creating Polylla...
Labered max edges in 11435.9 ms
Labeled frontier edges in 3046 ms
Labeled seed edges in 3888.38 ms
Mesh with 3813392 polygons 15642934 edges and 234188 barrier-edge tips.
Time to generate Triangulation: 62222.4 ms
Time to label max edges 11435.9 ms
Time to label frontier edges 3046 ms
Time to label seed edges 3888.38 ms
Time to label total18370.3 ms
Time to traversal and repair 4802.27 ms
Time to traversal 4238.64 ms
Time to repair 563.63 ms
Time to generate polygonal mesh 23172.6 ms
Printing JSON file as 4/uniform_11828120.json
output json in 4/uniform_11828120.json
Tiempo de ejecución: 119.928 segundos

Reading OFF file ../../../data/13181635_points.1.off
Constructing interior halfedges
Creating Polylla...
Labered max edges in 12769.2 ms
Labeled frontier edges in 3371.42 ms
Labeled seed edges in 4337.99 ms
Mesh with 4250315 polygons 17433585 edges and 260986 barrier-edge tips.
Time to generate Triangulation: 70282.6 ms
Time to label max edges 12769.2 ms
Time to label frontier edges 3371.42 ms
Time to label seed edges 4337.99 ms
Time to label total20478.6 ms
Time to traversal and repair 5343.56 ms
Time to traversal 4725.55 ms
Time to repair 618.012 ms
Time to generate polygonal mesh 25822.2 ms
Printing JSON file as 4/uniform_13181635.json
output json in 4/uniform_13181635.json
Tiempo de ejecución: 135.009 segundos

Reading OFF file ../../../data/14535150_points.1.off
Constructing interior halfedges
Creating Polylla...
Labered max edges in 14174.2 ms
Labeled frontier edges in 3773.5 ms
Labeled seed edges in 4793.25 ms
Mesh with 4686504 polygons 19223451 edges and 288113 barrier-edge tips.
Time to generate Triangulation: 77851.5 ms
Time to label max edges 14174.2 ms
Time to label frontier edges 3773.5 ms
Time to label seed edges 4793.25 ms
Time to label total22740.9 ms
Time to traversal and repair 5952.42 ms
Time to traversal 5274.59 ms
Time to repair 677.83 ms
Time to generate polygonal mesh 28693.3 ms
Printing JSON file as 4/uniform_14535150.json
output json in 4/uniform_14535150.json
Tiempo de ejecución: 148.954 segundos

Reading OFF file ../../../data/15888665_points.1.off
Constructing interior halfedges
Creating Polylla...
Labered max edges in 15480.7 ms
Labeled frontier edges in 4071.93 ms
Labeled seed edges in 5250.92 ms
Mesh with 5122995 polygons 21013684 edges and 314823 barrier-edge tips.
Time to generate Triangulation: 86086.4 ms
Time to label max edges 15480.7 ms
Time to label frontier edges 4071.93 ms
Time to label seed edges 5250.92 ms
Time to label total24803.6 ms
Time to traversal and repair 6533.03 ms
Time to traversal 5782.85 ms
Time to repair 750.183 ms
Time to generate polygonal mesh 31336.6 ms
Printing JSON file as 4/uniform_15888665.json
output json in 4/uniform_15888665.json
Tiempo de ejecución: 163.658 segundos

Reading OFF file ../../../data/17242180_points.1.off
Constructing interior halfedges
Creating Polylla...
Labered max edges in 16786.8 ms
Labeled frontier edges in 4430.62 ms
Labeled seed edges in 5691.48 ms
Mesh with 5558997 polygons 22803310 edges and 341472 barrier-edge tips.
Time to generate Triangulation: 93097.9 ms
Time to label max edges 16786.8 ms
Time to label frontier edges 4430.62 ms
Time to label seed edges 5691.48 ms
Time to label total26908.9 ms
Time to traversal and repair 7001.32 ms
Time to traversal 6178.84 ms
Time to repair 822.477 ms
Time to generate polygonal mesh 33910.2 ms
Printing JSON file as 4/uniform_17242180.json
output json in 4/uniform_17242180.json
Tiempo de ejecución: 176.170 segundos

Reading OFF file ../../../data/18595695_points.1.off
Constructing interior halfedges
Creating Polylla...
Labered max edges in 18169.8 ms
Labeled frontier edges in 4828.69 ms
Labeled seed edges in 6140.76 ms
Mesh with 5996455 polygons 24594472 edges and 368271 barrier-edge tips.
Time to generate Triangulation: 100932 ms
Time to label max edges 18169.8 ms
Time to label frontier edges 4828.69 ms
Time to label seed edges 6140.76 ms
Time to label total29139.3 ms
Time to traversal and repair 7538.13 ms
Time to traversal 6666.95 ms
Time to repair 871.185 ms
Time to generate polygonal mesh 36677.4 ms
Printing JSON file as 4/uniform_18595695.json
output json in 4/uniform_18595695.json
Tiempo de ejecución: 192.570 segundos

Reading OFF file ../../../data/19949210_points.1.off
Constructing interior halfedges
Creating Polylla...
Labered max edges in 19513.1 ms
Labeled frontier edges in 5120.26 ms
Labeled seed edges in 6586.41 ms
Mesh with 6432794 polygons 26384486 edges and 395437 barrier-edge tips.
Time to generate Triangulation: 109468 ms
Time to label max edges 19513.1 ms
Time to label frontier edges 5120.26 ms
Time to label seed edges 6586.41 ms
Time to label total31219.7 ms
Time to traversal and repair 8161.84 ms
Time to traversal 7231.21 ms
Time to repair 930.631 ms
Time to generate polygonal mesh 39381.6 ms
Printing JSON file as 4/uniform_19949210.json
output json in 4/uniform_19949210.json
Tiempo de ejecución: 207.671 segundos

Reading OFF file ../../../data/21302725_points.1.off
Constructing interior halfedges
Creating Polylla...
Labered max edges in 20731.1 ms
Labeled frontier edges in 5439.16 ms
Labeled seed edges in 7014.61 ms
Mesh with 6869270 polygons 28174780 edges and 422861 barrier-edge tips.
Time to generate Triangulation: 117969 ms
Time to label max edges 20731.1 ms
Time to label frontier edges 5439.16 ms
Time to label seed edges 7014.61 ms
Time to label total33184.9 ms
Time to traversal and repair 8571.2 ms
Time to traversal 7591.83 ms
Time to repair 979.376 ms
Time to generate polygonal mesh 41756.1 ms
Printing JSON file as 4/uniform_21302725.json
output json in 4/uniform_21302725.json
Tiempo de ejecución: 223.243 segundos

Reading OFF file ../../../data/22656240_points.1.off
Constructing interior halfedges
Creating Polylla...
Labered max edges in 22221.2 ms
Labeled frontier edges in 5855.48 ms
Labeled seed edges in 7466.69 ms
Mesh with 7305419 polygons 29964486 edges and 449278 barrier-edge tips.
Time to generate Triangulation: 127511 ms
Time to label max edges 22221.2 ms
Time to label frontier edges 5855.48 ms
Time to label seed edges 7466.69 ms
Time to label total35543.4 ms
Time to traversal and repair 9302.64 ms
Time to traversal 8233.24 ms
Time to repair 1069.4 ms
Time to generate polygonal mesh 44846 ms
Printing JSON file as 4/uniform_22656240.json
output json in 4/uniform_22656240.json
Tiempo de ejecución: 238.420 segundos

Reading OFF file ../../../data/24009755_points.1.off
Constructing interior halfedges
Creating Polylla...
Labered max edges in 23389.8 ms
Labeled frontier edges in 6165.87 ms
Labeled seed edges in 7917.8 ms
Mesh with 7741281 polygons 31754046 edges and 476083 barrier-edge tips.
Time to generate Triangulation: 135053 ms
Time to label max edges 23389.8 ms
Time to label frontier edges 6165.87 ms
Time to label seed edges 7917.8 ms
Time to label total37473.5 ms
Time to traversal and repair 9881.07 ms
Time to traversal 8722.08 ms
Time to repair 1158.99 ms
Time to generate polygonal mesh 47354.6 ms
Printing JSON file as 4/uniform_24009755.json
output json in 4/uniform_24009755.json
Tiempo de ejecución: 253.622 segundos

Reading OFF file ../../../data/25363270_points.1.off
Constructing interior halfedges
Creating Polylla...
Labered max edges in 24757.6 ms
Labeled frontier edges in 6466.28 ms
Labeled seed edges in 8315.48 ms
Mesh with 8176351 polygons 33542766 edges and 502927 barrier-edge tips.
Time to generate Triangulation: 141299 ms
Time to label max edges 24757.6 ms
Time to label frontier edges 6466.28 ms
Time to label seed edges 8315.48 ms
Time to label total39539.3 ms
Time to traversal and repair 11106 ms
Time to traversal 9926.85 ms
Time to repair 1179.1 ms
Time to generate polygonal mesh 50645.3 ms
Printing JSON file as 4/uniform_25363270.json
output json in 4/uniform_25363270.json
Tiempo de ejecución: 266.521 segundos

Reading OFF file ../../../data/26716785_points.1.off
Constructing interior halfedges
Creating Polylla...
Labered max edges in 26241.9 ms
Labeled frontier edges in 6793.07 ms
Labeled seed edges in 8786.62 ms
Mesh with 8611669 polygons 35331711 edges and 529338 barrier-edge tips.
Time to generate Triangulation: 153245 ms
Time to label max edges 26241.9 ms
Time to label frontier edges 6793.07 ms
Time to label seed edges 8786.62 ms
Time to label total41821.6 ms
Time to traversal and repair 10820.9 ms
Time to traversal 9562.58 ms
Time to repair 1258.31 ms
Time to generate polygonal mesh 52642.5 ms
Printing JSON file as 4/uniform_26716785.json
output json in 4/uniform_26716785.json
Tiempo de ejecución: 283.536 segundos

Reading OFF file ../../../data/28070300_points.1.off
Constructing interior halfedges
Creating Polylla...
Labered max edges in 27493.6 ms
Labeled frontier edges in 7209.28 ms
Labeled seed edges in 9184.29 ms
Mesh with 9050075 polygons 37123760 edges and 556305 barrier-edge tips.
Time to generate Triangulation: 157540 ms
Time to label max edges 27493.6 ms
Time to label frontier edges 7209.28 ms
Time to label seed edges 9184.29 ms
Time to label total43887.1 ms
Time to traversal and repair 11321.3 ms
Time to traversal 10026.9 ms
Time to repair 1294.42 ms
Time to generate polygonal mesh 55208.5 ms
Printing JSON file as 4/uniform_28070300.json
output json in 4/uniform_28070300.json
Tiempo de ejecución: 293.688 segundos

Reading OFF file ../../../data/29423815_points.1.off
Constructing interior halfedges
Creating Polylla...
Labered max edges in 28998.7 ms
Labeled frontier edges in 7581.31 ms
Labeled seed edges in 9706.58 ms
Mesh with 9486592 polygons 38914088 edges and 582489 barrier-edge tips.
Time to generate Triangulation: 167135 ms
Time to label max edges 28998.7 ms
Time to label frontier edges 7581.31 ms
Time to label seed edges 9706.58 ms
Time to label total46286.6 ms
Time to traversal and repair 11963.9 ms
Time to traversal 10597.7 ms
Time to repair 1366.26 ms
Time to generate polygonal mesh 58250.5 ms
Printing JSON file as 4/uniform_29423815.json
output json in 4/uniform_29423815.json
Tiempo de ejecución: 309.725 segundos

Reading OFF file ../../../data/30777330_points.1.off
Constructing interior halfedges
Creating Polylla...
Labered max edges in 30173.5 ms
Labeled frontier edges in 7900.03 ms
Labeled seed edges in 10101.5 ms
Mesh with 9923255 polygons 40704376 edges and 609272 barrier-edge tips.
Time to generate Triangulation: 175996 ms
Time to label max edges 30173.5 ms
Time to label frontier edges 7900.03 ms
Time to label seed edges 10101.5 ms
Time to label total48175 ms
Time to traversal and repair 12737.4 ms
Time to traversal 11288.2 ms
Time to repair 1449.19 ms
Time to generate polygonal mesh 60912.4 ms
Printing JSON file as 4/uniform_30777330.json
output json in 4/uniform_30777330.json
Tiempo de ejecución: 326.316 segundos

Reading OFF file ../../../data/32130845_points.1.off
Constructing interior halfedges
Creating Polylla...
Labered max edges in 31743.4 ms
Labeled frontier edges in 8304.82 ms
Labeled seed edges in 10583.9 ms
Mesh with 10359791 polygons 42494669 edges and 635292 barrier-edge tips.
Time to generate Triangulation: 184691 ms
Time to label max edges 31743.4 ms
Time to label frontier edges 8304.82 ms
Time to label seed edges 10583.9 ms
Time to label total50632.1 ms
Time to traversal and repair 13103.7 ms
Time to traversal 11570.8 ms
Time to repair 1532.9 ms
Time to generate polygonal mesh 63735.9 ms
Printing JSON file as 4/uniform_32130845.json
output json in 4/uniform_32130845.json
Tiempo de ejecución: 342.822 segundos

Reading OFF file ../../../data/33484360_points.1.off
Constructing interior halfedges
Creating Polylla...
Labered max edges in 33110.7 ms
Labeled frontier edges in 8614.34 ms
Labeled seed edges in 11010.5 ms
Mesh with 10796391 polygons 44284937 edges and 662574 barrier-edge tips.
Time to generate Triangulation: 193034 ms
Time to label max edges 33110.7 ms
Time to label frontier edges 8614.34 ms
Time to label seed edges 11010.5 ms
Time to label total52735.5 ms
Time to traversal and repair 13660 ms
Time to traversal 12096.4 ms
Time to repair 1563.58 ms
Time to generate polygonal mesh 66395.5 ms
Printing JSON file as 4/uniform_33484360.json
output json in 4/uniform_33484360.json
Tiempo de ejecución: 357.931 segundos

Reading OFF file ../../../data/34837875_points.1.off
Constructing interior halfedges
Creating Polylla...
Labered max edges in 34358.4 ms
Labeled frontier edges in 8952.32 ms
Labeled seed edges in 11519.9 ms
Mesh with 11233242 polygons 46075559 edges and 690231 barrier-edge tips.
Time to generate Triangulation: 202180 ms
Time to label max edges 34358.4 ms
Time to label frontier edges 8952.32 ms
Time to label seed edges 11519.9 ms
Time to label total54830.6 ms
Time to traversal and repair 14247.9 ms
Time to traversal 12636.8 ms
Time to repair 1611.1 ms
Time to generate polygonal mesh 69078.6 ms
Printing JSON file as 4/uniform_34837875.json
output json in 4/uniform_34837875.json
Tiempo de ejecución: 373.747 segundos

Reading OFF file ../../../data/36191390_points.1.off
Constructing interior halfedges
Creating Polylla...
Labered max edges in 35637.6 ms
Labeled frontier edges in 9249.61 ms
Labeled seed edges in 11993.3 ms
Mesh with 11669630 polygons 47865614 edges and 716588 barrier-edge tips.
Time to generate Triangulation: 210415 ms
Time to label max edges 35637.6 ms
Time to label frontier edges 9249.61 ms
Time to label seed edges 11993.3 ms
Time to label total56880.5 ms
Time to traversal and repair 14756 ms
Time to traversal 13074.2 ms
Time to repair 1681.83 ms
Time to generate polygonal mesh 71636.5 ms
Printing JSON file as 4/uniform_36191390.json
output json in 4/uniform_36191390.json
Tiempo de ejecución: 390.256 segundos

Reading OFF file ../../../data/37544905_points.1.off
Constructing interior halfedges
Creating Polylla...
Labered max edges in 37050.4 ms
Labeled frontier edges in 9683.14 ms
Labeled seed edges in 12374.1 ms
Mesh with 12106593 polygons 49656371 edges and 743996 barrier-edge tips.
Time to generate Triangulation: 217928 ms
Time to label max edges 37050.4 ms
Time to label frontier edges 9683.14 ms
Time to label seed edges 12374.1 ms
Time to label total59107.6 ms
Time to traversal and repair 15295.6 ms
Time to traversal 13520.7 ms
Time to repair 1774.98 ms
Time to generate polygonal mesh 74403.2 ms
Printing JSON file as 4/uniform_37544905.json
output json in 4/uniform_37544905.json
Tiempo de ejecución: 404.647 segundos

Reading OFF file ../../../data/38898420_points.1.off
Constructing interior halfedges
Creating Polylla...
Labered max edges in 38225.4 ms
Labeled frontier edges in 9930.8 ms
Labeled seed edges in 12800.5 ms
Mesh with 12543617 polygons 51447023 edges and 770522 barrier-edge tips.
Time to generate Triangulation: 226894 ms
Time to label max edges 38225.4 ms
Time to label frontier edges 9930.8 ms
Time to label seed edges 12800.5 ms
Time to label total60956.7 ms
Time to traversal and repair 15800.7 ms
Time to traversal 13968.5 ms
Time to repair 1832.14 ms
Time to generate polygonal mesh 76757.4 ms
Printing JSON file as 4/uniform_38898420.json
output json in 4/uniform_38898420.json
Tiempo de ejecución: 416.684 segundos

Reading OFF file ../../../data/40251935_points.1.off
Constructing interior halfedges
Creating Polylla...
Labered max edges in 39504.6 ms
Labeled frontier edges in 10257.7 ms
Labeled seed edges in 13239.8 ms
Mesh with 12980615 polygons 53237649 edges and 796984 barrier-edge tips.
Time to generate Triangulation: 232020 ms
Time to label max edges 39504.6 ms
Time to label frontier edges 10257.7 ms
Time to label seed edges 13239.8 ms
Time to label total63002 ms
Time to traversal and repair 16333.4 ms
Time to traversal 14439 ms
Time to repair 1894.46 ms
Time to generate polygonal mesh 79335.4 ms
Printing JSON file as 4/uniform_40251935.json
output json in 4/uniform_40251935.json
Tiempo de ejecución: 429.276 segundos

Reading OFF file ../../../data/41605450_points.1.off
Constructing interior halfedges
Creating Polylla...
Labered max edges in 41327.2 ms
Labeled frontier edges in 10770.9 ms
Labeled seed edges in 13773.9 ms
Mesh with 13416313 polygons 55027074 edges and 823991 barrier-edge tips.
Time to generate Triangulation: 246702 ms
Time to label max edges 41327.2 ms
Time to label frontier edges 10770.9 ms
Time to label seed edges 13773.9 ms
Time to label total65872 ms
Time to traversal and repair 17115 ms
Time to traversal 15160.3 ms
Time to repair 1954.74 ms
Time to generate polygonal mesh 82987 ms
Printing JSON file as 4/uniform_41605450.json
output json in 4/uniform_41605450.json
Tiempo de ejecución: 455.516 segundos

Reading OFF file ../../../data/42958965_points.1.off
Constructing interior halfedges
Creating Polylla...
Labered max edges in 42452.3 ms
Labeled frontier edges in 11109.7 ms
Labeled seed edges in 14214.2 ms
Mesh with 13852419 polygons 56816789 edges and 850319 barrier-edge tips.
Time to generate Triangulation: 255780 ms
Time to label max edges 42452.3 ms
Time to label frontier edges 11109.7 ms
Time to label seed edges 14214.2 ms
Time to label total67776.2 ms
Time to traversal and repair 17510.8 ms
Time to traversal 15484.8 ms
Time to repair 2026.07 ms
Time to generate polygonal mesh 85287 ms
Printing JSON file as 4/uniform_42958965.json
output json in 4/uniform_42958965.json
Tiempo de ejecución: 470.339 segundos

Reading OFF file ../../../data/44312480_points.1.off
Constructing interior halfedges
Creating Polylla...
Labered max edges in 43528 ms
Labeled frontier edges in 11317.1 ms
Labeled seed edges in 14598.4 ms
Mesh with 14288595 polygons 58606744 edges and 876908 barrier-edge tips.
Time to generate Triangulation: 258971 ms
Time to label max edges 43528 ms
Time to label frontier edges 11317.1 ms
Time to label seed edges 14598.4 ms
Time to label total69443.5 ms
Time to traversal and repair 17895 ms
Time to traversal 15800 ms
Time to repair 2094.96 ms
Time to generate polygonal mesh 87338.5 ms
Printing JSON file as 4/uniform_44312480.json
output json in 4/uniform_44312480.json
Tiempo de ejecución: 475.903 segundos

