Reading OFF file ../../../data/1000000_points.1.off
Constructing interior halfedges
Creating Polylla...
Labered max edges in 938.575 ms
Labeled frontier edges in 256.337 ms
Labeled seed edges in 326.499 ms
Mesh with 322376 polygons 1322508 edges and 19565 barrier-edge tips.
Time to generate Triangulation: 4600.39 ms
Time to label max edges 938.575 ms
Time to label frontier edges 256.337 ms
Time to label seed edges 326.499 ms
Time to label total1521.41 ms
Time to traversal and repair 404.91 ms
Time to traversal 360.125 ms
Time to repair 44.785 ms
Time to generate polygonal mesh 1926.32 ms
Printing JSON file as 2/uniform_1000000.json
output json in 2/uniform_1000000.json
Tiempo de ejecución: 9.923 segundos

Reading OFF file ../../../data/2353515_points.1.off
Constructing interior halfedges
Creating Polylla...
Labered max edges in 2234.37 ms
Labeled frontier edges in 604.117 ms
Labeled seed edges in 772.112 ms
Mesh with 757792 polygons 3111574 edges and 46154 barrier-edge tips.
Time to generate Triangulation: 11418.5 ms
Time to label max edges 2234.37 ms
Time to label frontier edges 604.117 ms
Time to label seed edges 772.112 ms
Time to label total3610.6 ms
Time to traversal and repair 941.643 ms
Time to traversal 835.183 ms
Time to repair 106.461 ms
Time to generate polygonal mesh 4552.24 ms
Printing JSON file as 2/uniform_2353515.json
output json in 2/uniform_2353515.json
Tiempo de ejecución: 23.560 segundos

Reading OFF file ../../../data/3707030_points.1.off
Constructing interior halfedges
Creating Polylla...
Labered max edges in 3540.97 ms
Labeled frontier edges in 954.952 ms
Labeled seed edges in 1218.85 ms
Mesh with 1194177 polygons 4901674 edges and 73257 barrier-edge tips.
Time to generate Triangulation: 18333.6 ms
Time to label max edges 3540.97 ms
Time to label frontier edges 954.952 ms
Time to label seed edges 1218.85 ms
Time to label total5714.77 ms
Time to traversal and repair 1483.79 ms
Time to traversal 1315.03 ms
Time to repair 168.755 ms
Time to generate polygonal mesh 7198.56 ms
Printing JSON file as 2/uniform_3707030.json
output json in 2/uniform_3707030.json
Tiempo de ejecución: 36.915 segundos

Reading OFF file ../../../data/5060545_points.1.off
Constructing interior halfedges
Creating Polylla...
Labered max edges in 4855.46 ms
Labeled frontier edges in 1299.98 ms
Labeled seed edges in 1672.98 ms
Mesh with 1631507 polygons 6692647 edges and 100591 barrier-edge tips.
Time to generate Triangulation: 25647.6 ms
Time to label max edges 4855.46 ms
Time to label frontier edges 1299.98 ms
Time to label seed edges 1672.98 ms
Time to label total7828.41 ms
Time to traversal and repair 2053.55 ms
Time to traversal 1821.08 ms
Time to repair 232.47 ms
Time to generate polygonal mesh 9881.96 ms
Printing JSON file as 2/uniform_5060545.json
output json in 2/uniform_5060545.json
Tiempo de ejecución: 50.733 segundos

Reading OFF file ../../../data/6414060_points.1.off
Constructing interior halfedges
Creating Polylla...
Labered max edges in 6113.69 ms
Labeled frontier edges in 1619.22 ms
Labeled seed edges in 2093.88 ms
Mesh with 2067637 polygons 8482485 edges and 127526 barrier-edge tips.
Time to generate Triangulation: 32422.3 ms
Time to label max edges 6113.69 ms
Time to label frontier edges 1619.22 ms
Time to label seed edges 2093.88 ms
Time to label total9826.78 ms
Time to traversal and repair 2583.36 ms
Time to traversal 2273.89 ms
Time to repair 309.463 ms
Time to generate polygonal mesh 12410.1 ms
Printing JSON file as 2/uniform_6414060.json
output json in 2/uniform_6414060.json
Tiempo de ejecución: 64.009 segundos

Reading OFF file ../../../data/7767575_points.1.off
Constructing interior halfedges
Creating Polylla...
Labered max edges in 7452.12 ms
Labeled frontier edges in 1984.82 ms
Labeled seed edges in 2546.39 ms
Mesh with 2503451 polygons 10271980 edges and 153759 barrier-edge tips.
Time to generate Triangulation: 39494.8 ms
Time to label max edges 7452.12 ms
Time to label frontier edges 1984.82 ms
Time to label seed edges 2546.39 ms
Time to label total11983.3 ms
Time to traversal and repair 3195.17 ms
Time to traversal 2833.23 ms
Time to repair 361.938 ms
Time to generate polygonal mesh 15178.5 ms
Printing JSON file as 2/uniform_7767575.json
output json in 2/uniform_7767575.json
Tiempo de ejecución: 77.133 segundos

Reading OFF file ../../../data/9121090_points.1.off
Constructing interior halfedges
Creating Polylla...
Labered max edges in 8768.2 ms
Labeled frontier edges in 2339.15 ms
Labeled seed edges in 2996.42 ms
Mesh with 2939663 polygons 12061874 edges and 180998 barrier-edge tips.
Time to generate Triangulation: 46668.7 ms
Time to label max edges 8768.2 ms
Time to label frontier edges 2339.15 ms
Time to label seed edges 2996.42 ms
Time to label total14103.8 ms
Time to traversal and repair 3711.08 ms
Time to traversal 3279.75 ms
Time to repair 431.331 ms
Time to generate polygonal mesh 17814.8 ms
Printing JSON file as 2/uniform_9121090.json
output json in 2/uniform_9121090.json
Tiempo de ejecución: 91.654 segundos

Reading OFF file ../../../data/10474605_points.1.off
Constructing interior halfedges
Creating Polylla...
Labered max edges in 10136 ms
Labeled frontier edges in 2679.11 ms
Labeled seed edges in 3462.15 ms
Mesh with 3376695 polygons 13852614 edges and 207005 barrier-edge tips.
Time to generate Triangulation: 55723 ms
Time to label max edges 10136 ms
Time to label frontier edges 2679.11 ms
Time to label seed edges 3462.15 ms
Time to label total16277.3 ms
Time to traversal and repair 4295.38 ms
Time to traversal 3809.25 ms
Time to repair 486.133 ms
Time to generate polygonal mesh 20572.6 ms
Printing JSON file as 2/uniform_10474605.json
output json in 2/uniform_10474605.json
Tiempo de ejecución: 107.399 segundos

Reading OFF file ../../../data/11828120_points.1.off
Constructing interior halfedges
Creating Polylla...
Labered max edges in 11397.7 ms
Labeled frontier edges in 3026.84 ms
Labeled seed edges in 3879.36 ms
Mesh with 3813392 polygons 15642934 edges and 234188 barrier-edge tips.
Time to generate Triangulation: 62366.5 ms
Time to label max edges 11397.7 ms
Time to label frontier edges 3026.84 ms
Time to label seed edges 3879.36 ms
Time to label total18303.9 ms
Time to traversal and repair 4782.96 ms
Time to traversal 4224.8 ms
Time to repair 558.16 ms
Time to generate polygonal mesh 23086.9 ms
Printing JSON file as 2/uniform_11828120.json
output json in 2/uniform_11828120.json
Tiempo de ejecución: 121.189 segundos

Reading OFF file ../../../data/13181635_points.1.off
Constructing interior halfedges
Creating Polylla...
Labered max edges in 12770.4 ms
Labeled frontier edges in 3410.12 ms
Labeled seed edges in 4354.76 ms
Mesh with 4250315 polygons 17433585 edges and 260986 barrier-edge tips.
Time to generate Triangulation: 70726.5 ms
Time to label max edges 12770.4 ms
Time to label frontier edges 3410.12 ms
Time to label seed edges 4354.76 ms
Time to label total20535.3 ms
Time to traversal and repair 5354.67 ms
Time to traversal 4739.87 ms
Time to repair 614.804 ms
Time to generate polygonal mesh 25890 ms
Printing JSON file as 2/uniform_13181635.json
output json in 2/uniform_13181635.json
Tiempo de ejecución: 136.960 segundos

Reading OFF file ../../../data/14535150_points.1.off
Constructing interior halfedges
Creating Polylla...
Labered max edges in 14150.3 ms
Labeled frontier edges in 3777.21 ms
Labeled seed edges in 4810.66 ms
Mesh with 4686504 polygons 19223451 edges and 288113 barrier-edge tips.
Time to generate Triangulation: 77870.9 ms
Time to label max edges 14150.3 ms
Time to label frontier edges 3777.21 ms
Time to label seed edges 4810.66 ms
Time to label total22738.1 ms
Time to traversal and repair 5905.65 ms
Time to traversal 5237.65 ms
Time to repair 668.001 ms
Time to generate polygonal mesh 28643.8 ms
Printing JSON file as 2/uniform_14535150.json
output json in 2/uniform_14535150.json
Tiempo de ejecución: 148.425 segundos

Reading OFF file ../../../data/15888665_points.1.off
Constructing interior halfedges
Creating Polylla...
Labered max edges in 15484.1 ms
Labeled frontier edges in 4117.91 ms
Labeled seed edges in 5260.46 ms
Mesh with 5122995 polygons 21013684 edges and 314823 barrier-edge tips.
Time to generate Triangulation: 86103.8 ms
Time to label max edges 15484.1 ms
Time to label frontier edges 4117.91 ms
Time to label seed edges 5260.46 ms
Time to label total24862.5 ms
Time to traversal and repair 6632.22 ms
Time to traversal 5872.39 ms
Time to repair 759.834 ms
Time to generate polygonal mesh 31494.7 ms
Printing JSON file as 2/uniform_15888665.json
output json in 2/uniform_15888665.json
Tiempo de ejecución: 165.239 segundos

Reading OFF file ../../../data/17242180_points.1.off
Constructing interior halfedges
Creating Polylla...
Labered max edges in 16790.2 ms
Labeled frontier edges in 4455.95 ms
Labeled seed edges in 5692.49 ms
Mesh with 5558997 polygons 22803310 edges and 341472 barrier-edge tips.
Time to generate Triangulation: 92535.5 ms
Time to label max edges 16790.2 ms
Time to label frontier edges 4455.95 ms
Time to label seed edges 5692.49 ms
Time to label total26938.7 ms
Time to traversal and repair 6989.86 ms
Time to traversal 6190.7 ms
Time to repair 799.163 ms
Time to generate polygonal mesh 33928.5 ms
Printing JSON file as 2/uniform_17242180.json
output json in 2/uniform_17242180.json
Tiempo de ejecución: 176.440 segundos

Reading OFF file ../../../data/18595695_points.1.off
Constructing interior halfedges
Creating Polylla...
Labered max edges in 18251.1 ms
Labeled frontier edges in 4824.7 ms
Labeled seed edges in 6166.28 ms
Mesh with 5996455 polygons 24594472 edges and 368271 barrier-edge tips.
Time to generate Triangulation: 102025 ms
Time to label max edges 18251.1 ms
Time to label frontier edges 4824.7 ms
Time to label seed edges 6166.28 ms
Time to label total29242.1 ms
Time to traversal and repair 7631.57 ms
Time to traversal 6765.01 ms
Time to repair 866.567 ms
Time to generate polygonal mesh 36873.7 ms
Printing JSON file as 2/uniform_18595695.json
output json in 2/uniform_18595695.json
Tiempo de ejecución: 189.246 segundos

Reading OFF file ../../../data/19949210_points.1.off
Constructing interior halfedges
Creating Polylla...
Labered max edges in 19515.6 ms
Labeled frontier edges in 5138.24 ms
Labeled seed edges in 6573.26 ms
Mesh with 6432794 polygons 26384486 edges and 395437 barrier-edge tips.
Time to generate Triangulation: 109734 ms
Time to label max edges 19515.6 ms
Time to label frontier edges 5138.24 ms
Time to label seed edges 6573.26 ms
Time to label total31227.1 ms
Time to traversal and repair 8194.97 ms
Time to traversal 7269.69 ms
Time to repair 925.278 ms
Time to generate polygonal mesh 39422.1 ms
Printing JSON file as 2/uniform_19949210.json
output json in 2/uniform_19949210.json
Tiempo de ejecución: 209.989 segundos

Reading OFF file ../../../data/21302725_points.1.off
Constructing interior halfedges
Creating Polylla...
Labered max edges in 20873.2 ms
Labeled frontier edges in 5541.33 ms
Labeled seed edges in 7120.11 ms
Mesh with 6869270 polygons 28174780 edges and 422861 barrier-edge tips.
Time to generate Triangulation: 120186 ms
Time to label max edges 20873.2 ms
Time to label frontier edges 5541.33 ms
Time to label seed edges 7120.11 ms
Time to label total33534.7 ms
Time to traversal and repair 8799.91 ms
Time to traversal 7795.97 ms
Time to repair 1003.94 ms
Time to generate polygonal mesh 42334.6 ms
Printing JSON file as 2/uniform_21302725.json
output json in 2/uniform_21302725.json
Tiempo de ejecución: 227.538 segundos

Reading OFF file ../../../data/22656240_points.1.off
Constructing interior halfedges
Creating Polylla...
Labered max edges in 22162.6 ms
Labeled frontier edges in 5790.65 ms
Labeled seed edges in 7442.22 ms
Mesh with 7305419 polygons 29964486 edges and 449278 barrier-edge tips.
Time to generate Triangulation: 126979 ms
Time to label max edges 22162.6 ms
Time to label frontier edges 5790.65 ms
Time to label seed edges 7442.22 ms
Time to label total35395.5 ms
Time to traversal and repair 9230.25 ms
Time to traversal 8151.6 ms
Time to repair 1078.65 ms
Time to generate polygonal mesh 44625.8 ms
Printing JSON file as 2/uniform_22656240.json
output json in 2/uniform_22656240.json
Tiempo de ejecución: 240.387 segundos

Reading OFF file ../../../data/24009755_points.1.off
Constructing interior halfedges
Creating Polylla...
Labered max edges in 23364.5 ms
Labeled frontier edges in 6159.01 ms
Labeled seed edges in 7862.08 ms
Mesh with 7741281 polygons 31754046 edges and 476083 barrier-edge tips.
Time to generate Triangulation: 133042 ms
Time to label max edges 23364.5 ms
Time to label frontier edges 6159.01 ms
Time to label seed edges 7862.08 ms
Time to label total37385.5 ms
Time to traversal and repair 9751.5 ms
Time to traversal 8596.61 ms
Time to repair 1154.9 ms
Time to generate polygonal mesh 47137 ms
Printing JSON file as 2/uniform_24009755.json
output json in 2/uniform_24009755.json
Tiempo de ejecución: 245.259 segundos

Reading OFF file ../../../data/25363270_points.1.off
Constructing interior halfedges
Creating Polylla...
Labered max edges in 24775.4 ms
Labeled frontier edges in 6465.43 ms
Labeled seed edges in 8309.35 ms
Mesh with 8176351 polygons 33542766 edges and 502927 barrier-edge tips.
Time to generate Triangulation: 141407 ms
Time to label max edges 24775.4 ms
Time to label frontier edges 6465.43 ms
Time to label seed edges 8309.35 ms
Time to label total39550.2 ms
Time to traversal and repair 10273.6 ms
Time to traversal 9090.62 ms
Time to repair 1183.02 ms
Time to generate polygonal mesh 49823.9 ms
Printing JSON file as 2/uniform_25363270.json
output json in 2/uniform_25363270.json
Tiempo de ejecución: 264.555 segundos

Reading OFF file ../../../data/26716785_points.1.off
Constructing interior halfedges
Creating Polylla...
Labered max edges in 26066.3 ms
Labeled frontier edges in 6826.94 ms
Labeled seed edges in 8771.63 ms
Mesh with 8611669 polygons 35331711 edges and 529338 barrier-edge tips.
Time to generate Triangulation: 151528 ms
Time to label max edges 26066.3 ms
Time to label frontier edges 6826.94 ms
Time to label seed edges 8771.63 ms
Time to label total41664.9 ms
Time to traversal and repair 10804.2 ms
Time to traversal 9551.74 ms
Time to repair 1252.5 ms
Time to generate polygonal mesh 52469.1 ms
Printing JSON file as 2/uniform_26716785.json
output json in 2/uniform_26716785.json
Tiempo de ejecución: 280.243 segundos

Reading OFF file ../../../data/28070300_points.1.off
Constructing interior halfedges
Creating Polylla...
Labered max edges in 27556.7 ms
Labeled frontier edges in 7060.05 ms
Labeled seed edges in 9273.02 ms
Mesh with 9050075 polygons 37123760 edges and 556305 barrier-edge tips.
Time to generate Triangulation: 160031 ms
Time to label max edges 27556.7 ms
Time to label frontier edges 7060.05 ms
Time to label seed edges 9273.02 ms
Time to label total43889.8 ms
Time to traversal and repair 11477.5 ms
Time to traversal 10155.6 ms
Time to repair 1321.88 ms
Time to generate polygonal mesh 55367.2 ms
Printing JSON file as 2/uniform_28070300.json
output json in 2/uniform_28070300.json
Tiempo de ejecución: 298.844 segundos

Reading OFF file ../../../data/29423815_points.1.off
Constructing interior halfedges
Creating Polylla...
Labered max edges in 28781.1 ms
Labeled frontier edges in 7513.88 ms
Labeled seed edges in 9736.82 ms
Mesh with 9486592 polygons 38914088 edges and 582489 barrier-edge tips.
Time to generate Triangulation: 166668 ms
Time to label max edges 28781.1 ms
Time to label frontier edges 7513.88 ms
Time to label seed edges 9736.82 ms
Time to label total46031.8 ms
Time to traversal and repair 12089.6 ms
Time to traversal 10707.9 ms
Time to repair 1381.69 ms
Time to generate polygonal mesh 58121.4 ms
Printing JSON file as 2/uniform_29423815.json
output json in 2/uniform_29423815.json
Tiempo de ejecución: 308.532 segundos

Reading OFF file ../../../data/30777330_points.1.off
Constructing interior halfedges
Creating Polylla...
Labered max edges in 30241 ms
Labeled frontier edges in 7885.2 ms
Labeled seed edges in 10121.3 ms
Mesh with 9923255 polygons 40704376 edges and 609272 barrier-edge tips.
Time to generate Triangulation: 177776 ms
Time to label max edges 30241 ms
Time to label frontier edges 7885.2 ms
Time to label seed edges 10121.3 ms
Time to label total48247.5 ms
Time to traversal and repair 12534 ms
Time to traversal 11109.6 ms
Time to repair 1424.4 ms
Time to generate polygonal mesh 60781.5 ms
Printing JSON file as 2/uniform_30777330.json
output json in 2/uniform_30777330.json
Tiempo de ejecución: 328.684 segundos

Reading OFF file ../../../data/32130845_points.1.off
Constructing interior halfedges
Creating Polylla...
Labered max edges in 31672.6 ms
Labeled frontier edges in 8291.69 ms
Labeled seed edges in 10586.5 ms
Mesh with 10359791 polygons 42494669 edges and 635292 barrier-edge tips.
Time to generate Triangulation: 184697 ms
Time to label max edges 31672.6 ms
Time to label frontier edges 8291.69 ms
Time to label seed edges 10586.5 ms
Time to label total50550.8 ms
Time to traversal and repair 13139.2 ms
Time to traversal 11655 ms
Time to repair 1484.24 ms
Time to generate polygonal mesh 63690 ms
Printing JSON file as 2/uniform_32130845.json
output json in 2/uniform_32130845.json
Tiempo de ejecución: 340.468 segundos

Reading OFF file ../../../data/33484360_points.1.off
Constructing interior halfedges
Creating Polylla...
Labered max edges in 33185.8 ms
Labeled frontier edges in 8572.3 ms
Labeled seed edges in 11032 ms
Mesh with 10796391 polygons 44284937 edges and 662574 barrier-edge tips.
Time to generate Triangulation: 195445 ms
Time to label max edges 33185.8 ms
Time to label frontier edges 8572.3 ms
Time to label seed edges 11032 ms
Time to label total52790.1 ms
Time to traversal and repair 13669.3 ms
Time to traversal 12085.8 ms
Time to repair 1583.5 ms
Time to generate polygonal mesh 66459.5 ms
Printing JSON file as 2/uniform_33484360.json
output json in 2/uniform_33484360.json
Tiempo de ejecución: 360.932 segundos

Reading OFF file ../../../data/34837875_points.1.off
Constructing interior halfedges
Creating Polylla...
Labered max edges in 34502.6 ms
Labeled frontier edges in 8931.67 ms
Labeled seed edges in 11492.9 ms
Mesh with 11233242 polygons 46075559 edges and 690231 barrier-edge tips.
Time to generate Triangulation: 202053 ms
Time to label max edges 34502.6 ms
Time to label frontier edges 8931.67 ms
Time to label seed edges 11492.9 ms
Time to label total54927.1 ms
Time to traversal and repair 14406 ms
Time to traversal 12767.5 ms
Time to repair 1638.51 ms
Time to generate polygonal mesh 69333.1 ms
Printing JSON file as 2/uniform_34837875.json
output json in 2/uniform_34837875.json
Tiempo de ejecución: 372.706 segundos

Reading OFF file ../../../data/36191390_points.1.off
Constructing interior halfedges
Creating Polylla...
Labered max edges in 35881 ms
Labeled frontier edges in 9352.99 ms
Labeled seed edges in 11948.7 ms
Mesh with 11669630 polygons 47865614 edges and 716588 barrier-edge tips.
Time to generate Triangulation: 212763 ms
Time to label max edges 35881 ms
Time to label frontier edges 9352.99 ms
Time to label seed edges 11948.7 ms
Time to label total57182.7 ms
Time to traversal and repair 14861.5 ms
Time to traversal 13173.4 ms
Time to repair 1688.03 ms
Time to generate polygonal mesh 72044.1 ms
Printing JSON file as 2/uniform_36191390.json
output json in 2/uniform_36191390.json
Tiempo de ejecución: 389.642 segundos

Reading OFF file ../../../data/37544905_points.1.off
Constructing interior halfedges
Creating Polylla...
Labered max edges in 36854 ms
Labeled frontier edges in 9647.19 ms
Labeled seed edges in 12353.6 ms
Mesh with 12106593 polygons 49656371 edges and 743996 barrier-edge tips.
Time to generate Triangulation: 217227 ms
Time to label max edges 36854 ms
Time to label frontier edges 9647.19 ms
Time to label seed edges 12353.6 ms
Time to label total58854.8 ms
Time to traversal and repair 15197.7 ms
Time to traversal 13436.7 ms
Time to repair 1761 ms
Time to generate polygonal mesh 74052.5 ms
Printing JSON file as 2/uniform_37544905.json
output json in 2/uniform_37544905.json
Tiempo de ejecución: 404.084 segundos

Reading OFF file ../../../data/38898420_points.1.off
Constructing interior halfedges
Creating Polylla...
Labered max edges in 38358.6 ms
Labeled frontier edges in 10019.8 ms
Labeled seed edges in 12770.6 ms
Mesh with 12543617 polygons 51447023 edges and 770522 barrier-edge tips.
Time to generate Triangulation: 226434 ms
Time to label max edges 38358.6 ms
Time to label frontier edges 10019.8 ms
Time to label seed edges 12770.6 ms
Time to label total61149 ms
Time to traversal and repair 15932.4 ms
Time to traversal 14122.9 ms
Time to repair 1809.49 ms
Time to generate polygonal mesh 77081.4 ms
Printing JSON file as 2/uniform_38898420.json
output json in 2/uniform_38898420.json
Tiempo de ejecución: 422.249 segundos

Reading OFF file ../../../data/40251935_points.1.off
Constructing interior halfedges
Creating Polylla...
Labered max edges in 39875.2 ms
Labeled frontier edges in 10432.8 ms
Labeled seed edges in 13281.9 ms
Mesh with 12980615 polygons 53237649 edges and 796984 barrier-edge tips.
Time to generate Triangulation: 236060 ms
Time to label max edges 39875.2 ms
Time to label frontier edges 10432.8 ms
Time to label seed edges 13281.9 ms
Time to label total63589.9 ms
Time to traversal and repair 16497.2 ms
Time to traversal 14558.1 ms
Time to repair 1939.11 ms
Time to generate polygonal mesh 80087.1 ms
Printing JSON file as 2/uniform_40251935.json
output json in 2/uniform_40251935.json
Tiempo de ejecución: 433.540 segundos

Reading OFF file ../../../data/41605450_points.1.off
Constructing interior halfedges
Creating Polylla...
Labered max edges in 41060.7 ms
Labeled frontier edges in 10639.6 ms
Labeled seed edges in 13698.4 ms
Mesh with 13416313 polygons 55027074 edges and 823991 barrier-edge tips.
Time to generate Triangulation: 243181 ms
Time to label max edges 41060.7 ms
Time to label frontier edges 10639.6 ms
Time to label seed edges 13698.4 ms
Time to label total65398.7 ms
Time to traversal and repair 16952.4 ms
Time to traversal 15020 ms
Time to repair 1932.38 ms
Time to generate polygonal mesh 82351.1 ms
Printing JSON file as 2/uniform_41605450.json
output json in 2/uniform_41605450.json
Tiempo de ejecución: 448.799 segundos

Reading OFF file ../../../data/42958965_points.1.off
Constructing interior halfedges
Creating Polylla...
Labered max edges in 42403.9 ms
Labeled frontier edges in 11019.8 ms
Labeled seed edges in 14188.7 ms
Mesh with 13852419 polygons 56816789 edges and 850319 barrier-edge tips.
Time to generate Triangulation: 257699 ms
Time to label max edges 42403.9 ms
Time to label frontier edges 11019.8 ms
Time to label seed edges 14188.7 ms
Time to label total67612.4 ms
Time to traversal and repair 17546 ms
Time to traversal 15499.6 ms
Time to repair 2046.37 ms
Time to generate polygonal mesh 85158.4 ms
Printing JSON file as 2/uniform_42958965.json
output json in 2/uniform_42958965.json
Tiempo de ejecución: 461.903 segundos

Reading OFF file ../../../data/44312480_points.1.off
Constructing interior halfedges
Creating Polylla...
Labered max edges in 43680.1 ms
Labeled frontier edges in 11458.5 ms
Labeled seed edges in 14658.9 ms
Mesh with 14288595 polygons 58606744 edges and 876908 barrier-edge tips.
Time to generate Triangulation: 260183 ms
Time to label max edges 43680.1 ms
Time to label frontier edges 11458.5 ms
Time to label seed edges 14658.9 ms
Time to label total69797.5 ms
Time to traversal and repair 18121.4 ms
Time to traversal 16051.6 ms
Time to repair 2069.77 ms
Time to generate polygonal mesh 87918.9 ms
Printing JSON file as 2/uniform_44312480.json
output json in 2/uniform_44312480.json
Tiempo de ejecución: 469.758 segundos

