Generating points  
Generating triangles 
estimao 0 final 0
Constructing halfedges...
Constructing interior halfedges
Constructing exterior halfedges
Triangulation generation time: 0.003616
Creating Polylla...
Labered max edges in 4e-05 ms
Labeled frontier edges in 4e-05 ms
Labeled seed edges in 3e-05 ms
Mesh with 0 polygons 0 edges and 0 barrier-edge tips.
Time to generate Triangulation: 0.003616 ms
Time to label max edges 4e-05 ms
Time to label frontier edges 4e-05 ms
Time to label seed edges 3e-05 ms
Time to label total0.00011 ms
Time to traversal and repair 0.00011 ms
Time to traversal 0.00011 ms
Time to repair 0 ms
Time to generate polygonal mesh 0.00022 ms
Printing JSON file as /home/rcarrasco/GPolylla/experiments/CPU_and_GPU/cpu-uniform-results/1/uniform_1000000.json
output json in /home/rcarrasco/GPolylla/experiments/CPU_and_GPU/cpu-uniform-results/1/uniform_1000000.json
Tiempo de ejecución: 0.841 segundos

Generating points  
Generating triangles 
estimao 0 final 0
Constructing halfedges...
Constructing interior halfedges
Constructing exterior halfedges
Triangulation generation time: 0.003535
Creating Polylla...
Labered max edges in 4e-05 ms
Labeled frontier edges in 4e-05 ms
Labeled seed edges in 4e-05 ms
Mesh with 0 polygons 0 edges and 0 barrier-edge tips.
Time to generate Triangulation: 0.003535 ms
Time to label max edges 4e-05 ms
Time to label frontier edges 4e-05 ms
Time to label seed edges 4e-05 ms
Time to label total0.00012 ms
Time to traversal and repair 0.00011 ms
Time to traversal 0.00011 ms
Time to repair 0 ms
Time to generate polygonal mesh 0.00023 ms
Printing JSON file as /home/rcarrasco/GPolylla/experiments/CPU_and_GPU/cpu-uniform-results/1/uniform_2353515.json
output json in /home/rcarrasco/GPolylla/experiments/CPU_and_GPU/cpu-uniform-results/1/uniform_2353515.json
Tiempo de ejecución: 0.570 segundos

Generating points  
Generating triangles 
estimao 0 final 0
Constructing halfedges...
Constructing interior halfedges
Constructing exterior halfedges
Triangulation generation time: 0.003316
Creating Polylla...
Labered max edges in 3e-05 ms
Labeled frontier edges in 4e-05 ms
Labeled seed edges in 4e-05 ms
Mesh with 0 polygons 0 edges and 0 barrier-edge tips.
Time to generate Triangulation: 0.003316 ms
Time to label max edges 3e-05 ms
Time to label frontier edges 4e-05 ms
Time to label seed edges 4e-05 ms
Time to label total0.00011 ms
Time to traversal and repair 0.00011 ms
Time to traversal 0.00011 ms
Time to repair 0 ms
Time to generate polygonal mesh 0.00022 ms
Printing JSON file as /home/rcarrasco/GPolylla/experiments/CPU_and_GPU/cpu-uniform-results/1/uniform_3707030.json
output json in /home/rcarrasco/GPolylla/experiments/CPU_and_GPU/cpu-uniform-results/1/uniform_3707030.json
Tiempo de ejecución: 0.554 segundos

Generating points  
Generating triangles 
estimao 0 final 0
Constructing halfedges...
Constructing interior halfedges
Constructing exterior halfedges
Triangulation generation time: 0.003656
Creating Polylla...
Labered max edges in 4e-05 ms
Labeled frontier edges in 4e-05 ms
Labeled seed edges in 4e-05 ms
Mesh with 0 polygons 0 edges and 0 barrier-edge tips.
Time to generate Triangulation: 0.003656 ms
Time to label max edges 4e-05 ms
Time to label frontier edges 4e-05 ms
Time to label seed edges 4e-05 ms
Time to label total0.00012 ms
Time to traversal and repair 0.00012 ms
Time to traversal 0.00012 ms
Time to repair 0 ms
Time to generate polygonal mesh 0.00024 ms
Printing JSON file as /home/rcarrasco/GPolylla/experiments/CPU_and_GPU/cpu-uniform-results/1/uniform_5060545.json
output json in /home/rcarrasco/GPolylla/experiments/CPU_and_GPU/cpu-uniform-results/1/uniform_5060545.json
Tiempo de ejecución: 0.544 segundos

Generating points  
Generating triangles 
estimao 0 final 0
Constructing halfedges...
Constructing interior halfedges
Constructing exterior halfedges
Triangulation generation time: 0.003406
Creating Polylla...
Labered max edges in 4e-05 ms
Labeled frontier edges in 4e-05 ms
Labeled seed edges in 4e-05 ms
Mesh with 0 polygons 0 edges and 0 barrier-edge tips.
Time to generate Triangulation: 0.003406 ms
Time to label max edges 4e-05 ms
Time to label frontier edges 4e-05 ms
Time to label seed edges 4e-05 ms
Time to label total0.00012 ms
Time to traversal and repair 0.00011 ms
Time to traversal 0.00011 ms
Time to repair 0 ms
Time to generate polygonal mesh 0.00023 ms
Printing JSON file as /home/rcarrasco/GPolylla/experiments/CPU_and_GPU/cpu-uniform-results/1/uniform_6414060.json
output json in /home/rcarrasco/GPolylla/experiments/CPU_and_GPU/cpu-uniform-results/1/uniform_6414060.json
Tiempo de ejecución: 0.594 segundos

Generating points  
Generating triangles 
estimao 0 final 0
Constructing halfedges...
Constructing interior halfedges
Constructing exterior halfedges
Triangulation generation time: 0.003164
Creating Polylla...
Labered max edges in 4.1e-05 ms
Labeled frontier edges in 4e-05 ms
Labeled seed edges in 4e-05 ms
Mesh with 0 polygons 0 edges and 0 barrier-edge tips.
Time to generate Triangulation: 0.003164 ms
Time to label max edges 4.1e-05 ms
Time to label frontier edges 4e-05 ms
Time to label seed edges 4e-05 ms
Time to label total0.000121 ms
Time to traversal and repair 0.0001 ms
Time to traversal 0.0001 ms
Time to repair 0 ms
Time to generate polygonal mesh 0.000221 ms
Printing JSON file as /home/rcarrasco/GPolylla/experiments/CPU_and_GPU/cpu-uniform-results/1/uniform_7767575.json
output json in /home/rcarrasco/GPolylla/experiments/CPU_and_GPU/cpu-uniform-results/1/uniform_7767575.json
Tiempo de ejecución: 0.516 segundos

Generating points  
Generating triangles 
estimao 0 final 0
Constructing halfedges...
Constructing interior halfedges
Constructing exterior halfedges
Triangulation generation time: 0.003325
Creating Polylla...
Labered max edges in 3e-05 ms
Labeled frontier edges in 4e-05 ms
Labeled seed edges in 4e-05 ms
Mesh with 0 polygons 0 edges and 0 barrier-edge tips.
Time to generate Triangulation: 0.003325 ms
Time to label max edges 3e-05 ms
Time to label frontier edges 4e-05 ms
Time to label seed edges 4e-05 ms
Time to label total0.00011 ms
Time to traversal and repair 0.00012 ms
Time to traversal 0.00012 ms
Time to repair 0 ms
Time to generate polygonal mesh 0.00023 ms
Printing JSON file as /home/rcarrasco/GPolylla/experiments/CPU_and_GPU/cpu-uniform-results/1/uniform_9121090.json
output json in /home/rcarrasco/GPolylla/experiments/CPU_and_GPU/cpu-uniform-results/1/uniform_9121090.json
Tiempo de ejecución: 0.612 segundos

Generating points  
Generating triangles 
estimao 0 final 0
Constructing halfedges...
Constructing interior halfedges
Constructing exterior halfedges
Triangulation generation time: 0.003516
Creating Polylla...
Labered max edges in 5e-05 ms
Labeled frontier edges in 4e-05 ms
Labeled seed edges in 4e-05 ms
Mesh with 0 polygons 0 edges and 0 barrier-edge tips.
Time to generate Triangulation: 0.003516 ms
Time to label max edges 5e-05 ms
Time to label frontier edges 4e-05 ms
Time to label seed edges 4e-05 ms
Time to label total0.00013 ms
Time to traversal and repair 0.000231 ms
Time to traversal 0.000231 ms
Time to repair 0 ms
Time to generate polygonal mesh 0.000361 ms
Printing JSON file as /home/rcarrasco/GPolylla/experiments/CPU_and_GPU/cpu-uniform-results/1/uniform_10474605.json
output json in /home/rcarrasco/GPolylla/experiments/CPU_and_GPU/cpu-uniform-results/1/uniform_10474605.json
Tiempo de ejecución: 0.565 segundos

Generating points  
Generating triangles 
estimao 0 final 0
Constructing halfedges...
Constructing interior halfedges
Constructing exterior halfedges
Triangulation generation time: 0.003485
Creating Polylla...
Labered max edges in 4e-05 ms
Labeled frontier edges in 4e-05 ms
Labeled seed edges in 4e-05 ms
Mesh with 0 polygons 0 edges and 0 barrier-edge tips.
Time to generate Triangulation: 0.003485 ms
Time to label max edges 4e-05 ms
Time to label frontier edges 4e-05 ms
Time to label seed edges 4e-05 ms
Time to label total0.00012 ms
Time to traversal and repair 0.00011 ms
Time to traversal 0.00011 ms
Time to repair 0 ms
Time to generate polygonal mesh 0.00023 ms
Printing JSON file as /home/rcarrasco/GPolylla/experiments/CPU_and_GPU/cpu-uniform-results/1/uniform_11828120.json
output json in /home/rcarrasco/GPolylla/experiments/CPU_and_GPU/cpu-uniform-results/1/uniform_11828120.json
Tiempo de ejecución: 0.578 segundos

Generating points  
Generating triangles 
estimao 0 final 0
Constructing halfedges...
Constructing interior halfedges
Constructing exterior halfedges
Triangulation generation time: 0.003395
Creating Polylla...
Labered max edges in 4e-05 ms
Labeled frontier edges in 4.1e-05 ms
Labeled seed edges in 4e-05 ms
Mesh with 0 polygons 0 edges and 0 barrier-edge tips.
Time to generate Triangulation: 0.003395 ms
Time to label max edges 4e-05 ms
Time to label frontier edges 4.1e-05 ms
Time to label seed edges 4e-05 ms
Time to label total0.000121 ms
Time to traversal and repair 0.00011 ms
Time to traversal 0.00011 ms
Time to repair 0 ms
Time to generate polygonal mesh 0.000231 ms
Printing JSON file as /home/rcarrasco/GPolylla/experiments/CPU_and_GPU/cpu-uniform-results/1/uniform_13181635.json
output json in /home/rcarrasco/GPolylla/experiments/CPU_and_GPU/cpu-uniform-results/1/uniform_13181635.json
Tiempo de ejecución: 0.548 segundos

Generating points  
Generating triangles 
estimao 0 final 0
Constructing halfedges...
Constructing interior halfedges
Constructing exterior halfedges
Triangulation generation time: 0.003395
Creating Polylla...
Labered max edges in 4e-05 ms
Labeled frontier edges in 4e-05 ms
Labeled seed edges in 4e-05 ms
Mesh with 0 polygons 0 edges and 0 barrier-edge tips.
Time to generate Triangulation: 0.003395 ms
Time to label max edges 4e-05 ms
Time to label frontier edges 4e-05 ms
Time to label seed edges 4e-05 ms
Time to label total0.00012 ms
Time to traversal and repair 0.00011 ms
Time to traversal 0.00011 ms
Time to repair 0 ms
Time to generate polygonal mesh 0.00023 ms
Printing JSON file as /home/rcarrasco/GPolylla/experiments/CPU_and_GPU/cpu-uniform-results/1/uniform_14535150.json
output json in /home/rcarrasco/GPolylla/experiments/CPU_and_GPU/cpu-uniform-results/1/uniform_14535150.json
Tiempo de ejecución: 0.568 segundos

Generating points  
Generating triangles 
estimao 0 final 0
Constructing halfedges...
Constructing interior halfedges
Constructing exterior halfedges
Triangulation generation time: 0.003686
Creating Polylla...
Labered max edges in 4.1e-05 ms
Labeled frontier edges in 4e-05 ms
Labeled seed edges in 4e-05 ms
Mesh with 0 polygons 0 edges and 0 barrier-edge tips.
Time to generate Triangulation: 0.003686 ms
Time to label max edges 4.1e-05 ms
Time to label frontier edges 4e-05 ms
Time to label seed edges 4e-05 ms
Time to label total0.000121 ms
Time to traversal and repair 0.00011 ms
Time to traversal 0.00011 ms
Time to repair 0 ms
Time to generate polygonal mesh 0.000231 ms
Printing JSON file as /home/rcarrasco/GPolylla/experiments/CPU_and_GPU/cpu-uniform-results/1/uniform_15888665.json
output json in /home/rcarrasco/GPolylla/experiments/CPU_and_GPU/cpu-uniform-results/1/uniform_15888665.json
Tiempo de ejecución: 0.555 segundos

Generating points  
Generating triangles 
estimao 0 final 0
Constructing halfedges...
Constructing interior halfedges
Constructing exterior halfedges
Triangulation generation time: 0.003446
Creating Polylla...
Labered max edges in 4e-05 ms
Labeled frontier edges in 4e-05 ms
Labeled seed edges in 4e-05 ms
Mesh with 0 polygons 0 edges and 0 barrier-edge tips.
Time to generate Triangulation: 0.003446 ms
Time to label max edges 4e-05 ms
Time to label frontier edges 4e-05 ms
Time to label seed edges 4e-05 ms
Time to label total0.00012 ms
Time to traversal and repair 0.00011 ms
Time to traversal 0.00011 ms
Time to repair 0 ms
Time to generate polygonal mesh 0.00023 ms
Printing JSON file as /home/rcarrasco/GPolylla/experiments/CPU_and_GPU/cpu-uniform-results/1/uniform_17242180.json
output json in /home/rcarrasco/GPolylla/experiments/CPU_and_GPU/cpu-uniform-results/1/uniform_17242180.json
Tiempo de ejecución: 0.565 segundos

Generating points  
Generating triangles 
estimao 0 final 0
Constructing halfedges...
Constructing interior halfedges
Constructing exterior halfedges
Triangulation generation time: 0.003295
Creating Polylla...
Labered max edges in 4e-05 ms
Labeled frontier edges in 4e-05 ms
Labeled seed edges in 4e-05 ms
Mesh with 0 polygons 0 edges and 0 barrier-edge tips.
Time to generate Triangulation: 0.003295 ms
Time to label max edges 4e-05 ms
Time to label frontier edges 4e-05 ms
Time to label seed edges 4e-05 ms
Time to label total0.00012 ms
Time to traversal and repair 0.000111 ms
Time to traversal 0.000111 ms
Time to repair 0 ms
Time to generate polygonal mesh 0.000231 ms
Printing JSON file as /home/rcarrasco/GPolylla/experiments/CPU_and_GPU/cpu-uniform-results/1/uniform_18595695.json
output json in /home/rcarrasco/GPolylla/experiments/CPU_and_GPU/cpu-uniform-results/1/uniform_18595695.json
Tiempo de ejecución: 0.556 segundos

Generating points  
Generating triangles 
estimao 0 final 0
Constructing halfedges...
Constructing interior halfedges
Constructing exterior halfedges
Triangulation generation time: 0.003215
Creating Polylla...
Labered max edges in 4e-05 ms
Labeled frontier edges in 4e-05 ms
Labeled seed edges in 4e-05 ms
Mesh with 0 polygons 0 edges and 0 barrier-edge tips.
Time to generate Triangulation: 0.003215 ms
Time to label max edges 4e-05 ms
Time to label frontier edges 4e-05 ms
Time to label seed edges 4e-05 ms
Time to label total0.00012 ms
Time to traversal and repair 0.00011 ms
Time to traversal 0.00011 ms
Time to repair 0 ms
Time to generate polygonal mesh 0.00023 ms
Printing JSON file as /home/rcarrasco/GPolylla/experiments/CPU_and_GPU/cpu-uniform-results/1/uniform_19949210.json
output json in /home/rcarrasco/GPolylla/experiments/CPU_and_GPU/cpu-uniform-results/1/uniform_19949210.json
Tiempo de ejecución: 0.554 segundos

Generating points  
Generating triangles 
estimao 0 final 0
Constructing halfedges...
Constructing interior halfedges
Constructing exterior halfedges
Triangulation generation time: 0.003556
Creating Polylla...
Labered max edges in 4e-05 ms
Labeled frontier edges in 4e-05 ms
Labeled seed edges in 4e-05 ms
Mesh with 0 polygons 0 edges and 0 barrier-edge tips.
Time to generate Triangulation: 0.003556 ms
Time to label max edges 4e-05 ms
Time to label frontier edges 4e-05 ms
Time to label seed edges 4e-05 ms
Time to label total0.00012 ms
Time to traversal and repair 0.00011 ms
Time to traversal 0.00011 ms
Time to repair 0 ms
Time to generate polygonal mesh 0.00023 ms
Printing JSON file as /home/rcarrasco/GPolylla/experiments/CPU_and_GPU/cpu-uniform-results/1/uniform_21302725.json
output json in /home/rcarrasco/GPolylla/experiments/CPU_and_GPU/cpu-uniform-results/1/uniform_21302725.json
Tiempo de ejecución: 0.530 segundos

Generating points  
Generating triangles 
estimao 0 final 0
Constructing halfedges...
Constructing interior halfedges
Constructing exterior halfedges
Triangulation generation time: 0.003215
Creating Polylla...
Labered max edges in 4e-05 ms
Labeled frontier edges in 4e-05 ms
Labeled seed edges in 4e-05 ms
Mesh with 0 polygons 0 edges and 0 barrier-edge tips.
Time to generate Triangulation: 0.003215 ms
Time to label max edges 4e-05 ms
Time to label frontier edges 4e-05 ms
Time to label seed edges 4e-05 ms
Time to label total0.00012 ms
Time to traversal and repair 0.00011 ms
Time to traversal 0.00011 ms
Time to repair 0 ms
Time to generate polygonal mesh 0.00023 ms
Printing JSON file as /home/rcarrasco/GPolylla/experiments/CPU_and_GPU/cpu-uniform-results/1/uniform_22656240.json
output json in /home/rcarrasco/GPolylla/experiments/CPU_and_GPU/cpu-uniform-results/1/uniform_22656240.json
Tiempo de ejecución: 0.584 segundos

Generating points  
Generating triangles 
estimao 0 final 0
Constructing halfedges...
Constructing interior halfedges
Constructing exterior halfedges
Triangulation generation time: 0.003525
Creating Polylla...
Labered max edges in 4.1e-05 ms
Labeled frontier edges in 4e-05 ms
Labeled seed edges in 4e-05 ms
Mesh with 0 polygons 0 edges and 0 barrier-edge tips.
Time to generate Triangulation: 0.003525 ms
Time to label max edges 4.1e-05 ms
Time to label frontier edges 4e-05 ms
Time to label seed edges 4e-05 ms
Time to label total0.000121 ms
Time to traversal and repair 0.000111 ms
Time to traversal 0.000111 ms
Time to repair 0 ms
Time to generate polygonal mesh 0.000232 ms
Printing JSON file as /home/rcarrasco/GPolylla/experiments/CPU_and_GPU/cpu-uniform-results/1/uniform_24009755.json
output json in /home/rcarrasco/GPolylla/experiments/CPU_and_GPU/cpu-uniform-results/1/uniform_24009755.json
Tiempo de ejecución: 0.552 segundos

Generating points  
Generating triangles 
estimao 0 final 0
Constructing halfedges...
Constructing interior halfedges
Constructing exterior halfedges
Triangulation generation time: 0.003355
Creating Polylla...
Labered max edges in 4e-05 ms
Labeled frontier edges in 4e-05 ms
Labeled seed edges in 4e-05 ms
Mesh with 0 polygons 0 edges and 0 barrier-edge tips.
Time to generate Triangulation: 0.003355 ms
Time to label max edges 4e-05 ms
Time to label frontier edges 4e-05 ms
Time to label seed edges 4e-05 ms
Time to label total0.00012 ms
Time to traversal and repair 0.0001 ms
Time to traversal 0.0001 ms
Time to repair 0 ms
Time to generate polygonal mesh 0.00022 ms
Printing JSON file as /home/rcarrasco/GPolylla/experiments/CPU_and_GPU/cpu-uniform-results/1/uniform_25363270.json
output json in /home/rcarrasco/GPolylla/experiments/CPU_and_GPU/cpu-uniform-results/1/uniform_25363270.json
Tiempo de ejecución: 0.595 segundos

Generating points  
Generating triangles 
estimao 0 final 0
Constructing halfedges...
Constructing interior halfedges
Constructing exterior halfedges
Triangulation generation time: 0.003565
Creating Polylla...
Labered max edges in 4e-05 ms
Labeled frontier edges in 4e-05 ms
Labeled seed edges in 5e-05 ms
Mesh with 0 polygons 0 edges and 0 barrier-edge tips.
Time to generate Triangulation: 0.003565 ms
Time to label max edges 4e-05 ms
Time to label frontier edges 4e-05 ms
Time to label seed edges 5e-05 ms
Time to label total0.00013 ms
Time to traversal and repair 0.00011 ms
Time to traversal 0.00011 ms
Time to repair 0 ms
Time to generate polygonal mesh 0.00024 ms
Printing JSON file as /home/rcarrasco/GPolylla/experiments/CPU_and_GPU/cpu-uniform-results/1/uniform_26716785.json
output json in /home/rcarrasco/GPolylla/experiments/CPU_and_GPU/cpu-uniform-results/1/uniform_26716785.json
Tiempo de ejecución: 0.582 segundos

Generating points  
Generating triangles 
estimao 0 final 0
Constructing halfedges...
Constructing interior halfedges
Constructing exterior halfedges
Triangulation generation time: 0.003285
Creating Polylla...
Labered max edges in 4e-05 ms
Labeled frontier edges in 4e-05 ms
Labeled seed edges in 5e-05 ms
Mesh with 0 polygons 0 edges and 0 barrier-edge tips.
Time to generate Triangulation: 0.003285 ms
Time to label max edges 4e-05 ms
Time to label frontier edges 4e-05 ms
Time to label seed edges 5e-05 ms
Time to label total0.00013 ms
Time to traversal and repair 0.000121 ms
Time to traversal 0.000121 ms
Time to repair 0 ms
Time to generate polygonal mesh 0.000251 ms
Printing JSON file as /home/rcarrasco/GPolylla/experiments/CPU_and_GPU/cpu-uniform-results/1/uniform_28070300.json
output json in /home/rcarrasco/GPolylla/experiments/CPU_and_GPU/cpu-uniform-results/1/uniform_28070300.json
Tiempo de ejecución: 0.553 segundos

Generating points  
Generating triangles 
estimao 0 final 0
Constructing halfedges...
Constructing interior halfedges
Constructing exterior halfedges
Triangulation generation time: 0.003255
Creating Polylla...
Labered max edges in 4.1e-05 ms
Labeled frontier edges in 4e-05 ms
Labeled seed edges in 4e-05 ms
Mesh with 0 polygons 0 edges and 0 barrier-edge tips.
Time to generate Triangulation: 0.003255 ms
Time to label max edges 4.1e-05 ms
Time to label frontier edges 4e-05 ms
Time to label seed edges 4e-05 ms
Time to label total0.000121 ms
Time to traversal and repair 0.00011 ms
Time to traversal 0.00011 ms
Time to repair 0 ms
Time to generate polygonal mesh 0.000231 ms
Printing JSON file as /home/rcarrasco/GPolylla/experiments/CPU_and_GPU/cpu-uniform-results/1/uniform_29423815.json
output json in /home/rcarrasco/GPolylla/experiments/CPU_and_GPU/cpu-uniform-results/1/uniform_29423815.json
Tiempo de ejecución: 0.543 segundos

Generating points  
Generating triangles 
estimao 0 final 0
Constructing halfedges...
Constructing interior halfedges
Constructing exterior halfedges
Triangulation generation time: 0.003546
Creating Polylla...
Labered max edges in 4e-05 ms
Labeled frontier edges in 4e-05 ms
Labeled seed edges in 3e-05 ms
Mesh with 0 polygons 0 edges and 0 barrier-edge tips.
Time to generate Triangulation: 0.003546 ms
Time to label max edges 4e-05 ms
Time to label frontier edges 4e-05 ms
Time to label seed edges 3e-05 ms
Time to label total0.00011 ms
Time to traversal and repair 0.0001 ms
Time to traversal 0.0001 ms
Time to repair 0 ms
Time to generate polygonal mesh 0.00021 ms
Printing JSON file as /home/rcarrasco/GPolylla/experiments/CPU_and_GPU/cpu-uniform-results/1/uniform_30777330.json
output json in /home/rcarrasco/GPolylla/experiments/CPU_and_GPU/cpu-uniform-results/1/uniform_30777330.json
Tiempo de ejecución: 0.553 segundos

Generating points  
Generating triangles 
estimao 0 final 0
Constructing halfedges...
Constructing interior halfedges
Constructing exterior halfedges
Triangulation generation time: 0.003626
Creating Polylla...
Labered max edges in 4e-05 ms
Labeled frontier edges in 4e-05 ms
Labeled seed edges in 5e-05 ms
Mesh with 0 polygons 0 edges and 0 barrier-edge tips.
Time to generate Triangulation: 0.003626 ms
Time to label max edges 4e-05 ms
Time to label frontier edges 4e-05 ms
Time to label seed edges 5e-05 ms
Time to label total0.00013 ms
Time to traversal and repair 0.00011 ms
Time to traversal 0.00011 ms
Time to repair 0 ms
Time to generate polygonal mesh 0.00024 ms
Printing JSON file as /home/rcarrasco/GPolylla/experiments/CPU_and_GPU/cpu-uniform-results/1/uniform_32130845.json
output json in /home/rcarrasco/GPolylla/experiments/CPU_and_GPU/cpu-uniform-results/1/uniform_32130845.json
Tiempo de ejecución: 0.597 segundos

Generating points  
Generating triangles 
estimao 0 final 0
Constructing halfedges...
Constructing interior halfedges
Constructing exterior halfedges
Triangulation generation time: 0.003375
Creating Polylla...
Labered max edges in 4e-05 ms
Labeled frontier edges in 4e-05 ms
Labeled seed edges in 4e-05 ms
Mesh with 0 polygons 0 edges and 0 barrier-edge tips.
Time to generate Triangulation: 0.003375 ms
Time to label max edges 4e-05 ms
Time to label frontier edges 4e-05 ms
Time to label seed edges 4e-05 ms
Time to label total0.00012 ms
Time to traversal and repair 0.00011 ms
Time to traversal 0.00011 ms
Time to repair 0 ms
Time to generate polygonal mesh 0.00023 ms
Printing JSON file as /home/rcarrasco/GPolylla/experiments/CPU_and_GPU/cpu-uniform-results/1/uniform_33484360.json
output json in /home/rcarrasco/GPolylla/experiments/CPU_and_GPU/cpu-uniform-results/1/uniform_33484360.json
Tiempo de ejecución: 0.529 segundos

Generating points  
Generating triangles 
estimao 0 final 0
Constructing halfedges...
Constructing interior halfedges
Constructing exterior halfedges
Triangulation generation time: 0.003515
Creating Polylla...
Labered max edges in 4e-05 ms
Labeled frontier edges in 4e-05 ms
Labeled seed edges in 4e-05 ms
Mesh with 0 polygons 0 edges and 0 barrier-edge tips.
Time to generate Triangulation: 0.003515 ms
Time to label max edges 4e-05 ms
Time to label frontier edges 4e-05 ms
Time to label seed edges 4e-05 ms
Time to label total0.00012 ms
Time to traversal and repair 0.00011 ms
Time to traversal 0.00011 ms
Time to repair 0 ms
Time to generate polygonal mesh 0.00023 ms
Printing JSON file as /home/rcarrasco/GPolylla/experiments/CPU_and_GPU/cpu-uniform-results/1/uniform_34837875.json
output json in /home/rcarrasco/GPolylla/experiments/CPU_and_GPU/cpu-uniform-results/1/uniform_34837875.json
Tiempo de ejecución: 0.542 segundos

Generating points  
Generating triangles 
estimao 0 final 0
Constructing halfedges...
Constructing interior halfedges
Constructing exterior halfedges
Triangulation generation time: 0.003375
Creating Polylla...
Labered max edges in 4.9e-05 ms
Labeled frontier edges in 4e-05 ms
Labeled seed edges in 4e-05 ms
Mesh with 0 polygons 0 edges and 0 barrier-edge tips.
Time to generate Triangulation: 0.003375 ms
Time to label max edges 4.9e-05 ms
Time to label frontier edges 4e-05 ms
Time to label seed edges 4e-05 ms
Time to label total0.000129 ms
Time to traversal and repair 0.00021 ms
Time to traversal 0.00021 ms
Time to repair 0 ms
Time to generate polygonal mesh 0.000339 ms
Printing JSON file as /home/rcarrasco/GPolylla/experiments/CPU_and_GPU/cpu-uniform-results/1/uniform_36191390.json
output json in /home/rcarrasco/GPolylla/experiments/CPU_and_GPU/cpu-uniform-results/1/uniform_36191390.json
Tiempo de ejecución: 0.557 segundos

Generating points  
Generating triangles 
estimao 0 final 0
Constructing halfedges...
Constructing interior halfedges
Constructing exterior halfedges
Triangulation generation time: 0.005308
Creating Polylla...
Labered max edges in 7e-05 ms
Labeled frontier edges in 8e-05 ms
Labeled seed edges in 7e-05 ms
Mesh with 0 polygons 0 edges and 0 barrier-edge tips.
Time to generate Triangulation: 0.005308 ms
Time to label max edges 7e-05 ms
Time to label frontier edges 8e-05 ms
Time to label seed edges 7e-05 ms
Time to label total0.00022 ms
Time to traversal and repair 0.00023 ms
Time to traversal 0.00023 ms
Time to repair 0 ms
Time to generate polygonal mesh 0.00045 ms
Printing JSON file as /home/rcarrasco/GPolylla/experiments/CPU_and_GPU/cpu-uniform-results/1/uniform_37544905.json
output json in /home/rcarrasco/GPolylla/experiments/CPU_and_GPU/cpu-uniform-results/1/uniform_37544905.json
Tiempo de ejecución: 0.589 segundos

Generating points  
Generating triangles 
estimao 0 final 0
Constructing halfedges...
Constructing interior halfedges
Constructing exterior halfedges
Triangulation generation time: 0.003305
Creating Polylla...
Labered max edges in 4e-05 ms
Labeled frontier edges in 4e-05 ms
Labeled seed edges in 4e-05 ms
Mesh with 0 polygons 0 edges and 0 barrier-edge tips.
Time to generate Triangulation: 0.003305 ms
Time to label max edges 4e-05 ms
Time to label frontier edges 4e-05 ms
Time to label seed edges 4e-05 ms
Time to label total0.00012 ms
Time to traversal and repair 0.00011 ms
Time to traversal 0.00011 ms
Time to repair 0 ms
Time to generate polygonal mesh 0.00023 ms
Printing JSON file as /home/rcarrasco/GPolylla/experiments/CPU_and_GPU/cpu-uniform-results/1/uniform_38898420.json
output json in /home/rcarrasco/GPolylla/experiments/CPU_and_GPU/cpu-uniform-results/1/uniform_38898420.json
Tiempo de ejecución: 0.560 segundos

Generating points  
Generating triangles 
estimao 0 final 0
Constructing halfedges...
Constructing interior halfedges
Constructing exterior halfedges
Triangulation generation time: 0.003255
Creating Polylla...
Labered max edges in 4e-05 ms
Labeled frontier edges in 3e-05 ms
Labeled seed edges in 4e-05 ms
Mesh with 0 polygons 0 edges and 0 barrier-edge tips.
Time to generate Triangulation: 0.003255 ms
Time to label max edges 4e-05 ms
Time to label frontier edges 3e-05 ms
Time to label seed edges 4e-05 ms
Time to label total0.00011 ms
Time to traversal and repair 0.000111 ms
Time to traversal 0.000111 ms
Time to repair 0 ms
Time to generate polygonal mesh 0.000221 ms
Printing JSON file as /home/rcarrasco/GPolylla/experiments/CPU_and_GPU/cpu-uniform-results/1/uniform_40251935.json
output json in /home/rcarrasco/GPolylla/experiments/CPU_and_GPU/cpu-uniform-results/1/uniform_40251935.json
Tiempo de ejecución: 0.619 segundos

Generating points  
Generating triangles 
estimao 0 final 0
Constructing halfedges...
Constructing interior halfedges
Constructing exterior halfedges
Triangulation generation time: 0.003285
Creating Polylla...
Labered max edges in 4e-05 ms
Labeled frontier edges in 4e-05 ms
Labeled seed edges in 4e-05 ms
Mesh with 0 polygons 0 edges and 0 barrier-edge tips.
Time to generate Triangulation: 0.003285 ms
Time to label max edges 4e-05 ms
Time to label frontier edges 4e-05 ms
Time to label seed edges 4e-05 ms
Time to label total0.00012 ms
Time to traversal and repair 0.00011 ms
Time to traversal 0.00011 ms
Time to repair 0 ms
Time to generate polygonal mesh 0.00023 ms
Printing JSON file as /home/rcarrasco/GPolylla/experiments/CPU_and_GPU/cpu-uniform-results/1/uniform_41605450.json
output json in /home/rcarrasco/GPolylla/experiments/CPU_and_GPU/cpu-uniform-results/1/uniform_41605450.json
Tiempo de ejecución: 0.564 segundos

Generating points  
Generating triangles 
estimao 0 final 0
Constructing halfedges...
Constructing interior halfedges
Constructing exterior halfedges
Triangulation generation time: 0.003285
Creating Polylla...
Labered max edges in 4e-05 ms
Labeled frontier edges in 4e-05 ms
Labeled seed edges in 4e-05 ms
Mesh with 0 polygons 0 edges and 0 barrier-edge tips.
Time to generate Triangulation: 0.003285 ms
Time to label max edges 4e-05 ms
Time to label frontier edges 4e-05 ms
Time to label seed edges 4e-05 ms
Time to label total0.00012 ms
Time to traversal and repair 0.00013 ms
Time to traversal 0.00013 ms
Time to repair 0 ms
Time to generate polygonal mesh 0.00025 ms
Printing JSON file as /home/rcarrasco/GPolylla/experiments/CPU_and_GPU/cpu-uniform-results/1/uniform_42958965.json
output json in /home/rcarrasco/GPolylla/experiments/CPU_and_GPU/cpu-uniform-results/1/uniform_42958965.json
Tiempo de ejecución: 0.554 segundos

Generating points  
Generating triangles 
estimao 0 final 0
Constructing halfedges...
Constructing interior halfedges
Constructing exterior halfedges
Triangulation generation time: 0.003205
Creating Polylla...
Labered max edges in 4e-05 ms
Labeled frontier edges in 4e-05 ms
Labeled seed edges in 4e-05 ms
Mesh with 0 polygons 0 edges and 0 barrier-edge tips.
Time to generate Triangulation: 0.003205 ms
Time to label max edges 4e-05 ms
Time to label frontier edges 4e-05 ms
Time to label seed edges 4e-05 ms
Time to label total0.00012 ms
Time to traversal and repair 0.000111 ms
Time to traversal 0.000111 ms
Time to repair 0 ms
Time to generate polygonal mesh 0.000231 ms
Printing JSON file as /home/rcarrasco/GPolylla/experiments/CPU_and_GPU/cpu-uniform-results/1/uniform_44312480.json
output json in /home/rcarrasco/GPolylla/experiments/CPU_and_GPU/cpu-uniform-results/1/uniform_44312480.json
Tiempo de ejecución: 0.686 segundos

