Ejecutando Polylla con tamaño 75255625
Generating points  
Generating triangles 
estimao 150476552 final 150476552
Constructing halfedges 
Triangulation generation time: 377264
[Polylla] Input mesh generated
[Polylla] Constructing Polylla...
[GPU] Copy vectors to device in 889.003 ms
[GPU] Labered max edges in 12.1871 ms
[GPU] Labeled frontier edges in 9.48005 ms
[GPU] Labeled seed edges in 9.47833 ms
[GPU] Labeled seed scan in 4.85527 ms
[GPU] Labeled seed compaction in 3.24445 ms
[GPU] Traversal phase 1 in 29.5041 ms
[GPU] Traversal phase (search frontier edge) in 6.69598 ms
[GPU] Back to host in 915.93 ms
Done!
Printing JSON file as uniform_75255625.json
output json in uniform_75255625.json
Tiempo de ejecución: 410.048 segundos
