Sat Mar 25 03:22:58 -03 2023
Start: 1000000, End: 44312500, Intervalo: 1353515, Diferencia: 43312500, NSAMPLES: 32
Sat Mar 25 03:22:58 -03 2023
Ejecutando Polylla con tamaño 1000000
Reading OFF file ../../data/1000000_points.1.off
[Polylla] Constructing Polylla...
[GPU] Copy vectors to device in 14.6169 ms
[GPU] Labered max edges in 0.299567 ms
[GPU] Labeled frontier edges in 0.139295 ms
[GPU] Labeled seed edges in 0.796258 ms
[GPU] Labeled seed scan in 0.419986 ms
[GPU] Labeled seed compaction in 0.05801 ms
[GPU] Traversal phase 1 in 0.452778 ms
[GPU] Traversal phase (search frontier edge) in 0.878846 ms
[GPU] Back to host in 12.7174 ms
Printing OFF file1000000 302941
output off in uniform_1000000.off
Tiempo de ejecución: 13.137 segundos

Sat Mar 25 03:23:11 -03 2023
Ejecutando Polylla con tamaño 2353515
Reading OFF file ../../data/2353515_points.1.off
[Polylla] Constructing Polylla...
[GPU] Copy vectors to device in 29.604 ms
[GPU] Labered max edges in 0.669469 ms
[GPU] Labeled frontier edges in 0.310959 ms
[GPU] Labeled seed edges in 0.818642 ms
[GPU] Labeled seed scan in 0.518322 ms
[GPU] Labeled seed compaction in 0.111661 ms
[GPU] Traversal phase 1 in 1.04003 ms
[GPU] Traversal phase (search frontier edge) in 0.992231 ms
[GPU] Back to host in 29.6272 ms
Printing OFF file2353515 711914
output off in uniform_2353515.off
Tiempo de ejecución: 31.260 segundos

Sat Mar 25 03:23:42 -03 2023
Ejecutando Polylla con tamaño 3707030
Reading OFF file ../../data/3707030_points.1.off
[Polylla] Constructing Polylla...
[GPU] Copy vectors to device in 49.1517 ms
[GPU] Labered max edges in 1.02788 ms
[GPU] Labeled frontier edges in 0.473077 ms
[GPU] Labeled seed edges in 0.853989 ms
[GPU] Labeled seed scan in 0.570321 ms
[GPU] Labeled seed compaction in 0.163801 ms
[GPU] Traversal phase 1 in 1.62265 ms
[GPU] Traversal phase (search frontier edge) in 1.07906 ms
[GPU] Back to host in 43.2207 ms
Printing OFF file3707030 1121394
output off in uniform_3707030.off
Tiempo de ejecución: 47.424 segundos

Sat Mar 25 03:24:30 -03 2023
Ejecutando Polylla con tamaño 5060545
Reading OFF file ../../data/5060545_points.1.off
[Polylla] Constructing Polylla...
[GPU] Copy vectors to device in 63.2676 ms
[GPU] Labered max edges in 1.41721 ms
[GPU] Labeled frontier edges in 0.648769 ms
[GPU] Labeled seed edges in 0.89728 ms
[GPU] Labeled seed scan in 0.675932 ms
[GPU] Labeled seed compaction in 0.217462 ms
[GPU] Traversal phase 1 in 2.20963 ms
[GPU] Traversal phase (search frontier edge) in 1.18453 ms
[GPU] Back to host in 60.3189 ms
Printing OFF file5060545 1531495
output off in uniform_5060545.off
Tiempo de ejecución: 69.021 segundos

Sat Mar 25 03:25:39 -03 2023
Ejecutando Polylla con tamaño 6414060
Reading OFF file ../../data/6414060_points.1.off
[Polylla] Constructing Polylla...
[GPU] Copy vectors to device in 86.988 ms
[GPU] Labered max edges in 1.81812 ms
[GPU] Labeled frontier edges in 0.813271 ms
[GPU] Labeled seed edges in 0.983284 ms
[GPU] Labeled seed scan in 1.22438 ms
[GPU] Labeled seed compaction in 0.272095 ms
[GPU] Traversal phase 1 in 2.79312 ms
[GPU] Traversal phase (search frontier edge) in 1.28701 ms
[GPU] Back to host in 82.3645 ms
Printing OFF file6414060 1940863
output off in uniform_6414060.off
Tiempo de ejecución: 86.719 segundos

Sat Mar 25 03:27:05 -03 2023
Ejecutando Polylla con tamaño 7767575
Reading OFF file ../../data/7767575_points.1.off
[Polylla] Constructing Polylla...
[GPU] Copy vectors to device in 94.5302 ms
[GPU] Labered max edges in 2.2089 ms
[GPU] Labeled frontier edges in 0.987261 ms
[GPU] Labeled seed edges in 1.07901 ms
[GPU] Labeled seed scan in 0.812881 ms
[GPU] Labeled seed compaction in 0.320958 ms
[GPU] Traversal phase 1 in 3.37221 ms
[GPU] Traversal phase (search frontier edge) in 1.34099 ms
[GPU] Back to host in 89.4907 ms
Printing OFF file7767575 2350641
output off in uniform_7767575.off
Tiempo de ejecución: 100.163 segundos

Sat Mar 25 03:28:46 -03 2023
Ejecutando Polylla con tamaño 9121090
Reading OFF file ../../data/9121090_points.1.off
[Polylla] Constructing Polylla...
[GPU] Copy vectors to device in 108.844 ms
[GPU] Labered max edges in 2.57364 ms
[GPU] Labeled frontier edges in 1.1558 ms
[GPU] Labeled seed edges in 1.19098 ms
[GPU] Labeled seed scan in 0.915765 ms
[GPU] Labeled seed compaction in 0.373568 ms
[GPU] Traversal phase 1 in 3.96391 ms
[GPU] Traversal phase (search frontier edge) in 1.43605 ms
[GPU] Back to host in 103.82 ms
Printing OFF file9121090 2759791
output off in uniform_9121090.off
Tiempo de ejecución: 121.596 segundos

Sat Mar 25 03:30:47 -03 2023
Ejecutando Polylla con tamaño 10474605
Reading OFF file ../../data/10474605_points.1.off
[Polylla] Constructing Polylla...
[GPU] Copy vectors to device in 139.854 ms
[GPU] Labered max edges in 2.9729 ms
[GPU] Labeled frontier edges in 1.32334 ms
[GPU] Labeled seed edges in 1.30928 ms
[GPU] Labeled seed scan in 0.945542 ms
[GPU] Labeled seed compaction in 0.424965 ms
[GPU] Traversal phase 1 in 4.55112 ms
[GPU] Traversal phase (search frontier edge) in 1.48099 ms
[GPU] Back to host in 123.613 ms
Printing OFF file10474605 3170983
output off in uniform_10474605.off
Tiempo de ejecución: 137.045 segundos

Sat Mar 25 03:33:04 -03 2023
Ejecutando Polylla con tamaño 11828120
Reading OFF file ../../data/11828120_points.1.off
[Polylla] Constructing Polylla...
[GPU] Copy vectors to device in 135.452 ms
[GPU] Labered max edges in 3.33327 ms
[GPU] Labeled frontier edges in 1.48883 ms
[GPU] Labeled seed edges in 1.59363 ms
[GPU] Labeled seed scan in 1.05996 ms
[GPU] Labeled seed compaction in 0.478657 ms
[GPU] Traversal phase 1 in 5.13004 ms
[GPU] Traversal phase (search frontier edge) in 1.56547 ms
[GPU] Back to host in 135.841 ms
Printing OFF file11828120 3580665
output off in uniform_11828120.off
Tiempo de ejecución: 157.309 segundos

Sat Mar 25 03:35:42 -03 2023
Ejecutando Polylla con tamaño 13181635
Reading OFF file ../../data/13181635_points.1.off
[Polylla] Constructing Polylla...
[GPU] Copy vectors to device in 199.584 ms
[GPU] Labered max edges in 3.74157 ms
[GPU] Labeled frontier edges in 1.65226 ms
[GPU] Labeled seed edges in 1.70952 ms
[GPU] Labeled seed scan in 1.12217 ms
[GPU] Labeled seed compaction in 0.530636 ms
[GPU] Traversal phase 1 in 5.69827 ms
[GPU] Traversal phase (search frontier edge) in 1.65317 ms
[GPU] Back to host in 159.889 ms
Printing OFF file13181635 3991001
output off in uniform_13181635.off
Tiempo de ejecución: 187.089 segundos

Sat Mar 25 03:38:49 -03 2023
Ejecutando Polylla con tamaño 14535150
Reading OFF file ../../data/14535150_points.1.off
[Polylla] Constructing Polylla...
[GPU] Copy vectors to device in 175.497 ms
[GPU] Labered max edges in 4.13067 ms
[GPU] Labeled frontier edges in 1.8348 ms
[GPU] Labeled seed edges in 1.83433 ms
[GPU] Labeled seed scan in 1.1868 ms
[GPU] Labeled seed compaction in 0.581973 ms
[GPU] Traversal phase 1 in 6.2891 ms
[GPU] Traversal phase (search frontier edge) in 1.68972 ms
[GPU] Back to host in 161.989 ms
Printing OFF file14535150 4400194
output off in uniform_14535150.off
Tiempo de ejecución: 200.933 segundos

Sat Mar 25 03:42:10 -03 2023
Ejecutando Polylla con tamaño 15888665
Reading OFF file ../../data/15888665_points.1.off
[Polylla] Constructing Polylla...
[GPU] Copy vectors to device in 195.569 ms
[GPU] Labered max edges in 4.53426 ms
[GPU] Labeled frontier edges in 2.00181 ms
[GPU] Labeled seed edges in 1.96809 ms
[GPU] Labeled seed scan in 1.25748 ms
[GPU] Labeled seed compaction in 0.634713 ms
[GPU] Traversal phase 1 in 6.87771 ms
[GPU] Traversal phase (search frontier edge) in 1.77194 ms
[GPU] Back to host in 293.653 ms
Printing OFF file15888665 4810195
output off in uniform_15888665.off
Tiempo de ejecución: 207.773 segundos

Sat Mar 25 03:45:37 -03 2023
Ejecutando Polylla con tamaño 17242180
Reading OFF file ../../data/17242180_points.1.off
[Polylla] Constructing Polylla...
[GPU] Copy vectors to device in 228.855 ms
[GPU] Labered max edges in 4.91763 ms
[GPU] Labeled frontier edges in 2.16501 ms
[GPU] Labeled seed edges in 2.21623 ms
[GPU] Labeled seed scan in 1.36999 ms
[GPU] Labeled seed compaction in 0.686049 ms
[GPU] Traversal phase 1 in 7.46406 ms
[GPU] Traversal phase (search frontier edge) in 1.86052 ms
[GPU] Back to host in 218.662 ms
Printing OFF file17242180 5219661
output off in uniform_17242180.off
Tiempo de ejecución: 233.796 segundos

Sat Mar 25 03:49:31 -03 2023
Ejecutando Polylla con tamaño 18595695
Reading OFF file ../../data/18595695_points.1.off
[Polylla] Constructing Polylla...
[GPU] Copy vectors to device in 208.385 ms
[GPU] Labered max edges in 5.2881 ms
[GPU] Labeled frontier edges in 2.34178 ms
[GPU] Labeled seed edges in 2.34597 ms
[GPU] Labeled seed scan in 1.43006 ms
[GPU] Labeled seed compaction in 0.740594 ms
[GPU] Traversal phase 1 in 8.04738 ms
[GPU] Traversal phase (search frontier edge) in 1.88825 ms
[GPU] Back to host in 217.684 ms
Printing OFF file18595695 5630513
output off in uniform_18595695.off
Tiempo de ejecución: 265.117 segundos

Sat Mar 25 03:53:56 -03 2023
Ejecutando Polylla con tamaño 19949210
Reading OFF file ../../data/19949210_points.1.off
[Polylla] Constructing Polylla...
[GPU] Copy vectors to device in 270.714 ms
[GPU] Labered max edges in 5.66869 ms
[GPU] Labeled frontier edges in 2.50993 ms
[GPU] Labeled seed edges in 2.48493 ms
[GPU] Labeled seed scan in 1.49985 ms
[GPU] Labeled seed compaction in 0.792021 ms
[GPU] Traversal phase 1 in 8.63319 ms
[GPU] Traversal phase (search frontier edge) in 1.96989 ms
[GPU] Back to host in 271.627 ms
Printing OFF file19949210 6039874
output off in uniform_19949210.off
Tiempo de ejecución: 281.864 segundos

Sat Mar 25 03:58:38 -03 2023
Ejecutando Polylla con tamaño 21302725
Reading OFF file ../../data/21302725_points.1.off
[Polylla] Constructing Polylla...
[GPU] Copy vectors to device in 242.216 ms
[GPU] Labered max edges in 6.06586 ms
[GPU] Labeled frontier edges in 2.67425 ms
[GPU] Labeled seed edges in 2.62867 ms
[GPU] Labeled seed scan in 1.69963 ms
[GPU] Labeled seed compaction in 0.84465 ms
[GPU] Traversal phase 1 in 9.22377 ms
[GPU] Traversal phase (search frontier edge) in 2.00726 ms
[GPU] Back to host in 248.098 ms
Printing OFF file21302725 6449242
output off in uniform_21302725.off
Tiempo de ejecución: 304.540 segundos

Sat Mar 25 04:03:43 -03 2023
Ejecutando Polylla con tamaño 22656240
Reading OFF file ../../data/22656240_points.1.off
[Polylla] Constructing Polylla...
[GPU] Copy vectors to device in 288.816 ms
[GPU] Labered max edges in 6.43779 ms
[GPU] Labeled frontier edges in 2.84121 ms
[GPU] Labeled seed edges in 2.85691 ms
[GPU] Labeled seed scan in 1.77415 ms
[GPU] Labeled seed compaction in 0.895918 ms
[GPU] Traversal phase 1 in 9.80939 ms
[GPU] Traversal phase (search frontier edge) in 2.08367 ms
[GPU] Back to host in 282.394 ms
Printing OFF file22656240 6859005
output off in uniform_22656240.off
Tiempo de ejecución: 319.474 segundos

Sat Mar 25 04:09:02 -03 2023
Ejecutando Polylla con tamaño 24009755
Reading OFF file ../../data/24009755_points.1.off
[Polylla] Constructing Polylla...
[GPU] Copy vectors to device in 312.506 ms
[GPU] Labered max edges in 6.81664 ms
[GPU] Labeled frontier edges in 3.01151 ms
[GPU] Labeled seed edges in 3.06546 ms
[GPU] Labeled seed scan in 1.91022 ms
[GPU] Labeled seed compaction in 0.948787 ms
[GPU] Traversal phase 1 in 10.3813 ms
[GPU] Traversal phase (search frontier edge) in 2.15794 ms
[GPU] Back to host in 293.583 ms
Printing OFF file24009755 7268238
output off in uniform_24009755.off
Tiempo de ejecución: 345.512 segundos

Sat Mar 25 04:14:48 -03 2023
Ejecutando Polylla con tamaño 25363270
Reading OFF file ../../data/25363270_points.1.off
[Polylla] Constructing Polylla...
[GPU] Copy vectors to device in 315.489 ms
[GPU] Labered max edges in 7.22543 ms
[GPU] Labeled frontier edges in 3.18262 ms
[GPU] Labeled seed edges in 3.20384 ms
[GPU] Labeled seed scan in 1.90881 ms
[GPU] Labeled seed compaction in 0.999685 ms
[GPU] Traversal phase 1 in 10.9641 ms
[GPU] Traversal phase (search frontier edge) in 2.19676 ms
[GPU] Back to host in 282.437 ms
Printing OFF file25363270 7676631
output off in uniform_25363270.off
Tiempo de ejecución: 365.389 segundos

Sat Mar 25 04:20:53 -03 2023
Ejecutando Polylla con tamaño 26716785
Reading OFF file ../../data/26716785_points.1.off
[Polylla] Constructing Polylla...
[GPU] Copy vectors to device in 289.901 ms
[GPU] Labered max edges in 7.59323 ms
[GPU] Labeled frontier edges in 3.35039 ms
[GPU] Labeled seed edges in 3.32655 ms
[GPU] Labeled seed scan in 2.01987 ms
[GPU] Labeled seed compaction in 1.05229 ms
[GPU] Traversal phase 1 in 11.5501 ms
[GPU] Traversal phase (search frontier edge) in 2.27619 ms
[GPU] Back to host in 310.128 ms
Printing OFF file26716785 8085633
output off in uniform_26716785.off
Tiempo de ejecución: 365.708 segundos

Sat Mar 25 04:26:59 -03 2023
Ejecutando Polylla con tamaño 28070300
Reading OFF file ../../data/28070300_points.1.off
[Polylla] Constructing Polylla...
[GPU] Copy vectors to device in 313.819 ms
[GPU] Labered max edges in 7.9812 ms
[GPU] Labeled frontier edges in 3.51958 ms
[GPU] Labeled seed edges in 3.65409 ms
[GPU] Labeled seed scan in 2.13234 ms
[GPU] Labeled seed compaction in 1.10572 ms
[GPU] Traversal phase 1 in 12.133 ms
[GPU] Traversal phase (search frontier edge) in 2.3206 ms
[GPU] Back to host in 289.065 ms
Printing OFF file28070300 8497182
output off in uniform_28070300.off
Tiempo de ejecución: 387.714 segundos

Sat Mar 25 04:33:26 -03 2023
Ejecutando Polylla con tamaño 29423815
Reading OFF file ../../data/29423815_points.1.off
[Polylla] Constructing Polylla...
[GPU] Copy vectors to device in 368.211 ms
[GPU] Labered max edges in 8.39451 ms
[GPU] Labeled frontier edges in 3.68615 ms
[GPU] Labeled seed edges in 3.75592 ms
[GPU] Labeled seed scan in 2.33953 ms
[GPU] Labeled seed compaction in 1.15637 ms
[GPU] Traversal phase 1 in 12.7238 ms
[GPU] Traversal phase (search frontier edge) in 2.3947 ms
[GPU] Back to host in 318.447 ms
Printing OFF file29423815 8907845
output off in uniform_29423815.off
Tiempo de ejecución: 405.265 segundos

Sat Mar 25 04:40:12 -03 2023
Ejecutando Polylla con tamaño 30777330
Reading OFF file ../../data/30777330_points.1.off
[Polylla] Constructing Polylla...
[GPU] Copy vectors to device in 713.513 ms
[GPU] Labered max edges in 8.79184 ms
[GPU] Labeled frontier edges in 3.85663 ms
[GPU] Labeled seed edges in 3.85306 ms
[GPU] Labeled seed scan in 2.25175 ms
[GPU] Labeled seed compaction in 1.209 ms
[GPU] Traversal phase 1 in 13.3083 ms
[GPU] Traversal phase (search frontier edge) in 2.46684 ms
[GPU] Back to host in 355.283 ms
Printing OFF file30777330 9317845
output off in uniform_30777330.off
Tiempo de ejecución: 440.303 segundos

Sat Mar 25 04:47:32 -03 2023
Ejecutando Polylla con tamaño 32130845
Reading OFF file ../../data/32130845_points.1.off
[Polylla] Constructing Polylla...
[GPU] Copy vectors to device in 602.233 ms
[GPU] Labered max edges in 9.17657 ms
[GPU] Labeled frontier edges in 4.02745 ms
[GPU] Labeled seed edges in 3.97754 ms
[GPU] Labeled seed scan in 2.34902 ms
[GPU] Labeled seed compaction in 1.26518 ms
[GPU] Traversal phase 1 in 13.8969 ms
[GPU] Traversal phase (search frontier edge) in 2.52095 ms
[GPU] Back to host in 337.529 ms
Printing OFF file32130845 9728626
output off in uniform_32130845.off
Tiempo de ejecución: 471.800 segundos

Sat Mar 25 04:55:24 -03 2023
Ejecutando Polylla con tamaño 33484360
Reading OFF file ../../data/33484360_points.1.off
[Polylla] Constructing Polylla...
[GPU] Copy vectors to device in 387.024 ms
[GPU] Labered max edges in 9.57574 ms
[GPU] Labeled frontier edges in 4.1938 ms
[GPU] Labeled seed edges in 4.12625 ms
[GPU] Labeled seed scan in 2.38869 ms
[GPU] Labeled seed compaction in 1.31422 ms
[GPU] Traversal phase 1 in 14.4884 ms
[GPU] Traversal phase (search frontier edge) in 2.59391 ms
[GPU] Back to host in 332.952 ms
Printing OFF file33484360 10138018
output off in uniform_33484360.off
Tiempo de ejecución: 478.637 segundos

Sat Mar 25 05:03:23 -03 2023
Ejecutando Polylla con tamaño 34837875
Reading OFF file ../../data/34837875_points.1.off
[Polylla] Constructing Polylla...
[GPU] Copy vectors to device in 476.277 ms
[GPU] Labered max edges in 9.95588 ms
[GPU] Labeled frontier edges in 4.3746 ms
[GPU] Labeled seed edges in 4.31967 ms
[GPU] Labeled seed scan in 2.53262 ms
[GPU] Labeled seed compaction in 1.36842 ms
[GPU] Traversal phase 1 in 15.0942 ms
[GPU] Traversal phase (search frontier edge) in 2.64485 ms
[GPU] Back to host in 409.413 ms
Printing OFF file34837875 10547470
output off in uniform_34837875.off
Tiempo de ejecución: 471.857 segundos

Sat Mar 25 05:11:14 -03 2023
Ejecutando Polylla con tamaño 36191390
Reading OFF file ../../data/36191390_points.1.off
[Polylla] Constructing Polylla...
[GPU] Copy vectors to device in 582.094 ms
[GPU] Labered max edges in 10.3187 ms
[GPU] Labeled frontier edges in 4.53938 ms
[GPU] Labeled seed edges in 4.4662 ms
[GPU] Labeled seed scan in 2.61674 ms
[GPU] Labeled seed compaction in 1.41991 ms
[GPU] Traversal phase 1 in 15.6721 ms
[GPU] Traversal phase (search frontier edge) in 2.71798 ms
[GPU] Back to host in 435.068 ms
Printing OFF file36191390 10957693
output off in uniform_36191390.off
Tiempo de ejecución: 538.344 segundos

Sat Mar 25 05:20:13 -03 2023
Ejecutando Polylla con tamaño 37544905
Reading OFF file ../../data/37544905_points.1.off
[Polylla] Constructing Polylla...
[GPU] Copy vectors to device in 561.925 ms
[GPU] Labered max edges in 10.722 ms
[GPU] Labeled frontier edges in 4.70472 ms
[GPU] Labeled seed edges in 4.63008 ms
[GPU] Labeled seed scan in 2.66354 ms
[GPU] Labeled seed compaction in 1.47225 ms
[GPU] Traversal phase 1 in 16.2564 ms
[GPU] Traversal phase (search frontier edge) in 2.78825 ms
[GPU] Back to host in 417.658 ms
Printing OFF file37544905 11367527
output off in uniform_37544905.off
Tiempo de ejecución: 548.736 segundos

Sat Mar 25 05:29:21 -03 2023
Ejecutando Polylla con tamaño 38898420
Reading OFF file ../../data/38898420_points.1.off
[Polylla] Constructing Polylla...
[GPU] Copy vectors to device in 468.969 ms
[GPU] Labered max edges in 11.1239 ms
[GPU] Labeled frontier edges in 4.8762 ms
[GPU] Labeled seed edges in 4.78436 ms
[GPU] Labeled seed scan in 2.74296 ms
[GPU] Labeled seed compaction in 1.52447 ms
[GPU] Traversal phase 1 in 16.8406 ms
[GPU] Traversal phase (search frontier edge) in 2.85444 ms
[GPU] Back to host in 397.291 ms
Printing OFF file38898420 11778156
output off in uniform_38898420.off
Tiempo de ejecución: 554.238 segundos

Sat Mar 25 05:38:36 -03 2023
Ejecutando Polylla con tamaño 40251935
Reading OFF file ../../data/40251935_points.1.off
[Polylla] Constructing Polylla...
[GPU] Copy vectors to device in 486.055 ms
[GPU] Labered max edges in 11.5026 ms
[GPU] Labeled frontier edges in 5.04714 ms
[GPU] Labeled seed edges in 4.98479 ms
[GPU] Labeled seed scan in 2.82898 ms
[GPU] Labeled seed compaction in 1.57615 ms
[GPU] Traversal phase 1 in 17.4368 ms
[GPU] Traversal phase (search frontier edge) in 2.92682 ms
[GPU] Back to host in 488.094 ms
Printing OFF file40251935 12188789
output off in uniform_40251935.off
Tiempo de ejecución: 588.840 segundos

Sat Mar 25 05:48:25 -03 2023
Ejecutando Polylla con tamaño 41605450
Reading OFF file ../../data/41605450_points.1.off
[Polylla] Constructing Polylla...
[GPU] Copy vectors to device in 479.744 ms
[GPU] Labered max edges in 11.944 ms
[GPU] Labeled frontier edges in 5.21953 ms
[GPU] Labeled seed edges in 5.12926 ms
[GPU] Labeled seed scan in 2.89565 ms
[GPU] Labeled seed compaction in 1.6282 ms
[GPU] Traversal phase 1 in 18.0087 ms
[GPU] Traversal phase (search frontier edge) in 2.98668 ms
[GPU] Back to host in 484.65 ms
Printing OFF file41605450 12597729
output off in uniform_41605450.off
Tiempo de ejecución: 599.613 segundos

Sat Mar 25 05:58:24 -03 2023
Ejecutando Polylla con tamaño 42958965
Reading OFF file ../../data/42958965_points.1.off
[Polylla] Constructing Polylla...
[GPU] Copy vectors to device in 673.07 ms
[GPU] Labered max edges in 12.2397 ms
[GPU] Labeled frontier edges in 5.37398 ms
[GPU] Labeled seed edges in 5.28747 ms
[GPU] Labeled seed scan in 2.99903 ms
[GPU] Labeled seed compaction in 1.68016 ms
[GPU] Traversal phase 1 in 18.6001 ms
[GPU] Traversal phase (search frontier edge) in 3.05498 ms
[GPU] Back to host in 550.835 ms
Printing OFF file42958965 13007639
output off in uniform_42958965.off
Tiempo de ejecución: 637.721 segundos

Sat Mar 25 06:09:02 -03 2023
Ejecutando Polylla con tamaño 44312480
Reading OFF file ../../data/44312480_points.1.off
[Polylla] Constructing Polylla...
[GPU] Copy vectors to device in 488.294 ms
[GPU] Labered max edges in 12.6546 ms
[GPU] Labeled frontier edges in 5.55587 ms
[GPU] Labeled seed edges in 5.43955 ms
[GPU] Labeled seed scan in 3.10301 ms
[GPU] Labeled seed compaction in 1.73304 ms
[GPU] Traversal phase 1 in 19.1716 ms
[GPU] Traversal phase (search frontier edge) in 3.12972 ms
[GPU] Back to host in 522.521 ms
Printing OFF file44312480 13417452
output off in uniform_44312480.off
Tiempo de ejecución: 649.283 segundos

Sat Mar 25 06:19:51 -03 2023
