Ejecutando Polylla con tamaño 75255625
Generating points  
Generating triangles 
estimao 150476552 final 150476552
Constructing halfedges 
Triangulation generation time: 324407
[Polylla] Input mesh generated
[Polylla] Constructing Polylla...
[GPU] Copy vectors to device in 1017.93 ms
[GPU] Labered max edges in 12.235 ms
[GPU] Labeled frontier edges in 9.4707 ms
[GPU] Labeled seed edges in 9.47401 ms
[GPU] Labeled seed scan in 4.85511 ms
[GPU] Labeled seed compaction in 3.24529 ms
[GPU] Traversal phase 1 in 33.9938 ms
[GPU] Traversal phase (search frontier edge) in 6.69852 ms
[GPU] Back to host in 906.029 ms
Done!
Printing JSON file as uniform_75255625.json
output json in uniform_75255625.json
Tiempo de ejecución: 356.364 segundos
