Ejecutando Polylla con tamaño 75255625
Generating points  
Generating triangles 
estimao 150476552 final 150476552
Constructing halfedges 
Triangulation generation time: 395940
[Polylla] Input mesh generated
[Polylla] Constructing Polylla...
[GPU] Copy vectors to device in 1435.55 ms
[GPU] Labered max edges in 12.2162 ms
[GPU] Labeled frontier edges in 9.47331 ms
[GPU] Labeled seed edges in 9.4748 ms
[GPU] Labeled seed scan in 4.85059 ms
[GPU] Labeled seed compaction in 3.23916 ms
[GPU] Traversal phase 1 in 29.4858 ms
[GPU] Traversal phase (search frontier edge) in 6.69399 ms
[GPU] Back to host in 929.454 ms
Done!
Printing JSON file as uniform_75255625.json
output json in uniform_75255625.json
Tiempo de ejecución: 432.624 segundos
