Thu 23 Mar 2023 04:59:15 PM -03
Start: 1000000, End: 100000000, Intervalo: 3193548, Diferencia: 99000000, NSAMPLES: 31
Valores: 1000000 4194304 7387524 10582009 13771521 16966161 20160100 23357889 26553409 29746116 32936121 36132121 39325441 42510400 45711121 48902049 52099524 55294096 58476609 61669609 64866916 68062500 71250481 74459641 77651344 80838081 84033889 87216921 90421081 93605625 96805921 100000000
Thu 23 Mar 2023 04:59:15 PM -03
Ejecutando Polylla con tamaño 1000000
Generating points  
Generating triangles 
estimao 1996002 final 1996002
Constructing halfedges 
Triangulation generation time: 3254.05
[Polylla] Input mesh generated
[Polylla] Constructing Polylla...
[GPU] Copy vectors to device in 41.3603 ms
[GPU] Labered max edges in 0.236348 ms
[GPU] Labeled frontier edges in 0.139745 ms
[GPU] Labeled seed edges in 0.818231 ms
[GPU] Labeled seed scan in 0.471874 ms
[GPU] Labeled seed compaction in 0.06346 ms
[GPU] Traversal phase 1 in 0.409776 ms
[GPU] Traversal phase (search frontier edge) in 0.792802 ms
[GPU] Back to host in 12.9606 ms
Done!
Printing JSON file as uniform_1000000.json
output json in uniform_1000000.json
Tiempo de ejecución: 5.035 segundos

Thu 23 Mar 2023 04:59:20 PM -03
Ejecutando Polylla con tamaño 4194304
Generating points  
Generating triangles 
estimao 8380418 final 8380418
Constructing halfedges 
Triangulation generation time: 17099.1
[Polylla] Input mesh generated
[Polylla] Constructing Polylla...
[GPU] Copy vectors to device in 61.8407 ms
[GPU] Labered max edges in 0.786711 ms
[GPU] Labeled frontier edges in 0.537268 ms
[GPU] Labeled seed edges in 0.847937 ms
[GPU] Labeled seed scan in 0.611629 ms
[GPU] Labeled seed compaction in 0.198005 ms
[GPU] Traversal phase 1 in 1.65426 ms
[GPU] Traversal phase (search frontier edge) in 0.818552 ms
[GPU] Back to host in 54.1914 ms
Done!
Printing JSON file as uniform_4194304.json
output json in uniform_4194304.json
Tiempo de ejecución: 20.049 segundos

Thu 23 Mar 2023 04:59:40 PM -03
Ejecutando Polylla con tamaño 7387524
Generating points  
Generating triangles 
estimao 14764178 final 14764178
Constructing halfedges 
Triangulation generation time: 27511.7
[Polylla] Input mesh generated
[Polylla] Constructing Polylla...
[GPU] Copy vectors to device in 106.557 ms
[GPU] Labered max edges in 1.32829 ms
[GPU] Labeled frontier edges in 0.941775 ms
[GPU] Labeled seed edges in 1.01013 ms
[GPU] Labeled seed scan in 0.782422 ms
[GPU] Labeled seed compaction in 0.336267 ms
[GPU] Traversal phase 1 in 2.90266 ms
[GPU] Traversal phase (search frontier edge) in 0.932828 ms
[GPU] Back to host in 96.7128 ms
Done!
Printing JSON file as uniform_7387524.json
output json in uniform_7387524.json
Tiempo de ejecución: 31.753 segundos

Thu 23 Mar 2023 05:00:12 PM -03
Ejecutando Polylla con tamaño 10582009
Generating points  
Generating triangles 
estimao 21151008 final 21151008
Constructing halfedges 
Triangulation generation time: 38127.6
[Polylla] Input mesh generated
[Polylla] Constructing Polylla...
[GPU] Copy vectors to device in 150.634 ms
[GPU] Labered max edges in 1.84437 ms
[GPU] Labeled frontier edges in 1.33145 ms
[GPU] Labeled seed edges in 1.37302 ms
[GPU] Labeled seed scan in 0.962334 ms
[GPU] Labeled seed compaction in 0.472676 ms
[GPU] Traversal phase 1 in 4.14996 ms
[GPU] Traversal phase (search frontier edge) in 1.11411 ms
[GPU] Back to host in 141.67 ms
Done!
Printing JSON file as uniform_10582009.json
output json in uniform_10582009.json
Tiempo de ejecución: 43.844 segundos

Thu 23 Mar 2023 05:00:55 PM -03
Ejecutando Polylla con tamaño 13771521
Generating points  
Generating triangles 
estimao 27528200 final 27528200
Constructing halfedges 
Triangulation generation time: 56753.2
[Polylla] Input mesh generated
[Polylla] Constructing Polylla...
[GPU] Copy vectors to device in 191.979 ms
[GPU] Labered max edges in 2.3219 ms
[GPU] Labeled frontier edges in 1.72862 ms
[GPU] Labeled seed edges in 1.78534 ms
[GPU] Labeled seed scan in 1.1488 ms
[GPU] Labeled seed compaction in 0.610557 ms
[GPU] Traversal phase 1 in 5.41026 ms
[GPU] Traversal phase (search frontier edge) in 1.32137 ms
[GPU] Back to host in 177.241 ms
Done!
Printing JSON file as uniform_13771521.json
output json in uniform_13771521.json
Tiempo de ejecución: 63.797 segundos

Thu 23 Mar 2023 05:01:59 PM -03
Ejecutando Polylla con tamaño 16966161
Generating points  
Generating triangles 
estimao 33915848 final 33915848
Constructing halfedges 
Triangulation generation time: 56988.8
[Polylla] Input mesh generated
[Polylla] Constructing Polylla...
[GPU] Copy vectors to device in 232.31 ms
[GPU] Labered max edges in 2.88363 ms
[GPU] Labeled frontier edges in 2.13295 ms
[GPU] Labeled seed edges in 2.20024 ms
[GPU] Labeled seed scan in 1.351 ms
[GPU] Labeled seed compaction in 0.748689 ms
[GPU] Traversal phase 1 in 6.57391 ms
[GPU] Traversal phase (search frontier edge) in 1.55791 ms
[GPU] Back to host in 221.033 ms
Done!
Printing JSON file as uniform_16966161.json
output json in uniform_16966161.json
Tiempo de ejecución: 65.232 segundos

Thu 23 Mar 2023 05:03:05 PM -03
Ejecutando Polylla con tamaño 20160100
Generating points  
Generating triangles 
estimao 40302242 final 40302242
Constructing halfedges 
Triangulation generation time: 75863.8
[Polylla] Input mesh generated
[Polylla] Constructing Polylla...
[GPU] Copy vectors to device in 281.636 ms
[GPU] Labered max edges in 3.40172 ms
[GPU] Labeled frontier edges in 2.54167 ms
[GPU] Labeled seed edges in 2.58172 ms
[GPU] Labeled seed scan in 1.53383 ms
[GPU] Labeled seed compaction in 0.883254 ms
[GPU] Traversal phase 1 in 7.92386 ms
[GPU] Traversal phase (search frontier edge) in 1.85273 ms
[GPU] Back to host in 264.214 ms
Done!
Printing JSON file as uniform_20160100.json
output json in uniform_20160100.json
Tiempo de ejecución: 85.613 segundos

Thu 23 Mar 2023 05:04:30 PM -03
Ejecutando Polylla con tamaño 23357889
Generating points  
Generating triangles 
estimao 46696448 final 46696448
Constructing halfedges 
Triangulation generation time: 76915.7
[Polylla] Input mesh generated
[Polylla] Constructing Polylla...
[GPU] Copy vectors to device in 525.744 ms
[GPU] Labered max edges in 3.9343 ms
[GPU] Labeled frontier edges in 3.12196 ms
[GPU] Labeled seed edges in 3.00332 ms
[GPU] Labeled seed scan in 1.86512 ms
[GPU] Labeled seed compaction in 1.02844 ms
[GPU] Traversal phase 1 in 9.09218 ms
[GPU] Traversal phase (search frontier edge) in 2.13376 ms
[GPU] Back to host in 352.21 ms
Done!
Printing JSON file as uniform_23357889.json
output json in uniform_23357889.json
Tiempo de ejecución: 87.641 segundos

Thu 23 Mar 2023 05:05:58 PM -03
Ejecutando Polylla con tamaño 26553409
Generating points  
Generating triangles 
estimao 53086208 final 53086208
Constructing halfedges 
Triangulation generation time: 97929.5
[Polylla] Input mesh generated
[Polylla] Constructing Polylla...
[GPU] Copy vectors to device in 435.075 ms
[GPU] Labered max edges in 4.58339 ms
[GPU] Labeled frontier edges in 3.3378 ms
[GPU] Labeled seed edges in 3.37261 ms
[GPU] Labeled seed scan in 2.0214 ms
[GPU] Labeled seed compaction in 1.15645 ms
[GPU] Traversal phase 1 in 10.3371 ms
[GPU] Traversal phase (search frontier edge) in 2.41672 ms
[GPU] Back to host in 325.596 ms
Done!
Printing JSON file as uniform_26553409.json
output json in uniform_26553409.json
Tiempo de ejecución: 111.568 segundos

Thu 23 Mar 2023 05:07:49 PM -03
Ejecutando Polylla con tamaño 29746116
Generating points  
Generating triangles 
estimao 59470418 final 59470418
Constructing halfedges 
Triangulation generation time: 118453
[Polylla] Input mesh generated
[Polylla] Constructing Polylla...
[GPU] Copy vectors to device in 502.212 ms
[GPU] Labered max edges in 4.95917 ms
[GPU] Labeled frontier edges in 3.74368 ms
[GPU] Labeled seed edges in 3.79226 ms
[GPU] Labeled seed scan in 2.18517 ms
[GPU] Labeled seed compaction in 1.29548 ms
[GPU] Traversal phase 1 in 11.6669 ms
[GPU] Traversal phase (search frontier edge) in 2.68838 ms
[GPU] Back to host in 338.78 ms
Done!
Printing JSON file as uniform_29746116.json
output json in uniform_29746116.json
Tiempo de ejecución: 132.285 segundos

Thu 23 Mar 2023 05:10:02 PM -03
Ejecutando Polylla con tamaño 32936121
Generating points  
Generating triangles 
estimao 65849288 final 65849288
Constructing halfedges 
Triangulation generation time: 135511
[Polylla] Input mesh generated
[Polylla] Constructing Polylla...
[GPU] Copy vectors to device in 447.344 ms
[GPU] Labered max edges in 5.49447 ms
[GPU] Labeled frontier edges in 4.14577 ms
[GPU] Labeled seed edges in 4.16993 ms
[GPU] Labeled seed scan in 2.37459 ms
[GPU] Labeled seed compaction in 1.43058 ms
[GPU] Traversal phase 1 in 12.8941 ms
[GPU] Traversal phase (search frontier edge) in 2.96131 ms
[GPU] Back to host in 381.022 ms
Done!
Printing JSON file as uniform_32936121.json
output json in uniform_32936121.json
Tiempo de ejecución: 152.167 segundos

Thu 23 Mar 2023 05:12:34 PM -03
Ejecutando Polylla con tamaño 36132121
Generating points  
Generating triangles 
estimao 72240200 final 72240200
Constructing halfedges 
Triangulation generation time: 133605
[Polylla] Input mesh generated
[Polylla] Constructing Polylla...
[GPU] Copy vectors to device in 724.287 ms
[GPU] Labered max edges in 6.00533 ms
[GPU] Labeled frontier edges in 4.54084 ms
[GPU] Labeled seed edges in 4.57903 ms
[GPU] Labeled seed scan in 2.57365 ms
[GPU] Labeled seed compaction in 1.56791 ms
[GPU] Traversal phase 1 in 14.1466 ms
[GPU] Traversal phase (search frontier edge) in 3.23352 ms
[GPU] Back to host in 434.131 ms
Done!
Printing JSON file as uniform_36132121.json
output json in uniform_36132121.json
Tiempo de ejecución: 151.282 segundos

Thu 23 Mar 2023 05:15:05 PM -03
Ejecutando Polylla con tamaño 39325441
Generating points  
Generating triangles 
estimao 78625800 final 78625800
Constructing halfedges 
Triangulation generation time: 147056
[Polylla] Input mesh generated
[Polylla] Constructing Polylla...
[GPU] Copy vectors to device in 528.682 ms
[GPU] Labered max edges in 6.49512 ms
[GPU] Labeled frontier edges in 4.94901 ms
[GPU] Labeled seed edges in 4.99599 ms
[GPU] Labeled seed scan in 2.84524 ms
[GPU] Labeled seed compaction in 1.70633 ms
[GPU] Traversal phase 1 in 15.4546 ms
[GPU] Traversal phase (search frontier edge) in 3.50755 ms
[GPU] Back to host in 518.163 ms
Done!
Printing JSON file as uniform_39325441.json
output json in uniform_39325441.json
Tiempo de ejecución: 164.970 segundos

Thu 23 Mar 2023 05:17:50 PM -03
Ejecutando Polylla con tamaño 42510400
Generating points  
Generating triangles 
estimao 84994722 final 84994722
Constructing halfedges 
Triangulation generation time: 206849
[Polylla] Input mesh generated
[Polylla] Constructing Polylla...
[GPU] Copy vectors to device in 578.498 ms
[GPU] Labered max edges in 7.0187 ms
[GPU] Labeled frontier edges in 5.34024 ms
[GPU] Labeled seed edges in 5.37929 ms
[GPU] Labeled seed scan in 2.97301 ms
[GPU] Labeled seed compaction in 1.84197 ms
[GPU] Traversal phase 1 in 16.6375 ms
[GPU] Traversal phase (search frontier edge) in 3.78172 ms
[GPU] Back to host in 523.388 ms
Done!
Printing JSON file as uniform_42510400.json
output json in uniform_42510400.json
Tiempo de ejecución: 229.112 segundos

Thu 23 Mar 2023 05:21:39 PM -03
Ejecutando Polylla con tamaño 45711121
Generating points  
Generating triangles 
estimao 91395200 final 91395200
Constructing halfedges 
Triangulation generation time: 193330
[Polylla] Input mesh generated
[Polylla] Constructing Polylla...
[GPU] Copy vectors to device in 613.835 ms
[GPU] Labered max edges in 7.5412 ms
[GPU] Labeled frontier edges in 5.7455 ms
[GPU] Labeled seed edges in 5.79525 ms
[GPU] Labeled seed scan in 3.16875 ms
[GPU] Labeled seed compaction in 1.97832 ms
[GPU] Traversal phase 1 in 17.911 ms
[GPU] Traversal phase (search frontier edge) in 4.06828 ms
[GPU] Back to host in 566.747 ms
Done!
Printing JSON file as uniform_45711121.json
output json in uniform_45711121.json
Tiempo de ejecución: 214.046 segundos

Thu 23 Mar 2023 05:25:13 PM -03
Ejecutando Polylla con tamaño 48902049
Generating points  
Generating triangles 
estimao 97776128 final 97776128
Constructing halfedges 
Triangulation generation time: 190069
[Polylla] Input mesh generated
[Polylla] Constructing Polylla...
[GPU] Copy vectors to device in 632.332 ms
[GPU] Labered max edges in 8.05627 ms
[GPU] Labeled frontier edges in 6.14912 ms
[GPU] Labeled seed edges in 6.16125 ms
[GPU] Labeled seed scan in 3.35292 ms
[GPU] Labeled seed compaction in 2.11448 ms
[GPU] Traversal phase 1 in 19.0681 ms
[GPU] Traversal phase (search frontier edge) in 4.36801 ms
[GPU] Back to host in 627.683 ms
Done!
Printing JSON file as uniform_48902049.json
output json in uniform_48902049.json
Tiempo de ejecución: 214.224 segundos

Thu 23 Mar 2023 05:28:47 PM -03
Ejecutando Polylla con tamaño 52099524
Generating points  
Generating triangles 
estimao 104170178 final 104170178
Constructing halfedges 
Triangulation generation time: 244927
[Polylla] Input mesh generated
[Polylla] Constructing Polylla...
[GPU] Copy vectors to device in 873.268 ms
[GPU] Labered max edges in 8.52543 ms
[GPU] Labeled frontier edges in 6.54147 ms
[GPU] Labeled seed edges in 6.58357 ms
[GPU] Labeled seed scan in 3.53715 ms
[GPU] Labeled seed compaction in 2.25362 ms
[GPU] Traversal phase 1 in 20.2296 ms
[GPU] Traversal phase (search frontier edge) in 4.67586 ms
[GPU] Back to host in 653.777 ms
Done!
Printing JSON file as uniform_52099524.json
output json in uniform_52099524.json
Tiempo de ejecución: 268.977 segundos

Thu 23 Mar 2023 05:33:16 PM -03
Ejecutando Polylla con tamaño 55294096
Generating points  
Generating triangles 
estimao 110558450 final 110558450
Constructing halfedges 
Triangulation generation time: 232711
[Polylla] Input mesh generated
[Polylla] Constructing Polylla...
[GPU] Copy vectors to device in 853.588 ms
[GPU] Labered max edges in 9.08865 ms
[GPU] Labeled frontier edges in 6.94252 ms
[GPU] Labeled seed edges in 6.96651 ms
[GPU] Labeled seed scan in 3.71077 ms
[GPU] Labeled seed compaction in 2.38915 ms
[GPU] Traversal phase 1 in 21.4656 ms
[GPU] Traversal phase (search frontier edge) in 5.0038 ms
[GPU] Back to host in 702.109 ms
Done!
Printing JSON file as uniform_55294096.json
output json in uniform_55294096.json
Tiempo de ejecución: 258.217 segundos

Thu 23 Mar 2023 05:37:35 PM -03
Ejecutando Polylla con tamaño 58476609
Generating points  
Generating triangles 
estimao 116922632 final 116922632
Constructing halfedges 
Triangulation generation time: 258453
[Polylla] Input mesh generated
[Polylla] Constructing Polylla...
[GPU] Copy vectors to device in 1305.06 ms
[GPU] Labered max edges in 9.57072 ms
[GPU] Labeled frontier edges in 7.35968 ms
[GPU] Labeled seed edges in 7.37425 ms
[GPU] Labeled seed scan in 3.90696 ms
[GPU] Labeled seed compaction in 2.52939 ms
[GPU] Traversal phase 1 in 23.011 ms
[GPU] Traversal phase (search frontier edge) in 5.34569 ms
[GPU] Back to host in 742.172 ms
Done!
Printing JSON file as uniform_58476609.json
output json in uniform_58476609.json
Tiempo de ejecución: 290.665 segundos

Thu 23 Mar 2023 05:42:25 PM -03
Ejecutando Polylla con tamaño 61669609
Generating points  
Generating triangles 
estimao 123307808 final 123307808
Constructing halfedges 
Triangulation generation time: 260644
[Polylla] Input mesh generated
[Polylla] Constructing Polylla...
[GPU] Copy vectors to device in 870.427 ms
[GPU] Labered max edges in 10.0939 ms
[GPU] Labeled frontier edges in 7.74226 ms
[GPU] Labeled seed edges in 7.78276 ms
[GPU] Labeled seed scan in 4.09343 ms
[GPU] Labeled seed compaction in 2.6646 ms
[GPU] Traversal phase 1 in 26.6737 ms
[GPU] Traversal phase (search frontier edge) in 5.70621 ms
[GPU] Back to host in 785.432 ms
Done!
Printing JSON file as uniform_61669609.json
output json in uniform_61669609.json
Tiempo de ejecución: 289.454 segundos

Thu 23 Mar 2023 05:47:15 PM -03
Ejecutando Polylla con tamaño 64866916
Generating points  
Generating triangles 
estimao 129701618 final 129701618
Constructing halfedges 
Triangulation generation time: 262095
[Polylla] Input mesh generated
[Polylla] Constructing Polylla...
[GPU] Copy vectors to device in 973.596 ms
[GPU] Labered max edges in 10.539 ms
[GPU] Labeled frontier edges in 8.14831 ms
[GPU] Labeled seed edges in 8.17759 ms
[GPU] Labeled seed scan in 4.24692 ms
[GPU] Labeled seed compaction in 2.80119 ms
[GPU] Traversal phase 1 in 25.3909 ms
[GPU] Traversal phase (search frontier edge) in 6.08528 ms
[GPU] Back to host in 853.29 ms
Done!
Printing JSON file as uniform_64866916.json
output json in uniform_64866916.json
Tiempo de ejecución: 291.249 segundos

Thu 23 Mar 2023 05:52:06 PM -03
Ejecutando Polylla con tamaño 68062500
Generating points  
Generating triangles 
estimao 136092002 final 136092002
Constructing halfedges 
Triangulation generation time: 270803
[Polylla] Input mesh generated
[Polylla] Constructing Polylla...
[GPU] Copy vectors to device in 896.815 ms
[GPU] Labered max edges in 11.1353 ms
[GPU] Labeled frontier edges in 8.57073 ms
[GPU] Labeled seed edges in 8.58365 ms
[GPU] Labeled seed scan in 4.43536 ms
[GPU] Labeled seed compaction in 2.93731 ms
[GPU] Traversal phase 1 in 26.7595 ms
[GPU] Traversal phase (search frontier edge) in 6.02789 ms
[GPU] Back to host in 877.102 ms
Done!
Printing JSON file as uniform_68062500.json
output json in uniform_68062500.json
Tiempo de ejecución: 298.993 segundos

Thu 23 Mar 2023 05:57:05 PM -03
Ejecutando Polylla con tamaño 71250481
Generating points  
Generating triangles 
estimao 142467200 final 142467200
Constructing halfedges 
Triangulation generation time: 301763
[Polylla] Input mesh generated
[Polylla] Constructing Polylla...
[GPU] Copy vectors to device in 949.844 ms
[GPU] Labered max edges in 11.6094 ms
[GPU] Labeled frontier edges in 8.96348 ms
[GPU] Labeled seed edges in 8.96699 ms
[GPU] Labeled seed scan in 4.63386 ms
[GPU] Labeled seed compaction in 3.07489 ms
[GPU] Traversal phase 1 in 27.9126 ms
[GPU] Traversal phase (search frontier edge) in 6.32372 ms
[GPU] Back to host in 843.604 ms
Done!
Printing JSON file as uniform_71250481.json
output json in uniform_71250481.json
Tiempo de ejecución: 335.492 segundos

Thu 23 Mar 2023 06:02:41 PM -03
Ejecutando Polylla con tamaño 74459641
Generating points  
Generating triangles 
estimao 148884768 final 148884768
Constructing halfedges 
Triangulation generation time: 339705
[Polylla] Input mesh generated
[Polylla] Constructing Polylla...
[GPU] Copy vectors to device in 1055.96 ms
[GPU] Labered max edges in 12.0544 ms
[GPU] Labeled frontier edges in 9.37199 ms
[GPU] Labeled seed edges in 9.38448 ms
[GPU] Labeled seed scan in 4.80076 ms
[GPU] Labeled seed compaction in 3.21192 ms
[GPU] Traversal phase 1 in 29.1576 ms
[GPU] Traversal phase (search frontier edge) in 6.61276 ms
[GPU] Back to host in 927.231 ms
Done!
Printing JSON file as uniform_74459641.json
output json in uniform_74459641.json
Tiempo de ejecución: 374.102 segundos

Thu 23 Mar 2023 06:08:55 PM -03
Ejecutando Polylla con tamaño 77651344
Generating points  
Generating triangles 
estimao 155267442 final 155267442
Constructing halfedges 
Triangulation generation time: 356067
[Polylla] Input mesh generated
[Polylla] Constructing Polylla...
[GPU] Copy vectors to device in 1910.01 ms
[GPU] Labered max edges in 12.5936 ms
[GPU] Labeled frontier edges in 9.77772 ms
[GPU] Labeled seed edges in 9.77595 ms
[GPU] Labeled seed scan in 4.95994 ms
[GPU] Labeled seed compaction in 3.3538 ms
[GPU] Traversal phase 1 in 30.1502 ms
[GPU] Traversal phase (search frontier edge) in 6.94318 ms
[GPU] Back to host in 923.23 ms
Done!
Printing JSON file as uniform_77651344.json
output json in uniform_77651344.json
Tiempo de ejecución: 393.473 segundos

Thu 23 Mar 2023 06:15:28 PM -03
Ejecutando Polylla con tamaño 80838081
Generating points  
Generating triangles 
estimao 161640200 final 161640200
Constructing halfedges 
Triangulation generation time: 370946
[Polylla] Input mesh generated
[Polylla] Constructing Polylla...
[GPU] Copy vectors to device in 1352.49 ms
[GPU] Labered max edges in 13.0815 ms
[GPU] Labeled frontier edges in 10.1723 ms
[GPU] Labeled seed edges in 10.1669 ms
[GPU] Labeled seed scan in 5.16775 ms
[GPU] Labeled seed compaction in 3.48399 ms
[GPU] Traversal phase 1 in 31.7728 ms
[GPU] Traversal phase (search frontier edge) in 7.25092 ms
[GPU] Back to host in 1018.09 ms
Done!
Printing JSON file as uniform_80838081.json
output json in uniform_80838081.json
Tiempo de ejecución: 408.391 segundos

Thu 23 Mar 2023 06:22:17 PM -03
Ejecutando Polylla con tamaño 84033889
Generating points  
Generating triangles 
estimao 168031112 final 168031112
Constructing halfedges 
Triangulation generation time: 380478
[Polylla] Input mesh generated
[Polylla] Constructing Polylla...
[GPU] Copy vectors to device in 1565.6 ms
[GPU] Labered max edges in 13.5314 ms
[GPU] Labeled frontier edges in 10.5679 ms
[GPU] Labeled seed edges in 10.5514 ms
[GPU] Labeled seed scan in 5.35025 ms
[GPU] Labeled seed compaction in 3.62175 ms
[GPU] Traversal phase 1 in 33.0473 ms
[GPU] Traversal phase (search frontier edge) in 7.5826 ms
[GPU] Back to host in 1165.67 ms
Done!
Printing JSON file as uniform_84033889.json
output json in uniform_84033889.json
Tiempo de ejecución: 421.861 segundos

Thu 23 Mar 2023 06:29:18 PM -03
Ejecutando Polylla con tamaño 87216921
Generating points  
Generating triangles 
estimao 174396488 final 174396488
Constructing halfedges 
Triangulation generation time: 452017
[Polylla] Input mesh generated
[Polylla] Constructing Polylla...
[GPU] Copy vectors to device in 2399.23 ms
[GPU] Labered max edges in 14.0755 ms
[GPU] Labeled frontier edges in 10.9623 ms
[GPU] Labeled seed edges in 10.9375 ms
[GPU] Labeled seed scan in 5.51418 ms
[GPU] Labeled seed compaction in 3.75741 ms
[GPU] Traversal phase 1 in 34.1456 ms
[GPU] Traversal phase (search frontier edge) in 7.92256 ms
[GPU] Back to host in 987.635 ms
Done!
Printing JSON file as uniform_87216921.json
output json in uniform_87216921.json
Tiempo de ejecución: 500.261 segundos

Thu 23 Mar 2023 06:37:39 PM -03
Ejecutando Polylla con tamaño 90421081
Generating points  
Generating triangles 
estimao 180804128 final 180804128
Constructing halfedges 
Triangulation generation time: 397343
[Polylla] Input mesh generated
[Polylla] Constructing Polylla...
[GPU] Copy vectors to device in 1265.77 ms
[GPU] Labered max edges in 14.6216 ms
[GPU] Labeled frontier edges in 11.3542 ms
[GPU] Labeled seed edges in 11.3478 ms
[GPU] Labeled seed scan in 5.74288 ms
[GPU] Labeled seed compaction in 3.89454 ms
[GPU] Traversal phase 1 in 35.4308 ms
[GPU] Traversal phase (search frontier edge) in 8.27816 ms
[GPU] Back to host in 1203.34 ms
Done!
Printing JSON file as uniform_90421081.json
output json in uniform_90421081.json
Tiempo de ejecución: 441.761 segundos

Thu 23 Mar 2023 06:45:00 PM -03
Ejecutando Polylla con tamaño 93605625
Generating points  
Generating triangles 
estimao 187172552 final 187172552
Constructing halfedges 
Triangulation generation time: 414255
[Polylla] Input mesh generated
[Polylla] Constructing Polylla...
[GPU] Copy vectors to device in 1545.36 ms
[GPU] Labered max edges in 14.9035 ms
[GPU] Labeled frontier edges in 11.7632 ms
[GPU] Labeled seed edges in 11.7167 ms
[GPU] Labeled seed scan in 5.93776 ms
[GPU] Labeled seed compaction in 4.03438 ms
[GPU] Traversal phase 1 in 36.6493 ms
[GPU] Traversal phase (search frontier edge) in 8.6257 ms
[GPU] Back to host in 1169.37 ms
Done!
Printing JSON file as uniform_93605625.json
output json in uniform_93605625.json
Tiempo de ejecución: 461.649 segundos

Thu 23 Mar 2023 06:52:42 PM -03
Ejecutando Polylla con tamaño 96805921
Generating points  
Generating triangles 
estimao 193572488 final 193572488
Constructing halfedges 
Triangulation generation time: 440212
[Polylla] Input mesh generated
[Polylla] Constructing Polylla...
[GPU] Copy vectors to device in 1588.02 ms
[GPU] Labered max edges in 15.4801 ms
[GPU] Labeled frontier edges in 12.1538 ms
[GPU] Labeled seed edges in 12.1386 ms
[GPU] Labeled seed scan in 6.10455 ms
[GPU] Labeled seed compaction in 4.17038 ms
[GPU] Traversal phase 1 in 38.0396 ms
[GPU] Traversal phase (search frontier edge) in 9.02682 ms
[GPU] Back to host in 1742.95 ms
Done!
Printing JSON file as uniform_96805921.json
output json in uniform_96805921.json
Tiempo de ejecución: 489.013 segundos

Thu 23 Mar 2023 07:00:51 PM -03
Ejecutando Polylla con tamaño 100000000
Generating points  
Generating triangles 
estimao 199960002 final 199960002
Constructing halfedges 
Triangulation generation time: 469430
[Polylla] Input mesh generated
[Polylla] Constructing Polylla...
[GPU] Copy vectors to device in 1358.27 ms
[GPU] Labered max edges in 15.9354 ms
[GPU] Labeled frontier edges in 13.6183 ms
[GPU] Labeled seed edges in 12.5495 ms
[GPU] Labeled seed scan in 26.0659 ms
[GPU] Labeled seed compaction in 4.30845 ms
[GPU] Traversal phase 1 in 39.1472 ms
[GPU] Traversal phase (search frontier edge) in 9.40527 ms
[GPU] Back to host in 1698.16 ms
Done!
Printing JSON file as uniform_100000000.json
output json in uniform_100000000.json
Tiempo de ejecución: 517.849 segundos

Thu 23 Mar 2023 07:09:29 PM -03
