Ejecutando Polylla con tamaño 25745476
Generating points  
Generating triangles 
estimao 51470658 final 51470658
Constructing halfedges 
Triangulation generation time: 105208
[Polylla] Input mesh generated
[Polylla] Constructing Polylla...
[GPU] Copy vectors to device in 323.357 ms
[GPU] Labered max edges in 4.34305 ms
[GPU] Labeled frontier edges in 3.23485 ms
[GPU] Labeled seed edges in 3.29546 ms
[GPU] Labeled seed scan in 2.01066 ms
[GPU] Labeled seed compaction in 1.12485 ms
[GPU] Traversal phase 1 in 11.5798 ms
[GPU] Traversal phase (search frontier edge) in 2.34117 ms
[GPU] Back to host in 431.23 ms
Done!
Printing JSON file as uniform_25745476.json
output json in uniform_25745476.json
Tiempo de ejecución: 119.474 segundos
