Ejecutando Polylla con tamaño 1000000
Generating points  
Generating triangles 
estimao 1996002 final 1996002
Constructing halfedges 
Triangulation generation time: 3252.75
[Polylla] Input mesh generated
[Polylla] Constructing Polylla...
[GPU] Copy vectors to device in 18.4882 ms
[GPU] Labered max edges in 0.24291 ms
[GPU] Labeled frontier edges in 0.137361 ms
[GPU] Labeled seed edges in 0.79174 ms
[GPU] Labeled seed scan in 0.41153 ms
[GPU] Labeled seed compaction in 0.062298 ms
[GPU] Traversal phase 1 in 0.408854 ms
[GPU] Traversal phase (search frontier edge) in 0.792682 ms
[GPU] Back to host in 12.5223 ms
Done!
Printing JSON file as uniform_1000000.json
output json in uniform_1000000.json
Tiempo de ejecución: 4.771 segundos
