Ejecutando Polylla con tamaño 25745476
Generating points  
Generating triangles 
estimao 51470658 final 51470658
Constructing halfedges 
Triangulation generation time: 101741
[Polylla] Input mesh generated
[Polylla] Constructing Polylla...
[GPU] Copy vectors to device in 324.418 ms
[GPU] Labered max edges in 4.3356 ms
[GPU] Labeled frontier edges in 3.40491 ms
[GPU] Labeled seed edges in 3.28697 ms
[GPU] Labeled seed scan in 2.00229 ms
[GPU] Labeled seed compaction in 1.1242 ms
[GPU] Traversal phase 1 in 9.99991 ms
[GPU] Traversal phase (search frontier edge) in 2.34008 ms
[GPU] Back to host in 341.018 ms
Done!
Printing JSON file as uniform_25745476.json
output json in uniform_25745476.json
Tiempo de ejecución: 114.414 segundos
