Ejecutando Polylla con tamaño 100000000
Generating points  
Generating triangles 
estimao 199960002 final 199960002
Constructing halfedges 
Triangulation generation time: 412254
[Polylla] Input mesh generated
[Polylla] Constructing Polylla...
[GPU] Copy vectors to device in 1724.29 ms
[GPU] Labered max edges in 15.898 ms
[GPU] Labeled frontier edges in 12.5522 ms
[GPU] Labeled seed edges in 12.5431 ms
[GPU] Labeled seed scan in 6.26514 ms
[GPU] Labeled seed compaction in 4.30697 ms
[GPU] Traversal phase 1 in 45.1553 ms
[GPU] Traversal phase (search frontier edge) in 9.40407 ms
[GPU] Back to host in 1160.39 ms
Done!
Printing JSON file as uniform_100000000.json
output json in uniform_100000000.json
Tiempo de ejecución: 459.669 segundos
