Ejecutando Polylla con tamaño 1000000
Generating points  
Generating triangles 
estimao 1996002 final 1996002
Constructing halfedges 
Triangulation generation time: 3286.9
[Polylla] Input mesh generated
[Polylla] Constructing Polylla...
[GPU] Copy vectors to device in 21.2358 ms
[GPU] Labered max edges in 0.287354 ms
[GPU] Labeled frontier edges in 0.139835 ms
[GPU] Labeled seed edges in 1.01508 ms
[GPU] Labeled seed scan in 0.421599 ms
[GPU] Labeled seed compaction in 0.06826 ms
[GPU] Traversal phase 1 in 0.604455 ms
[GPU] Traversal phase (search frontier edge) in 1.01334 ms
[GPU] Back to host in 12.5692 ms
Done!
Printing JSON file as uniform_1000000.json
output json in uniform_1000000.json
Tiempo de ejecución: 4.937 segundos
