Ejecutando Polylla con tamaño 75255625
Generating points  
Generating triangles 
estimao 150476552 final 150476552
Constructing halfedges 
Triangulation generation time: 311939
[Polylla] Input mesh generated
[Polylla] Constructing Polylla...
[GPU] Copy vectors to device in 1010.01 ms
[GPU] Labered max edges in 12.1844 ms
[GPU] Labeled frontier edges in 9.47964 ms
[GPU] Labeled seed edges in 9.47083 ms
[GPU] Labeled seed scan in 4.85028 ms
[GPU] Labeled seed compaction in 3.24631 ms
[GPU] Traversal phase 1 in 33.9838 ms
[GPU] Traversal phase (search frontier edge) in 6.6997 ms
[GPU] Back to host in 907.75 ms
Done!
Printing JSON file as uniform_75255625.json
output json in uniform_75255625.json
Tiempo de ejecución: 344.919 segundos
