Ejecutando Polylla con tamaño 50495236
Generating points  
Generating triangles 
estimao 100962050 final 100962050
Constructing halfedges 
Triangulation generation time: 218116
[Polylla] Input mesh generated
[Polylla] Constructing Polylla...
[GPU] Copy vectors to device in 646.005 ms
[GPU] Labered max edges in 8.30474 ms
[GPU] Labeled frontier edges in 6.3444 ms
[GPU] Labeled seed edges in 6.39836 ms
[GPU] Labeled seed scan in 3.43351 ms
[GPU] Labeled seed compaction in 2.18558 ms
[GPU] Traversal phase 1 in 22.678 ms
[GPU] Traversal phase (search frontier edge) in 4.53132 ms
[GPU] Back to host in 596.301 ms
Done!
Printing JSON file as uniform_50495236.json
output json in uniform_50495236.json
Tiempo de ejecución: 241.472 segundos
