Ejecutando Polylla con tamaño 75255625
Generating points  
Generating triangles 
estimao 150476552 final 150476552
Constructing halfedges 
Triangulation generation time: 334087
[Polylla] Input mesh generated
[Polylla] Constructing Polylla...
[GPU] Copy vectors to device in 2982.47 ms
[GPU] Labered max edges in 12.175 ms
[GPU] Labeled frontier edges in 9.4685 ms
[GPU] Labeled seed edges in 9.47351 ms
[GPU] Labeled seed scan in 4.85871 ms
[GPU] Labeled seed compaction in 3.24511 ms
[GPU] Traversal phase 1 in 29.4707 ms
[GPU] Traversal phase (search frontier edge) in 6.70143 ms
[GPU] Back to host in 994.653 ms
Done!
Printing JSON file as uniform_75255625.json
output json in uniform_75255625.json
Tiempo de ejecución: 373.486 segundos
