Ejecutando Polylla con tamaño 50495236
Generating points  
Generating triangles 
estimao 100962050 final 100962050
Constructing halfedges 
Triangulation generation time: 228372
[Polylla] Input mesh generated
[Polylla] Constructing Polylla...
[GPU] Copy vectors to device in 738.761 ms
[GPU] Labered max edges in 8.30341 ms
[GPU] Labeled frontier edges in 6.33069 ms
[GPU] Labeled seed edges in 6.39553 ms
[GPU] Labeled seed scan in 3.4321 ms
[GPU] Labeled seed compaction in 2.17732 ms
[GPU] Traversal phase 1 in 19.6133 ms
[GPU] Traversal phase (search frontier edge) in 4.5271 ms
[GPU] Back to host in 606.775 ms
Done!
Printing JSON file as uniform_50495236.json
output json in uniform_50495236.json
Tiempo de ejecución: 252.018 segundos
