Ejecutando Polylla con tamaño 1000000
Generating points  
Generating triangles 
estimao 1996002 final 1996002
Constructing halfedges 
Triangulation generation time: 3629.99
[Polylla] Input mesh generated
[Polylla] Constructing Polylla...
[GPU] Copy vectors to device in 14.9361 ms
[GPU] Labered max edges in 0.216 ms
[GPU] Labeled frontier edges in 0.137671 ms
[GPU] Labeled seed edges in 0.791871 ms
[GPU] Labeled seed scan in 0.413173 ms
[GPU] Labeled seed compaction in 0.060625 ms
[GPU] Traversal phase 1 in 0.40636 ms
[GPU] Traversal phase (search frontier edge) in 0.790778 ms
[GPU] Back to host in 12.5255 ms
Done!
Printing JSON file as uniform_1000000.json
output json in uniform_1000000.json
Tiempo de ejecución: 5.290 segundos
