Ejecutando Polylla con tamaño 100000000
Generating points  
Generating triangles 
estimao 199960002 final 199960002
Constructing halfedges 
Triangulation generation time: 444557
[Polylla] Input mesh generated
[Polylla] Constructing Polylla...
[GPU] Copy vectors to device in 2770.06 ms
[GPU] Labered max edges in 16.3575 ms
[GPU] Labeled frontier edges in 13.6855 ms
[GPU] Labeled seed edges in 12.5698 ms
[GPU] Labeled seed scan in 7.51464 ms
[GPU] Labeled seed compaction in 4.30302 ms
[GPU] Traversal phase 1 in 39.19 ms
[GPU] Traversal phase (search frontier edge) in 18.516 ms
[GPU] Back to host in 1174.59 ms
Done!
Printing JSON file as uniform_100000000.json
output json in uniform_100000000.json
Tiempo de ejecución: 493.851 segundos
