Ejecutando Polylla con tamaño 75255625
Generating points  
Generating triangles 
estimao 150476552 final 150476552
Constructing halfedges 
Triangulation generation time: 340647
[Polylla] Input mesh generated
[Polylla] Constructing Polylla...
[GPU] Copy vectors to device in 996.93 ms
[GPU] Labered max edges in 12.226 ms
[GPU] Labeled frontier edges in 9.47591 ms
[GPU] Labeled seed edges in 9.47858 ms
[GPU] Labeled seed scan in 4.8538 ms
[GPU] Labeled seed compaction in 3.24748 ms
[GPU] Traversal phase 1 in 29.4701 ms
[GPU] Traversal phase (search frontier edge) in 6.70167 ms
[GPU] Back to host in 852.905 ms
Done!
Printing JSON file as uniform_75255625.json
output json in uniform_75255625.json
Tiempo de ejecución: 375.359 segundos
