Sat Mar 25 06:21:38 -03 2023
Start: 1000000, End: 44312500, Intervalo: 1353515, Diferencia: 43312500, NSAMPLES: 32
Sat Mar 25 06:21:38 -03 2023
Ejecutando Polylla con tamaño 1000000
Reading OFF file ../../data/1000000_points.1.off
[Polylla] Constructing Polylla...
[GPU] Copy vectors to device in 19.3387 ms
[GPU] Labered max edges in 0.283286 ms
[GPU] Labeled frontier edges in 0.135437 ms
[GPU] Labeled seed edges in 0.79659 ms
[GPU] Labeled seed scan in 0.415176 ms
[GPU] Labeled seed compaction in 0.056928 ms
[GPU] Traversal phase 1 in 0.452858 ms
[GPU] Traversal phase (search frontier edge) in 0.877443 ms
[GPU] Back to host in 11.963 ms
Printing OFF file1000000 302941
output off in uniform_1000000.off
Tiempo de ejecución: 12.915 segundos

Sat Mar 25 06:21:51 -03 2023
Ejecutando Polylla con tamaño 2353515
Reading OFF file ../../data/2353515_points.1.off
[Polylla] Constructing Polylla...
[GPU] Copy vectors to device in 38.0318 ms
[GPU] Labered max edges in 0.681512 ms
[GPU] Labeled frontier edges in 0.307031 ms
[GPU] Labeled seed edges in 0.818281 ms
[GPU] Labeled seed scan in 0.515306 ms
[GPU] Labeled seed compaction in 0.111381 ms
[GPU] Traversal phase 1 in 1.04264 ms
[GPU] Traversal phase (search frontier edge) in 0.991028 ms
[GPU] Back to host in 24.4438 ms
Printing OFF file2353515 711914
output off in uniform_2353515.off
Tiempo de ejecución: 29.453 segundos

Sat Mar 25 06:22:20 -03 2023
Ejecutando Polylla con tamaño 3707030
Reading OFF file ../../data/3707030_points.1.off
[Polylla] Constructing Polylla...
[GPU] Copy vectors to device in 55.8159 ms
[GPU] Labered max edges in 1.06722 ms
[GPU] Labeled frontier edges in 0.474319 ms
[GPU] Labeled seed edges in 0.859939 ms
[GPU] Labeled seed scan in 0.581923 ms
[GPU] Labeled seed compaction in 0.164031 ms
[GPU] Traversal phase 1 in 1.6262 ms
[GPU] Traversal phase (search frontier edge) in 1.07732 ms
[GPU] Back to host in 38.3638 ms
Printing OFF file3707030 1121394
output off in uniform_3707030.off
Tiempo de ejecución: 45.921 segundos

Sat Mar 25 06:23:06 -03 2023
Ejecutando Polylla con tamaño 5060545
Reading OFF file ../../data/5060545_points.1.off
[Polylla] Constructing Polylla...
[GPU] Copy vectors to device in 63.1355 ms
[GPU] Labered max edges in 1.46338 ms
[GPU] Labeled frontier edges in 0.650462 ms
[GPU] Labeled seed edges in 0.897711 ms
[GPU] Labeled seed scan in 0.645704 ms
[GPU] Labeled seed compaction in 0.215899 ms
[GPU] Traversal phase 1 in 2.21459 ms
[GPU] Traversal phase (search frontier edge) in 1.18267 ms
[GPU] Back to host in 58.1623 ms
Printing OFF file5060545 1531495
output off in uniform_5060545.off
Tiempo de ejecución: 64.464 segundos

Sat Mar 25 06:24:11 -03 2023
Ejecutando Polylla con tamaño 6414060
Reading OFF file ../../data/6414060_points.1.off
[Polylla] Constructing Polylla...
[GPU] Copy vectors to device in 80.5636 ms
[GPU] Labered max edges in 1.82937 ms
[GPU] Labeled frontier edges in 0.811868 ms
[GPU] Labeled seed edges in 0.983494 ms
[GPU] Labeled seed scan in 0.717058 ms
[GPU] Labeled seed compaction in 0.267768 ms
[GPU] Traversal phase 1 in 2.79644 ms
[GPU] Traversal phase (search frontier edge) in 1.28513 ms
[GPU] Back to host in 65.8671 ms
Printing OFF file6414060 1940863
output off in uniform_6414060.off
Tiempo de ejecución: 83.580 segundos

Sat Mar 25 06:25:34 -03 2023
Ejecutando Polylla con tamaño 7767575
Reading OFF file ../../data/7767575_points.1.off
[Polylla] Constructing Polylla...
[GPU] Copy vectors to device in 103.241 ms
[GPU] Labered max edges in 2.23616 ms
[GPU] Labeled frontier edges in 0.98138 ms
[GPU] Labeled seed edges in 1.08074 ms
[GPU] Labeled seed scan in 1.27539 ms
[GPU] Labeled seed compaction in 0.320969 ms
[GPU] Traversal phase 1 in 3.3813 ms
[GPU] Traversal phase (search frontier edge) in 1.33902 ms
[GPU] Back to host in 88.4003 ms
Printing OFF file7767575 2350641
output off in uniform_7767575.off
Tiempo de ejecución: 103.428 segundos

Sat Mar 25 06:27:18 -03 2023
Ejecutando Polylla con tamaño 9121090
Reading OFF file ../../data/9121090_points.1.off
[Polylla] Constructing Polylla...
[GPU] Copy vectors to device in 127.499 ms
[GPU] Labered max edges in 2.632 ms
[GPU] Labeled frontier edges in 1.154 ms
[GPU] Labeled seed edges in 1.19133 ms
[GPU] Labeled seed scan in 0.920374 ms
[GPU] Labeled seed compaction in 0.372176 ms
[GPU] Traversal phase 1 in 3.97533 ms
[GPU] Traversal phase (search frontier edge) in 1.43557 ms
[GPU] Back to host in 105.175 ms
Printing OFF file9121090 2759791
output off in uniform_9121090.off
Tiempo de ejecución: 115.643 segundos

Sat Mar 25 06:29:13 -03 2023
Ejecutando Polylla con tamaño 10474605
Reading OFF file ../../data/10474605_points.1.off
[Polylla] Constructing Polylla...
[GPU] Copy vectors to device in 145.515 ms
[GPU] Labered max edges in 3.00441 ms
[GPU] Labeled frontier edges in 1.31901 ms
[GPU] Labeled seed edges in 1.3104 ms
[GPU] Labeled seed scan in 0.967774 ms
[GPU] Labeled seed compaction in 0.424404 ms
[GPU] Traversal phase 1 in 4.56119 ms
[GPU] Traversal phase (search frontier edge) in 1.48052 ms
[GPU] Back to host in 120.883 ms
Printing OFF file10474605 3170983
output off in uniform_10474605.off
Tiempo de ejecución: 133.105 segundos

Sat Mar 25 06:31:26 -03 2023
Ejecutando Polylla con tamaño 11828120
Reading OFF file ../../data/11828120_points.1.off
[Polylla] Constructing Polylla...
[GPU] Copy vectors to device in 162.524 ms
[GPU] Labered max edges in 3.37237 ms
[GPU] Labeled frontier edges in 1.49069 ms
[GPU] Labeled seed edges in 1.59178 ms
[GPU] Labeled seed scan in 1.05686 ms
[GPU] Labeled seed compaction in 0.477565 ms
[GPU] Traversal phase 1 in 5.13908 ms
[GPU] Traversal phase (search frontier edge) in 1.56407 ms
[GPU] Back to host in 136.615 ms
Printing OFF file11828120 3580665
output off in uniform_11828120.off
Tiempo de ejecución: 151.497 segundos

Sat Mar 25 06:33:58 -03 2023
Ejecutando Polylla con tamaño 13181635
Reading OFF file ../../data/13181635_points.1.off
[Polylla] Constructing Polylla...
[GPU] Copy vectors to device in 181.819 ms
[GPU] Labered max edges in 3.78644 ms
[GPU] Labeled frontier edges in 1.65672 ms
[GPU] Labeled seed edges in 1.71608 ms
[GPU] Labeled seed scan in 1.14688 ms
[GPU] Labeled seed compaction in 0.529213 ms
[GPU] Traversal phase 1 in 5.71762 ms
[GPU] Traversal phase (search frontier edge) in 1.65317 ms
[GPU] Back to host in 153.801 ms
Printing OFF file13181635 3991001
output off in uniform_13181635.off
Tiempo de ejecución: 172.089 segundos

Sat Mar 25 06:36:50 -03 2023
Ejecutando Polylla con tamaño 14535150
Reading OFF file ../../data/14535150_points.1.off
[Polylla] Constructing Polylla...
[GPU] Copy vectors to device in 196.911 ms
[GPU] Labered max edges in 4.19075 ms
[GPU] Labeled frontier edges in 1.83043 ms
[GPU] Labeled seed edges in 1.83335 ms
[GPU] Labeled seed scan in 1.21837 ms
[GPU] Labeled seed compaction in 0.582012 ms
[GPU] Traversal phase 1 in 6.30874 ms
[GPU] Traversal phase (search frontier edge) in 1.68968 ms
[GPU] Back to host in 167.624 ms
Printing OFF file14535150 4400194
output off in uniform_14535150.off
Tiempo de ejecución: 188.021 segundos

Sat Mar 25 06:39:58 -03 2023
Ejecutando Polylla con tamaño 15888665
Reading OFF file ../../data/15888665_points.1.off
[Polylla] Constructing Polylla...
[GPU] Copy vectors to device in 216.259 ms
[GPU] Labered max edges in 4.57502 ms
[GPU] Labeled frontier edges in 1.9975 ms
[GPU] Labeled seed edges in 1.96821 ms
[GPU] Labeled seed scan in 1.3039 ms
[GPU] Labeled seed compaction in 0.63347 ms
[GPU] Traversal phase 1 in 6.89079 ms
[GPU] Traversal phase (search frontier edge) in 1.7701 ms
[GPU] Back to host in 183.112 ms
Printing OFF file15888665 4810195
output off in uniform_15888665.off
Tiempo de ejecución: 206.736 segundos

Sat Mar 25 06:43:25 -03 2023
Ejecutando Polylla con tamaño 17242180
Reading OFF file ../../data/17242180_points.1.off
[Polylla] Constructing Polylla...
[GPU] Copy vectors to device in 234.158 ms
[GPU] Labered max edges in 4.97228 ms
[GPU] Labeled frontier edges in 2.16861 ms
[GPU] Labeled seed edges in 2.21624 ms
[GPU] Labeled seed scan in 1.35933 ms
[GPU] Labeled seed compaction in 0.68584 ms
[GPU] Traversal phase 1 in 7.49193 ms
[GPU] Traversal phase (search frontier edge) in 1.85942 ms
[GPU] Back to host in 199.139 ms
Printing OFF file17242180 5219661
output off in uniform_17242180.off
Tiempo de ejecución: 227.949 segundos

Sat Mar 25 06:47:13 -03 2023
Ejecutando Polylla con tamaño 18595695
Reading OFF file ../../data/18595695_points.1.off
[Polylla] Constructing Polylla...
[GPU] Copy vectors to device in 252.093 ms
[GPU] Labered max edges in 5.32835 ms
[GPU] Labeled frontier edges in 2.33382 ms
[GPU] Labeled seed edges in 2.34355 ms
[GPU] Labeled seed scan in 1.41249 ms
[GPU] Labeled seed compaction in 0.73867 ms
[GPU] Traversal phase 1 in 8.07391 ms
[GPU] Traversal phase (search frontier edge) in 1.88793 ms
[GPU] Back to host in 210.209 ms
Printing OFF file18595695 5630513
output off in uniform_18595695.off
Tiempo de ejecución: 246.041 segundos

Sat Mar 25 06:51:19 -03 2023
Ejecutando Polylla con tamaño 19949210
Reading OFF file ../../data/19949210_points.1.off
[Polylla] Constructing Polylla...
[GPU] Copy vectors to device in 278.81 ms
[GPU] Labered max edges in 5.73916 ms
[GPU] Labeled frontier edges in 2.50317 ms
[GPU] Labeled seed edges in 2.48338 ms
[GPU] Labeled seed scan in 1.49635 ms
[GPU] Labeled seed compaction in 0.790818 ms
[GPU] Traversal phase 1 in 8.66497 ms
[GPU] Traversal phase (search frontier edge) in 1.97313 ms
[GPU] Back to host in 292.571 ms
Printing OFF file19949210 6039874
output off in uniform_19949210.off
Tiempo de ejecución: 262.957 segundos

Sat Mar 25 06:55:42 -03 2023
Ejecutando Polylla con tamaño 21302725
Reading OFF file ../../data/21302725_points.1.off
[Polylla] Constructing Polylla...
[GPU] Copy vectors to device in 286.966 ms
[GPU] Labered max edges in 6.11894 ms
[GPU] Labeled frontier edges in 2.68141 ms
[GPU] Labeled seed edges in 2.63896 ms
[GPU] Labeled seed scan in 1.68347 ms
[GPU] Labeled seed compaction in 0.843358 ms
[GPU] Traversal phase 1 in 9.24989 ms
[GPU] Traversal phase (search frontier edge) in 2.00446 ms
[GPU] Back to host in 241.052 ms
Printing OFF file21302725 6449242
output off in uniform_21302725.off
Tiempo de ejecución: 283.802 segundos

Sat Mar 25 07:00:26 -03 2023
Ejecutando Polylla con tamaño 22656240
Reading OFF file ../../data/22656240_points.1.off
[Polylla] Constructing Polylla...
[GPU] Copy vectors to device in 303.22 ms
[GPU] Labered max edges in 6.50453 ms
[GPU] Labeled frontier edges in 2.84761 ms
[GPU] Labeled seed edges in 2.85986 ms
[GPU] Labeled seed scan in 1.77946 ms
[GPU] Labeled seed compaction in 0.894575 ms
[GPU] Traversal phase 1 in 9.83469 ms
[GPU] Traversal phase (search frontier edge) in 2.08285 ms
[GPU] Back to host in 256.145 ms
Printing OFF file22656240 6859005
output off in uniform_22656240.off
Tiempo de ejecución: 304.380 segundos

Sat Mar 25 07:05:30 -03 2023
Ejecutando Polylla con tamaño 24009755
Reading OFF file ../../data/24009755_points.1.off
[Polylla] Constructing Polylla...
[GPU] Copy vectors to device in 320.517 ms
[GPU] Labered max edges in 6.88846 ms
[GPU] Labeled frontier edges in 3.00955 ms
[GPU] Labeled seed edges in 3.06568 ms
[GPU] Labeled seed scan in 1.84928 ms
[GPU] Labeled seed compaction in 0.947676 ms
[GPU] Traversal phase 1 in 10.4193 ms
[GPU] Traversal phase (search frontier edge) in 2.1574 ms
[GPU] Back to host in 271.141 ms
Printing OFF file24009755 7268238
output off in uniform_24009755.off
Tiempo de ejecución: 321.536 segundos

Sat Mar 25 07:10:51 -03 2023
Ejecutando Polylla con tamaño 25363270
Reading OFF file ../../data/25363270_points.1.off
[Polylla] Constructing Polylla...
[GPU] Copy vectors to device in 340.716 ms
[GPU] Labered max edges in 7.30502 ms
[GPU] Labeled frontier edges in 3.18079 ms
[GPU] Labeled seed edges in 3.20655 ms
[GPU] Labeled seed scan in 1.92245 ms
[GPU] Labeled seed compaction in 0.999113 ms
[GPU] Traversal phase 1 in 11.0033 ms
[GPU] Traversal phase (search frontier edge) in 2.19617 ms
[GPU] Back to host in 287.043 ms
Printing OFF file25363270 7676631
output off in uniform_25363270.off
Tiempo de ejecución: 340.229 segundos

Sat Mar 25 07:16:32 -03 2023
Ejecutando Polylla con tamaño 26716785
Reading OFF file ../../data/26716785_points.1.off
[Polylla] Constructing Polylla...
[GPU] Copy vectors to device in 356.672 ms
[GPU] Labered max edges in 7.6818 ms
[GPU] Labeled frontier edges in 3.35952 ms
[GPU] Labeled seed edges in 3.31756 ms
[GPU] Labeled seed scan in 1.99666 ms
[GPU] Labeled seed compaction in 1.05265 ms
[GPU] Traversal phase 1 in 11.5922 ms
[GPU] Traversal phase (search frontier edge) in 2.27478 ms
[GPU] Back to host in 302.982 ms
Printing OFF file26716785 8085633
output off in uniform_26716785.off
Tiempo de ejecución: 361.872 segundos

Sat Mar 25 07:22:34 -03 2023
Ejecutando Polylla con tamaño 28070300
Reading OFF file ../../data/28070300_points.1.off
[Polylla] Constructing Polylla...
[GPU] Copy vectors to device in 449.268 ms
[GPU] Labered max edges in 8.09029 ms
[GPU] Labeled frontier edges in 4.79947 ms
[GPU] Labeled seed edges in 3.63469 ms
[GPU] Labeled seed scan in 2.12049 ms
[GPU] Labeled seed compaction in 1.1044 ms
[GPU] Traversal phase 1 in 12.1904 ms
[GPU] Traversal phase (search frontier edge) in 2.32005 ms
[GPU] Back to host in 338.271 ms
Printing OFF file28070300 8497182
output off in uniform_28070300.off
Tiempo de ejecución: 377.921 segundos

Sat Mar 25 07:28:52 -03 2023
Ejecutando Polylla con tamaño 29423815
Reading OFF file ../../data/29423815_points.1.off
[Polylla] Constructing Polylla...
[GPU] Copy vectors to device in 394.303 ms
[GPU] Labered max edges in 8.46269 ms
[GPU] Labeled frontier edges in 3.68929 ms
[GPU] Labeled seed edges in 3.73277 ms
[GPU] Labeled seed scan in 2.27909 ms
[GPU] Labeled seed compaction in 1.15647 ms
[GPU] Traversal phase 1 in 12.7542 ms
[GPU] Traversal phase (search frontier edge) in 2.39312 ms
[GPU] Back to host in 347.709 ms
Printing OFF file29423815 8907845
output off in uniform_29423815.off
Tiempo de ejecución: 395.653 segundos

Sat Mar 25 07:35:27 -03 2023
Ejecutando Polylla con tamaño 30777330
Reading OFF file ../../data/30777330_points.1.off
[Polylla] Constructing Polylla...
[GPU] Copy vectors to device in 390.469 ms
[GPU] Labered max edges in 8.87217 ms
[GPU] Labeled frontier edges in 3.85826 ms
[GPU] Labeled seed edges in 3.86236 ms
[GPU] Labeled seed scan in 2.24574 ms
[GPU] Labeled seed compaction in 1.20849 ms
[GPU] Traversal phase 1 in 13.3457 ms
[GPU] Traversal phase (search frontier edge) in 2.46732 ms
[GPU] Back to host in 370.666 ms
Printing OFF file30777330 9317845
output off in uniform_30777330.off
Tiempo de ejecución: 418.049 segundos

Sat Mar 25 07:42:25 -03 2023
Ejecutando Polylla con tamaño 32130845
Reading OFF file ../../data/32130845_points.1.off
[Polylla] Constructing Polylla...
[GPU] Copy vectors to device in 390.073 ms
[GPU] Labered max edges in 9.26877 ms
[GPU] Labeled frontier edges in 4.02857 ms
[GPU] Labeled seed edges in 3.97975 ms
[GPU] Labeled seed scan in 2.35759 ms
[GPU] Labeled seed compaction in 1.26262 ms
[GPU] Traversal phase 1 in 13.9439 ms
[GPU] Traversal phase (search frontier edge) in 2.52094 ms
[GPU] Back to host in 488.312 ms
Printing OFF file32130845 9728626
output off in uniform_32130845.off
Tiempo de ejecución: 437.987 segundos

Sat Mar 25 07:49:43 -03 2023
Ejecutando Polylla con tamaño 33484360
Reading OFF file ../../data/33484360_points.1.off
[Polylla] Constructing Polylla...
[GPU] Copy vectors to device in 438.965 ms
[GPU] Labered max edges in 9.68905 ms
[GPU] Labeled frontier edges in 4.19707 ms
[GPU] Labeled seed edges in 4.10964 ms
[GPU] Labeled seed scan in 2.41699 ms
[GPU] Labeled seed compaction in 1.3125 ms
[GPU] Traversal phase 1 in 14.5327 ms
[GPU] Traversal phase (search frontier edge) in 2.59463 ms
[GPU] Back to host in 399.088 ms
Printing OFF file33484360 10138018
output off in uniform_33484360.off
Tiempo de ejecución: 464.953 segundos

Sat Mar 25 07:57:28 -03 2023
Ejecutando Polylla con tamaño 34837875
Reading OFF file ../../data/34837875_points.1.off
[Polylla] Constructing Polylla...
[GPU] Copy vectors to device in 442.751 ms
[GPU] Labered max edges in 10.0202 ms
[GPU] Labeled frontier edges in 4.37242 ms
[GPU] Labeled seed edges in 4.33276 ms
[GPU] Labeled seed scan in 2.50841 ms
[GPU] Labeled seed compaction in 1.36716 ms
[GPU] Traversal phase 1 in 15.1346 ms
[GPU] Traversal phase (search frontier edge) in 2.64492 ms
[GPU] Back to host in 402.403 ms
Printing OFF file34837875 10547470
output off in uniform_34837875.off
Tiempo de ejecución: 489.557 segundos

Sat Mar 25 08:05:38 -03 2023
Ejecutando Polylla con tamaño 36191390
Reading OFF file ../../data/36191390_points.1.off
[Polylla] Constructing Polylla...
[GPU] Copy vectors to device in 478.963 ms
[GPU] Labered max edges in 10.4458 ms
[GPU] Labeled frontier edges in 4.54004 ms
[GPU] Labeled seed edges in 4.47227 ms
[GPU] Labeled seed scan in 2.59516 ms
[GPU] Labeled seed compaction in 1.42 ms
[GPU] Traversal phase 1 in 15.7186 ms
[GPU] Traversal phase (search frontier edge) in 2.7193 ms
[GPU] Back to host in 524.265 ms
Printing OFF file36191390 10957693
output off in uniform_36191390.off
Tiempo de ejecución: 526.701 segundos

Sat Mar 25 08:14:24 -03 2023
Ejecutando Polylla con tamaño 37544905
Reading OFF file ../../data/37544905_points.1.off
[Polylla] Constructing Polylla...
[GPU] Copy vectors to device in 493.216 ms
[GPU] Labered max edges in 10.8292 ms
[GPU] Labeled frontier edges in 4.71014 ms
[GPU] Labeled seed edges in 4.61722 ms
[GPU] Labeled seed scan in 2.66745 ms
[GPU] Labeled seed compaction in 1.47219 ms
[GPU] Traversal phase 1 in 16.3113 ms
[GPU] Traversal phase (search frontier edge) in 2.792 ms
[GPU] Back to host in 435.86 ms
Printing OFF file37544905 11367527
output off in uniform_37544905.off
Tiempo de ejecución: 538.948 segundos

Sat Mar 25 08:23:23 -03 2023
Ejecutando Polylla con tamaño 38898420
Reading OFF file ../../data/38898420_points.1.off
[Polylla] Constructing Polylla...
[GPU] Copy vectors to device in 496.912 ms
[GPU] Labered max edges in 11.2224 ms
[GPU] Labeled frontier edges in 4.88124 ms
[GPU] Labeled seed edges in 4.7879 ms
[GPU] Labeled seed scan in 2.76547 ms
[GPU] Labeled seed compaction in 1.52285 ms
[GPU] Traversal phase 1 in 16.8896 ms
[GPU] Traversal phase (search frontier edge) in 2.8538 ms
[GPU] Back to host in 454.557 ms
Printing OFF file38898420 11778156
output off in uniform_38898420.off
Tiempo de ejecución: 561.137 segundos

Sat Mar 25 08:32:45 -03 2023
Ejecutando Polylla con tamaño 40251935
Reading OFF file ../../data/40251935_points.1.off
[Polylla] Constructing Polylla...
[GPU] Copy vectors to device in 507.666 ms
[GPU] Labered max edges in 11.6251 ms
[GPU] Labeled frontier edges in 5.03779 ms
[GPU] Labeled seed edges in 4.98241 ms
[GPU] Labeled seed scan in 2.80683 ms
[GPU] Labeled seed compaction in 1.57626 ms
[GPU] Traversal phase 1 in 17.4814 ms
[GPU] Traversal phase (search frontier edge) in 2.92573 ms
[GPU] Back to host in 520.644 ms
Printing OFF file40251935 12188789
output off in uniform_40251935.off
Tiempo de ejecución: 574.373 segundos

Sat Mar 25 08:42:19 -03 2023
Ejecutando Polylla con tamaño 41605450
Reading OFF file ../../data/41605450_points.1.off
[Polylla] Constructing Polylla...
[GPU] Copy vectors to device in 527.96 ms
[GPU] Labered max edges in 11.9926 ms
[GPU] Labeled frontier edges in 5.20873 ms
[GPU] Labeled seed edges in 5.12721 ms
[GPU] Labeled seed scan in 2.87573 ms
[GPU] Labeled seed compaction in 1.62772 ms
[GPU] Traversal phase 1 in 18.0705 ms
[GPU] Traversal phase (search frontier edge) in 2.9863 ms
[GPU] Back to host in 468.296 ms
Printing OFF file41605450 12597729
output off in uniform_41605450.off
Tiempo de ejecución: 602.021 segundos

Sat Mar 25 08:52:21 -03 2023
Ejecutando Polylla con tamaño 42958965
Reading OFF file ../../data/42958965_points.1.off
[Polylla] Constructing Polylla...
[GPU] Copy vectors to device in 544.819 ms
[GPU] Labered max edges in 12.377 ms
[GPU] Labeled frontier edges in 5.38772 ms
[GPU] Labeled seed edges in 5.28156 ms
[GPU] Labeled seed scan in 2.99813 ms
[GPU] Labeled seed compaction in 1.68077 ms
[GPU] Traversal phase 1 in 18.6399 ms
[GPU] Traversal phase (search frontier edge) in 3.05464 ms
[GPU] Back to host in 496.963 ms
Printing OFF file42958965 13007639
output off in uniform_42958965.off
Tiempo de ejecución: 620.985 segundos

Sat Mar 25 09:02:42 -03 2023
Ejecutando Polylla con tamaño 44312480
Reading OFF file ../../data/44312480_points.1.off
[Polylla] Constructing Polylla...
[GPU] Copy vectors to device in 555.724 ms
[GPU] Labered max edges in 12.7414 ms
[GPU] Labeled frontier edges in 5.54854 ms
[GPU] Labeled seed edges in 5.43913 ms
[GPU] Labeled seed scan in 3.03617 ms
[GPU] Labeled seed compaction in 1.73166 ms
[GPU] Traversal phase 1 in 19.2349 ms
[GPU] Traversal phase (search frontier edge) in 3.12696 ms
[GPU] Back to host in 498.411 ms
Printing OFF file44312480 13417452
output off in uniform_44312480.off
Tiempo de ejecución: 636.335 segundos

Sat Mar 25 09:13:18 -03 2023
