Ejecutando Polylla con tamaño 25745476
Generating points  
Generating triangles 
estimao 51470658 final 51470658
Constructing halfedges 
Triangulation generation time: 106164
[Polylla] Input mesh generated
[Polylla] Constructing Polylla...
[GPU] Copy vectors to device in 365.608 ms
[GPU] Labered max edges in 4.3309 ms
[GPU] Labeled frontier edges in 3.24217 ms
[GPU] Labeled seed edges in 3.28708 ms
[GPU] Labeled seed scan in 1.99292 ms
[GPU] Labeled seed compaction in 1.12286 ms
[GPU] Traversal phase 1 in 10.0036 ms
[GPU] Traversal phase (search frontier edge) in 2.33521 ms
[GPU] Back to host in 309.034 ms
Done!
Printing JSON file as uniform_25745476.json
output json in uniform_25745476.json
Tiempo de ejecución: 120.220 segundos
