Ejecutando Polylla con tamaño 100000000
Generating points  
Generating triangles 
estimao 199960002 final 199960002
Constructing halfedges 
Triangulation generation time: 416760
[Polylla] Input mesh generated
[Polylla] Constructing Polylla...
[GPU] Copy vectors to device in 1620.77 ms
[GPU] Labered max edges in 15.9698 ms
[GPU] Labeled frontier edges in 12.53 ms
[GPU] Labeled seed edges in 12.541 ms
[GPU] Labeled seed scan in 6.25701 ms
[GPU] Labeled seed compaction in 4.29574 ms
[GPU] Traversal phase 1 in 39.1629 ms
[GPU] Traversal phase (search frontier edge) in 9.40715 ms
[GPU] Back to host in 1302.32 ms
Done!
Printing JSON file as uniform_100000000.json
output json in uniform_100000000.json
Tiempo de ejecución: 466.687 segundos
