Thu 23 Mar 2023 02:44:40 PM -03
Start: 1000000, End: 100000000, Intervalo: 3193548, Diferencia: 99000000, NSAMPLES: 31
Valores: 1000000 4194304 7387524 10582009 13771521 16966161 20160100 23357889 26553409 29746116 32936121 36132121 39325441 42510400 45711121 48902049 52099524 55294096 58476609 61669609 64866916 68062500 71250481 74459641 77651344 80838081 84033889 87216921 90421081 93605625 96805921 100000000
Thu 23 Mar 2023 02:44:40 PM -03
Ejecutando Polylla con tamaño 1000000
Generating points  
Generating triangles 
estimao 1996002 final 1996002
Constructing halfedges 
Triangulation generation time: 3231.52
[Polylla] Input mesh generated
[Polylla] Constructing Polylla...
[GPU] Copy vectors to device in 18.8144 ms
[GPU] Labered max edges in 0.25344 ms
[GPU] Labeled frontier edges in 0.137651 ms
[GPU] Labeled seed edges in 0.79132 ms
[GPU] Labeled seed scan in 0.410377 ms
[GPU] Labeled seed compaction in 0.061676 ms
[GPU] Traversal phase 1 in 0.408193 ms
[GPU] Traversal phase (search frontier edge) in 0.793162 ms
[GPU] Back to host in 12.7367 ms
Done!
Printing JSON file as uniform_1000000.json
output json in uniform_1000000.json
Tiempo de ejecución: 4.806 segundos

Thu 23 Mar 2023 02:44:45 PM -03
Ejecutando Polylla con tamaño 4194304
Generating points  
Generating triangles 
estimao 8380418 final 8380418
Constructing halfedges 
Triangulation generation time: 14391.6
[Polylla] Input mesh generated
[Polylla] Constructing Polylla...
[GPU] Copy vectors to device in 61.4861 ms
[GPU] Labered max edges in 0.785828 ms
[GPU] Labeled frontier edges in 0.536486 ms
[GPU] Labeled seed edges in 0.843108 ms
[GPU] Labeled seed scan in 0.609214 ms
[GPU] Labeled seed compaction in 0.199488 ms
[GPU] Traversal phase 1 in 1.65232 ms
[GPU] Traversal phase (search frontier edge) in 0.819683 ms
[GPU] Back to host in 52.7586 ms
Done!
Printing JSON file as uniform_4194304.json
output json in uniform_4194304.json
Tiempo de ejecución: 17.213 segundos

Thu 23 Mar 2023 02:45:02 PM -03
Ejecutando Polylla con tamaño 7387524
Generating points  
Generating triangles 
estimao 14764178 final 14764178
Constructing halfedges 
Triangulation generation time: 27691.1
[Polylla] Input mesh generated
[Polylla] Constructing Polylla...
[GPU] Copy vectors to device in 105.245 ms
[GPU] Labered max edges in 1.31162 ms
[GPU] Labeled frontier edges in 0.932678 ms
[GPU] Labeled seed edges in 1.00924 ms
[GPU] Labeled seed scan in 0.789596 ms
[GPU] Labeled seed compaction in 0.336036 ms
[GPU] Traversal phase 1 in 2.89756 ms
[GPU] Traversal phase (search frontier edge) in 0.932337 ms
[GPU] Back to host in 95.4288 ms
Done!
Printing JSON file as uniform_7387524.json
output json in uniform_7387524.json
Tiempo de ejecución: 31.776 segundos

Thu 23 Mar 2023 02:45:34 PM -03
Ejecutando Polylla con tamaño 10582009
Generating points  
Generating triangles 
estimao 21151008 final 21151008
Constructing halfedges 
Triangulation generation time: 39337.7
[Polylla] Input mesh generated
[Polylla] Constructing Polylla...
[GPU] Copy vectors to device in 136.915 ms
[GPU] Labered max edges in 1.82593 ms
[GPU] Labeled frontier edges in 1.33582 ms
[GPU] Labeled seed edges in 1.3778 ms
[GPU] Labeled seed scan in 1.18117 ms
[GPU] Labeled seed compaction in 0.472516 ms
[GPU] Traversal phase 1 in 4.14761 ms
[GPU] Traversal phase (search frontier edge) in 1.11433 ms
[GPU] Back to host in 123.452 ms
Done!
Printing JSON file as uniform_10582009.json
output json in uniform_10582009.json
Tiempo de ejecución: 44.769 segundos

Thu 23 Mar 2023 02:46:18 PM -03
Ejecutando Polylla con tamaño 13771521
Generating points  
Generating triangles 
estimao 27528200 final 27528200
Constructing halfedges 
Triangulation generation time: 48656.4
[Polylla] Input mesh generated
[Polylla] Constructing Polylla...
[GPU] Copy vectors to device in 190.402 ms
[GPU] Labered max edges in 2.35383 ms
[GPU] Labeled frontier edges in 1.7404 ms
[GPU] Labeled seed edges in 1.7866 ms
[GPU] Labeled seed scan in 1.19236 ms
[GPU] Labeled seed compaction in 0.610707 ms
[GPU] Traversal phase 1 in 5.40383 ms
[GPU] Traversal phase (search frontier edge) in 1.3206 ms
[GPU] Back to host in 170.183 ms
Done!
Printing JSON file as uniform_13771521.json
output json in uniform_13771521.json
Tiempo de ejecución: 55.315 segundos

Thu 23 Mar 2023 02:47:14 PM -03
Ejecutando Polylla con tamaño 16966161
Generating points  
Generating triangles 
estimao 33915848 final 33915848
Constructing halfedges 
Triangulation generation time: 60453.6
[Polylla] Input mesh generated
[Polylla] Constructing Polylla...
[GPU] Copy vectors to device in 235.699 ms
[GPU] Labered max edges in 2.87723 ms
[GPU] Labeled frontier edges in 2.13593 ms
[GPU] Labeled seed edges in 2.20155 ms
[GPU] Labeled seed scan in 1.38414 ms
[GPU] Labeled seed compaction in 0.747556 ms
[GPU] Traversal phase 1 in 6.57735 ms
[GPU] Traversal phase (search frontier edge) in 1.56346 ms
[GPU] Back to host in 215.693 ms
Done!
Printing JSON file as uniform_16966161.json
output json in uniform_16966161.json
Tiempo de ejecución: 68.752 segundos

Thu 23 Mar 2023 02:48:22 PM -03
Ejecutando Polylla con tamaño 20160100
Generating points  
Generating triangles 
estimao 40302242 final 40302242
Constructing halfedges 
Triangulation generation time: 73253.5
[Polylla] Input mesh generated
[Polylla] Constructing Polylla...
[GPU] Copy vectors to device in 296.256 ms
[GPU] Labered max edges in 3.41311 ms
[GPU] Labeled frontier edges in 2.54879 ms
[GPU] Labeled seed edges in 2.58614 ms
[GPU] Labeled seed scan in 1.53219 ms
[GPU] Labeled seed compaction in 0.883023 ms
[GPU] Traversal phase 1 in 7.91879 ms
[GPU] Traversal phase (search frontier edge) in 1.8538 ms
[GPU] Back to host in 242.214 ms
Done!
Printing JSON file as uniform_20160100.json
output json in uniform_20160100.json
Tiempo de ejecución: 82.797 segundos

Thu 23 Mar 2023 02:49:45 PM -03
Ejecutando Polylla con tamaño 23357889
Generating points  
Generating triangles 
estimao 46696448 final 46696448
Constructing halfedges 
Triangulation generation time: 85549.1
[Polylla] Input mesh generated
[Polylla] Constructing Polylla...
[GPU] Copy vectors to device in 318.235 ms
[GPU] Labered max edges in 3.94069 ms
[GPU] Labeled frontier edges in 2.94034 ms
[GPU] Labeled seed edges in 2.99963 ms
[GPU] Labeled seed scan in 1.89602 ms
[GPU] Labeled seed compaction in 1.02257 ms
[GPU] Traversal phase 1 in 9.09026 ms
[GPU] Traversal phase (search frontier edge) in 2.14023 ms
[GPU] Back to host in 353.226 ms
Done!
Printing JSON file as uniform_23357889.json
output json in uniform_23357889.json
Tiempo de ejecución: 96.780 segundos

Thu 23 Mar 2023 02:51:22 PM -03
Ejecutando Polylla con tamaño 26553409
Generating points  
Generating triangles 
estimao 53086208 final 53086208
Constructing halfedges 
Triangulation generation time: 96824.2
[Polylla] Input mesh generated
[Polylla] Constructing Polylla...
[GPU] Copy vectors to device in 395.363 ms
[GPU] Labered max edges in 4.45218 ms
[GPU] Labeled frontier edges in 3.34174 ms
[GPU] Labeled seed edges in 3.37258 ms
[GPU] Labeled seed scan in 2.03075 ms
[GPU] Labeled seed compaction in 1.15628 ms
[GPU] Traversal phase 1 in 10.343 ms
[GPU] Traversal phase (search frontier edge) in 2.41373 ms
[GPU] Back to host in 330.114 ms
Done!
Printing JSON file as uniform_26553409.json
output json in uniform_26553409.json
Tiempo de ejecución: 109.457 segundos

Thu 23 Mar 2023 02:53:11 PM -03
Ejecutando Polylla con tamaño 29746116
Generating points  
Generating triangles 
estimao 59470418 final 59470418
Constructing halfedges 
Triangulation generation time: 113386
[Polylla] Input mesh generated
[Polylla] Constructing Polylla...
[GPU] Copy vectors to device in 427.715 ms
[GPU] Labered max edges in 4.91033 ms
[GPU] Labeled frontier edges in 3.74547 ms
[GPU] Labeled seed edges in 3.79182 ms
[GPU] Labeled seed scan in 2.21401 ms
[GPU] Labeled seed compaction in 1.29611 ms
[GPU] Traversal phase 1 in 11.6732 ms
[GPU] Traversal phase (search frontier edge) in 2.68503 ms
[GPU] Back to host in 356.838 ms
Done!
Printing JSON file as uniform_29746116.json
output json in uniform_29746116.json
Tiempo de ejecución: 127.897 segundos

Thu 23 Mar 2023 02:55:19 PM -03
Ejecutando Polylla con tamaño 32936121
Generating points  
Generating triangles 
estimao 65849288 final 65849288
Constructing halfedges 
Triangulation generation time: 129699
[Polylla] Input mesh generated
[Polylla] Constructing Polylla...
[GPU] Copy vectors to device in 454.158 ms
[GPU] Labered max edges in 5.46276 ms
[GPU] Labeled frontier edges in 4.14766 ms
[GPU] Labeled seed edges in 4.17384 ms
[GPU] Labeled seed scan in 2.39969 ms
[GPU] Labeled seed compaction in 1.43311 ms
[GPU] Traversal phase 1 in 12.8951 ms
[GPU] Traversal phase (search frontier edge) in 2.95611 ms
[GPU] Back to host in 425.057 ms
Done!
Printing JSON file as uniform_32936121.json
output json in uniform_32936121.json
Tiempo de ejecución: 145.624 segundos

Thu 23 Mar 2023 02:57:45 PM -03
Ejecutando Polylla con tamaño 36132121
Generating points  
Generating triangles 
estimao 72240200 final 72240200
Constructing halfedges 
Triangulation generation time: 136082
[Polylla] Input mesh generated
[Polylla] Constructing Polylla...
[GPU] Copy vectors to device in 463.015 ms
[GPU] Labered max edges in 5.99049 ms
[GPU] Labeled frontier edges in 4.54474 ms
[GPU] Labeled seed edges in 4.57912 ms
[GPU] Labeled seed scan in 2.5832 ms
[GPU] Labeled seed compaction in 1.56873 ms
[GPU] Traversal phase 1 in 14.1494 ms
[GPU] Traversal phase (search frontier edge) in 3.2339 ms
[GPU] Back to host in 397.528 ms
Done!
Printing JSON file as uniform_36132121.json
output json in uniform_36132121.json
Tiempo de ejecución: 152.757 segundos

Thu 23 Mar 2023 03:00:18 PM -03
Ejecutando Polylla con tamaño 39325441
Generating points  
Generating triangles 
estimao 78625800 final 78625800
Constructing halfedges 
Triangulation generation time: 157797
[Polylla] Input mesh generated
[Polylla] Constructing Polylla...
[GPU] Copy vectors to device in 625.378 ms
[GPU] Labered max edges in 6.54423 ms
[GPU] Labeled frontier edges in 4.95437 ms
[GPU] Labeled seed edges in 4.99153 ms
[GPU] Labeled seed scan in 2.77449 ms
[GPU] Labeled seed compaction in 1.70577 ms
[GPU] Traversal phase 1 in 15.4539 ms
[GPU] Traversal phase (search frontier edge) in 3.51098 ms
[GPU] Back to host in 525.22 ms
Done!
Printing JSON file as uniform_39325441.json
output json in uniform_39325441.json
Tiempo de ejecución: 177.084 segundos

Thu 23 Mar 2023 03:03:15 PM -03
Ejecutando Polylla con tamaño 42510400
Generating points  
Generating triangles 
estimao 84994722 final 84994722
Constructing halfedges 
Triangulation generation time: 221494
[Polylla] Input mesh generated
[Polylla] Constructing Polylla...
[GPU] Copy vectors to device in 543.474 ms
[GPU] Labered max edges in 7.03344 ms
[GPU] Labeled frontier edges in 5.34274 ms
[GPU] Labeled seed edges in 5.37345 ms
[GPU] Labeled seed scan in 2.95515 ms
[GPU] Labeled seed compaction in 1.84277 ms
[GPU] Traversal phase 1 in 16.6242 ms
[GPU] Traversal phase (search frontier edge) in 3.78941 ms
[GPU] Back to host in 609.491 ms
Done!
Printing JSON file as uniform_42510400.json
output json in uniform_42510400.json
Tiempo de ejecución: 246.004 segundos

Thu 23 Mar 2023 03:07:21 PM -03
Ejecutando Polylla con tamaño 45711121
Generating points  
Generating triangles 
estimao 91395200 final 91395200
Constructing halfedges 
Triangulation generation time: 179256
[Polylla] Input mesh generated
[Polylla] Constructing Polylla...
[GPU] Copy vectors to device in 514.611 ms
[GPU] Labered max edges in 7.59015 ms
[GPU] Labeled frontier edges in 5.88994 ms
[GPU] Labeled seed edges in 5.78865 ms
[GPU] Labeled seed scan in 3.19156 ms
[GPU] Labeled seed compaction in 1.98025 ms
[GPU] Traversal phase 1 in 17.9178 ms
[GPU] Traversal phase (search frontier edge) in 4.0689 ms
[GPU] Back to host in 595.172 ms
Done!
Printing JSON file as uniform_45711121.json
output json in uniform_45711121.json
Tiempo de ejecución: 202.193 segundos

Thu 23 Mar 2023 03:10:43 PM -03
Ejecutando Polylla con tamaño 48902049
Generating points  
Generating triangles 
estimao 97776128 final 97776128
Constructing halfedges 
Triangulation generation time: 221046
[Polylla] Input mesh generated
[Polylla] Constructing Polylla...
[GPU] Copy vectors to device in 641.371 ms
[GPU] Labered max edges in 8.00962 ms
[GPU] Labeled frontier edges in 6.15007 ms
[GPU] Labeled seed edges in 6.15783 ms
[GPU] Labeled seed scan in 30.4066 ms
[GPU] Labeled seed compaction in 2.11549 ms
[GPU] Traversal phase 1 in 19.0694 ms
[GPU] Traversal phase (search frontier edge) in 4.36304 ms
[GPU] Back to host in 573.523 ms
Done!
Printing JSON file as uniform_48902049.json
output json in uniform_48902049.json
Tiempo de ejecución: 246.164 segundos

Thu 23 Mar 2023 03:14:49 PM -03
Ejecutando Polylla con tamaño 52099524
Generating points  
Generating triangles 
estimao 104170178 final 104170178
Constructing halfedges 
Triangulation generation time: 243478
[Polylla] Input mesh generated
[Polylla] Constructing Polylla...
[GPU] Copy vectors to device in 834.746 ms
[GPU] Labered max edges in 8.52793 ms
[GPU] Labeled frontier edges in 6.55578 ms
[GPU] Labeled seed edges in 6.58221 ms
[GPU] Labeled seed scan in 3.55218 ms
[GPU] Labeled seed compaction in 2.2545 ms
[GPU] Traversal phase 1 in 20.233 ms
[GPU] Traversal phase (search frontier edge) in 4.67649 ms
[GPU] Back to host in 674.403 ms
Done!
Printing JSON file as uniform_52099524.json
output json in uniform_52099524.json
Tiempo de ejecución: 268.917 segundos

Thu 23 Mar 2023 03:19:18 PM -03
Ejecutando Polylla con tamaño 55294096
Generating points  
Generating triangles 
estimao 110558450 final 110558450
Constructing halfedges 
Triangulation generation time: 243448
[Polylla] Input mesh generated
[Polylla] Constructing Polylla...
[GPU] Copy vectors to device in 674.982 ms
[GPU] Labered max edges in 9.08354 ms
[GPU] Labeled frontier edges in 6.94922 ms
[GPU] Labeled seed edges in 6.97163 ms
[GPU] Labeled seed scan in 3.7249 ms
[GPU] Labeled seed compaction in 2.38984 ms
[GPU] Traversal phase 1 in 21.4699 ms
[GPU] Traversal phase (search frontier edge) in 5.00139 ms
[GPU] Back to host in 685.725 ms
Done!
Printing JSON file as uniform_55294096.json
output json in uniform_55294096.json
Tiempo de ejecución: 271.288 segundos

Thu 23 Mar 2023 03:23:49 PM -03
Ejecutando Polylla con tamaño 58476609
Generating points  
Generating triangles 
estimao 116922632 final 116922632
Constructing halfedges 
Triangulation generation time: 268968
[Polylla] Input mesh generated
[Polylla] Constructing Polylla...
[GPU] Copy vectors to device in 1198.31 ms
[GPU] Labered max edges in 9.51496 ms
[GPU] Labeled frontier edges in 7.36077 ms
[GPU] Labeled seed edges in 7.3843 ms
[GPU] Labeled seed scan in 3.89286 ms
[GPU] Labeled seed compaction in 2.52723 ms
[GPU] Traversal phase 1 in 23.0162 ms
[GPU] Traversal phase (search frontier edge) in 5.34333 ms
[GPU] Back to host in 677.031 ms
Done!
Printing JSON file as uniform_58476609.json
output json in uniform_58476609.json
Tiempo de ejecución: 298.892 segundos

Thu 23 Mar 2023 03:28:48 PM -03
Ejecutando Polylla con tamaño 61669609
Generating points  
Generating triangles 
estimao 123307808 final 123307808
Constructing halfedges 
Triangulation generation time: 250170
[Polylla] Input mesh generated
[Polylla] Constructing Polylla...
[GPU] Copy vectors to device in 828.834 ms
[GPU] Labered max edges in 10.0737 ms
[GPU] Labeled frontier edges in 7.74336 ms
[GPU] Labeled seed edges in 7.7873 ms
[GPU] Labeled seed scan in 4.07577 ms
[GPU] Labeled seed compaction in 2.66566 ms
[GPU] Traversal phase 1 in 24.05 ms
[GPU] Traversal phase (search frontier edge) in 5.7155 ms
[GPU] Back to host in 1320.68 ms
Done!
Printing JSON file as uniform_61669609.json
output json in uniform_61669609.json
Tiempo de ejecución: 277.709 segundos

Thu 23 Mar 2023 03:33:26 PM -03
Ejecutando Polylla con tamaño 64866916
Generating points  
Generating triangles 
estimao 129701618 final 129701618
Constructing halfedges 
Triangulation generation time: 276446
[Polylla] Input mesh generated
[Polylla] Constructing Polylla...
[GPU] Copy vectors to device in 844.187 ms
[GPU] Labered max edges in 10.556 ms
[GPU] Labeled frontier edges in 8.14897 ms
[GPU] Labeled seed edges in 8.17695 ms
[GPU] Labeled seed scan in 4.25046 ms
[GPU] Labeled seed compaction in 2.8013 ms
[GPU] Traversal phase 1 in 25.3968 ms
[GPU] Traversal phase (search frontier edge) in 6.08139 ms
[GPU] Back to host in 827.072 ms
Done!
Printing JSON file as uniform_64866916.json
output json in uniform_64866916.json
Tiempo de ejecución: 306.824 segundos

Thu 23 Mar 2023 03:38:33 PM -03
Ejecutando Polylla con tamaño 68062500
Generating points  
Generating triangles 
estimao 136092002 final 136092002
Constructing halfedges 
Triangulation generation time: 304901
[Polylla] Input mesh generated
[Polylla] Constructing Polylla...
[GPU] Copy vectors to device in 924.115 ms
[GPU] Labered max edges in 11.0751 ms
[GPU] Labeled frontier edges in 8.5671 ms
[GPU] Labeled seed edges in 8.58728 ms
[GPU] Labeled seed scan in 4.44122 ms
[GPU] Labeled seed compaction in 2.93897 ms
[GPU] Traversal phase 1 in 26.7593 ms
[GPU] Traversal phase (search frontier edge) in 6.03837 ms
[GPU] Back to host in 877.812 ms
Done!
Printing JSON file as uniform_68062500.json
output json in uniform_68062500.json
Tiempo de ejecución: 336.329 segundos

Thu 23 Mar 2023 03:44:09 PM -03
Ejecutando Polylla con tamaño 71250481
Generating points  
Generating triangles 
estimao 142467200 final 142467200
Constructing halfedges 
Triangulation generation time: 312506
[Polylla] Input mesh generated
[Polylla] Constructing Polylla...
[GPU] Copy vectors to device in 770.668 ms
[GPU] Labered max edges in 11.5827 ms
[GPU] Labeled frontier edges in 8.94558 ms
[GPU] Labeled seed edges in 8.96413 ms
[GPU] Labeled seed scan in 4.63785 ms
[GPU] Labeled seed compaction in 3.07332 ms
[GPU] Traversal phase 1 in 27.9188 ms
[GPU] Traversal phase (search frontier edge) in 6.32302 ms
[GPU] Back to host in 902.427 ms
Done!
Printing JSON file as uniform_71250481.json
output json in uniform_71250481.json
Tiempo de ejecución: 348.849 segundos

Thu 23 Mar 2023 03:49:58 PM -03
Ejecutando Polylla con tamaño 74459641
Generating points  
Generating triangles 
estimao 148884768 final 148884768
Constructing halfedges 
Triangulation generation time: 355472
[Polylla] Input mesh generated
[Polylla] Constructing Polylla...
[GPU] Copy vectors to device in 1092.31 ms
[GPU] Labered max edges in 12.1074 ms
[GPU] Labeled frontier edges in 9.37198 ms
[GPU] Labeled seed edges in 9.3839 ms
[GPU] Labeled seed scan in 4.81937 ms
[GPU] Labeled seed compaction in 3.21007 ms
[GPU] Traversal phase 1 in 29.1617 ms
[GPU] Traversal phase (search frontier edge) in 6.62051 ms
[GPU] Back to host in 1240.6 ms
Done!
Printing JSON file as uniform_74459641.json
output json in uniform_74459641.json
Tiempo de ejecución: 393.264 segundos

Thu 23 Mar 2023 03:56:31 PM -03
Ejecutando Polylla con tamaño 77651344
Generating points  
Generating triangles 
estimao 155267442 final 155267442
Constructing halfedges 
Triangulation generation time: 365970
[Polylla] Input mesh generated
[Polylla] Constructing Polylla...
[GPU] Copy vectors to device in 1518.53 ms
[GPU] Labered max edges in 13.6057 ms
[GPU] Labeled frontier edges in 9.75922 ms
[GPU] Labeled seed edges in 9.77586 ms
[GPU] Labeled seed scan in 5.00133 ms
[GPU] Labeled seed compaction in 3.34877 ms
[GPU] Traversal phase 1 in 30.1496 ms
[GPU] Traversal phase (search frontier edge) in 6.93239 ms
[GPU] Back to host in 1046.96 ms
Done!
Printing JSON file as uniform_77651344.json
output json in uniform_77651344.json
Tiempo de ejecución: 405.929 segundos

Thu 23 Mar 2023 04:03:17 PM -03
Ejecutando Polylla con tamaño 80838081
Generating points  
Generating triangles 
estimao 161640200 final 161640200
Constructing halfedges 
Triangulation generation time: 383290
[Polylla] Input mesh generated
[Polylla] Constructing Polylla...
[GPU] Copy vectors to device in 6323.88 ms
[GPU] Labered max edges in 13.0057 ms
[GPU] Labeled frontier edges in 10.165 ms
[GPU] Labeled seed edges in 10.164 ms
[GPU] Labeled seed scan in 5.19929 ms
[GPU] Labeled seed compaction in 3.48406 ms
[GPU] Traversal phase 1 in 31.7787 ms
[GPU] Traversal phase (search frontier edge) in 7.25718 ms
[GPU] Back to host in 1155.98 ms
Done!
Printing JSON file as uniform_80838081.json
output json in uniform_80838081.json
Tiempo de ejecución: 428.452 segundos

Thu 23 Mar 2023 04:10:26 PM -03
Ejecutando Polylla con tamaño 84033889
Generating points  
Generating triangles 
estimao 168031112 final 168031112
Constructing halfedges 
Triangulation generation time: 366713
[Polylla] Input mesh generated
[Polylla] Constructing Polylla...
[GPU] Copy vectors to device in 1007.8 ms
[GPU] Labered max edges in 13.4938 ms
[GPU] Labeled frontier edges in 10.5688 ms
[GPU] Labeled seed edges in 10.5547 ms
[GPU] Labeled seed scan in 5.35302 ms
[GPU] Labeled seed compaction in 3.62196 ms
[GPU] Traversal phase 1 in 33.0452 ms
[GPU] Traversal phase (search frontier edge) in 7.58678 ms
[GPU] Back to host in 1128.55 ms
Done!
Printing JSON file as uniform_84033889.json
output json in uniform_84033889.json
Tiempo de ejecución: 405.981 segundos

Thu 23 Mar 2023 04:17:12 PM -03
Ejecutando Polylla con tamaño 87216921
Generating points  
Generating triangles 
estimao 174396488 final 174396488
Constructing halfedges 
Triangulation generation time: 385866
[Polylla] Input mesh generated
[Polylla] Constructing Polylla...
[GPU] Copy vectors to device in 1408.72 ms
[GPU] Labered max edges in 14.0636 ms
[GPU] Labeled frontier edges in 10.9487 ms
[GPU] Labeled seed edges in 10.9258 ms
[GPU] Labeled seed scan in 5.5425 ms
[GPU] Labeled seed compaction in 3.75913 ms
[GPU] Traversal phase 1 in 34.1328 ms
[GPU] Traversal phase (search frontier edge) in 7.92412 ms
[GPU] Back to host in 1074.95 ms
Done!
Printing JSON file as uniform_87216921.json
output json in uniform_87216921.json
Tiempo de ejecución: 429.368 segundos

Thu 23 Mar 2023 04:24:21 PM -03
Ejecutando Polylla con tamaño 90421081
Generating points  
Generating triangles 
estimao 180804128 final 180804128
Constructing halfedges 
Triangulation generation time: 431592
[Polylla] Input mesh generated
[Polylla] Constructing Polylla...
[GPU] Copy vectors to device in 1258.59 ms
[GPU] Labered max edges in 14.5964 ms
[GPU] Labeled frontier edges in 11.3565 ms
[GPU] Labeled seed edges in 11.3504 ms
[GPU] Labeled seed scan in 5.71417 ms
[GPU] Labeled seed compaction in 3.89714 ms
[GPU] Traversal phase 1 in 35.4424 ms
[GPU] Traversal phase (search frontier edge) in 8.2675 ms
[GPU] Back to host in 1140.79 ms
Done!
Printing JSON file as uniform_90421081.json
output json in uniform_90421081.json
Tiempo de ejecución: 474.820 segundos

Thu 23 Mar 2023 04:32:16 PM -03
Ejecutando Polylla con tamaño 93605625
Generating points  
Generating triangles 
estimao 187172552 final 187172552
Constructing halfedges 
Triangulation generation time: 480849
[Polylla] Input mesh generated
[Polylla] Constructing Polylla...
[GPU] Copy vectors to device in 1071.57 ms
[GPU] Labered max edges in 15.0222 ms
[GPU] Labeled frontier edges in 11.7524 ms
[GPU] Labeled seed edges in 11.7255 ms
[GPU] Labeled seed scan in 5.89029 ms
[GPU] Labeled seed compaction in 7.80612 ms
[GPU] Traversal phase 1 in 36.6479 ms
[GPU] Traversal phase (search frontier edge) in 8.62681 ms
[GPU] Back to host in 1259.27 ms
Done!
Printing JSON file as uniform_93605625.json
output json in uniform_93605625.json
Tiempo de ejecución: 531.369 segundos

Thu 23 Mar 2023 04:41:07 PM -03
Ejecutando Polylla con tamaño 96805921
Generating points  
Generating triangles 
estimao 193572488 final 193572488
Constructing halfedges 
Triangulation generation time: 522166
[Polylla] Input mesh generated
[Polylla] Constructing Polylla...
[GPU] Copy vectors to device in 1202.45 ms
[GPU] Labered max edges in 15.3975 ms
[GPU] Labeled frontier edges in 12.1518 ms
[GPU] Labeled seed edges in 12.1406 ms
[GPU] Labeled seed scan in 6.10342 ms
[GPU] Labeled seed compaction in 4.17204 ms
[GPU] Traversal phase 1 in 38.0358 ms
[GPU] Traversal phase (search frontier edge) in 9.02228 ms
[GPU] Back to host in 1844.67 ms
Done!
Printing JSON file as uniform_96805921.json
output json in uniform_96805921.json
Tiempo de ejecución: 575.188 segundos

Thu 23 Mar 2023 04:50:42 PM -03
Ejecutando Polylla con tamaño 100000000
Generating points  
Generating triangles 
estimao 199960002 final 199960002
Constructing halfedges 
Triangulation generation time: 462888
[Polylla] Input mesh generated
[Polylla] Constructing Polylla...
[GPU] Copy vectors to device in 1388.74 ms
[GPU] Labered max edges in 15.958 ms
[GPU] Labeled frontier edges in 12.5444 ms
[GPU] Labeled seed edges in 12.5385 ms
[GPU] Labeled seed scan in 6.30119 ms
[GPU] Labeled seed compaction in 4.30541 ms
[GPU] Traversal phase 1 in 39.188 ms
[GPU] Traversal phase (search frontier edge) in 9.41553 ms
[GPU] Back to host in 1321.04 ms
Done!
Printing JSON file as uniform_100000000.json
output json in uniform_100000000.json
Tiempo de ejecución: 512.249 segundos

Thu 23 Mar 2023 04:59:15 PM -03
