Ejecutando Polylla con tamaño 1000000
Generating points  
Generating triangles 
estimao 1996002 final 1996002
Constructing halfedges 
Triangulation generation time: 3270.32
[Polylla] Input mesh generated
[Polylla] Constructing Polylla...
[GPU] Copy vectors to device in 21.5475 ms
[GPU] Labered max edges in 0.275572 ms
[GPU] Labeled frontier edges in 0.141318 ms
[GPU] Labeled seed edges in 1.01427 ms
[GPU] Labeled seed scan in 0.441236 ms
[GPU] Labeled seed compaction in 0.069442 ms
[GPU] Traversal phase 1 in 0.606168 ms
[GPU] Traversal phase (search frontier edge) in 1.01532 ms
[GPU] Back to host in 11.5659 ms
Done!
Printing JSON file as uniform_1000000.json
output json in uniform_1000000.json
Tiempo de ejecución: 4.879 segundos
