Ejecutando Polylla con tamaño 25745476
Generating points  
Generating triangles 
estimao 51470658 final 51470658
Constructing halfedges 
Triangulation generation time: 95102.5
[Polylla] Input mesh generated
[Polylla] Constructing Polylla...
[GPU] Copy vectors to device in 351.846 ms
[GPU] Labered max edges in 4.321 ms
[GPU] Labeled frontier edges in 3.23793 ms
[GPU] Labeled seed edges in 3.29018 ms
[GPU] Labeled seed scan in 1.97063 ms
[GPU] Labeled seed compaction in 1.12263 ms
[GPU] Traversal phase 1 in 11.5871 ms
[GPU] Traversal phase (search frontier edge) in 2.34175 ms
[GPU] Back to host in 308.151 ms
Done!
Printing JSON file as uniform_25745476.json
output json in uniform_25745476.json
Tiempo de ejecución: 107.310 segundos
