Thu 23 Mar 2023 02:44:33 PM -03
Start: 1000000, End: 100000000, Intervalo: 3193548, Diferencia: 99000000, NSAMPLES: 31
Valores: 1000000 4194304 7387524 10582009 13771521 16966161 20160100 23357889 26553409 29746116 32936121 36132121 39325441 42510400 45711121 48902049 52099524 55294096 58476609 61669609 64866916 68062500 71250481 74459641 77651344 80838081 84033889 87216921 90421081 93605625 96805921 100000000
Thu 23 Mar 2023 02:44:33 PM -03
Ejecutando Polylla con tamaño 1000000
Generating points  
Generating triangles 
estimao 1996002 final 1996002
Constructing halfedges 
Triangulation generation time: 3245.45
[Polylla] Input mesh generated
[Polylla] Constructing Polylla...
[GPU] Copy vectors to device in 18.378 ms
[GPU] Labered max edges in 0.231078 ms
[GPU] Labeled frontier edges in 0.137721 ms
[GPU] Labeled seed edges in 0.792361 ms
[GPU] Labeled seed scan in 0.423322 ms
[GPU] Labeled seed compaction in 0.061086 ms
[GPU] Traversal phase 1 in 0.407001 ms
[GPU] Traversal phase (search frontier edge) in 0.79175 ms
[GPU] Back to host in 12.9967 ms
Done!
Printing JSON file as uniform_1000000.json
output json in uniform_1000000.json
Tiempo de ejecución: 4.806 segundos

Thu 23 Mar 2023 02:44:37 PM -03
Ejecutando Polylla con tamaño 4194304
Generating points  
Generating triangles 
estimao 8380418 final 8380418
Constructing halfedges 
Triangulation generation time: 14769.4
[Polylla] Input mesh generated
[Polylla] Constructing Polylla...
[GPU] Copy vectors to device in 60.4218 ms
[GPU] Labered max edges in 0.776351 ms
[GPU] Labeled frontier edges in 0.541125 ms
[GPU] Labeled seed edges in 0.843959 ms
[GPU] Labeled seed scan in 0.603052 ms
[GPU] Labeled seed compaction in 0.198796 ms
[GPU] Traversal phase 1 in 1.65448 ms
[GPU] Traversal phase (search frontier edge) in 0.817749 ms
[GPU] Back to host in 53.9422 ms
Done!
Printing JSON file as uniform_4194304.json
output json in uniform_4194304.json
Tiempo de ejecución: 17.637 segundos

Thu 23 Mar 2023 02:44:55 PM -03
Ejecutando Polylla con tamaño 7387524
Generating points  
Generating triangles 
estimao 14764178 final 14764178
Constructing halfedges 
Triangulation generation time: 27059.1
[Polylla] Input mesh generated
[Polylla] Constructing Polylla...
[GPU] Copy vectors to device in 103.622 ms
[GPU] Labered max edges in 1.31366 ms
[GPU] Labeled frontier edges in 0.929131 ms
[GPU] Labeled seed edges in 1.00718 ms
[GPU] Labeled seed scan in 0.785689 ms
[GPU] Labeled seed compaction in 0.335655 ms
[GPU] Traversal phase 1 in 2.9028 ms
[GPU] Traversal phase (search frontier edge) in 0.930684 ms
[GPU] Back to host in 94.5301 ms
Done!
Printing JSON file as uniform_7387524.json
output json in uniform_7387524.json
Tiempo de ejecución: 31.217 segundos

Thu 23 Mar 2023 02:45:26 PM -03
Ejecutando Polylla con tamaño 10582009
Generating points  
Generating triangles 
estimao 21151008 final 21151008
Constructing halfedges 
Triangulation generation time: 38232.2
[Polylla] Input mesh generated
[Polylla] Constructing Polylla...
[GPU] Copy vectors to device in 147.17 ms
[GPU] Labered max edges in 1.81807 ms
[GPU] Labeled frontier edges in 1.34089 ms
[GPU] Labeled seed edges in 1.37515 ms
[GPU] Labeled seed scan in 0.963565 ms
[GPU] Labeled seed compaction in 0.471824 ms
[GPU] Traversal phase 1 in 4.1451 ms
[GPU] Traversal phase (search frontier edge) in 1.11195 ms
[GPU] Back to host in 135.839 ms
Done!
Printing JSON file as uniform_10582009.json
output json in uniform_10582009.json
Tiempo de ejecución: 43.789 segundos

Thu 23 Mar 2023 02:46:10 PM -03
Ejecutando Polylla con tamaño 13771521
Generating points  
Generating triangles 
estimao 27528200 final 27528200
Constructing halfedges 
Triangulation generation time: 49479.1
[Polylla] Input mesh generated
[Polylla] Constructing Polylla...
[GPU] Copy vectors to device in 182.895 ms
[GPU] Labered max edges in 2.3337 ms
[GPU] Labeled frontier edges in 1.73425 ms
[GPU] Labeled seed edges in 1.78497 ms
[GPU] Labeled seed scan in 1.1659 ms
[GPU] Labeled seed compaction in 0.609906 ms
[GPU] Traversal phase 1 in 5.41717 ms
[GPU] Traversal phase (search frontier edge) in 1.31812 ms
[GPU] Back to host in 175.759 ms
Done!
Printing JSON file as uniform_13771521.json
output json in uniform_13771521.json
Tiempo de ejecución: 56.576 segundos

Thu 23 Mar 2023 02:47:07 PM -03
Ejecutando Polylla con tamaño 16966161
Generating points  
Generating triangles 
estimao 33915848 final 33915848
Constructing halfedges 
Triangulation generation time: 60148
[Polylla] Input mesh generated
[Polylla] Constructing Polylla...
[GPU] Copy vectors to device in 220.239 ms
[GPU] Labered max edges in 2.86521 ms
[GPU] Labeled frontier edges in 2.13364 ms
[GPU] Labeled seed edges in 2.20348 ms
[GPU] Labeled seed scan in 1.37821 ms
[GPU] Labeled seed compaction in 0.745512 ms
[GPU] Traversal phase 1 in 6.57756 ms
[GPU] Traversal phase (search frontier edge) in 1.5585 ms
[GPU] Back to host in 211.781 ms
Done!
Printing JSON file as uniform_16966161.json
output json in uniform_16966161.json
Tiempo de ejecución: 68.701 segundos

Thu 23 Mar 2023 02:48:15 PM -03
Ejecutando Polylla con tamaño 20160100
Generating points  
Generating triangles 
estimao 40302242 final 40302242
Constructing halfedges 
Triangulation generation time: 75518.1
[Polylla] Input mesh generated
[Polylla] Constructing Polylla...
[GPU] Copy vectors to device in 242.601 ms
[GPU] Labered max edges in 3.38251 ms
[GPU] Labeled frontier edges in 2.54299 ms
[GPU] Labeled seed edges in 2.5851 ms
[GPU] Labeled seed scan in 1.52032 ms
[GPU] Labeled seed compaction in 0.880268 ms
[GPU] Traversal phase 1 in 7.92641 ms
[GPU] Traversal phase (search frontier edge) in 1.8541 ms
[GPU] Back to host in 297.389 ms
Done!
Printing JSON file as uniform_20160100.json
output json in uniform_20160100.json
Tiempo de ejecución: 85.629 segundos

Thu 23 Mar 2023 02:49:41 PM -03
Ejecutando Polylla con tamaño 23357889
Generating points  
Generating triangles 
estimao 46696448 final 46696448
Constructing halfedges 
Triangulation generation time: 79620.6
[Polylla] Input mesh generated
[Polylla] Constructing Polylla...
[GPU] Copy vectors to device in 450.187 ms
[GPU] Labered max edges in 3.96102 ms
[GPU] Labeled frontier edges in 2.93331 ms
[GPU] Labeled seed edges in 2.99968 ms
[GPU] Labeled seed scan in 1.85533 ms
[GPU] Labeled seed compaction in 1.01904 ms
[GPU] Traversal phase 1 in 9.09678 ms
[GPU] Traversal phase (search frontier edge) in 2.13739 ms
[GPU] Back to host in 277.949 ms
Done!
Printing JSON file as uniform_23357889.json
output json in uniform_23357889.json
Tiempo de ejecución: 91.401 segundos

Thu 23 Mar 2023 02:51:12 PM -03
Ejecutando Polylla con tamaño 26553409
Generating points  
Generating triangles 
estimao 53086208 final 53086208
Constructing halfedges 
Triangulation generation time: 103279
[Polylla] Input mesh generated
[Polylla] Constructing Polylla...
[GPU] Copy vectors to device in 441.25 ms
[GPU] Labered max edges in 4.50182 ms
[GPU] Labeled frontier edges in 3.34581 ms
[GPU] Labeled seed edges in 3.37116 ms
[GPU] Labeled seed scan in 2.04336 ms
[GPU] Labeled seed compaction in 1.15549 ms
[GPU] Traversal phase 1 in 10.3485 ms
[GPU] Traversal phase (search frontier edge) in 2.40984 ms
[GPU] Back to host in 324.788 ms
Done!
Printing JSON file as uniform_26553409.json
output json in uniform_26553409.json
Tiempo de ejecución: 116.853 segundos

Thu 23 Mar 2023 02:53:09 PM -03
Ejecutando Polylla con tamaño 29746116
Generating points  
Generating triangles 
estimao 59470418 final 59470418
Constructing halfedges 
Triangulation generation time: 114137
[Polylla] Input mesh generated
[Polylla] Constructing Polylla...
[GPU] Copy vectors to device in 404.018 ms
[GPU] Labered max edges in 4.9419 ms
[GPU] Labeled frontier edges in 3.74442 ms
[GPU] Labeled seed edges in 3.79585 ms
[GPU] Labeled seed scan in 2.22994 ms
[GPU] Labeled seed compaction in 1.29147 ms
[GPU] Traversal phase 1 in 11.6605 ms
[GPU] Traversal phase (search frontier edge) in 2.69252 ms
[GPU] Back to host in 353.512 ms
Done!
Printing JSON file as uniform_29746116.json
output json in uniform_29746116.json
Tiempo de ejecución: 128.598 segundos

Thu 23 Mar 2023 02:55:18 PM -03
Ejecutando Polylla con tamaño 32936121
Generating points  
Generating triangles 
estimao 65849288 final 65849288
Constructing halfedges 
Triangulation generation time: 138174
[Polylla] Input mesh generated
[Polylla] Constructing Polylla...
[GPU] Copy vectors to device in 488.412 ms
[GPU] Labered max edges in 5.46347 ms
[GPU] Labeled frontier edges in 4.14436 ms
[GPU] Labeled seed edges in 4.17018 ms
[GPU] Labeled seed scan in 2.40162 ms
[GPU] Labeled seed compaction in 1.43126 ms
[GPU] Traversal phase 1 in 12.9044 ms
[GPU] Traversal phase (search frontier edge) in 2.96076 ms
[GPU] Back to host in 424.786 ms
Done!
Printing JSON file as uniform_32936121.json
output json in uniform_32936121.json
Tiempo de ejecución: 154.923 segundos

Thu 23 Mar 2023 02:57:53 PM -03
Ejecutando Polylla con tamaño 36132121
Generating points  
Generating triangles 
estimao 72240200 final 72240200
Constructing halfedges 
Triangulation generation time: 134467
[Polylla] Input mesh generated
[Polylla] Constructing Polylla...
[GPU] Copy vectors to device in 444.004 ms
[GPU] Labered max edges in 5.97758 ms
[GPU] Labeled frontier edges in 4.5408 ms
[GPU] Labeled seed edges in 4.58532 ms
[GPU] Labeled seed scan in 2.56668 ms
[GPU] Labeled seed compaction in 1.56649 ms
[GPU] Traversal phase 1 in 14.1641 ms
[GPU] Traversal phase (search frontier edge) in 3.23148 ms
[GPU] Back to host in 449.678 ms
Done!
Printing JSON file as uniform_36132121.json
output json in uniform_36132121.json
Tiempo de ejecución: 152.785 segundos

Thu 23 Mar 2023 03:00:26 PM -03
Ejecutando Polylla con tamaño 39325441
Generating points  
Generating triangles 
estimao 78625800 final 78625800
Constructing halfedges 
Triangulation generation time: 155183
[Polylla] Input mesh generated
[Polylla] Constructing Polylla...
[GPU] Copy vectors to device in 466.362 ms
[GPU] Labered max edges in 6.53153 ms
[GPU] Labeled frontier edges in 4.96166 ms
[GPU] Labeled seed edges in 4.99648 ms
[GPU] Labeled seed scan in 2.75107 ms
[GPU] Labeled seed compaction in 1.70236 ms
[GPU] Traversal phase 1 in 15.4628 ms
[GPU] Traversal phase (search frontier edge) in 3.51354 ms
[GPU] Back to host in 697.056 ms
Done!
Printing JSON file as uniform_39325441.json
output json in uniform_39325441.json
Tiempo de ejecución: 175.009 segundos

Thu 23 Mar 2023 03:03:21 PM -03
Ejecutando Polylla con tamaño 42510400
Generating points  
Generating triangles 
estimao 84994722 final 84994722
Constructing halfedges 
Triangulation generation time: 228149
[Polylla] Input mesh generated
[Polylla] Constructing Polylla...
[GPU] Copy vectors to device in 593.102 ms
[GPU] Labered max edges in 7.00609 ms
[GPU] Labeled frontier edges in 5.34305 ms
[GPU] Labeled seed edges in 5.38128 ms
[GPU] Labeled seed scan in 4.21833 ms
[GPU] Labeled seed compaction in 1.83663 ms
[GPU] Traversal phase 1 in 16.6561 ms
[GPU] Traversal phase (search frontier edge) in 3.78509 ms
[GPU] Back to host in 522.281 ms
Done!
Printing JSON file as uniform_42510400.json
output json in uniform_42510400.json
Tiempo de ejecución: 252.492 segundos

Thu 23 Mar 2023 03:07:33 PM -03
Ejecutando Polylla con tamaño 45711121
Generating points  
Generating triangles 
estimao 91395200 final 91395200
Constructing halfedges 
Triangulation generation time: 177880
[Polylla] Input mesh generated
[Polylla] Constructing Polylla...
[GPU] Copy vectors to device in 596.471 ms
[GPU] Labered max edges in 7.56315 ms
[GPU] Labeled frontier edges in 5.74736 ms
[GPU] Labeled seed edges in 5.79015 ms
[GPU] Labeled seed scan in 3.15535 ms
[GPU] Labeled seed compaction in 1.97434 ms
[GPU] Traversal phase 1 in 17.932 ms
[GPU] Traversal phase (search frontier edge) in 4.07541 ms
[GPU] Back to host in 750.182 ms
Done!
Printing JSON file as uniform_45711121.json
output json in uniform_45711121.json
Tiempo de ejecución: 198.661 segundos

Thu 23 Mar 2023 03:10:52 PM -03
Ejecutando Polylla con tamaño 48902049
Generating points  
Generating triangles 
estimao 97776128 final 97776128
Constructing halfedges 
Triangulation generation time: 188125
[Polylla] Input mesh generated
[Polylla] Constructing Polylla...
[GPU] Copy vectors to device in 915.749 ms
[GPU] Labered max edges in 8.10523 ms
[GPU] Labeled frontier edges in 6.14289 ms
[GPU] Labeled seed edges in 6.16127 ms
[GPU] Labeled seed scan in 3.34183 ms
[GPU] Labeled seed compaction in 2.11149 ms
[GPU] Traversal phase 1 in 19.0788 ms
[GPU] Traversal phase (search frontier edge) in 4.36808 ms
[GPU] Back to host in 551.05 ms
Done!
Printing JSON file as uniform_48902049.json
output json in uniform_48902049.json
Tiempo de ejecución: 211.196 segundos

Thu 23 Mar 2023 03:14:23 PM -03
Ejecutando Polylla con tamaño 52099524
Generating points  
Generating triangles 
estimao 104170178 final 104170178
Constructing halfedges 
Triangulation generation time: 229216
[Polylla] Input mesh generated
[Polylla] Constructing Polylla...
[GPU] Copy vectors to device in 639.054 ms
[GPU] Labered max edges in 9.10513 ms
[GPU] Labeled frontier edges in 6.54713 ms
[GPU] Labeled seed edges in 6.58151 ms
[GPU] Labeled seed scan in 6.68814 ms
[GPU] Labeled seed compaction in 2.24937 ms
[GPU] Traversal phase 1 in 20.243 ms
[GPU] Traversal phase (search frontier edge) in 4.67875 ms
[GPU] Back to host in 646.417 ms
Done!
Printing JSON file as uniform_52099524.json
output json in uniform_52099524.json
Tiempo de ejecución: 253.070 segundos

Thu 23 Mar 2023 03:18:36 PM -03
Ejecutando Polylla con tamaño 55294096
Generating points  
Generating triangles 
estimao 110558450 final 110558450
Constructing halfedges 
Triangulation generation time: 235894
[Polylla] Input mesh generated
[Polylla] Constructing Polylla...
[GPU] Copy vectors to device in 670.617 ms
[GPU] Labered max edges in 9.06141 ms
[GPU] Labeled frontier edges in 6.94392 ms
[GPU] Labeled seed edges in 6.97398 ms
[GPU] Labeled seed scan in 3.71012 ms
[GPU] Labeled seed compaction in 2.38392 ms
[GPU] Traversal phase 1 in 21.4888 ms
[GPU] Traversal phase (search frontier edge) in 5.01449 ms
[GPU] Back to host in 744.664 ms
Done!
Printing JSON file as uniform_55294096.json
output json in uniform_55294096.json
Tiempo de ejecución: 262.137 segundos

Thu 23 Mar 2023 03:22:58 PM -03
Ejecutando Polylla con tamaño 58476609
Generating points  
Generating triangles 
estimao 116922632 final 116922632
Constructing halfedges 
Triangulation generation time: 276639
[Polylla] Input mesh generated
[Polylla] Constructing Polylla...
[GPU] Copy vectors to device in 908.057 ms
[GPU] Labered max edges in 9.54298 ms
[GPU] Labeled frontier edges in 7.36358 ms
[GPU] Labeled seed edges in 7.3802 ms
[GPU] Labeled seed scan in 3.92675 ms
[GPU] Labeled seed compaction in 2.52282 ms
[GPU] Traversal phase 1 in 23.0413 ms
[GPU] Traversal phase (search frontier edge) in 5.34789 ms
[GPU] Back to host in 770.149 ms
Done!
Printing JSON file as uniform_58476609.json
output json in uniform_58476609.json
Tiempo de ejecución: 308.156 segundos

Thu 23 Mar 2023 03:28:06 PM -03
Ejecutando Polylla con tamaño 61669609
Generating points  
Generating triangles 
estimao 123307808 final 123307808
Constructing halfedges 
Triangulation generation time: 265041
[Polylla] Input mesh generated
[Polylla] Constructing Polylla...
[GPU] Copy vectors to device in 752.98 ms
[GPU] Labered max edges in 10.0547 ms
[GPU] Labeled frontier edges in 7.75996 ms
[GPU] Labeled seed edges in 7.78816 ms
[GPU] Labeled seed scan in 4.07111 ms
[GPU] Labeled seed compaction in 2.65862 ms
[GPU] Traversal phase 1 in 24.0783 ms
[GPU] Traversal phase (search frontier edge) in 5.70687 ms
[GPU] Back to host in 784.693 ms
Done!
Printing JSON file as uniform_61669609.json
output json in uniform_61669609.json
Tiempo de ejecución: 292.336 segundos

Thu 23 Mar 2023 03:32:59 PM -03
Ejecutando Polylla con tamaño 64866916
Generating points  
Generating triangles 
estimao 129701618 final 129701618
Constructing halfedges 
Triangulation generation time: 277587
[Polylla] Input mesh generated
[Polylla] Constructing Polylla...
[GPU] Copy vectors to device in 1006.52 ms
[GPU] Labered max edges in 10.5897 ms
[GPU] Labeled frontier edges in 8.14248 ms
[GPU] Labeled seed edges in 8.17701 ms
[GPU] Labeled seed scan in 4.28294 ms
[GPU] Labeled seed compaction in 2.79636 ms
[GPU] Traversal phase 1 in 25.4261 ms
[GPU] Traversal phase (search frontier edge) in 6.07601 ms
[GPU] Back to host in 940.067 ms
Done!
Printing JSON file as uniform_64866916.json
output json in uniform_64866916.json
Tiempo de ejecución: 308.774 segundos

Thu 23 Mar 2023 03:38:07 PM -03
Ejecutando Polylla con tamaño 68062500
Generating points  
Generating triangles 
estimao 136092002 final 136092002
Constructing halfedges 
Triangulation generation time: 280748
[Polylla] Input mesh generated
[Polylla] Constructing Polylla...
[GPU] Copy vectors to device in 673.84 ms
[GPU] Labered max edges in 11.0623 ms
[GPU] Labeled frontier edges in 8.5591 ms
[GPU] Labeled seed edges in 8.58426 ms
[GPU] Labeled seed scan in 4.40349 ms
[GPU] Labeled seed compaction in 2.93143 ms
[GPU] Traversal phase 1 in 26.7796 ms
[GPU] Traversal phase (search frontier edge) in 6.04143 ms
[GPU] Back to host in 1150.24 ms
Done!
Printing JSON file as uniform_68062500.json
output json in uniform_68062500.json
Tiempo de ejecución: 313.688 segundos

Thu 23 Mar 2023 03:43:21 PM -03
Ejecutando Polylla con tamaño 71250481
Generating points  
Generating triangles 
estimao 142467200 final 142467200
Constructing halfedges 
Triangulation generation time: 304200
[Polylla] Input mesh generated
[Polylla] Constructing Polylla...
[GPU] Copy vectors to device in 955.346 ms
[GPU] Labered max edges in 11.5867 ms
[GPU] Labeled frontier edges in 8.95689 ms
[GPU] Labeled seed edges in 8.96823 ms
[GPU] Labeled seed scan in 4.62598 ms
[GPU] Labeled seed compaction in 3.06817 ms
[GPU] Traversal phase 1 in 27.9425 ms
[GPU] Traversal phase (search frontier edge) in 6.32205 ms
[GPU] Back to host in 1578.73 ms
Done!
Printing JSON file as uniform_71250481.json
output json in uniform_71250481.json
Tiempo de ejecución: 338.829 segundos

Thu 23 Mar 2023 03:49:00 PM -03
Ejecutando Polylla con tamaño 74459641
Generating points  
Generating triangles 
estimao 148884768 final 148884768
Constructing halfedges 
Triangulation generation time: 328810
[Polylla] Input mesh generated
[Polylla] Constructing Polylla...
[GPU] Copy vectors to device in 848.368 ms
[GPU] Labered max edges in 12.1209 ms
[GPU] Labeled frontier edges in 9.36235 ms
[GPU] Labeled seed edges in 9.37977 ms
[GPU] Labeled seed scan in 4.80609 ms
[GPU] Labeled seed compaction in 3.20492 ms
[GPU] Traversal phase 1 in 29.1747 ms
[GPU] Traversal phase (search frontier edge) in 6.61504 ms
[GPU] Back to host in 1105.42 ms
Done!
Printing JSON file as uniform_74459641.json
output json in uniform_74459641.json
Tiempo de ejecución: 366.118 segundos

Thu 23 Mar 2023 03:55:06 PM -03
Ejecutando Polylla con tamaño 77651344
Generating points  
Generating triangles 
estimao 155267442 final 155267442
Constructing halfedges 
Triangulation generation time: 407270
[Polylla] Input mesh generated
[Polylla] Constructing Polylla...
[GPU] Copy vectors to device in 1916.92 ms
[GPU] Labered max edges in 12.6086 ms
[GPU] Labeled frontier edges in 9.76612 ms
[GPU] Labeled seed edges in 9.7811 ms
[GPU] Labeled seed scan in 4.99589 ms
[GPU] Labeled seed compaction in 3.342 ms
[GPU] Traversal phase 1 in 30.1777 ms
[GPU] Traversal phase (search frontier edge) in 6.94271 ms
[GPU] Back to host in 988.883 ms
Done!
Printing JSON file as uniform_77651344.json
output json in uniform_77651344.json
Tiempo de ejecución: 452.100 segundos

Thu 23 Mar 2023 04:02:38 PM -03
Ejecutando Polylla con tamaño 80838081
Generating points  
Generating triangles 
estimao 161640200 final 161640200
Constructing halfedges 
Triangulation generation time: 365133
[Polylla] Input mesh generated
[Polylla] Constructing Polylla...
[GPU] Copy vectors to device in 999.458 ms
[GPU] Labered max edges in 12.9886 ms
[GPU] Labeled frontier edges in 10.1691 ms
[GPU] Labeled seed edges in 10.163 ms
[GPU] Labeled seed scan in 5.50421 ms
[GPU] Labeled seed compaction in 3.47806 ms
[GPU] Traversal phase 1 in 31.8002 ms
[GPU] Traversal phase (search frontier edge) in 7.26012 ms
[GPU] Back to host in 1031.99 ms
Done!
Printing JSON file as uniform_80838081.json
output json in uniform_80838081.json
Tiempo de ejecución: 405.976 segundos

Thu 23 Mar 2023 04:09:24 PM -03
Ejecutando Polylla con tamaño 84033889
Generating points  
Generating triangles 
estimao 168031112 final 168031112
Constructing halfedges 
Triangulation generation time: 373675
[Polylla] Input mesh generated
[Polylla] Constructing Polylla...
[GPU] Copy vectors to device in 994.595 ms
[GPU] Labered max edges in 13.4921 ms
[GPU] Labeled frontier edges in 10.5686 ms
[GPU] Labeled seed edges in 10.5592 ms
[GPU] Labeled seed scan in 5.3323 ms
[GPU] Labeled seed compaction in 3.61439 ms
[GPU] Traversal phase 1 in 33.0807 ms
[GPU] Traversal phase (search frontier edge) in 7.57978 ms
[GPU] Back to host in 1097.43 ms
Done!
Printing JSON file as uniform_84033889.json
output json in uniform_84033889.json
Tiempo de ejecución: 413.389 segundos

Thu 23 Mar 2023 04:16:18 PM -03
Ejecutando Polylla con tamaño 87216921
Generating points  
Generating triangles 
estimao 174396488 final 174396488
Constructing halfedges 
Triangulation generation time: 403530
[Polylla] Input mesh generated
[Polylla] Constructing Polylla...
[GPU] Copy vectors to device in 1073.61 ms
[GPU] Labered max edges in 14.0641 ms
[GPU] Labeled frontier edges in 10.9436 ms
[GPU] Labeled seed edges in 10.9322 ms
[GPU] Labeled seed scan in 5.52447 ms
[GPU] Labeled seed compaction in 3.74862 ms
[GPU] Traversal phase 1 in 34.1701 ms
[GPU] Traversal phase (search frontier edge) in 7.922 ms
[GPU] Back to host in 1112.61 ms
Done!
Printing JSON file as uniform_87216921.json
output json in uniform_87216921.json
Tiempo de ejecución: 449.485 segundos

Thu 23 Mar 2023 04:23:47 PM -03
Ejecutando Polylla con tamaño 90421081
Generating points  
Generating triangles 
estimao 180804128 final 180804128
Constructing halfedges 
Triangulation generation time: 470186
[Polylla] Input mesh generated
[Polylla] Constructing Polylla...
[GPU] Copy vectors to device in 1027.17 ms
[GPU] Labered max edges in 14.5579 ms
[GPU] Labeled frontier edges in 11.3386 ms
[GPU] Labeled seed edges in 11.3449 ms
[GPU] Labeled seed scan in 5.67973 ms
[GPU] Labeled seed compaction in 3.88773 ms
[GPU] Traversal phase 1 in 35.4634 ms
[GPU] Traversal phase (search frontier edge) in 8.27594 ms
[GPU] Back to host in 1525.29 ms
Done!
Printing JSON file as uniform_90421081.json
output json in uniform_90421081.json
Tiempo de ejecución: 514.184 segundos

Thu 23 Mar 2023 04:32:21 PM -03
Ejecutando Polylla con tamaño 93605625
Generating points  
Generating triangles 
estimao 187172552 final 187172552
Constructing halfedges 
Triangulation generation time: 440012
[Polylla] Input mesh generated
[Polylla] Constructing Polylla...
[GPU] Copy vectors to device in 1232.96 ms
[GPU] Labered max edges in 15.0031 ms
[GPU] Labeled frontier edges in 11.7401 ms
[GPU] Labeled seed edges in 11.7181 ms
[GPU] Labeled seed scan in 5.89336 ms
[GPU] Labeled seed compaction in 4.02238 ms
[GPU] Traversal phase 1 in 36.6646 ms
[GPU] Traversal phase (search frontier edge) in 8.63481 ms
[GPU] Back to host in 1564.88 ms
Done!
Printing JSON file as uniform_93605625.json
output json in uniform_93605625.json
Tiempo de ejecución: 487.849 segundos

Thu 23 Mar 2023 04:40:29 PM -03
Ejecutando Polylla con tamaño 96805921
Generating points  
Generating triangles 
estimao 193572488 final 193572488
Constructing halfedges 
Triangulation generation time: 443515
[Polylla] Input mesh generated
[Polylla] Constructing Polylla...
[GPU] Copy vectors to device in 1119.56 ms
[GPU] Labered max edges in 15.5051 ms
[GPU] Labeled frontier edges in 12.1405 ms
[GPU] Labeled seed edges in 12.1422 ms
[GPU] Labeled seed scan in 6.05467 ms
[GPU] Labeled seed compaction in 4.16169 ms
[GPU] Traversal phase 1 in 38.0788 ms
[GPU] Traversal phase (search frontier edge) in 9.03044 ms
[GPU] Back to host in 1353.65 ms
Done!
Printing JSON file as uniform_96805921.json
output json in uniform_96805921.json
Tiempo de ejecución: 495.369 segundos

Thu 23 Mar 2023 04:48:44 PM -03
Ejecutando Polylla con tamaño 100000000
Generating points  
Generating triangles 
estimao 199960002 final 199960002
Constructing halfedges 
Triangulation generation time: 416403
[Polylla] Input mesh generated
[Polylla] Constructing Polylla...
[GPU] Copy vectors to device in 2450.08 ms
[GPU] Labered max edges in 15.9289 ms
[GPU] Labeled frontier edges in 12.5391 ms
[GPU] Labeled seed edges in 12.5423 ms
[GPU] Labeled seed scan in 6.26477 ms
[GPU] Labeled seed compaction in 4.29753 ms
[GPU] Traversal phase 1 in 39.1734 ms
[GPU] Traversal phase (search frontier edge) in 9.41512 ms
[GPU] Back to host in 1326.42 ms
Done!
Printing JSON file as uniform_100000000.json
output json in uniform_100000000.json
Tiempo de ejecución: 467.385 segundos

Thu 23 Mar 2023 04:56:32 PM -03
