Ejecutando Polylla con tamaño 75255625
Generating points  
Generating triangles 
estimao 150476552 final 150476552
Constructing halfedges 
Triangulation generation time: 321993
[Polylla] Input mesh generated
[Polylla] Constructing Polylla...
[GPU] Copy vectors to device in 1026.72 ms
[GPU] Labered max edges in 12.2378 ms
[GPU] Labeled frontier edges in 9.46279 ms
[GPU] Labeled seed edges in 9.48023 ms
[GPU] Labeled seed scan in 4.86811 ms
[GPU] Labeled seed compaction in 3.24501 ms
[GPU] Traversal phase 1 in 33.9899 ms
[GPU] Traversal phase (search frontier edge) in 6.6916 ms
[GPU] Back to host in 950.753 ms
Done!
Printing JSON file as uniform_75255625.json
output json in uniform_75255625.json
Tiempo de ejecución: 354.142 segundos
