Ejecutando Polylla con tamaño 1000000
Generating points  
Generating triangles 
estimao 1996002 final 1996002
Constructing halfedges 
Triangulation generation time: 3280.35
[Polylla] Input mesh generated
[Polylla] Constructing Polylla...
[GPU] Copy vectors to device in 21.4546 ms
[GPU] Labered max edges in 0.272546 ms
[GPU] Labeled frontier edges in 0.14198 ms
[GPU] Labeled seed edges in 1.01393 ms
[GPU] Labeled seed scan in 0.429714 ms
[GPU] Labeled seed compaction in 0.067588 ms
[GPU] Traversal phase 1 in 0.600938 ms
[GPU] Traversal phase (search frontier edge) in 1.01325 ms
[GPU] Back to host in 11.9686 ms
Done!
Printing JSON file as uniform_1000000.json
output json in uniform_1000000.json
Tiempo de ejecución: 4.968 segundos
