Reading OFF file /home/rcarrasco/GPolylla/data/1000000_points.1.off
[Polylla] Constructing Polylla...
[GPU] Copy vectors to device in 19.8088 ms
[GPU] Labered max edges in 0.345395 ms
[GPU] Labeled frontier edges in 0.139144 ms
[GPU] Labeled seed edges in 0.154342 ms
[GPU] Labeled extra frontier edge in 1.0039 ms
[GPU] Labeled seed scan in 0.428983 ms
[GPU] Labeled seed compaction in 0.065695 ms
[GPU] Traversal phase 1 in 0.576644 ms
[GPU] Traversal phase (search frontier edge) in 1.06654 ms
[GPU] Rapair overwrite seed in 0.132431 ms
[GPU] Back to host in 13.1782 ms
[GPU] Mesh with 338580 polygons 0 edges and 0 barrier-edge tips.
Printing JSON file as /home/rcarrasco/GPolylla/experiments/CPU_and_GPU/gpu-uniform-result/3/uniform_1000000.json
Tiempo de ejecución: 11.390 segundos

Reading OFF file /home/rcarrasco/GPolylla/data/2353515_points.1.off
[Polylla] Constructing Polylla...
[GPU] Copy vectors to device in 38.3513 ms
[GPU] Labered max edges in 0.677755 ms
[GPU] Labeled frontier edges in 0.312172 ms
[GPU] Labeled seed edges in 0.341878 ms
[GPU] Labeled extra frontier edge in 2.53472 ms
[GPU] Labeled seed scan in 0.543651 ms
[GPU] Labeled seed compaction in 0.128664 ms
[GPU] Traversal phase 1 in 1.32979 ms
[GPU] Traversal phase (search frontier edge) in 1.12906 ms
[GPU] Rapair overwrite seed in 0.271625 ms
[GPU] Back to host in 29.6047 ms
[GPU] Mesh with 795865 polygons 0 edges and 0 barrier-edge tips.
Printing JSON file as /home/rcarrasco/GPolylla/experiments/CPU_and_GPU/gpu-uniform-result/3/uniform_2353515.json
Tiempo de ejecución: 24.651 segundos

Reading OFF file /home/rcarrasco/GPolylla/data/3707030_points.1.off
[Polylla] Constructing Polylla...
[GPU] Copy vectors to device in 58.4771 ms
[GPU] Labered max edges in 1.0885 ms
[GPU] Labeled frontier edges in 0.476393 ms
[GPU] Labeled seed edges in 0.517341 ms
[GPU] Labeled extra frontier edge in 4.09606 ms
[GPU] Labeled seed scan in 0.608253 ms
[GPU] Labeled seed compaction in 0.19003 ms
[GPU] Traversal phase 1 in 2.07244 ms
[GPU] Traversal phase (search frontier edge) in 1.26746 ms
[GPU] Rapair overwrite seed in 0.408265 ms
[GPU] Back to host in 46.4846 ms
[GPU] Mesh with 1254491 polygons 0 edges and 0 barrier-edge tips.
Printing JSON file as /home/rcarrasco/GPolylla/experiments/CPU_and_GPU/gpu-uniform-result/3/uniform_3707030.json
Tiempo de ejecución: 37.836 segundos

Reading OFF file /home/rcarrasco/GPolylla/data/5060545_points.1.off
[Polylla] Constructing Polylla...
[GPU] Copy vectors to device in 75.5402 ms
[GPU] Labered max edges in 1.53069 ms
[GPU] Labeled frontier edges in 0.650594 ms
[GPU] Labeled seed edges in 0.696561 ms
[GPU] Labeled extra frontier edge in 5.67917 ms
[GPU] Labeled seed scan in 0.687715 ms
[GPU] Labeled seed compaction in 0.251136 ms
[GPU] Traversal phase 1 in 2.82371 ms
[GPU] Traversal phase (search frontier edge) in 1.35999 ms
[GPU] Rapair overwrite seed in 0.535305 ms
[GPU] Back to host in 63.4851 ms
[GPU] Mesh with 1714011 polygons 0 edges and 0 barrier-edge tips.
Printing JSON file as /home/rcarrasco/GPolylla/experiments/CPU_and_GPU/gpu-uniform-result/3/uniform_5060545.json
Tiempo de ejecución: 51.273 segundos

Reading OFF file /home/rcarrasco/GPolylla/data/6414060_points.1.off
[Polylla] Constructing Polylla...
[GPU] Copy vectors to device in 93.5107 ms
[GPU] Labered max edges in 1.9673 ms
[GPU] Labeled frontier edges in 0.818832 ms
[GPU] Labeled seed edges in 0.874768 ms
[GPU] Labeled extra frontier edge in 7.26106 ms
[GPU] Labeled seed scan in 0.7862 ms
[GPU] Labeled seed compaction in 0.31142 ms
[GPU] Traversal phase 1 in 3.56841 ms
[GPU] Traversal phase (search frontier edge) in 1.44347 ms
[GPU] Rapair overwrite seed in 0.672475 ms
[GPU] Back to host in 81.6088 ms
[GPU] Mesh with 2172430 polygons 0 edges and 0 barrier-edge tips.
Printing JSON file as /home/rcarrasco/GPolylla/experiments/CPU_and_GPU/gpu-uniform-result/3/uniform_6414060.json
Tiempo de ejecución: 65.489 segundos

Reading OFF file /home/rcarrasco/GPolylla/data/7767575_points.1.off
[Polylla] Constructing Polylla...
[GPU] Copy vectors to device in 110.187 ms
[GPU] Labered max edges in 2.38713 ms
[GPU] Labeled frontier edges in 0.989496 ms
[GPU] Labeled seed edges in 1.05168 ms
[GPU] Labeled extra frontier edge in 8.84648 ms
[GPU] Labeled seed scan in 0.878666 ms
[GPU] Labeled seed compaction in 0.373749 ms
[GPU] Traversal phase 1 in 4.31846 ms
[GPU] Traversal phase (search frontier edge) in 1.53314 ms
[GPU] Rapair overwrite seed in 0.806038 ms
[GPU] Back to host in 99.3301 ms
[GPU] Mesh with 2629722 polygons 0 edges and 0 barrier-edge tips.
Printing JSON file as /home/rcarrasco/GPolylla/experiments/CPU_and_GPU/gpu-uniform-result/3/uniform_7767575.json
Tiempo de ejecución: 79.723 segundos

Reading OFF file /home/rcarrasco/GPolylla/data/9121090_points.1.off
[Polylla] Constructing Polylla...
[GPU] Copy vectors to device in 131.374 ms
[GPU] Labered max edges in 2.81108 ms
[GPU] Labeled frontier edges in 1.16059 ms
[GPU] Labeled seed edges in 1.20418 ms
[GPU] Labeled extra frontier edge in 10.0354 ms
[GPU] Labeled seed scan in 2.67145 ms
[GPU] Labeled seed compaction in 0.418513 ms
[GPU] Traversal phase 1 in 4.80924 ms
[GPU] Traversal phase (search frontier edge) in 1.57316 ms
[GPU] Rapair overwrite seed in 0.925937 ms
[GPU] Back to host in 113.887 ms
[GPU] Mesh with 3088384 polygons 0 edges and 0 barrier-edge tips.
Printing JSON file as /home/rcarrasco/GPolylla/experiments/CPU_and_GPU/gpu-uniform-result/3/uniform_9121090.json
Tiempo de ejecución: 91.686 segundos

Reading OFF file /home/rcarrasco/GPolylla/data/10474605_points.1.off
[Polylla] Constructing Polylla...
[GPU] Copy vectors to device in 145.264 ms
[GPU] Labered max edges in 3.26904 ms
[GPU] Labeled frontier edges in 1.33503 ms
[GPU] Labeled seed edges in 1.39566 ms
[GPU] Labeled extra frontier edge in 12.021 ms
[GPU] Labeled seed scan in 3.61224 ms
[GPU] Labeled seed compaction in 0.49586 ms
[GPU] Traversal phase 1 in 5.81416 ms
[GPU] Traversal phase (search frontier edge) in 1.68092 ms
[GPU] Rapair overwrite seed in 1.06103 ms
[GPU] Back to host in 129.817 ms
[GPU] Mesh with 3546529 polygons 0 edges and 0 barrier-edge tips.
Printing JSON file as /home/rcarrasco/GPolylla/experiments/CPU_and_GPU/gpu-uniform-result/3/uniform_10474605.json
Tiempo de ejecución: 107.263 segundos

Reading OFF file /home/rcarrasco/GPolylla/data/11828120_points.1.off
[Polylla] Constructing Polylla...
[GPU] Copy vectors to device in 164.786 ms
[GPU] Labered max edges in 3.38063 ms
[GPU] Labeled frontier edges in 1.48641 ms
[GPU] Labeled seed edges in 1.4922 ms
[GPU] Labeled extra frontier edge in 12.7883 ms
[GPU] Labeled seed scan in 1.08558 ms
[GPU] Labeled seed compaction in 0.495981 ms
[GPU] Traversal phase 1 in 5.46915 ms
[GPU] Traversal phase (search frontier edge) in 1.59375 ms
[GPU] Rapair overwrite seed in 1.18902 ms
[GPU] Back to host in 142.463 ms
[GPU] Mesh with 4005673 polygons 0 edges and 0 barrier-edge tips.
Printing JSON file as /home/rcarrasco/GPolylla/experiments/CPU_and_GPU/gpu-uniform-result/3/uniform_11828120.json
Tiempo de ejecución: 121.880 segundos

Reading OFF file /home/rcarrasco/GPolylla/data/13181635_points.1.off
[Polylla] Constructing Polylla...
[GPU] Copy vectors to device in 186.215 ms
[GPU] Labered max edges in 4.12682 ms
[GPU] Labeled frontier edges in 1.67555 ms
[GPU] Labeled seed edges in 1.74269 ms
[GPU] Labeled extra frontier edge in 14.3963 ms
[GPU] Labeled seed scan in 7.58562 ms
[GPU] Labeled seed compaction in 0.533793 ms
[GPU] Traversal phase 1 in 5.79191 ms
[GPU] Traversal phase (search frontier edge) in 1.59505 ms
[GPU] Rapair overwrite seed in 1.31389 ms
[GPU] Back to host in 160.818 ms
[GPU] Mesh with 4464685 polygons 0 edges and 0 barrier-edge tips.
Printing JSON file as /home/rcarrasco/GPolylla/experiments/CPU_and_GPU/gpu-uniform-result/3/uniform_13181635.json
Tiempo de ejecución: 135.133 segundos

Reading OFF file /home/rcarrasco/GPolylla/data/14535150_points.1.off
[Polylla] Constructing Polylla...
[GPU] Copy vectors to device in 198.738 ms
[GPU] Labered max edges in 4.14477 ms
[GPU] Labeled frontier edges in 1.83306 ms
[GPU] Labeled seed edges in 1.82144 ms
[GPU] Labeled extra frontier edge in 15.6396 ms
[GPU] Labeled seed scan in 6.0644 ms
[GPU] Labeled seed compaction in 0.594928 ms
[GPU] Traversal phase 1 in 6.5403 ms
[GPU] Traversal phase (search frontier edge) in 1.69647 ms
[GPU] Rapair overwrite seed in 1.45039 ms
[GPU] Back to host in 176.002 ms
[GPU] Mesh with 4922907 polygons 0 edges and 0 barrier-edge tips.
Printing JSON file as /home/rcarrasco/GPolylla/experiments/CPU_and_GPU/gpu-uniform-result/3/uniform_14535150.json
Tiempo de ejecución: 147.688 segundos

Reading OFF file /home/rcarrasco/GPolylla/data/15888665_points.1.off
[Polylla] Constructing Polylla...
[GPU] Copy vectors to device in 219.653 ms
[GPU] Labered max edges in 4.9819 ms
[GPU] Labeled frontier edges in 2.00972 ms
[GPU] Labeled seed edges in 2.10142 ms
[GPU] Labeled extra frontier edge in 18.3256 ms
[GPU] Labeled seed scan in 2.27651 ms
[GPU] Labeled seed compaction in 0.740885 ms
[GPU] Traversal phase 1 in 8.7942 ms
[GPU] Traversal phase (search frontier edge) in 1.92459 ms
[GPU] Rapair overwrite seed in 1.58441 ms
[GPU] Back to host in 190.92 ms
[GPU] Mesh with 5380937 polygons 0 edges and 0 barrier-edge tips.
Printing JSON file as /home/rcarrasco/GPolylla/experiments/CPU_and_GPU/gpu-uniform-result/3/uniform_15888665.json
Tiempo de ejecución: 162.869 segundos

Reading OFF file /home/rcarrasco/GPolylla/data/17242180_points.1.off
[Polylla] Constructing Polylla...
[GPU] Copy vectors to device in 244.368 ms
[GPU] Labered max edges in 5.44886 ms
[GPU] Labeled frontier edges in 2.18178 ms
[GPU] Labeled seed edges in 2.26691 ms
[GPU] Labeled extra frontier edge in 19.9081 ms
[GPU] Labeled seed scan in 4.338 ms
[GPU] Labeled seed compaction in 0.801249 ms
[GPU] Traversal phase 1 in 9.54606 ms
[GPU] Traversal phase (search frontier edge) in 2.00259 ms
[GPU] Rapair overwrite seed in 1.71855 ms
[GPU] Back to host in 195.575 ms
[GPU] Mesh with 5839287 polygons 0 edges and 0 barrier-edge tips.
Printing JSON file as /home/rcarrasco/GPolylla/experiments/CPU_and_GPU/gpu-uniform-result/3/uniform_17242180.json
Tiempo de ejecución: 178.343 segundos

Reading OFF file /home/rcarrasco/GPolylla/data/18595695_points.1.off
[Polylla] Constructing Polylla...
[GPU] Copy vectors to device in 262.533 ms
[GPU] Labered max edges in 5.29357 ms
[GPU] Labeled frontier edges in 2.33929 ms
[GPU] Labeled seed edges in 2.32518 ms
[GPU] Labeled extra frontier edge in 20.0876 ms
[GPU] Labeled seed scan in 6.5265 ms
[GPU] Labeled seed compaction in 0.743099 ms
[GPU] Traversal phase 1 in 8.11918 ms
[GPU] Traversal phase (search frontier edge) in 1.83464 ms
[GPU] Rapair overwrite seed in 1.83919 ms
[GPU] Back to host in 224.22 ms
[GPU] Mesh with 6298933 polygons 0 edges and 0 barrier-edge tips.
Printing JSON file as /home/rcarrasco/GPolylla/experiments/CPU_and_GPU/gpu-uniform-result/3/uniform_18595695.json
Tiempo de ejecución: 193.131 segundos

Reading OFF file /home/rcarrasco/GPolylla/data/19949210_points.1.off
[Polylla] Constructing Polylla...
[GPU] Copy vectors to device in 274.765 ms
[GPU] Labered max edges in 5.89725 ms
[GPU] Labeled frontier edges in 2.50671 ms
[GPU] Labeled seed edges in 2.47225 ms
[GPU] Labeled extra frontier edge in 21.5563 ms
[GPU] Labeled seed scan in 1.53673 ms
[GPU] Labeled seed compaction in 0.795058 ms
[GPU] Traversal phase 1 in 8.70382 ms
[GPU] Traversal phase (search frontier edge) in 1.90963 ms
[GPU] Rapair overwrite seed in 1.96923 ms
[GPU] Back to host in 244.716 ms
[GPU] Mesh with 6757611 polygons 0 edges and 0 barrier-edge tips.
Printing JSON file as /home/rcarrasco/GPolylla/experiments/CPU_and_GPU/gpu-uniform-result/3/uniform_19949210.json
Tiempo de ejecución: 209.446 segundos

Reading OFF file /home/rcarrasco/GPolylla/data/21302725_points.1.off
[Polylla] Constructing Polylla...
[GPU] Copy vectors to device in 300.894 ms
[GPU] Labered max edges in 6.06975 ms
[GPU] Labeled frontier edges in 2.68298 ms
[GPU] Labeled seed edges in 2.65716 ms
[GPU] Labeled extra frontier edge in 23.0763 ms
[GPU] Labeled seed scan in 17.3017 ms
[GPU] Labeled seed compaction in 0.846956 ms
[GPU] Traversal phase 1 in 9.29404 ms
[GPU] Traversal phase (search frontier edge) in 1.98801 ms
[GPU] Rapair overwrite seed in 2.09905 ms
[GPU] Back to host in 240.231 ms
[GPU] Mesh with 7216243 polygons 0 edges and 0 barrier-edge tips.
Printing JSON file as /home/rcarrasco/GPolylla/experiments/CPU_and_GPU/gpu-uniform-result/3/uniform_21302725.json
Tiempo de ejecución: 225.380 segundos

Reading OFF file /home/rcarrasco/GPolylla/data/22656240_points.1.off
[Polylla] Constructing Polylla...
[GPU] Copy vectors to device in 320.149 ms
[GPU] Labered max edges in 6.45116 ms
[GPU] Labeled frontier edges in 2.83716 ms
[GPU] Labeled seed edges in 2.80375 ms
[GPU] Labeled extra frontier edge in 24.535 ms
[GPU] Labeled seed scan in 1.81133 ms
[GPU] Labeled seed compaction in 0.900968 ms
[GPU] Traversal phase 1 in 9.95477 ms
[GPU] Traversal phase (search frontier edge) in 2.03425 ms
[GPU] Rapair overwrite seed in 2.22484 ms
[GPU] Back to host in 266.095 ms
[GPU] Mesh with 7674113 polygons 0 edges and 0 barrier-edge tips.
Printing JSON file as /home/rcarrasco/GPolylla/experiments/CPU_and_GPU/gpu-uniform-result/3/uniform_22656240.json
Tiempo de ejecución: 239.100 segundos

Reading OFF file /home/rcarrasco/GPolylla/data/24009755_points.1.off
[Polylla] Constructing Polylla...
[GPU] Copy vectors to device in 357.856 ms
[GPU] Labered max edges in 6.83939 ms
[GPU] Labeled frontier edges in 3.01479 ms
[GPU] Labeled seed edges in 2.97683 ms
[GPU] Labeled extra frontier edge in 25.9906 ms
[GPU] Labeled seed scan in 1.91432 ms
[GPU] Labeled seed compaction in 0.963547 ms
[GPU] Traversal phase 1 in 10.7002 ms
[GPU] Traversal phase (search frontier edge) in 2.11898 ms
[GPU] Rapair overwrite seed in 2.36175 ms
[GPU] Back to host in 296.734 ms
[GPU] Mesh with 8131781 polygons 0 edges and 0 barrier-edge tips.
Printing JSON file as /home/rcarrasco/GPolylla/experiments/CPU_and_GPU/gpu-uniform-result/3/uniform_24009755.json
Tiempo de ejecución: 254.341 segundos

Reading OFF file /home/rcarrasco/GPolylla/data/25363270_points.1.off
[Polylla] Constructing Polylla...
[GPU] Copy vectors to device in 381.71 ms
[GPU] Labered max edges in 7.24289 ms
[GPU] Labeled frontier edges in 3.18627 ms
[GPU] Labeled seed edges in 3.15267 ms
[GPU] Labeled extra frontier edge in 27.429 ms
[GPU] Labeled seed scan in 1.97484 ms
[GPU] Labeled seed compaction in 1.02239 ms
[GPU] Traversal phase 1 in 11.4237 ms
[GPU] Traversal phase (search frontier edge) in 2.1726 ms
[GPU] Rapair overwrite seed in 2.49397 ms
[GPU] Back to host in 296.023 ms
[GPU] Mesh with 8588763 polygons 0 edges and 0 barrier-edge tips.
Printing JSON file as /home/rcarrasco/GPolylla/experiments/CPU_and_GPU/gpu-uniform-result/3/uniform_25363270.json
Tiempo de ejecución: 266.812 segundos

Reading OFF file /home/rcarrasco/GPolylla/data/26716785_points.1.off
[Polylla] Constructing Polylla...
[GPU] Copy vectors to device in 377.38 ms
[GPU] Labered max edges in 7.62253 ms
[GPU] Labeled frontier edges in 3.3529 ms
[GPU] Labeled seed edges in 3.30167 ms
[GPU] Labeled extra frontier edge in 28.9163 ms
[GPU] Labeled seed scan in 5.84892 ms
[GPU] Labeled seed compaction in 1.05698 ms
[GPU] Traversal phase 1 in 11.6536 ms
[GPU] Traversal phase (search frontier edge) in 2.22211 ms
[GPU] Rapair overwrite seed in 2.62261 ms
[GPU] Back to host in 311.792 ms
[GPU] Mesh with 9045997 polygons 0 edges and 0 barrier-edge tips.
Printing JSON file as /home/rcarrasco/GPolylla/experiments/CPU_and_GPU/gpu-uniform-result/3/uniform_26716785.json
Tiempo de ejecución: 286.282 segundos

Reading OFF file /home/rcarrasco/GPolylla/data/28070300_points.1.off
[Polylla] Constructing Polylla...
[GPU] Copy vectors to device in 392.584 ms
[GPU] Labered max edges in 8.00797 ms
[GPU] Labeled frontier edges in 3.5178 ms
[GPU] Labeled seed edges in 3.4709 ms
[GPU] Labeled extra frontier edge in 30.438 ms
[GPU] Labeled seed scan in 2.13083 ms
[GPU] Labeled seed compaction in 1.10795 ms
[GPU] Traversal phase 1 in 12.2348 ms
[GPU] Traversal phase (search frontier edge) in 2.27383 ms
[GPU] Rapair overwrite seed in 2.75516 ms
[GPU] Back to host in 347.548 ms
[GPU] Mesh with 9506411 polygons 0 edges and 0 barrier-edge tips.
Printing JSON file as /home/rcarrasco/GPolylla/experiments/CPU_and_GPU/gpu-uniform-result/3/uniform_28070300.json
Tiempo de ejecución: 300.142 segundos

Reading OFF file /home/rcarrasco/GPolylla/data/29423815_points.1.off
[Polylla] Constructing Polylla...
[GPU] Copy vectors to device in 415.672 ms
[GPU] Labered max edges in 8.36858 ms
[GPU] Labeled frontier edges in 3.68956 ms
[GPU] Labeled seed edges in 3.61888 ms
[GPU] Labeled extra frontier edge in 31.8392 ms
[GPU] Labeled seed scan in 2.66972 ms
[GPU] Labeled seed compaction in 1.16023 ms
[GPU] Traversal phase 1 in 12.8231 ms
[GPU] Traversal phase (search frontier edge) in 2.34424 ms
[GPU] Rapair overwrite seed in 2.87933 ms
[GPU] Back to host in 329.206 ms
[GPU] Mesh with 9964123 polygons 0 edges and 0 barrier-edge tips.
Printing JSON file as /home/rcarrasco/GPolylla/experiments/CPU_and_GPU/gpu-uniform-result/3/uniform_29423815.json
Tiempo de ejecución: 309.804 segundos

Reading OFF file /home/rcarrasco/GPolylla/data/30777330_points.1.off
[Polylla] Constructing Polylla...
[GPU] Copy vectors to device in 438.798 ms
[GPU] Labered max edges in 8.79824 ms
[GPU] Labeled frontier edges in 3.85887 ms
[GPU] Labeled seed edges in 3.7899 ms
[GPU] Labeled extra frontier edge in 33.3508 ms
[GPU] Labeled seed scan in 2.2797 ms
[GPU] Labeled seed compaction in 1.2137 ms
[GPU] Traversal phase 1 in 13.424 ms
[GPU] Traversal phase (search frontier edge) in 2.41713 ms
[GPU] Rapair overwrite seed in 3.01937 ms
[GPU] Back to host in 365.357 ms
[GPU] Mesh with 10422687 polygons 0 edges and 0 barrier-edge tips.
Printing JSON file as /home/rcarrasco/GPolylla/experiments/CPU_and_GPU/gpu-uniform-result/3/uniform_30777330.json
Tiempo de ejecución: 329.563 segundos

Reading OFF file /home/rcarrasco/GPolylla/data/32130845_points.1.off
[Polylla] Constructing Polylla...
[GPU] Copy vectors to device in 448.644 ms
[GPU] Labered max edges in 9.15378 ms
[GPU] Labeled frontier edges in 4.0271 ms
[GPU] Labeled seed edges in 3.95607 ms
[GPU] Labeled extra frontier edge in 34.8504 ms
[GPU] Labeled seed scan in 2.3573 ms
[GPU] Labeled seed compaction in 1.2666 ms
[GPU] Traversal phase 1 in 14.0202 ms
[GPU] Traversal phase (search frontier edge) in 2.46759 ms
[GPU] Rapair overwrite seed in 3.14239 ms
[GPU] Back to host in 362.568 ms
[GPU] Mesh with 10880764 polygons 0 edges and 0 barrier-edge tips.
Printing JSON file as /home/rcarrasco/GPolylla/experiments/CPU_and_GPU/gpu-uniform-result/3/uniform_32130845.json
Tiempo de ejecución: 347.273 segundos

Reading OFF file /home/rcarrasco/GPolylla/data/33484360_points.1.off
[Polylla] Constructing Polylla...
[GPU] Copy vectors to device in 469.305 ms
[GPU] Labered max edges in 9.57197 ms
[GPU] Labeled frontier edges in 4.20429 ms
[GPU] Labeled seed edges in 4.12824 ms
[GPU] Labeled extra frontier edge in 36.3334 ms
[GPU] Labeled seed scan in 2.4265 ms
[GPU] Labeled seed compaction in 1.31927 ms
[GPU] Traversal phase 1 in 14.6122 ms
[GPU] Traversal phase (search frontier edge) in 2.54256 ms
[GPU] Rapair overwrite seed in 3.27927 ms
[GPU] Back to host in 377.714 ms
[GPU] Mesh with 11339773 polygons 0 edges and 0 barrier-edge tips.
Printing JSON file as /home/rcarrasco/GPolylla/experiments/CPU_and_GPU/gpu-uniform-result/3/uniform_33484360.json
Tiempo de ejecución: 362.147 segundos

Reading OFF file /home/rcarrasco/GPolylla/data/34837875_points.1.off
[Polylla] Constructing Polylla...
[GPU] Copy vectors to device in 510.194 ms
[GPU] Labered max edges in 9.94333 ms
[GPU] Labeled frontier edges in 4.36852 ms
[GPU] Labeled seed edges in 4.30791 ms
[GPU] Labeled extra frontier edge in 37.8321 ms
[GPU] Labeled seed scan in 2.52141 ms
[GPU] Labeled seed compaction in 1.372 ms
[GPU] Traversal phase 1 in 15.2057 ms
[GPU] Traversal phase (search frontier edge) in 2.5987 ms
[GPU] Rapair overwrite seed in 3.40682 ms
[GPU] Back to host in 414.742 ms
[GPU] Mesh with 11799215 polygons 0 edges and 0 barrier-edge tips.
Printing JSON file as /home/rcarrasco/GPolylla/experiments/CPU_and_GPU/gpu-uniform-result/3/uniform_34837875.json
Tiempo de ejecución: 371.651 segundos

Reading OFF file /home/rcarrasco/GPolylla/data/36191390_points.1.off
[Polylla] Constructing Polylla...
[GPU] Copy vectors to device in 506.115 ms
[GPU] Labered max edges in 10.3545 ms
[GPU] Labeled frontier edges in 4.54092 ms
[GPU] Labeled seed edges in 4.50448 ms
[GPU] Labeled extra frontier edge in 39.35 ms
[GPU] Labeled seed scan in 7.96564 ms
[GPU] Labeled seed compaction in 1.42441 ms
[GPU] Traversal phase 1 in 15.8 ms
[GPU] Traversal phase (search frontier edge) in 2.67223 ms
[GPU] Rapair overwrite seed in 3.5308 ms
[GPU] Back to host in 416.155 ms
[GPU] Mesh with 12257312 polygons 0 edges and 0 barrier-edge tips.
Printing JSON file as /home/rcarrasco/GPolylla/experiments/CPU_and_GPU/gpu-uniform-result/3/uniform_36191390.json
Tiempo de ejecución: 391.181 segundos

Reading OFF file /home/rcarrasco/GPolylla/data/37544905_points.1.off
[Polylla] Constructing Polylla...
[GPU] Copy vectors to device in 529.547 ms
[GPU] Labered max edges in 10.7285 ms
[GPU] Labeled frontier edges in 4.70206 ms
[GPU] Labeled seed edges in 4.64832 ms
[GPU] Labeled extra frontier edge in 40.8623 ms
[GPU] Labeled seed scan in 2.66251 ms
[GPU] Labeled seed compaction in 1.47518 ms
[GPU] Traversal phase 1 in 16.3811 ms
[GPU] Traversal phase (search frontier edge) in 2.73203 ms
[GPU] Rapair overwrite seed in 3.67115 ms
[GPU] Back to host in 426.95 ms
[GPU] Mesh with 12716646 polygons 0 edges and 0 barrier-edge tips.
Printing JSON file as /home/rcarrasco/GPolylla/experiments/CPU_and_GPU/gpu-uniform-result/3/uniform_37544905.json
Tiempo de ejecución: 404.012 segundos

Reading OFF file /home/rcarrasco/GPolylla/data/38898420_points.1.off
[Polylla] Constructing Polylla...
[GPU] Copy vectors to device in 542.623 ms
[GPU] Labered max edges in 11.1158 ms
[GPU] Labeled frontier edges in 4.87215 ms
[GPU] Labeled seed edges in 4.79105 ms
[GPU] Labeled extra frontier edge in 42.3552 ms
[GPU] Labeled seed scan in 3.74256 ms
[GPU] Labeled seed compaction in 1.52809 ms
[GPU] Traversal phase 1 in 16.9852 ms
[GPU] Traversal phase (search frontier edge) in 2.80175 ms
[GPU] Rapair overwrite seed in 3.79866 ms
[GPU] Back to host in 440.825 ms
[GPU] Mesh with 13175481 polygons 0 edges and 0 barrier-edge tips.
Printing JSON file as /home/rcarrasco/GPolylla/experiments/CPU_and_GPU/gpu-uniform-result/3/uniform_38898420.json
Tiempo de ejecución: 425.881 segundos

Reading OFF file /home/rcarrasco/GPolylla/data/40251935_points.1.off
[Polylla] Constructing Polylla...
[GPU] Copy vectors to device in 558.488 ms
[GPU] Labered max edges in 11.4756 ms
[GPU] Labeled frontier edges in 5.04799 ms
[GPU] Labeled seed edges in 4.95732 ms
[GPU] Labeled extra frontier edge in 43.7477 ms
[GPU] Labeled seed scan in 2.8242 ms
[GPU] Labeled seed compaction in 1.5814 ms
[GPU] Traversal phase 1 in 17.5829 ms
[GPU] Traversal phase (search frontier edge) in 2.85939 ms
[GPU] Rapair overwrite seed in 3.92945 ms
[GPU] Back to host in 447.251 ms
[GPU] Mesh with 13634481 polygons 0 edges and 0 barrier-edge tips.
Printing JSON file as /home/rcarrasco/GPolylla/experiments/CPU_and_GPU/gpu-uniform-result/3/uniform_40251935.json
Tiempo de ejecución: 441.491 segundos

Reading OFF file /home/rcarrasco/GPolylla/data/41605450_points.1.off
[Polylla] Constructing Polylla...
[GPU] Copy vectors to device in 576.219 ms
[GPU] Labered max edges in 11.873 ms
[GPU] Labeled frontier edges in 5.2127 ms
[GPU] Labeled seed edges in 5.12003 ms
[GPU] Labeled extra frontier edge in 45.3011 ms
[GPU] Labeled seed scan in 2.90809 ms
[GPU] Labeled seed compaction in 1.63315 ms
[GPU] Traversal phase 1 in 18.1511 ms
[GPU] Traversal phase (search frontier edge) in 2.93449 ms
[GPU] Rapair overwrite seed in 4.05624 ms
[GPU] Back to host in 494.989 ms
[GPU] Mesh with 14092156 polygons 0 edges and 0 barrier-edge tips.
Printing JSON file as /home/rcarrasco/GPolylla/experiments/CPU_and_GPU/gpu-uniform-result/3/uniform_41605450.json
Tiempo de ejecución: 450.720 segundos

Reading OFF file /home/rcarrasco/GPolylla/data/42958965_points.1.off
[Polylla] Constructing Polylla...
[GPU] Copy vectors to device in 637.678 ms
[GPU] Labered max edges in 12.2423 ms
[GPU] Labeled frontier edges in 5.3855 ms
[GPU] Labeled seed edges in 5.27285 ms
[GPU] Labeled extra frontier edge in 46.7227 ms
[GPU] Labeled seed scan in 2.97321 ms
[GPU] Labeled seed compaction in 1.68574 ms
[GPU] Traversal phase 1 in 18.7588 ms
[GPU] Traversal phase (search frontier edge) in 3.00067 ms
[GPU] Rapair overwrite seed in 4.18608 ms
[GPU] Back to host in 517.065 ms
[GPU] Mesh with 14549379 polygons 0 edges and 0 barrier-edge tips.
Printing JSON file as /home/rcarrasco/GPolylla/experiments/CPU_and_GPU/gpu-uniform-result/3/uniform_42958965.json
Tiempo de ejecución: 472.808 segundos

Reading OFF file /home/rcarrasco/GPolylla/data/44312480_points.1.off
[Polylla] Constructing Polylla...
[GPU] Copy vectors to device in 633.381 ms
[GPU] Labered max edges in 12.6475 ms
[GPU] Labeled frontier edges in 5.54687 ms
[GPU] Labeled seed edges in 5.45232 ms
[GPU] Labeled extra frontier edge in 48.0969 ms
[GPU] Labeled seed scan in 15.0502 ms
[GPU] Labeled seed compaction in 1.7398 ms
[GPU] Traversal phase 1 in 19.3391 ms
[GPU] Traversal phase (search frontier edge) in 3.06362 ms
[GPU] Rapair overwrite seed in 4.3172 ms
[GPU] Back to host in 511.053 ms
[GPU] Mesh with 15007575 polygons 0 edges and 0 barrier-edge tips.
Printing JSON file as /home/rcarrasco/GPolylla/experiments/CPU_and_GPU/gpu-uniform-result/3/uniform_44312480.json
Tiempo de ejecución: 481.790 segundos

