Reading OFF file /home/rcarrasco/GPolylla/data/1000000_points.1.off
[Polylla] Constructing Polylla...
[GPU] Copy vectors to device in 22.3955 ms
[GPU] Labered max edges in 0.307383 ms
[GPU] Labeled frontier edges in 0.139254 ms
[GPU] Labeled seed edges in 0.154373 ms
[GPU] Labeled extra frontier edge in 1.00645 ms
[GPU] Labeled seed scan in 1.58489 ms
[GPU] Labeled seed compaction in 0.066056 ms
[GPU] Traversal phase 1 in 0.574409 ms
[GPU] Traversal phase (search frontier edge) in 1.06656 ms
[GPU] Rapair overwrite seed in 0.133353 ms
[GPU] Back to host in 12.2679 ms
[GPU] Mesh with 338575 polygons 0 edges and 0 barrier-edge tips.
Printing JSON file as /home/rcarrasco/GPolylla/experiments/CPU_and_GPU/gpu-uniform-result/5/uniform_1000000.json
Tiempo de ejecución: 13.199 segundos

Reading OFF file /home/rcarrasco/GPolylla/data/2353515_points.1.off
[Polylla] Constructing Polylla...
[GPU] Copy vectors to device in 40.2147 ms
[GPU] Labered max edges in 0.680109 ms
[GPU] Labeled frontier edges in 0.312773 ms
[GPU] Labeled seed edges in 0.339133 ms
[GPU] Labeled extra frontier edge in 2.54267 ms
[GPU] Labeled seed scan in 4.11776 ms
[GPU] Labeled seed compaction in 0.128444 ms
[GPU] Traversal phase 1 in 1.32781 ms
[GPU] Traversal phase (search frontier edge) in 1.12884 ms
[GPU] Rapair overwrite seed in 0.273308 ms
[GPU] Back to host in 28.6094 ms
[GPU] Mesh with 795869 polygons 0 edges and 0 barrier-edge tips.
Printing JSON file as /home/rcarrasco/GPolylla/experiments/CPU_and_GPU/gpu-uniform-result/5/uniform_2353515.json
Tiempo de ejecución: 26.809 segundos

Reading OFF file /home/rcarrasco/GPolylla/data/3707030_points.1.off
[Polylla] Constructing Polylla...
[GPU] Copy vectors to device in 53.6404 ms
[GPU] Labered max edges in 1.11461 ms
[GPU] Labeled frontier edges in 0.476844 ms
[GPU] Labeled seed edges in 0.522701 ms
[GPU] Labeled extra frontier edge in 4.09788 ms
[GPU] Labeled seed scan in 11.6938 ms
[GPU] Labeled seed compaction in 0.189469 ms
[GPU] Traversal phase 1 in 2.0745 ms
[GPU] Traversal phase (search frontier edge) in 1.26862 ms
[GPU] Rapair overwrite seed in 0.405629 ms
[GPU] Back to host in 44.6204 ms
[GPU] Mesh with 1254496 polygons 0 edges and 0 barrier-edge tips.
Printing JSON file as /home/rcarrasco/GPolylla/experiments/CPU_and_GPU/gpu-uniform-result/5/uniform_3707030.json
Tiempo de ejecución: 38.688 segundos

Reading OFF file /home/rcarrasco/GPolylla/data/5060545_points.1.off
[Polylla] Constructing Polylla...
[GPU] Copy vectors to device in 79.4632 ms
[GPU] Labered max edges in 1.52988 ms
[GPU] Labeled frontier edges in 0.654 ms
[GPU] Labeled seed edges in 0.69092 ms
[GPU] Labeled extra frontier edge in 5.67556 ms
[GPU] Labeled seed scan in 2.08053 ms
[GPU] Labeled seed compaction in 0.251106 ms
[GPU] Traversal phase 1 in 2.82102 ms
[GPU] Traversal phase (search frontier edge) in 1.36036 ms
[GPU] Rapair overwrite seed in 0.541597 ms
[GPU] Back to host in 62.2656 ms
[GPU] Mesh with 1714031 polygons 0 edges and 0 barrier-edge tips.
Printing JSON file as /home/rcarrasco/GPolylla/experiments/CPU_and_GPU/gpu-uniform-result/5/uniform_5060545.json
Tiempo de ejecución: 52.443 segundos

Reading OFF file /home/rcarrasco/GPolylla/data/6414060_points.1.off
[Polylla] Constructing Polylla...
[GPU] Copy vectors to device in 90.5806 ms
[GPU] Labered max edges in 1.95937 ms
[GPU] Labeled frontier edges in 0.821367 ms
[GPU] Labeled seed edges in 0.870621 ms
[GPU] Labeled extra frontier edge in 7.25541 ms
[GPU] Labeled seed scan in 5.433 ms
[GPU] Labeled seed compaction in 0.312633 ms
[GPU] Traversal phase 1 in 3.56742 ms
[GPU] Traversal phase (search frontier edge) in 1.44459 ms
[GPU] Rapair overwrite seed in 0.675832 ms
[GPU] Back to host in 79.1395 ms
[GPU] Mesh with 2172426 polygons 0 edges and 0 barrier-edge tips.
Printing JSON file as /home/rcarrasco/GPolylla/experiments/CPU_and_GPU/gpu-uniform-result/5/uniform_6414060.json
Tiempo de ejecución: 65.320 segundos

Reading OFF file /home/rcarrasco/GPolylla/data/7767575_points.1.off
[Polylla] Constructing Polylla...
[GPU] Copy vectors to device in 112.909 ms
[GPU] Labered max edges in 2.37688 ms
[GPU] Labeled frontier edges in 0.994355 ms
[GPU] Labeled seed edges in 1.03645 ms
[GPU] Labeled extra frontier edge in 8.84368 ms
[GPU] Labeled seed scan in 5.9353 ms
[GPU] Labeled seed compaction in 0.37441 ms
[GPU] Traversal phase 1 in 4.31204 ms
[GPU] Traversal phase (search frontier edge) in 1.53369 ms
[GPU] Rapair overwrite seed in 0.803152 ms
[GPU] Back to host in 95.5325 ms
[GPU] Mesh with 2629737 polygons 0 edges and 0 barrier-edge tips.
Printing JSON file as /home/rcarrasco/GPolylla/experiments/CPU_and_GPU/gpu-uniform-result/5/uniform_7767575.json
Tiempo de ejecución: 79.229 segundos

Reading OFF file /home/rcarrasco/GPolylla/data/9121090_points.1.off
[Polylla] Constructing Polylla...
[GPU] Copy vectors to device in 133.217 ms
[GPU] Labered max edges in 2.80797 ms
[GPU] Labeled frontier edges in 1.15838 ms
[GPU] Labeled seed edges in 1.21449 ms
[GPU] Labeled extra frontier edge in 10.2239 ms
[GPU] Labeled seed scan in 0.984829 ms
[GPU] Labeled seed compaction in 0.427381 ms
[GPU] Traversal phase 1 in 4.93509 ms
[GPU] Traversal phase (search frontier edge) in 1.60089 ms
[GPU] Rapair overwrite seed in 0.929393 ms
[GPU] Back to host in 111.265 ms
[GPU] Mesh with 3088386 polygons 0 edges and 0 barrier-edge tips.
Printing JSON file as /home/rcarrasco/GPolylla/experiments/CPU_and_GPU/gpu-uniform-result/5/uniform_9121090.json
Tiempo de ejecución: 92.696 segundos

Reading OFF file /home/rcarrasco/GPolylla/data/10474605_points.1.off
[Polylla] Constructing Polylla...
[GPU] Copy vectors to device in 148.512 ms
[GPU] Labered max edges in 3.26736 ms
[GPU] Labeled frontier edges in 1.33122 ms
[GPU] Labeled seed edges in 1.39368 ms
[GPU] Labeled extra frontier edge in 12.0062 ms
[GPU] Labeled seed scan in 1.06946 ms
[GPU] Labeled seed compaction in 0.49571 ms
[GPU] Traversal phase 1 in 5.81858 ms
[GPU] Traversal phase (search frontier edge) in 1.68128 ms
[GPU] Rapair overwrite seed in 1.05968 ms
[GPU] Back to host in 126.622 ms
[GPU] Mesh with 3546523 polygons 0 edges and 0 barrier-edge tips.
Printing JSON file as /home/rcarrasco/GPolylla/experiments/CPU_and_GPU/gpu-uniform-result/5/uniform_10474605.json
Tiempo de ejecución: 107.154 segundos

Reading OFF file /home/rcarrasco/GPolylla/data/11828120_points.1.off
[Polylla] Constructing Polylla...
[GPU] Copy vectors to device in 170.519 ms
[GPU] Labered max edges in 3.68327 ms
[GPU] Labeled frontier edges in 1.50216 ms
[GPU] Labeled seed edges in 1.58148 ms
[GPU] Labeled extra frontier edge in 13.5859 ms
[GPU] Labeled seed scan in 1.63606 ms
[GPU] Labeled seed compaction in 0.557728 ms
[GPU] Traversal phase 1 in 6.55628 ms
[GPU] Traversal phase (search frontier edge) in 1.76181 ms
[GPU] Rapair overwrite seed in 1.19336 ms
[GPU] Back to host in 142.238 ms
[GPU] Mesh with 4005664 polygons 0 edges and 0 barrier-edge tips.
Printing JSON file as /home/rcarrasco/GPolylla/experiments/CPU_and_GPU/gpu-uniform-result/5/uniform_11828120.json
Tiempo de ejecución: 122.294 segundos

Reading OFF file /home/rcarrasco/GPolylla/data/13181635_points.1.off
[Polylla] Constructing Polylla...
[GPU] Copy vectors to device in 186.262 ms
[GPU] Labered max edges in 3.80978 ms
[GPU] Labeled frontier edges in 1.65993 ms
[GPU] Labeled seed edges in 1.68127 ms
[GPU] Labeled extra frontier edge in 14.2831 ms
[GPU] Labeled seed scan in 1.16665 ms
[GPU] Labeled seed compaction in 0.568138 ms
[GPU] Traversal phase 1 in 6.42058 ms
[GPU] Traversal phase (search frontier edge) in 1.67847 ms
[GPU] Rapair overwrite seed in 1.31868 ms
[GPU] Back to host in 159.666 ms
[GPU] Mesh with 4464671 polygons 0 edges and 0 barrier-edge tips.
Printing JSON file as /home/rcarrasco/GPolylla/experiments/CPU_and_GPU/gpu-uniform-result/5/uniform_13181635.json
Tiempo de ejecución: 136.774 segundos

Reading OFF file /home/rcarrasco/GPolylla/data/14535150_points.1.off
[Polylla] Constructing Polylla...
[GPU] Copy vectors to device in 198.819 ms
[GPU] Labered max edges in 4.55929 ms
[GPU] Labeled frontier edges in 1.84962 ms
[GPU] Labeled seed edges in 1.91586 ms
[GPU] Labeled extra frontier edge in 15.7638 ms
[GPU] Labeled seed scan in 3.56869 ms
[GPU] Labeled seed compaction in 0.586653 ms
[GPU] Traversal phase 1 in 6.41711 ms
[GPU] Traversal phase (search frontier edge) in 1.6814 ms
[GPU] Rapair overwrite seed in 1.44984 ms
[GPU] Back to host in 176.667 ms
[GPU] Mesh with 4922906 polygons 0 edges and 0 barrier-edge tips.
Printing JSON file as /home/rcarrasco/GPolylla/experiments/CPU_and_GPU/gpu-uniform-result/5/uniform_14535150.json
Tiempo de ejecución: 150.901 segundos

Reading OFF file /home/rcarrasco/GPolylla/data/15888665_points.1.off
[Polylla] Constructing Polylla...
[GPU] Copy vectors to device in 221.187 ms
[GPU] Labered max edges in 4.77958 ms
[GPU] Labeled frontier edges in 1.99923 ms
[GPU] Labeled seed edges in 1.97833 ms
[GPU] Labeled extra frontier edge in 17.0525 ms
[GPU] Labeled seed scan in 10.3772 ms
[GPU] Labeled seed compaction in 0.637388 ms
[GPU] Traversal phase 1 in 6.94113 ms
[GPU] Traversal phase (search frontier edge) in 1.71383 ms
[GPU] Rapair overwrite seed in 1.57681 ms
[GPU] Back to host in 191.412 ms
[GPU] Mesh with 5380942 polygons 0 edges and 0 barrier-edge tips.
Printing JSON file as /home/rcarrasco/GPolylla/experiments/CPU_and_GPU/gpu-uniform-result/5/uniform_15888665.json
Tiempo de ejecución: 165.185 segundos

Reading OFF file /home/rcarrasco/GPolylla/data/17242180_points.1.off
[Polylla] Constructing Polylla...
[GPU] Copy vectors to device in 238.535 ms
[GPU] Labered max edges in 4.9268 ms
[GPU] Labeled frontier edges in 2.17298 ms
[GPU] Labeled seed edges in 2.13736 ms
[GPU] Labeled extra frontier edge in 18.557 ms
[GPU] Labeled seed scan in 1.37196 ms
[GPU] Labeled seed compaction in 0.689648 ms
[GPU] Traversal phase 1 in 7.52541 ms
[GPU] Traversal phase (search frontier edge) in 1.79086 ms
[GPU] Rapair overwrite seed in 1.70778 ms
[GPU] Back to host in 207.089 ms
[GPU] Mesh with 5839300 polygons 0 edges and 0 barrier-edge tips.
Printing JSON file as /home/rcarrasco/GPolylla/experiments/CPU_and_GPU/gpu-uniform-result/5/uniform_17242180.json
Tiempo de ejecución: 180.274 segundos

Reading OFF file /home/rcarrasco/GPolylla/data/18595695_points.1.off
[Polylla] Constructing Polylla...
[GPU] Copy vectors to device in 255.446 ms
[GPU] Labered max edges in 5.86552 ms
[GPU] Labeled frontier edges in 2.35929 ms
[GPU] Labeled seed edges in 2.47872 ms
[GPU] Labeled extra frontier edge in 21.5033 ms
[GPU] Labeled seed scan in 1.6036 ms
[GPU] Labeled seed compaction in 0.830195 ms
[GPU] Traversal phase 1 in 8.12398 ms
[GPU] Traversal phase (search frontier edge) in 1.83507 ms
[GPU] Rapair overwrite seed in 1.83954 ms
[GPU] Back to host in 222.476 ms
[GPU] Mesh with 6298936 polygons 0 edges and 0 barrier-edge tips.
Printing JSON file as /home/rcarrasco/GPolylla/experiments/CPU_and_GPU/gpu-uniform-result/5/uniform_18595695.json
Tiempo de ejecución: 194.053 segundos

Reading OFF file /home/rcarrasco/GPolylla/data/19949210_points.1.off
[Polylla] Constructing Polylla...
[GPU] Copy vectors to device in 276.676 ms
[GPU] Labered max edges in 6.30481 ms
[GPU] Labeled frontier edges in 2.52862 ms
[GPU] Labeled seed edges in 2.62867 ms
[GPU] Labeled extra frontier edge in 22.3059 ms
[GPU] Labeled seed scan in 1.54082 ms
[GPU] Labeled seed compaction in 0.795289 ms
[GPU] Traversal phase 1 in 8.71047 ms
[GPU] Traversal phase (search frontier edge) in 1.91041 ms
[GPU] Rapair overwrite seed in 1.96866 ms
[GPU] Back to host in 240.164 ms
[GPU] Mesh with 6757617 polygons 0 edges and 0 barrier-edge tips.
Printing JSON file as /home/rcarrasco/GPolylla/experiments/CPU_and_GPU/gpu-uniform-result/5/uniform_19949210.json
Tiempo de ejecución: 209.049 segundos

Reading OFF file /home/rcarrasco/GPolylla/data/21302725_points.1.off
[Polylla] Constructing Polylla...
[GPU] Copy vectors to device in 291.152 ms
[GPU] Labered max edges in 6.73766 ms
[GPU] Labeled frontier edges in 2.69339 ms
[GPU] Labeled seed edges in 2.79861 ms
[GPU] Labeled extra frontier edge in 23.3778 ms
[GPU] Labeled seed scan in 1.73858 ms
[GPU] Labeled seed compaction in 0.846986 ms
[GPU] Traversal phase 1 in 9.29609 ms
[GPU] Traversal phase (search frontier edge) in 1.991 ms
[GPU] Rapair overwrite seed in 2.10073 ms
[GPU] Back to host in 259.707 ms
[GPU] Mesh with 7216243 polygons 0 edges and 0 barrier-edge tips.
Printing JSON file as /home/rcarrasco/GPolylla/experiments/CPU_and_GPU/gpu-uniform-result/5/uniform_21302725.json
Tiempo de ejecución: 225.917 segundos

Reading OFF file /home/rcarrasco/GPolylla/data/22656240_points.1.off
[Polylla] Constructing Polylla...
[GPU] Copy vectors to device in 311.898 ms
[GPU] Labered max edges in 6.46262 ms
[GPU] Labeled frontier edges in 2.8433 ms
[GPU] Labeled seed edges in 2.81105 ms
[GPU] Labeled extra frontier edge in 24.5422 ms
[GPU] Labeled seed scan in 1.79304 ms
[GPU] Labeled seed compaction in 0.909074 ms
[GPU] Traversal phase 1 in 10.077 ms
[GPU] Traversal phase (search frontier edge) in 2.03052 ms
[GPU] Rapair overwrite seed in 2.22684 ms
[GPU] Back to host in 272.669 ms
[GPU] Mesh with 7674102 polygons 0 edges and 0 barrier-edge tips.
Printing JSON file as /home/rcarrasco/GPolylla/experiments/CPU_and_GPU/gpu-uniform-result/5/uniform_22656240.json
Tiempo de ejecución: 242.327 segundos

Reading OFF file /home/rcarrasco/GPolylla/data/24009755_points.1.off
[Polylla] Constructing Polylla...
[GPU] Copy vectors to device in 327.941 ms
[GPU] Labered max edges in 6.83605 ms
[GPU] Labeled frontier edges in 3.00946 ms
[GPU] Labeled seed edges in 2.97421 ms
[GPU] Labeled extra frontier edge in 25.9664 ms
[GPU] Labeled seed scan in 2.59996 ms
[GPU] Labeled seed compaction in 0.952887 ms
[GPU] Traversal phase 1 in 10.4793 ms
[GPU] Traversal phase (search frontier edge) in 2.10499 ms
[GPU] Rapair overwrite seed in 2.36179 ms
[GPU] Back to host in 289.279 ms
[GPU] Mesh with 8131789 polygons 0 edges and 0 barrier-edge tips.
Printing JSON file as /home/rcarrasco/GPolylla/experiments/CPU_and_GPU/gpu-uniform-result/5/uniform_24009755.json
Tiempo de ejecución: 255.319 segundos

Reading OFF file /home/rcarrasco/GPolylla/data/25363270_points.1.off
[Polylla] Constructing Polylla...
[GPU] Copy vectors to device in 350 ms
[GPU] Labered max edges in 7.22526 ms
[GPU] Labeled frontier edges in 3.18015 ms
[GPU] Labeled seed edges in 3.142 ms
[GPU] Labeled extra frontier edge in 27.4301 ms
[GPU] Labeled seed scan in 9.74949 ms
[GPU] Labeled seed compaction in 1.00452 ms
[GPU] Traversal phase 1 in 11.0693 ms
[GPU] Traversal phase (search frontier edge) in 2.14828 ms
[GPU] Rapair overwrite seed in 2.4899 ms
[GPU] Back to host in 307.089 ms
[GPU] Mesh with 8588758 polygons 0 edges and 0 barrier-edge tips.
Printing JSON file as /home/rcarrasco/GPolylla/experiments/CPU_and_GPU/gpu-uniform-result/5/uniform_25363270.json
Tiempo de ejecución: 270.184 segundos

Reading OFF file /home/rcarrasco/GPolylla/data/26716785_points.1.off
[Polylla] Constructing Polylla...
[GPU] Copy vectors to device in 369.075 ms
[GPU] Labered max edges in 7.62125 ms
[GPU] Labeled frontier edges in 3.34898 ms
[GPU] Labeled seed edges in 3.3037 ms
[GPU] Labeled extra frontier edge in 28.8968 ms
[GPU] Labeled seed scan in 6.06761 ms
[GPU] Labeled seed compaction in 1.05589 ms
[GPU] Traversal phase 1 in 11.651 ms
[GPU] Traversal phase (search frontier edge) in 2.22358 ms
[GPU] Rapair overwrite seed in 2.62398 ms
[GPU] Back to host in 324.501 ms
[GPU] Mesh with 9045978 polygons 0 edges and 0 barrier-edge tips.
Printing JSON file as /home/rcarrasco/GPolylla/experiments/CPU_and_GPU/gpu-uniform-result/5/uniform_26716785.json
Tiempo de ejecución: 288.796 segundos

Reading OFF file /home/rcarrasco/GPolylla/data/28070300_points.1.off
[Polylla] Constructing Polylla...
[GPU] Copy vectors to device in 388.126 ms
[GPU] Labered max edges in 7.99886 ms
[GPU] Labeled frontier edges in 3.51712 ms
[GPU] Labeled seed edges in 3.46985 ms
[GPU] Labeled extra frontier edge in 30.4445 ms
[GPU] Labeled seed scan in 2.13135 ms
[GPU] Labeled seed compaction in 1.10919 ms
[GPU] Traversal phase 1 in 12.2455 ms
[GPU] Traversal phase (search frontier edge) in 2.27167 ms
[GPU] Rapair overwrite seed in 2.75535 ms
[GPU] Back to host in 340.771 ms
[GPU] Mesh with 9506407 polygons 0 edges and 0 barrier-edge tips.
Printing JSON file as /home/rcarrasco/GPolylla/experiments/CPU_and_GPU/gpu-uniform-result/5/uniform_28070300.json
Tiempo de ejecución: 300.310 segundos

Reading OFF file /home/rcarrasco/GPolylla/data/29423815_points.1.off
[Polylla] Constructing Polylla...
[GPU] Copy vectors to device in 400.682 ms
[GPU] Labered max edges in 8.39502 ms
[GPU] Labeled frontier edges in 3.68362 ms
[GPU] Labeled seed edges in 3.62785 ms
[GPU] Labeled extra frontier edge in 31.8838 ms
[GPU] Labeled seed scan in 2.35182 ms
[GPU] Labeled seed compaction in 1.16315 ms
[GPU] Traversal phase 1 in 12.8339 ms
[GPU] Traversal phase (search frontier edge) in 2.34322 ms
[GPU] Rapair overwrite seed in 2.88638 ms
[GPU] Back to host in 353.928 ms
[GPU] Mesh with 9964128 polygons 0 edges and 0 barrier-edge tips.
Printing JSON file as /home/rcarrasco/GPolylla/experiments/CPU_and_GPU/gpu-uniform-result/5/uniform_29423815.json
Tiempo de ejecución: 313.195 segundos

Reading OFF file /home/rcarrasco/GPolylla/data/30777330_points.1.off
[Polylla] Constructing Polylla...
[GPU] Copy vectors to device in 421.548 ms
[GPU] Labered max edges in 8.78354 ms
[GPU] Labeled frontier edges in 3.85713 ms
[GPU] Labeled seed edges in 3.78458 ms
[GPU] Labeled extra frontier edge in 33.3801 ms
[GPU] Labeled seed scan in 2.27882 ms
[GPU] Labeled seed compaction in 1.21337 ms
[GPU] Traversal phase 1 in 13.4244 ms
[GPU] Traversal phase (search frontier edge) in 2.41568 ms
[GPU] Rapair overwrite seed in 3.01811 ms
[GPU] Back to host in 370.64 ms
[GPU] Mesh with 10422693 polygons 0 edges and 0 barrier-edge tips.
Printing JSON file as /home/rcarrasco/GPolylla/experiments/CPU_and_GPU/gpu-uniform-result/5/uniform_30777330.json
Tiempo de ejecución: 333.241 segundos

Reading OFF file /home/rcarrasco/GPolylla/data/32130845_points.1.off
[Polylla] Constructing Polylla...
[GPU] Copy vectors to device in 439.802 ms
[GPU] Labered max edges in 9.18396 ms
[GPU] Labeled frontier edges in 4.02934 ms
[GPU] Labeled seed edges in 3.96311 ms
[GPU] Labeled extra frontier edge in 34.8298 ms
[GPU] Labeled seed scan in 2.34021 ms
[GPU] Labeled seed compaction in 1.26608 ms
[GPU] Traversal phase 1 in 14.024 ms
[GPU] Traversal phase (search frontier edge) in 2.46885 ms
[GPU] Rapair overwrite seed in 3.14438 ms
[GPU] Back to host in 391.414 ms
[GPU] Mesh with 10880755 polygons 0 edges and 0 barrier-edge tips.
Printing JSON file as /home/rcarrasco/GPolylla/experiments/CPU_and_GPU/gpu-uniform-result/5/uniform_32130845.json
Tiempo de ejecución: 347.710 segundos

Reading OFF file /home/rcarrasco/GPolylla/data/33484360_points.1.off
[Polylla] Constructing Polylla...
[GPU] Copy vectors to device in 455.387 ms
[GPU] Labered max edges in 9.55439 ms
[GPU] Labeled frontier edges in 4.19792 ms
[GPU] Labeled seed edges in 4.12518 ms
[GPU] Labeled extra frontier edge in 36.3194 ms
[GPU] Labeled seed scan in 8.38841 ms
[GPU] Labeled seed compaction in 1.31748 ms
[GPU] Traversal phase 1 in 14.6046 ms
[GPU] Traversal phase (search frontier edge) in 2.54123 ms
[GPU] Rapair overwrite seed in 3.27769 ms
[GPU] Back to host in 403.991 ms
[GPU] Mesh with 11339785 polygons 0 edges and 0 barrier-edge tips.
Printing JSON file as /home/rcarrasco/GPolylla/experiments/CPU_and_GPU/gpu-uniform-result/5/uniform_33484360.json
Tiempo de ejecución: 364.954 segundos

Reading OFF file /home/rcarrasco/GPolylla/data/34837875_points.1.off
[Polylla] Constructing Polylla...
[GPU] Copy vectors to device in 492.9 ms
[GPU] Labered max edges in 9.99716 ms
[GPU] Labeled frontier edges in 4.365 ms
[GPU] Labeled seed edges in 4.2993 ms
[GPU] Labeled extra frontier edge in 37.8022 ms
[GPU] Labeled seed scan in 2.49394 ms
[GPU] Labeled seed compaction in 1.37152 ms
[GPU] Traversal phase 1 in 15.2042 ms
[GPU] Traversal phase (search frontier edge) in 2.59846 ms
[GPU] Rapair overwrite seed in 3.41066 ms
[GPU] Back to host in 422.211 ms
[GPU] Mesh with 11799209 polygons 0 edges and 0 barrier-edge tips.
Printing JSON file as /home/rcarrasco/GPolylla/experiments/CPU_and_GPU/gpu-uniform-result/5/uniform_34837875.json
Tiempo de ejecución: 375.122 segundos

Reading OFF file /home/rcarrasco/GPolylla/data/36191390_points.1.off
[Polylla] Constructing Polylla...
[GPU] Copy vectors to device in 496.865 ms
[GPU] Labered max edges in 10.3526 ms
[GPU] Labeled frontier edges in 4.53318 ms
[GPU] Labeled seed edges in 4.48921 ms
[GPU] Labeled extra frontier edge in 39.3618 ms
[GPU] Labeled seed scan in 4.59718 ms
[GPU] Labeled seed compaction in 1.42378 ms
[GPU] Traversal phase 1 in 15.8095 ms
[GPU] Traversal phase (search frontier edge) in 2.67282 ms
[GPU] Rapair overwrite seed in 3.54211 ms
[GPU] Back to host in 438.273 ms
[GPU] Mesh with 12257316 polygons 0 edges and 0 barrier-edge tips.
Printing JSON file as /home/rcarrasco/GPolylla/experiments/CPU_and_GPU/gpu-uniform-result/5/uniform_36191390.json
Tiempo de ejecución: 392.983 segundos

Reading OFF file /home/rcarrasco/GPolylla/data/37544905_points.1.off
[Polylla] Constructing Polylla...
[GPU] Copy vectors to device in 517.186 ms
[GPU] Labered max edges in 10.7401 ms
[GPU] Labeled frontier edges in 4.70683 ms
[GPU] Labeled seed edges in 4.64697 ms
[GPU] Labeled extra frontier edge in 40.8828 ms
[GPU] Labeled seed scan in 2.67411 ms
[GPU] Labeled seed compaction in 1.47474 ms
[GPU] Traversal phase 1 in 16.3868 ms
[GPU] Traversal phase (search frontier edge) in 2.72957 ms
[GPU] Rapair overwrite seed in 3.67203 ms
[GPU] Back to host in 458.455 ms
[GPU] Mesh with 12716630 polygons 0 edges and 0 barrier-edge tips.
Printing JSON file as /home/rcarrasco/GPolylla/experiments/CPU_and_GPU/gpu-uniform-result/5/uniform_37544905.json
Tiempo de ejecución: 410.528 segundos

Reading OFF file /home/rcarrasco/GPolylla/data/38898420_points.1.off
[Polylla] Constructing Polylla...
[GPU] Copy vectors to device in 529.029 ms
[GPU] Labered max edges in 11.1227 ms
[GPU] Labeled frontier edges in 4.87662 ms
[GPU] Labeled seed edges in 4.79539 ms
[GPU] Labeled extra frontier edge in 42.3533 ms
[GPU] Labeled seed scan in 3.02048 ms
[GPU] Labeled seed compaction in 1.52948 ms
[GPU] Traversal phase 1 in 16.9829 ms
[GPU] Traversal phase (search frontier edge) in 2.80055 ms
[GPU] Rapair overwrite seed in 3.80617 ms
[GPU] Back to host in 473.782 ms
[GPU] Mesh with 13175474 polygons 0 edges and 0 barrier-edge tips.
Printing JSON file as /home/rcarrasco/GPolylla/experiments/CPU_and_GPU/gpu-uniform-result/5/uniform_38898420.json
Tiempo de ejecución: 425.428 segundos

Reading OFF file /home/rcarrasco/GPolylla/data/40251935_points.1.off
[Polylla] Constructing Polylla...
[GPU] Copy vectors to device in 549.824 ms
[GPU] Labered max edges in 11.5139 ms
[GPU] Labeled frontier edges in 5.04252 ms
[GPU] Labeled seed edges in 4.95552 ms
[GPU] Labeled extra frontier edge in 43.7921 ms
[GPU] Labeled seed scan in 2.81403 ms
[GPU] Labeled seed compaction in 1.58247 ms
[GPU] Traversal phase 1 in 17.5902 ms
[GPU] Traversal phase (search frontier edge) in 2.8628 ms
[GPU] Rapair overwrite seed in 3.9278 ms
[GPU] Back to host in 494.915 ms
[GPU] Mesh with 13634478 polygons 0 edges and 0 barrier-edge tips.
Printing JSON file as /home/rcarrasco/GPolylla/experiments/CPU_and_GPU/gpu-uniform-result/5/uniform_40251935.json
Tiempo de ejecución: 437.808 segundos

Reading OFF file /home/rcarrasco/GPolylla/data/41605450_points.1.off
[Polylla] Constructing Polylla...
[GPU] Copy vectors to device in 565.454 ms
[GPU] Labered max edges in 11.8837 ms
[GPU] Labeled frontier edges in 5.20808 ms
[GPU] Labeled seed edges in 5.11828 ms
[GPU] Labeled extra frontier edge in 45.2994 ms
[GPU] Labeled seed scan in 7.54976 ms
[GPU] Labeled seed compaction in 1.63461 ms
[GPU] Traversal phase 1 in 18.1629 ms
[GPU] Traversal phase (search frontier edge) in 2.93459 ms
[GPU] Rapair overwrite seed in 4.05599 ms
[GPU] Back to host in 509.857 ms
[GPU] Mesh with 14092146 polygons 0 edges and 0 barrier-edge tips.
Printing JSON file as /home/rcarrasco/GPolylla/experiments/CPU_and_GPU/gpu-uniform-result/5/uniform_41605450.json
Tiempo de ejecución: 455.676 segundos

Reading OFF file /home/rcarrasco/GPolylla/data/42958965_points.1.off
[Polylla] Constructing Polylla...
[GPU] Copy vectors to device in 584.252 ms
[GPU] Labered max edges in 12.2667 ms
[GPU] Labeled frontier edges in 5.38032 ms
[GPU] Labeled seed edges in 5.27931 ms
[GPU] Labeled extra frontier edge in 46.699 ms
[GPU] Labeled seed scan in 5.59567 ms
[GPU] Labeled seed compaction in 1.68663 ms
[GPU] Traversal phase 1 in 18.7639 ms
[GPU] Traversal phase (search frontier edge) in 3.00193 ms
[GPU] Rapair overwrite seed in 4.19537 ms
[GPU] Back to host in 516.944 ms
[GPU] Mesh with 14549382 polygons 0 edges and 0 barrier-edge tips.
Printing JSON file as /home/rcarrasco/GPolylla/experiments/CPU_and_GPU/gpu-uniform-result/5/uniform_42958965.json
Tiempo de ejecución: 472.804 segundos

Reading OFF file /home/rcarrasco/GPolylla/data/44312480_points.1.off
[Polylla] Constructing Polylla...
[GPU] Copy vectors to device in 618.36 ms
[GPU] Labered max edges in 12.6286 ms
[GPU] Labeled frontier edges in 5.5452 ms
[GPU] Labeled seed edges in 5.44924 ms
[GPU] Labeled extra frontier edge in 48.1018 ms
[GPU] Labeled seed scan in 4.0987 ms
[GPU] Labeled seed compaction in 1.73817 ms
[GPU] Traversal phase 1 in 19.3466 ms
[GPU] Traversal phase (search frontier edge) in 3.0637 ms
[GPU] Rapair overwrite seed in 4.32634 ms
[GPU] Back to host in 531.426 ms
[GPU] Mesh with 15007574 polygons 0 edges and 0 barrier-edge tips.
Printing JSON file as /home/rcarrasco/GPolylla/experiments/CPU_and_GPU/gpu-uniform-result/5/uniform_44312480.json
Tiempo de ejecución: 482.549 segundos

