Reading OFF file /home/rcarrasco/GPolylla/data/1000000_points.1.off
[Polylla] Constructing Polylla...
[GPU] Copy vectors to device in 7.19915 ms
[GPU] Labered max edges in 9.24641 ms
[GPU] Labeled frontier edges in 0.268025 ms
[GPU] Labeled seed edges in 0.236247 ms
[GPU] Labeled extra frontier edge in 1.21055 ms
[GPU] Traversal phase 1 in 0.3634 ms
[GPU] Traversal phase (search frontier edge) in 0.241666 ms
[GPU] Rapair overwrite seed in 0.2773 ms
[GPU] Labeled seed scan in 0.219993 ms
[GPU] Labeled seed compaction in 0.030426 ms
[GPU] Back to host in 10.9932 ms
[GPU] Mesh with 322165 polygons 0 edges and 0 barrier-edge tips.
Printing JSON file as /home/rcarrasco/GPolylla/experiments/CPU_and_GPU/gpu-uniform-result/5/uniform_1000000.json
Tiempo de ejecución: 9.789 segundos

Reading OFF file /home/rcarrasco/GPolylla/data/2353515_points.1.off
[Polylla] Constructing Polylla...
[GPU] Copy vectors to device in 16.7714 ms
[GPU] Labered max edges in 9.38821 ms
[GPU] Labeled frontier edges in 0.595392 ms
[GPU] Labeled seed edges in 0.569923 ms
[GPU] Labeled extra frontier edge in 4.48693 ms
[GPU] Traversal phase 1 in 0.89813 ms
[GPU] Traversal phase (search frontier edge) in 0.483351 ms
[GPU] Rapair overwrite seed in 0.62767 ms
[GPU] Labeled seed scan in 0.300895 ms
[GPU] Labeled seed compaction in 0.09225 ms
[GPU] Back to host in 24.967 ms
[GPU] Mesh with 757253 polygons 0 edges and 0 barrier-edge tips.
Printing JSON file as /home/rcarrasco/GPolylla/experiments/CPU_and_GPU/gpu-uniform-result/5/uniform_2353515.json
Tiempo de ejecución: 20.663 segundos

Reading OFF file /home/rcarrasco/GPolylla/data/3707030_points.1.off
[Polylla] Constructing Polylla...
[GPU] Copy vectors to device in 26.0863 ms
[GPU] Labered max edges in 10.9092 ms
[GPU] Labeled frontier edges in 0.896176 ms
[GPU] Labeled seed edges in 0.880011 ms
[GPU] Labeled extra frontier edge in 7.53381 ms
[GPU] Traversal phase 1 in 1.43006 ms
[GPU] Traversal phase (search frontier edge) in 0.725558 ms
[GPU] Rapair overwrite seed in 0.973743 ms
[GPU] Labeled seed scan in 0.434588 ms
[GPU] Labeled seed compaction in 0.218311 ms
[GPU] Back to host in 35.5623 ms
[GPU] Mesh with 1193294 polygons 0 edges and 0 barrier-edge tips.
Printing JSON file as /home/rcarrasco/GPolylla/experiments/CPU_and_GPU/gpu-uniform-result/5/uniform_3707030.json
Tiempo de ejecución: 32.563 segundos

Reading OFF file /home/rcarrasco/GPolylla/data/5060545_points.1.off
[Polylla] Constructing Polylla...
[GPU] Copy vectors to device in 35.3925 ms
[GPU] Labered max edges in 11.8537 ms
[GPU] Labeled frontier edges in 1.21338 ms
[GPU] Labeled seed edges in 1.21868 ms
[GPU] Labeled extra frontier edge in 10.6464 ms
[GPU] Traversal phase 1 in 1.9689 ms
[GPU] Traversal phase (search frontier edge) in 0.970167 ms
[GPU] Rapair overwrite seed in 1.32226 ms
[GPU] Labeled seed scan in 0.593037 ms
[GPU] Labeled seed compaction in 0.27084 ms
[GPU] Back to host in 47.5879 ms
[GPU] Mesh with 1630099 polygons 0 edges and 0 barrier-edge tips.
Printing JSON file as /home/rcarrasco/GPolylla/experiments/CPU_and_GPU/gpu-uniform-result/5/uniform_5060545.json
Tiempo de ejecución: 42.135 segundos

Reading OFF file /home/rcarrasco/GPolylla/data/6414060_points.1.off
[Polylla] Constructing Polylla...
[GPU] Copy vectors to device in 44.5202 ms
[GPU] Labered max edges in 13.0006 ms
[GPU] Labeled frontier edges in 1.52647 ms
[GPU] Labeled seed edges in 1.53246 ms
[GPU] Labeled extra frontier edge in 13.6946 ms
[GPU] Traversal phase 1 in 2.49105 ms
[GPU] Traversal phase (search frontier edge) in 1.20935 ms
[GPU] Rapair overwrite seed in 1.66678 ms
[GPU] Labeled seed scan in 0.716443 ms
[GPU] Labeled seed compaction in 0.319694 ms
[GPU] Back to host in 60.4918 ms
[GPU] Mesh with 2065979 polygons 0 edges and 0 barrier-edge tips.
Printing JSON file as /home/rcarrasco/GPolylla/experiments/CPU_and_GPU/gpu-uniform-result/5/uniform_6414060.json
Tiempo de ejecución: 56.491 segundos

Reading OFF file /home/rcarrasco/GPolylla/data/7767575_points.1.off
[Polylla] Constructing Polylla...
[GPU] Copy vectors to device in 53.7959 ms
[GPU] Labered max edges in 13.651 ms
[GPU] Labeled frontier edges in 1.84953 ms
[GPU] Labeled seed edges in 1.84982 ms
[GPU] Labeled extra frontier edge in 16.7584 ms
[GPU] Traversal phase 1 in 3.01054 ms
[GPU] Traversal phase (search frontier edge) in 1.45198 ms
[GPU] Rapair overwrite seed in 2.01534 ms
[GPU] Labeled seed scan in 0.848242 ms
[GPU] Labeled seed compaction in 0.371983 ms
[GPU] Back to host in 69.538 ms
[GPU] Mesh with 2501409 polygons 0 edges and 0 barrier-edge tips.
Printing JSON file as /home/rcarrasco/GPolylla/experiments/CPU_and_GPU/gpu-uniform-result/5/uniform_7767575.json
Tiempo de ejecución: 66.638 segundos

Reading OFF file /home/rcarrasco/GPolylla/data/9121090_points.1.off
[Polylla] Constructing Polylla...
[GPU] Copy vectors to device in 63.4835 ms
[GPU] Labered max edges in 14.9133 ms
[GPU] Labeled frontier edges in 2.18293 ms
[GPU] Labeled seed edges in 2.14254 ms
[GPU] Labeled extra frontier edge in 19.8802 ms
[GPU] Traversal phase 1 in 3.56845 ms
[GPU] Traversal phase (search frontier edge) in 1.69531 ms
[GPU] Rapair overwrite seed in 2.36802 ms
[GPU] Labeled seed scan in 0.96681 ms
[GPU] Labeled seed compaction in 0.42336 ms
[GPU] Back to host in 88.6625 ms
[GPU] Mesh with 2937287 polygons 0 edges and 0 barrier-edge tips.
Printing JSON file as /home/rcarrasco/GPolylla/experiments/CPU_and_GPU/gpu-uniform-result/5/uniform_9121090.json
Tiempo de ejecución: 75.697 segundos

Reading OFF file /home/rcarrasco/GPolylla/data/10474605_points.1.off
[Polylla] Constructing Polylla...
[GPU] Copy vectors to device in 71.861 ms
[GPU] Labered max edges in 14.8487 ms
[GPU] Labeled frontier edges in 2.48598 ms
[GPU] Labeled seed edges in 2.45333 ms
[GPU] Labeled extra frontier edge in 22.915 ms
[GPU] Traversal phase 1 in 4.07134 ms
[GPU] Traversal phase (search frontier edge) in 1.94173 ms
[GPU] Rapair overwrite seed in 2.71314 ms
[GPU] Labeled seed scan in 1.12087 ms
[GPU] Labeled seed compaction in 0.474226 ms
[GPU] Back to host in 98.6749 ms
[GPU] Mesh with 3374000 polygons 0 edges and 0 barrier-edge tips.
Printing JSON file as /home/rcarrasco/GPolylla/experiments/CPU_and_GPU/gpu-uniform-result/5/uniform_10474605.json
Tiempo de ejecución: 91.561 segundos

Reading OFF file /home/rcarrasco/GPolylla/data/11828120_points.1.off
[Polylla] Constructing Polylla...
[GPU] Copy vectors to device in 81.7821 ms
[GPU] Labered max edges in 14.5238 ms
[GPU] Labeled frontier edges in 2.81934 ms
[GPU] Labeled seed edges in 2.74812 ms
[GPU] Labeled extra frontier edge in 25.8395 ms
[GPU] Traversal phase 1 in 4.61714 ms
[GPU] Traversal phase (search frontier edge) in 2.17731 ms
[GPU] Rapair overwrite seed in 3.05561 ms
[GPU] Labeled seed scan in 1.26563 ms
[GPU] Labeled seed compaction in 0.525794 ms
[GPU] Back to host in 113.348 ms
[GPU] Mesh with 3810420 polygons 0 edges and 0 barrier-edge tips.
Printing JSON file as /home/rcarrasco/GPolylla/experiments/CPU_and_GPU/gpu-uniform-result/5/uniform_11828120.json
Tiempo de ejecución: 99.458 segundos

Reading OFF file /home/rcarrasco/GPolylla/data/13181635_points.1.off
[Polylla] Constructing Polylla...
[GPU] Copy vectors to device in 91.0187 ms
[GPU] Labered max edges in 17.6025 ms
[GPU] Labeled frontier edges in 3.12445 ms
[GPU] Labeled seed edges in 3.04813 ms
[GPU] Labeled extra frontier edge in 28.8082 ms
[GPU] Traversal phase 1 in 5.1276 ms
[GPU] Traversal phase (search frontier edge) in 2.41898 ms
[GPU] Rapair overwrite seed in 3.40654 ms
[GPU] Labeled seed scan in 1.39581 ms
[GPU] Labeled seed compaction in 0.576109 ms
[GPU] Back to host in 118.523 ms
[GPU] Mesh with 4246999 polygons 0 edges and 0 barrier-edge tips.
Printing JSON file as /home/rcarrasco/GPolylla/experiments/CPU_and_GPU/gpu-uniform-result/5/uniform_13181635.json
Tiempo de ejecución: 115.329 segundos

Reading OFF file /home/rcarrasco/GPolylla/data/14535150_points.1.off
[Polylla] Constructing Polylla...
[GPU] Copy vectors to device in 100.304 ms
[GPU] Labered max edges in 17.7747 ms
[GPU] Labeled frontier edges in 3.44325 ms
[GPU] Labeled seed edges in 3.3529 ms
[GPU] Labeled extra frontier edge in 31.8688 ms
[GPU] Traversal phase 1 in 5.64896 ms
[GPU] Traversal phase (search frontier edge) in 2.66105 ms
[GPU] Rapair overwrite seed in 3.75456 ms
[GPU] Labeled seed scan in 1.49722 ms
[GPU] Labeled seed compaction in 0.63001 ms
[GPU] Back to host in 130.803 ms
[GPU] Mesh with 4682774 polygons 0 edges and 0 barrier-edge tips.
Printing JSON file as /home/rcarrasco/GPolylla/experiments/CPU_and_GPU/gpu-uniform-result/5/uniform_14535150.json
Tiempo de ejecución: 125.547 segundos

Reading OFF file /home/rcarrasco/GPolylla/data/15888665_points.1.off
[Polylla] Constructing Polylla...
[GPU] Copy vectors to device in 109.726 ms
[GPU] Labered max edges in 16.162 ms
[GPU] Labeled frontier edges in 3.75992 ms
[GPU] Labeled seed edges in 3.64277 ms
[GPU] Labeled extra frontier edge in 34.9201 ms
[GPU] Traversal phase 1 in 6.18288 ms
[GPU] Traversal phase (search frontier edge) in 2.9035 ms
[GPU] Rapair overwrite seed in 4.1038 ms
[GPU] Labeled seed scan in 1.62102 ms
[GPU] Labeled seed compaction in 0.679574 ms
[GPU] Back to host in 135.806 ms
[GPU] Mesh with 5118816 polygons 0 edges and 0 barrier-edge tips.
Printing JSON file as /home/rcarrasco/GPolylla/experiments/CPU_and_GPU/gpu-uniform-result/5/uniform_15888665.json
Tiempo de ejecución: 139.360 segundos

Reading OFF file /home/rcarrasco/GPolylla/data/17242180_points.1.off
[Polylla] Constructing Polylla...
[GPU] Copy vectors to device in 119.386 ms
[GPU] Labered max edges in 16.573 ms
[GPU] Labeled frontier edges in 4.07509 ms
[GPU] Labeled seed edges in 3.95047 ms
[GPU] Labeled extra frontier edge in 37.9871 ms
[GPU] Traversal phase 1 in 6.71913 ms
[GPU] Traversal phase (search frontier edge) in 3.1432 ms
[GPU] Rapair overwrite seed in 4.4565 ms
[GPU] Labeled seed scan in 1.78081 ms
[GPU] Labeled seed compaction in 0.730711 ms
[GPU] Back to host in 154.496 ms
[GPU] Mesh with 5554532 polygons 0 edges and 0 barrier-edge tips.
Printing JSON file as /home/rcarrasco/GPolylla/experiments/CPU_and_GPU/gpu-uniform-result/5/uniform_17242180.json
Tiempo de ejecución: 147.201 segundos

Reading OFF file /home/rcarrasco/GPolylla/data/18595695_points.1.off
[Polylla] Constructing Polylla...
[GPU] Copy vectors to device in 128.377 ms
[GPU] Labered max edges in 17.0793 ms
[GPU] Labeled frontier edges in 4.40329 ms
[GPU] Labeled seed edges in 4.25664 ms
[GPU] Labeled extra frontier edge in 41.1491 ms
[GPU] Traversal phase 1 in 7.26442 ms
[GPU] Traversal phase (search frontier edge) in 3.38433 ms
[GPU] Rapair overwrite seed in 4.80015 ms
[GPU] Labeled seed scan in 1.91332 ms
[GPU] Labeled seed compaction in 0.781054 ms
[GPU] Back to host in 170.797 ms
[GPU] Mesh with 5991763 polygons 0 edges and 0 barrier-edge tips.
Printing JSON file as /home/rcarrasco/GPolylla/experiments/CPU_and_GPU/gpu-uniform-result/5/uniform_18595695.json
Tiempo de ejecución: 165.177 segundos

Reading OFF file /home/rcarrasco/GPolylla/data/19949210_points.1.off
[Polylla] Constructing Polylla...
[GPU] Copy vectors to device in 138.157 ms
[GPU] Labered max edges in 17.0123 ms
[GPU] Labeled frontier edges in 4.71891 ms
[GPU] Labeled seed edges in 4.56006 ms
[GPU] Labeled extra frontier edge in 44.2132 ms
[GPU] Traversal phase 1 in 7.77519 ms
[GPU] Traversal phase (search frontier edge) in 3.62655 ms
[GPU] Rapair overwrite seed in 5.14984 ms
[GPU] Labeled seed scan in 2.08534 ms
[GPU] Labeled seed compaction in 0.833608 ms
[GPU] Back to host in 174.425 ms
[GPU] Mesh with 6427837 polygons 0 edges and 0 barrier-edge tips.
Printing JSON file as /home/rcarrasco/GPolylla/experiments/CPU_and_GPU/gpu-uniform-result/5/uniform_19949210.json
Tiempo de ejecución: 176.955 segundos

Reading OFF file /home/rcarrasco/GPolylla/data/21302725_points.1.off
[Polylla] Constructing Polylla...
[GPU] Copy vectors to device in 146.819 ms
[GPU] Labered max edges in 19.6316 ms
[GPU] Labeled frontier edges in 5.02892 ms
[GPU] Labeled seed edges in 4.87452 ms
[GPU] Labeled extra frontier edge in 47.2985 ms
[GPU] Traversal phase 1 in 8.27918 ms
[GPU] Traversal phase (search frontier edge) in 3.86726 ms
[GPU] Rapair overwrite seed in 5.49424 ms
[GPU] Labeled seed scan in 2.21461 ms
[GPU] Labeled seed compaction in 0.883547 ms
[GPU] Back to host in 183.886 ms
[GPU] Mesh with 6863916 polygons 0 edges and 0 barrier-edge tips.
Printing JSON file as /home/rcarrasco/GPolylla/experiments/CPU_and_GPU/gpu-uniform-result/5/uniform_21302725.json
Tiempo de ejecución: 191.352 segundos

Reading OFF file /home/rcarrasco/GPolylla/data/22656240_points.1.off
[Polylla] Constructing Polylla...
[GPU] Copy vectors to device in 155.905 ms
[GPU] Labered max edges in 20.6092 ms
[GPU] Labeled frontier edges in 5.34638 ms
[GPU] Labeled seed edges in 5.15916 ms
[GPU] Labeled extra frontier edge in 50.3176 ms
[GPU] Traversal phase 1 in 8.84183 ms
[GPU] Traversal phase (search frontier edge) in 4.11352 ms
[GPU] Rapair overwrite seed in 5.84286 ms
[GPU] Labeled seed scan in 2.35743 ms
[GPU] Labeled seed compaction in 0.9366 ms
[GPU] Back to host in 217.285 ms
[GPU] Mesh with 7299515 polygons 0 edges and 0 barrier-edge tips.
Printing JSON file as /home/rcarrasco/GPolylla/experiments/CPU_and_GPU/gpu-uniform-result/5/uniform_22656240.json
Tiempo de ejecución: 198.014 segundos

Reading OFF file /home/rcarrasco/GPolylla/data/24009755_points.1.off
[Polylla] Constructing Polylla...
[GPU] Copy vectors to device in 164.979 ms
[GPU] Labered max edges in 20.4656 ms
[GPU] Labeled frontier edges in 5.66785 ms
[GPU] Labeled seed edges in 5.46286 ms
[GPU] Labeled extra frontier edge in 53.3212 ms
[GPU] Traversal phase 1 in 9.3577 ms
[GPU] Traversal phase (search frontier edge) in 4.35154 ms
[GPU] Rapair overwrite seed in 6.18562 ms
[GPU] Labeled seed scan in 2.47981 ms
[GPU] Labeled seed compaction in 0.985506 ms
[GPU] Back to host in 214.826 ms
[GPU] Mesh with 7734950 polygons 0 edges and 0 barrier-edge tips.
Printing JSON file as /home/rcarrasco/GPolylla/experiments/CPU_and_GPU/gpu-uniform-result/5/uniform_24009755.json
Tiempo de ejecución: 213.091 segundos

Reading OFF file /home/rcarrasco/GPolylla/data/25363270_points.1.off
[Polylla] Constructing Polylla...
[GPU] Copy vectors to device in 173.711 ms
[GPU] Labered max edges in 21.0231 ms
[GPU] Labeled frontier edges in 5.99876 ms
[GPU] Labeled seed edges in 5.76747 ms
[GPU] Labeled extra frontier edge in 56.3966 ms
[GPU] Traversal phase 1 in 9.87727 ms
[GPU] Traversal phase (search frontier edge) in 4.59064 ms
[GPU] Rapair overwrite seed in 6.53598 ms
[GPU] Labeled seed scan in 2.59394 ms
[GPU] Labeled seed compaction in 1.0367 ms
[GPU] Back to host in 251.215 ms
[GPU] Mesh with 8169611 polygons 0 edges and 0 barrier-edge tips.
Printing JSON file as /home/rcarrasco/GPolylla/experiments/CPU_and_GPU/gpu-uniform-result/5/uniform_25363270.json
Tiempo de ejecución: 228.007 segundos

Reading OFF file /home/rcarrasco/GPolylla/data/26716785_points.1.off
[Polylla] Constructing Polylla...
[GPU] Copy vectors to device in 183.257 ms
[GPU] Labered max edges in 22.8234 ms
[GPU] Labeled frontier edges in 6.30147 ms
[GPU] Labeled seed edges in 6.07767 ms
[GPU] Labeled extra frontier edge in 59.459 ms
[GPU] Traversal phase 1 in 10.4276 ms
[GPU] Traversal phase (search frontier edge) in 4.82897 ms
[GPU] Rapair overwrite seed in 6.88042 ms
[GPU] Labeled seed scan in 2.73149 ms
[GPU] Labeled seed compaction in 1.08895 ms
[GPU] Back to host in 250.236 ms
[GPU] Mesh with 8604686 polygons 0 edges and 0 barrier-edge tips.
Printing JSON file as /home/rcarrasco/GPolylla/experiments/CPU_and_GPU/gpu-uniform-result/5/uniform_26716785.json
Tiempo de ejecución: 237.732 segundos

Reading OFF file /home/rcarrasco/GPolylla/data/28070300_points.1.off
[Polylla] Constructing Polylla...
[GPU] Copy vectors to device in 194.558 ms
[GPU] Labered max edges in 21.214 ms
[GPU] Labeled frontier edges in 6.62798 ms
[GPU] Labeled seed edges in 6.37238 ms
[GPU] Labeled extra frontier edge in 62.4644 ms
[GPU] Traversal phase 1 in 10.9326 ms
[GPU] Traversal phase (search frontier edge) in 5.07317 ms
[GPU] Rapair overwrite seed in 7.23791 ms
[GPU] Labeled seed scan in 2.86868 ms
[GPU] Labeled seed compaction in 1.13898 ms
[GPU] Back to host in 255.026 ms
[GPU] Mesh with 9042766 polygons 0 edges and 0 barrier-edge tips.
Printing JSON file as /home/rcarrasco/GPolylla/experiments/CPU_and_GPU/gpu-uniform-result/5/uniform_28070300.json
Tiempo de ejecución: 255.309 segundos

Reading OFF file /home/rcarrasco/GPolylla/data/29423815_points.1.off
[Polylla] Constructing Polylla...
[GPU] Copy vectors to device in 201.927 ms
[GPU] Labered max edges in 23.4191 ms
[GPU] Labeled frontier edges in 6.93226 ms
[GPU] Labeled seed edges in 6.66603 ms
[GPU] Labeled extra frontier edge in 65.5169 ms
[GPU] Traversal phase 1 in 11.4722 ms
[GPU] Traversal phase (search frontier edge) in 5.31518 ms
[GPU] Rapair overwrite seed in 7.58138 ms
[GPU] Labeled seed scan in 2.95874 ms
[GPU] Labeled seed compaction in 1.19146 ms
[GPU] Back to host in 258.849 ms
[GPU] Mesh with 9478845 polygons 0 edges and 0 barrier-edge tips.
Printing JSON file as /home/rcarrasco/GPolylla/experiments/CPU_and_GPU/gpu-uniform-result/5/uniform_29423815.json
Tiempo de ejecución: 265.773 segundos

Reading OFF file /home/rcarrasco/GPolylla/data/30777330_points.1.off
[Polylla] Constructing Polylla...
[GPU] Copy vectors to device in 213.542 ms
[GPU] Labered max edges in 22.1652 ms
[GPU] Labeled frontier edges in 7.26833 ms
[GPU] Labeled seed edges in 6.97586 ms
[GPU] Labeled extra frontier edge in 68.6142 ms
[GPU] Traversal phase 1 in 11.9843 ms
[GPU] Traversal phase (search frontier edge) in 5.55553 ms
[GPU] Rapair overwrite seed in 7.93339 ms
[GPU] Labeled seed scan in 3.13596 ms
[GPU] Labeled seed compaction in 1.23955 ms
[GPU] Back to host in 295.47 ms
[GPU] Mesh with 9915090 polygons 0 edges and 0 barrier-edge tips.
Printing JSON file as /home/rcarrasco/GPolylla/experiments/CPU_and_GPU/gpu-uniform-result/5/uniform_30777330.json
Tiempo de ejecución: 281.813 segundos

Reading OFF file /home/rcarrasco/GPolylla/data/32130845_points.1.off
[Polylla] Constructing Polylla...
[GPU] Copy vectors to device in 221.132 ms
[GPU] Labered max edges in 24.4648 ms
[GPU] Labeled frontier edges in 7.58321 ms
[GPU] Labeled seed edges in 7.28499 ms
[GPU] Labeled extra frontier edge in 71.7445 ms
[GPU] Traversal phase 1 in 12.5517 ms
[GPU] Traversal phase (search frontier edge) in 5.80263 ms
[GPU] Rapair overwrite seed in 8.27502 ms
[GPU] Labeled seed scan in 3.22513 ms
[GPU] Labeled seed compaction in 1.29524 ms
[GPU] Back to host in 276.629 ms
[GPU] Mesh with 10351394 polygons 0 edges and 0 barrier-edge tips.
Printing JSON file as /home/rcarrasco/GPolylla/experiments/CPU_and_GPU/gpu-uniform-result/5/uniform_32130845.json
Tiempo de ejecución: 290.259 segundos

Reading OFF file /home/rcarrasco/GPolylla/data/33484360_points.1.off
[Polylla] Constructing Polylla...
[GPU] Copy vectors to device in 226.557 ms
[GPU] Labered max edges in 22.965 ms
[GPU] Labeled frontier edges in 7.89443 ms
[GPU] Labeled seed edges in 7.57548 ms
[GPU] Labeled extra frontier edge in 74.8545 ms
[GPU] Traversal phase 1 in 13.0524 ms
[GPU] Traversal phase (search frontier edge) in 6.04044 ms
[GPU] Rapair overwrite seed in 8.61504 ms
[GPU] Labeled seed scan in 3.35135 ms
[GPU] Labeled seed compaction in 1.34452 ms
[GPU] Back to host in 318.666 ms
[GPU] Mesh with 10787560 polygons 0 edges and 0 barrier-edge tips.
Printing JSON file as /home/rcarrasco/GPolylla/experiments/CPU_and_GPU/gpu-uniform-result/5/uniform_33484360.json
Tiempo de ejecución: 304.671 segundos

Reading OFF file /home/rcarrasco/GPolylla/data/34837875_points.1.off
[Polylla] Constructing Polylla...
[GPU] Copy vectors to device in 245.756 ms
[GPU] Labered max edges in 25.6042 ms
[GPU] Labeled frontier edges in 8.2168 ms
[GPU] Labeled seed edges in 7.87783 ms
[GPU] Labeled extra frontier edge in 77.9246 ms
[GPU] Traversal phase 1 in 13.5786 ms
[GPU] Traversal phase (search frontier edge) in 6.28869 ms
[GPU] Rapair overwrite seed in 8.97563 ms
[GPU] Labeled seed scan in 3.50831 ms
[GPU] Labeled seed compaction in 1.39548 ms
[GPU] Back to host in 317.533 ms
[GPU] Mesh with 11224095 polygons 0 edges and 0 barrier-edge tips.
Printing JSON file as /home/rcarrasco/GPolylla/experiments/CPU_and_GPU/gpu-uniform-result/5/uniform_34837875.json
Tiempo de ejecución: 310.868 segundos

Reading OFF file /home/rcarrasco/GPolylla/data/36191390_points.1.off
[Polylla] Constructing Polylla...
[GPU] Copy vectors to device in 248.507 ms
[GPU] Labered max edges in 24.8666 ms
[GPU] Labeled frontier edges in 8.53339 ms
[GPU] Labeled seed edges in 8.18599 ms
[GPU] Labeled extra frontier edge in 81.0713 ms
[GPU] Traversal phase 1 in 14.134 ms
[GPU] Traversal phase (search frontier edge) in 6.53042 ms
[GPU] Rapair overwrite seed in 9.32217 ms
[GPU] Labeled seed scan in 3.61969 ms
[GPU] Labeled seed compaction in 1.44775 ms
[GPU] Back to host in 323.944 ms
[GPU] Mesh with 11660288 polygons 0 edges and 0 barrier-edge tips.
Printing JSON file as /home/rcarrasco/GPolylla/experiments/CPU_and_GPU/gpu-uniform-result/5/uniform_36191390.json
Tiempo de ejecución: 335.779 segundos

Reading OFF file /home/rcarrasco/GPolylla/data/37544905_points.1.off
[Polylla] Constructing Polylla...
[GPU] Copy vectors to device in 257.908 ms
[GPU] Labered max edges in 26.6923 ms
[GPU] Labeled frontier edges in 8.85062 ms
[GPU] Labeled seed edges in 8.48525 ms
[GPU] Labeled extra frontier edge in 84.1466 ms
[GPU] Traversal phase 1 in 14.6213 ms
[GPU] Traversal phase (search frontier edge) in 6.77612 ms
[GPU] Rapair overwrite seed in 9.67362 ms
[GPU] Labeled seed scan in 3.77931 ms
[GPU] Labeled seed compaction in 1.49776 ms
[GPU] Back to host in 358.902 ms
[GPU] Mesh with 12096776 polygons 0 edges and 0 barrier-edge tips.
Printing JSON file as /home/rcarrasco/GPolylla/experiments/CPU_and_GPU/gpu-uniform-result/5/uniform_37544905.json
Tiempo de ejecución: 332.037 segundos

Reading OFF file /home/rcarrasco/GPolylla/data/38898420_points.1.off
[Polylla] Constructing Polylla...
[GPU] Copy vectors to device in 268.363 ms
[GPU] Labered max edges in 25.6261 ms
[GPU] Labeled frontier edges in 9.17414 ms
[GPU] Labeled seed edges in 8.79671 ms
[GPU] Labeled extra frontier edge in 87.2118 ms
[GPU] Traversal phase 1 in 15.1969 ms
[GPU] Traversal phase (search frontier edge) in 7.01383 ms
[GPU] Rapair overwrite seed in 10.0122 ms
[GPU] Labeled seed scan in 3.86793 ms
[GPU] Labeled seed compaction in 1.55014 ms
[GPU] Back to host in 349.861 ms
[GPU] Mesh with 12533544 polygons 0 edges and 0 barrier-edge tips.
Printing JSON file as /home/rcarrasco/GPolylla/experiments/CPU_and_GPU/gpu-uniform-result/5/uniform_38898420.json
Tiempo de ejecución: 357.739 segundos

Reading OFF file /home/rcarrasco/GPolylla/data/40251935_points.1.off
[Polylla] Constructing Polylla...
[GPU] Copy vectors to device in 276.54 ms
[GPU] Labered max edges in 26.6718 ms
[GPU] Labeled frontier edges in 9.51273 ms
[GPU] Labeled seed edges in 9.09572 ms
[GPU] Labeled extra frontier edge in 90.2133 ms
[GPU] Traversal phase 1 in 15.7018 ms
[GPU] Traversal phase (search frontier edge) in 7.25764 ms
[GPU] Rapair overwrite seed in 10.3662 ms
[GPU] Labeled seed scan in 4.02187 ms
[GPU] Labeled seed compaction in 1.60201 ms
[GPU] Back to host in 373.455 ms
[GPU] Mesh with 12970221 polygons 0 edges and 0 barrier-edge tips.
Printing JSON file as /home/rcarrasco/GPolylla/experiments/CPU_and_GPU/gpu-uniform-result/5/uniform_40251935.json
Tiempo de ejecución: 372.143 segundos

Reading OFF file /home/rcarrasco/GPolylla/data/41605450_points.1.off
[Polylla] Constructing Polylla...
[GPU] Copy vectors to device in 285.707 ms
[GPU] Labered max edges in 28.3685 ms
[GPU] Labeled frontier edges in 9.80561 ms
[GPU] Labeled seed edges in 9.39068 ms
[GPU] Labeled extra frontier edge in 93.262 ms
[GPU] Traversal phase 1 in 16.206 ms
[GPU] Traversal phase (search frontier edge) in 7.50305 ms
[GPU] Rapair overwrite seed in 10.7153 ms
[GPU] Labeled seed scan in 4.14659 ms
[GPU] Labeled seed compaction in 1.65183 ms
[GPU] Back to host in 364.796 ms
[GPU] Mesh with 13405617 polygons 0 edges and 0 barrier-edge tips.
Printing JSON file as /home/rcarrasco/GPolylla/experiments/CPU_and_GPU/gpu-uniform-result/5/uniform_41605450.json
Tiempo de ejecución: 385.163 segundos

Reading OFF file /home/rcarrasco/GPolylla/data/42958965_points.1.off
[Polylla] Constructing Polylla...
[GPU] Copy vectors to device in 300.208 ms
[GPU] Labered max edges in 27.7706 ms
[GPU] Labeled frontier edges in 10.1246 ms
[GPU] Labeled seed edges in 9.69634 ms
[GPU] Labeled extra frontier edge in 96.1728 ms
[GPU] Traversal phase 1 in 16.7386 ms
[GPU] Traversal phase (search frontier edge) in 7.74034 ms
[GPU] Rapair overwrite seed in 11.0633 ms
[GPU] Labeled seed scan in 4.25395 ms
[GPU] Labeled seed compaction in 1.7029 ms
[GPU] Back to host in 382.213 ms
[GPU] Mesh with 13841275 polygons 0 edges and 0 barrier-edge tips.
Printing JSON file as /home/rcarrasco/GPolylla/experiments/CPU_and_GPU/gpu-uniform-result/5/uniform_42958965.json
Tiempo de ejecución: 390.291 segundos

Reading OFF file /home/rcarrasco/GPolylla/data/44312480_points.1.off
[Polylla] Constructing Polylla...
[GPU] Copy vectors to device in 303.722 ms
[GPU] Labered max edges in 29.2397 ms
[GPU] Labeled frontier edges in 10.4408 ms
[GPU] Labeled seed edges in 9.98865 ms
[GPU] Labeled extra frontier edge in 99.189 ms
[GPU] Traversal phase 1 in 17.28 ms
[GPU] Traversal phase (search frontier edge) in 7.98759 ms
[GPU] Rapair overwrite seed in 11.4122 ms
[GPU] Labeled seed scan in 4.42115 ms
[GPU] Labeled seed compaction in 1.75734 ms
[GPU] Back to host in 415.835 ms
[GPU] Mesh with 14277131 polygons 0 edges and 0 barrier-edge tips.
Printing JSON file as /home/rcarrasco/GPolylla/experiments/CPU_and_GPU/gpu-uniform-result/5/uniform_44312480.json
Tiempo de ejecución: 402.311 segundos

