Reading OFF file /home/rcarrasco/GPolylla/data/1000000_points.1.off
[Polylla] Constructing Polylla...
[GPU] Copy vectors to device in 7.80052 ms
[GPU] Labered max edges in 152.339 ms
[GPU] Labeled frontier edges in 0.266096 ms
[GPU] Labeled seed edges in 0.23658 ms
[GPU] Labeled extra frontier edge in 1.21624 ms
[GPU] Traversal phase 1 in 0.362673 ms
[GPU] Traversal phase (search frontier edge) in 0.241578 ms
[GPU] Rapair overwrite seed in 0.277803 ms
[GPU] Labeled seed scan in 0.216109 ms
[GPU] Labeled seed compaction in 0.030096 ms
[GPU] Back to host in 17.2397 ms
[GPU] Mesh with 322164 polygons 0 edges and 0 barrier-edge tips.
Printing JSON file as /home/rcarrasco/GPolylla/experiments/CPU_and_GPU/gpu-uniform-result/1/uniform_1000000.json
Tiempo de ejecución: 9.303 segundos

Reading OFF file /home/rcarrasco/GPolylla/data/2353515_points.1.off
[Polylla] Constructing Polylla...
[GPU] Copy vectors to device in 16.3409 ms
[GPU] Labered max edges in 11.6965 ms
[GPU] Labeled frontier edges in 0.591941 ms
[GPU] Labeled seed edges in 0.561886 ms
[GPU] Labeled extra frontier edge in 4.48519 ms
[GPU] Traversal phase 1 in 0.897057 ms
[GPU] Traversal phase (search frontier edge) in 0.483407 ms
[GPU] Rapair overwrite seed in 0.627186 ms
[GPU] Labeled seed scan in 0.287879 ms
[GPU] Labeled seed compaction in 0.09185 ms
[GPU] Back to host in 21.5933 ms
[GPU] Mesh with 757250 polygons 0 edges and 0 barrier-edge tips.
Printing JSON file as /home/rcarrasco/GPolylla/experiments/CPU_and_GPU/gpu-uniform-result/1/uniform_2353515.json
Tiempo de ejecución: 21.069 segundos

Reading OFF file /home/rcarrasco/GPolylla/data/3707030_points.1.off
[Polylla] Constructing Polylla...
[GPU] Copy vectors to device in 25.5836 ms
[GPU] Labered max edges in 11.6288 ms
[GPU] Labeled frontier edges in 0.893721 ms
[GPU] Labeled seed edges in 0.876264 ms
[GPU] Labeled extra frontier edge in 7.52522 ms
[GPU] Traversal phase 1 in 1.42996 ms
[GPU] Traversal phase (search frontier edge) in 0.728309 ms
[GPU] Rapair overwrite seed in 0.973963 ms
[GPU] Labeled seed scan in 0.427431 ms
[GPU] Labeled seed compaction in 0.222669 ms
[GPU] Back to host in 36.39 ms
[GPU] Mesh with 1193304 polygons 0 edges and 0 barrier-edge tips.
Printing JSON file as /home/rcarrasco/GPolylla/experiments/CPU_and_GPU/gpu-uniform-result/1/uniform_3707030.json
Tiempo de ejecución: 31.641 segundos

Reading OFF file /home/rcarrasco/GPolylla/data/5060545_points.1.off
[Polylla] Constructing Polylla...
[GPU] Copy vectors to device in 35.4263 ms
[GPU] Labered max edges in 11.9179 ms
[GPU] Labeled frontier edges in 1.21077 ms
[GPU] Labeled seed edges in 1.21196 ms
[GPU] Labeled extra frontier edge in 10.6537 ms
[GPU] Traversal phase 1 in 1.96408 ms
[GPU] Traversal phase (search frontier edge) in 0.969595 ms
[GPU] Rapair overwrite seed in 1.32181 ms
[GPU] Labeled seed scan in 0.603558 ms
[GPU] Labeled seed compaction in 0.2696 ms
[GPU] Back to host in 50.3785 ms
[GPU] Mesh with 1630106 polygons 0 edges and 0 barrier-edge tips.
Printing JSON file as /home/rcarrasco/GPolylla/experiments/CPU_and_GPU/gpu-uniform-result/1/uniform_5060545.json
Tiempo de ejecución: 43.868 segundos

Reading OFF file /home/rcarrasco/GPolylla/data/6414060_points.1.off
[Polylla] Constructing Polylla...
[GPU] Copy vectors to device in 44.7418 ms
[GPU] Labered max edges in 12.9342 ms
[GPU] Labeled frontier edges in 1.52848 ms
[GPU] Labeled seed edges in 1.51482 ms
[GPU] Labeled extra frontier edge in 13.6868 ms
[GPU] Traversal phase 1 in 2.48658 ms
[GPU] Traversal phase (search frontier edge) in 1.20916 ms
[GPU] Rapair overwrite seed in 1.66579 ms
[GPU] Labeled seed scan in 0.718373 ms
[GPU] Labeled seed compaction in 0.320117 ms
[GPU] Back to host in 59.3502 ms
[GPU] Mesh with 2065979 polygons 0 edges and 0 barrier-edge tips.
Printing JSON file as /home/rcarrasco/GPolylla/experiments/CPU_and_GPU/gpu-uniform-result/1/uniform_6414060.json
Tiempo de ejecución: 56.131 segundos

Reading OFF file /home/rcarrasco/GPolylla/data/7767575_points.1.off
[Polylla] Constructing Polylla...
[GPU] Copy vectors to device in 53.8012 ms
[GPU] Labered max edges in 14.539 ms
[GPU] Labeled frontier edges in 1.85289 ms
[GPU] Labeled seed edges in 1.83746 ms
[GPU] Labeled extra frontier edge in 16.7596 ms
[GPU] Traversal phase 1 in 3.00649 ms
[GPU] Traversal phase (search frontier edge) in 1.45522 ms
[GPU] Rapair overwrite seed in 2.01646 ms
[GPU] Labeled seed scan in 0.854368 ms
[GPU] Labeled seed compaction in 0.372376 ms
[GPU] Back to host in 61.5233 ms
[GPU] Mesh with 2501407 polygons 0 edges and 0 barrier-edge tips.
Printing JSON file as /home/rcarrasco/GPolylla/experiments/CPU_and_GPU/gpu-uniform-result/1/uniform_7767575.json
Tiempo de ejecución: 66.464 segundos

Reading OFF file /home/rcarrasco/GPolylla/data/9121090_points.1.off
[Polylla] Constructing Polylla...
[GPU] Copy vectors to device in 63.9361 ms
[GPU] Labered max edges in 13.3507 ms
[GPU] Labeled frontier edges in 2.16619 ms
[GPU] Labeled seed edges in 2.14535 ms
[GPU] Labeled extra frontier edge in 19.8778 ms
[GPU] Traversal phase 1 in 3.55497 ms
[GPU] Traversal phase (search frontier edge) in 1.6961 ms
[GPU] Rapair overwrite seed in 2.36891 ms
[GPU] Labeled seed scan in 1.00168 ms
[GPU] Labeled seed compaction in 0.422131 ms
[GPU] Back to host in 75.9335 ms
[GPU] Mesh with 2937289 polygons 0 edges and 0 barrier-edge tips.
Printing JSON file as /home/rcarrasco/GPolylla/experiments/CPU_and_GPU/gpu-uniform-result/1/uniform_9121090.json
Tiempo de ejecución: 78.320 segundos

Reading OFF file /home/rcarrasco/GPolylla/data/10474605_points.1.off
[Polylla] Constructing Polylla...
[GPU] Copy vectors to device in 72.2752 ms
[GPU] Labered max edges in 16.7138 ms
[GPU] Labeled frontier edges in 2.48292 ms
[GPU] Labeled seed edges in 2.43817 ms
[GPU] Labeled extra frontier edge in 22.9155 ms
[GPU] Traversal phase 1 in 4.0867 ms
[GPU] Traversal phase (search frontier edge) in 1.94109 ms
[GPU] Rapair overwrite seed in 2.71274 ms
[GPU] Labeled seed scan in 1.13928 ms
[GPU] Labeled seed compaction in 0.473779 ms
[GPU] Back to host in 87.6634 ms
[GPU] Mesh with 3374006 polygons 0 edges and 0 barrier-edge tips.
Printing JSON file as /home/rcarrasco/GPolylla/experiments/CPU_and_GPU/gpu-uniform-result/1/uniform_10474605.json
Tiempo de ejecución: 88.542 segundos

Reading OFF file /home/rcarrasco/GPolylla/data/11828120_points.1.off
[Polylla] Constructing Polylla...
[GPU] Copy vectors to device in 80.9764 ms
[GPU] Labered max edges in 14.8644 ms
[GPU] Labeled frontier edges in 2.81586 ms
[GPU] Labeled seed edges in 2.74183 ms
[GPU] Labeled extra frontier edge in 25.8323 ms
[GPU] Traversal phase 1 in 4.60949 ms
[GPU] Traversal phase (search frontier edge) in 2.17994 ms
[GPU] Rapair overwrite seed in 3.0571 ms
[GPU] Labeled seed scan in 1.2257 ms
[GPU] Labeled seed compaction in 0.526549 ms
[GPU] Back to host in 112.651 ms
[GPU] Mesh with 3810421 polygons 0 edges and 0 barrier-edge tips.
Printing JSON file as /home/rcarrasco/GPolylla/experiments/CPU_and_GPU/gpu-uniform-result/1/uniform_11828120.json
Tiempo de ejecución: 102.851 segundos

Reading OFF file /home/rcarrasco/GPolylla/data/13181635_points.1.off
[Polylla] Constructing Polylla...
[GPU] Copy vectors to device in 90.956 ms
[GPU] Labered max edges in 16.4735 ms
[GPU] Labeled frontier edges in 3.13048 ms
[GPU] Labeled seed edges in 3.04502 ms
[GPU] Labeled extra frontier edge in 28.8162 ms
[GPU] Traversal phase 1 in 5.14563 ms
[GPU] Traversal phase (search frontier edge) in 2.41984 ms
[GPU] Rapair overwrite seed in 3.40862 ms
[GPU] Labeled seed scan in 1.40187 ms
[GPU] Labeled seed compaction in 0.576974 ms
[GPU] Back to host in 120.156 ms
[GPU] Mesh with 4246994 polygons 0 edges and 0 barrier-edge tips.
Printing JSON file as /home/rcarrasco/GPolylla/experiments/CPU_and_GPU/gpu-uniform-result/1/uniform_13181635.json
Tiempo de ejecución: 115.512 segundos

Reading OFF file /home/rcarrasco/GPolylla/data/14535150_points.1.off
[Polylla] Constructing Polylla...
[GPU] Copy vectors to device in 99.6741 ms
[GPU] Labered max edges in 17.1615 ms
[GPU] Labeled frontier edges in 3.43839 ms
[GPU] Labeled seed edges in 3.36464 ms
[GPU] Labeled extra frontier edge in 31.8523 ms
[GPU] Traversal phase 1 in 5.65442 ms
[GPU] Traversal phase (search frontier edge) in 2.66305 ms
[GPU] Rapair overwrite seed in 3.75584 ms
[GPU] Labeled seed scan in 1.49551 ms
[GPU] Labeled seed compaction in 0.631907 ms
[GPU] Back to host in 131.625 ms
[GPU] Mesh with 4682776 polygons 0 edges and 0 barrier-edge tips.
Printing JSON file as /home/rcarrasco/GPolylla/experiments/CPU_and_GPU/gpu-uniform-result/1/uniform_14535150.json
Tiempo de ejecución: 126.161 segundos

Reading OFF file /home/rcarrasco/GPolylla/data/15888665_points.1.off
[Polylla] Constructing Polylla...
[GPU] Copy vectors to device in 108.864 ms
[GPU] Labered max edges in 17.3855 ms
[GPU] Labeled frontier edges in 3.7602 ms
[GPU] Labeled seed edges in 3.64735 ms
[GPU] Labeled extra frontier edge in 34.913 ms
[GPU] Traversal phase 1 in 6.20312 ms
[GPU] Traversal phase (search frontier edge) in 2.90177 ms
[GPU] Rapair overwrite seed in 4.10314 ms
[GPU] Labeled seed scan in 1.64736 ms
[GPU] Labeled seed compaction in 0.678407 ms
[GPU] Back to host in 140.869 ms
[GPU] Mesh with 5118817 polygons 0 edges and 0 barrier-edge tips.
Printing JSON file as /home/rcarrasco/GPolylla/experiments/CPU_and_GPU/gpu-uniform-result/1/uniform_15888665.json
Tiempo de ejecución: 138.123 segundos

Reading OFF file /home/rcarrasco/GPolylla/data/17242180_points.1.off
[Polylla] Constructing Polylla...
[GPU] Copy vectors to device in 117.402 ms
[GPU] Labered max edges in 16.5359 ms
[GPU] Labeled frontier edges in 4.07923 ms
[GPU] Labeled seed edges in 3.9578 ms
[GPU] Labeled extra frontier edge in 38.0105 ms
[GPU] Traversal phase 1 in 6.71804 ms
[GPU] Traversal phase (search frontier edge) in 3.14163 ms
[GPU] Rapair overwrite seed in 4.45125 ms
[GPU] Labeled seed scan in 1.79704 ms
[GPU] Labeled seed compaction in 0.731657 ms
[GPU] Back to host in 150.249 ms
[GPU] Mesh with 5554530 polygons 0 edges and 0 barrier-edge tips.
Printing JSON file as /home/rcarrasco/GPolylla/experiments/CPU_and_GPU/gpu-uniform-result/1/uniform_17242180.json
Tiempo de ejecución: 151.276 segundos

Reading OFF file /home/rcarrasco/GPolylla/data/18595695_points.1.off
[Polylla] Constructing Polylla...
[GPU] Copy vectors to device in 128.818 ms
[GPU] Labered max edges in 20.246 ms
[GPU] Labeled frontier edges in 4.40193 ms
[GPU] Labeled seed edges in 4.26527 ms
[GPU] Labeled extra frontier edge in 41.1346 ms
[GPU] Traversal phase 1 in 7.26151 ms
[GPU] Traversal phase (search frontier edge) in 3.38163 ms
[GPU] Rapair overwrite seed in 4.79596 ms
[GPU] Labeled seed scan in 1.9041 ms
[GPU] Labeled seed compaction in 0.781472 ms
[GPU] Back to host in 161.372 ms
[GPU] Mesh with 5991757 polygons 0 edges and 0 barrier-edge tips.
Printing JSON file as /home/rcarrasco/GPolylla/experiments/CPU_and_GPU/gpu-uniform-result/1/uniform_18595695.json
Tiempo de ejecución: 162.517 segundos

Reading OFF file /home/rcarrasco/GPolylla/data/19949210_points.1.off
[Polylla] Constructing Polylla...
[GPU] Copy vectors to device in 137.724 ms
[GPU] Labered max edges in 17.7627 ms
[GPU] Labeled frontier edges in 4.7313 ms
[GPU] Labeled seed edges in 4.56669 ms
[GPU] Labeled extra frontier edge in 44.2263 ms
[GPU] Traversal phase 1 in 7.77977 ms
[GPU] Traversal phase (search frontier edge) in 3.62824 ms
[GPU] Rapair overwrite seed in 5.14932 ms
[GPU] Labeled seed scan in 2.03853 ms
[GPU] Labeled seed compaction in 0.835073 ms
[GPU] Back to host in 171.293 ms
[GPU] Mesh with 6427833 polygons 0 edges and 0 barrier-edge tips.
Printing JSON file as /home/rcarrasco/GPolylla/experiments/CPU_and_GPU/gpu-uniform-result/1/uniform_19949210.json
Tiempo de ejecución: 176.228 segundos

Reading OFF file /home/rcarrasco/GPolylla/data/21302725_points.1.off
[Polylla] Constructing Polylla...
[GPU] Copy vectors to device in 147.668 ms
[GPU] Labered max edges in 18.3088 ms
[GPU] Labeled frontier edges in 5.02929 ms
[GPU] Labeled seed edges in 4.86256 ms
[GPU] Labeled extra frontier edge in 47.2878 ms
[GPU] Traversal phase 1 in 8.30353 ms
[GPU] Traversal phase (search frontier edge) in 3.87499 ms
[GPU] Rapair overwrite seed in 5.49925 ms
[GPU] Labeled seed scan in 2.19669 ms
[GPU] Labeled seed compaction in 0.887292 ms
[GPU] Back to host in 196.517 ms
[GPU] Mesh with 6863914 polygons 0 edges and 0 barrier-edge tips.
Printing JSON file as /home/rcarrasco/GPolylla/experiments/CPU_and_GPU/gpu-uniform-result/1/uniform_21302725.json
Tiempo de ejecución: 189.762 segundos

Reading OFF file /home/rcarrasco/GPolylla/data/22656240_points.1.off
[Polylla] Constructing Polylla...
[GPU] Copy vectors to device in 155.566 ms
[GPU] Labered max edges in 19.8582 ms
[GPU] Labeled frontier edges in 5.34429 ms
[GPU] Labeled seed edges in 5.16364 ms
[GPU] Labeled extra frontier edge in 50.3439 ms
[GPU] Traversal phase 1 in 8.83175 ms
[GPU] Traversal phase (search frontier edge) in 4.11072 ms
[GPU] Rapair overwrite seed in 5.84642 ms
[GPU] Labeled seed scan in 2.33295 ms
[GPU] Labeled seed compaction in 0.935398 ms
[GPU] Back to host in 201.157 ms
[GPU] Mesh with 7299513 polygons 0 edges and 0 barrier-edge tips.
Printing JSON file as /home/rcarrasco/GPolylla/experiments/CPU_and_GPU/gpu-uniform-result/1/uniform_22656240.json
Tiempo de ejecución: 198.300 segundos

Reading OFF file /home/rcarrasco/GPolylla/data/24009755_points.1.off
[Polylla] Constructing Polylla...
[GPU] Copy vectors to device in 165.623 ms
[GPU] Labered max edges in 21.0002 ms
[GPU] Labeled frontier edges in 5.67133 ms
[GPU] Labeled seed edges in 5.47285 ms
[GPU] Labeled extra frontier edge in 53.327 ms
[GPU] Traversal phase 1 in 9.37031 ms
[GPU] Traversal phase (search frontier edge) in 4.35383 ms
[GPU] Rapair overwrite seed in 6.18777 ms
[GPU] Labeled seed scan in 2.4748 ms
[GPU] Labeled seed compaction in 0.985728 ms
[GPU] Back to host in 224.721 ms
[GPU] Mesh with 7734946 polygons 0 edges and 0 barrier-edge tips.
Printing JSON file as /home/rcarrasco/GPolylla/experiments/CPU_and_GPU/gpu-uniform-result/1/uniform_24009755.json
Tiempo de ejecución: 213.504 segundos

Reading OFF file /home/rcarrasco/GPolylla/data/25363270_points.1.off
[Polylla] Constructing Polylla...
[GPU] Copy vectors to device in 175.372 ms
[GPU] Labered max edges in 20.7196 ms
[GPU] Labeled frontier edges in 5.98347 ms
[GPU] Labeled seed edges in 5.7697 ms
[GPU] Labeled extra frontier edge in 56.3989 ms
[GPU] Traversal phase 1 in 9.89637 ms
[GPU] Traversal phase (search frontier edge) in 4.5907 ms
[GPU] Rapair overwrite seed in 6.53336 ms
[GPU] Labeled seed scan in 2.58555 ms
[GPU] Labeled seed compaction in 1.03604 ms
[GPU] Back to host in 231.467 ms
[GPU] Mesh with 8169618 polygons 0 edges and 0 barrier-edge tips.
Printing JSON file as /home/rcarrasco/GPolylla/experiments/CPU_and_GPU/gpu-uniform-result/1/uniform_25363270.json
Tiempo de ejecución: 227.363 segundos

Reading OFF file /home/rcarrasco/GPolylla/data/26716785_points.1.off
[Polylla] Constructing Polylla...
[GPU] Copy vectors to device in 183.721 ms
[GPU] Labered max edges in 19.0599 ms
[GPU] Labeled frontier edges in 6.29962 ms
[GPU] Labeled seed edges in 6.06456 ms
[GPU] Labeled extra frontier edge in 59.462 ms
[GPU] Traversal phase 1 in 10.451 ms
[GPU] Traversal phase (search frontier edge) in 4.83093 ms
[GPU] Rapair overwrite seed in 6.88018 ms
[GPU] Labeled seed scan in 2.73531 ms
[GPU] Labeled seed compaction in 1.08935 ms
[GPU] Back to host in 239.876 ms
[GPU] Mesh with 8604686 polygons 0 edges and 0 barrier-edge tips.
Printing JSON file as /home/rcarrasco/GPolylla/experiments/CPU_and_GPU/gpu-uniform-result/1/uniform_26716785.json
Tiempo de ejecución: 238.024 segundos

Reading OFF file /home/rcarrasco/GPolylla/data/28070300_points.1.off
[Polylla] Constructing Polylla...
[GPU] Copy vectors to device in 194.004 ms
[GPU] Labered max edges in 24.0496 ms
[GPU] Labeled frontier edges in 6.62146 ms
[GPU] Labeled seed edges in 6.36346 ms
[GPU] Labeled extra frontier edge in 62.4643 ms
[GPU] Traversal phase 1 in 10.9518 ms
[GPU] Traversal phase (search frontier edge) in 5.07361 ms
[GPU] Rapair overwrite seed in 7.23283 ms
[GPU] Labeled seed scan in 2.86159 ms
[GPU] Labeled seed compaction in 1.13989 ms
[GPU] Back to host in 249.058 ms
[GPU] Mesh with 9042773 polygons 0 edges and 0 barrier-edge tips.
Printing JSON file as /home/rcarrasco/GPolylla/experiments/CPU_and_GPU/gpu-uniform-result/1/uniform_28070300.json
Tiempo de ejecución: 252.193 segundos

Reading OFF file /home/rcarrasco/GPolylla/data/29423815_points.1.off
[Polylla] Constructing Polylla...
[GPU] Copy vectors to device in 203.085 ms
[GPU] Labered max edges in 23.0214 ms
[GPU] Labeled frontier edges in 6.94929 ms
[GPU] Labeled seed edges in 6.67858 ms
[GPU] Labeled extra frontier edge in 65.5369 ms
[GPU] Traversal phase 1 in 11.4456 ms
[GPU] Traversal phase (search frontier edge) in 5.31314 ms
[GPU] Rapair overwrite seed in 7.57553 ms
[GPU] Labeled seed scan in 2.99182 ms
[GPU] Labeled seed compaction in 1.18803 ms
[GPU] Back to host in 250.122 ms
[GPU] Mesh with 9478834 polygons 0 edges and 0 barrier-edge tips.
Printing JSON file as /home/rcarrasco/GPolylla/experiments/CPU_and_GPU/gpu-uniform-result/1/uniform_29423815.json
Tiempo de ejecución: 264.809 segundos

Reading OFF file /home/rcarrasco/GPolylla/data/30777330_points.1.off
[Polylla] Constructing Polylla...
[GPU] Copy vectors to device in 211.531 ms
[GPU] Labered max edges in 24.5374 ms
[GPU] Labeled frontier edges in 7.27005 ms
[GPU] Labeled seed edges in 6.97682 ms
[GPU] Labeled extra frontier edge in 68.5906 ms
[GPU] Traversal phase 1 in 12.0032 ms
[GPU] Traversal phase (search frontier edge) in 5.55721 ms
[GPU] Rapair overwrite seed in 7.93394 ms
[GPU] Labeled seed scan in 3.12648 ms
[GPU] Labeled seed compaction in 1.23921 ms
[GPU] Back to host in 265.618 ms
[GPU] Mesh with 9915096 polygons 0 edges and 0 barrier-edge tips.
Printing JSON file as /home/rcarrasco/GPolylla/experiments/CPU_and_GPU/gpu-uniform-result/1/uniform_30777330.json
Tiempo de ejecución: 277.456 segundos

Reading OFF file /home/rcarrasco/GPolylla/data/32130845_points.1.off
[Polylla] Constructing Polylla...
[GPU] Copy vectors to device in 218.305 ms
[GPU] Labered max edges in 23.5112 ms
[GPU] Labeled frontier edges in 7.57932 ms
[GPU] Labeled seed edges in 7.28391 ms
[GPU] Labeled extra frontier edge in 71.7411 ms
[GPU] Traversal phase 1 in 12.5467 ms
[GPU] Traversal phase (search frontier edge) in 5.80076 ms
[GPU] Rapair overwrite seed in 8.27689 ms
[GPU] Labeled seed scan in 3.22778 ms
[GPU] Labeled seed compaction in 1.29772 ms
[GPU] Back to host in 264.888 ms
[GPU] Mesh with 10351392 polygons 0 edges and 0 barrier-edge tips.
Printing JSON file as /home/rcarrasco/GPolylla/experiments/CPU_and_GPU/gpu-uniform-result/1/uniform_32130845.json
Tiempo de ejecución: 282.825 segundos

Reading OFF file /home/rcarrasco/GPolylla/data/33484360_points.1.off
[Polylla] Constructing Polylla...
[GPU] Copy vectors to device in 231.278 ms
[GPU] Labered max edges in 24.9242 ms
[GPU] Labeled frontier edges in 7.89309 ms
[GPU] Labeled seed edges in 7.58088 ms
[GPU] Labeled extra frontier edge in 74.8666 ms
[GPU] Traversal phase 1 in 13.0584 ms
[GPU] Traversal phase (search frontier edge) in 6.04649 ms
[GPU] Rapair overwrite seed in 8.62538 ms
[GPU] Labeled seed scan in 3.39028 ms
[GPU] Labeled seed compaction in 1.3485 ms
[GPU] Back to host in 297.61 ms
[GPU] Mesh with 10787557 polygons 0 edges and 0 barrier-edge tips.
Printing JSON file as /home/rcarrasco/GPolylla/experiments/CPU_and_GPU/gpu-uniform-result/1/uniform_33484360.json
Tiempo de ejecución: 297.859 segundos

Reading OFF file /home/rcarrasco/GPolylla/data/34837875_points.1.off
[Polylla] Constructing Polylla...
[GPU] Copy vectors to device in 244.585 ms
[GPU] Labered max edges in 25.8193 ms
[GPU] Labeled frontier edges in 8.22904 ms
[GPU] Labeled seed edges in 7.88012 ms
[GPU] Labeled extra frontier edge in 77.9291 ms
[GPU] Traversal phase 1 in 13.5934 ms
[GPU] Traversal phase (search frontier edge) in 6.28699 ms
[GPU] Rapair overwrite seed in 8.97157 ms
[GPU] Labeled seed scan in 3.48186 ms
[GPU] Labeled seed compaction in 1.39841 ms
[GPU] Back to host in 312.992 ms
[GPU] Mesh with 11224097 polygons 0 edges and 0 barrier-edge tips.
Printing JSON file as /home/rcarrasco/GPolylla/experiments/CPU_and_GPU/gpu-uniform-result/1/uniform_34837875.json
Tiempo de ejecución: 316.616 segundos

Reading OFF file /home/rcarrasco/GPolylla/data/36191390_points.1.off
[Polylla] Constructing Polylla...
[GPU] Copy vectors to device in 251.563 ms
[GPU] Labered max edges in 26.7036 ms
[GPU] Labeled frontier edges in 8.52818 ms
[GPU] Labeled seed edges in 8.17223 ms
[GPU] Labeled extra frontier edge in 81.0681 ms
[GPU] Traversal phase 1 in 14.1327 ms
[GPU] Traversal phase (search frontier edge) in 6.53291 ms
[GPU] Rapair overwrite seed in 9.32452 ms
[GPU] Labeled seed scan in 3.66749 ms
[GPU] Labeled seed compaction in 1.44754 ms
[GPU] Back to host in 308.461 ms
[GPU] Mesh with 11660297 polygons 0 edges and 0 barrier-edge tips.
Printing JSON file as /home/rcarrasco/GPolylla/experiments/CPU_and_GPU/gpu-uniform-result/1/uniform_36191390.json
Tiempo de ejecución: 329.719 segundos

Reading OFF file /home/rcarrasco/GPolylla/data/37544905_points.1.off
[Polylla] Constructing Polylla...
[GPU] Copy vectors to device in 258.559 ms
[GPU] Labered max edges in 26.8622 ms
[GPU] Labeled frontier edges in 8.85783 ms
[GPU] Labeled seed edges in 8.48792 ms
[GPU] Labeled extra frontier edge in 84.172 ms
[GPU] Traversal phase 1 in 14.626 ms
[GPU] Traversal phase (search frontier edge) in 6.77462 ms
[GPU] Rapair overwrite seed in 9.66689 ms
[GPU] Labeled seed scan in 3.75895 ms
[GPU] Labeled seed compaction in 1.4985 ms
[GPU] Back to host in 348.53 ms
[GPU] Mesh with 12096779 polygons 0 edges and 0 barrier-edge tips.
Printing JSON file as /home/rcarrasco/GPolylla/experiments/CPU_and_GPU/gpu-uniform-result/1/uniform_37544905.json
Tiempo de ejecución: 339.295 segundos

Reading OFF file /home/rcarrasco/GPolylla/data/38898420_points.1.off
[Polylla] Constructing Polylla...
[GPU] Copy vectors to device in 268.472 ms
[GPU] Labered max edges in 28.5713 ms
[GPU] Labeled frontier edges in 9.18794 ms
[GPU] Labeled seed edges in 8.79628 ms
[GPU] Labeled extra frontier edge in 87.2331 ms
[GPU] Traversal phase 1 in 15.1959 ms
[GPU] Traversal phase (search frontier edge) in 7.01274 ms
[GPU] Rapair overwrite seed in 10.0084 ms
[GPU] Labeled seed scan in 3.88118 ms
[GPU] Labeled seed compaction in 1.55235 ms
[GPU] Back to host in 360.906 ms
[GPU] Mesh with 12533537 polygons 0 edges and 0 barrier-edge tips.
Printing JSON file as /home/rcarrasco/GPolylla/experiments/CPU_and_GPU/gpu-uniform-result/1/uniform_38898420.json
Tiempo de ejecución: 355.075 segundos

Reading OFF file /home/rcarrasco/GPolylla/data/40251935_points.1.off
[Polylla] Constructing Polylla...
[GPU] Copy vectors to device in 281.733 ms
[GPU] Labered max edges in 28.2725 ms
[GPU] Labeled frontier edges in 9.51054 ms
[GPU] Labeled seed edges in 9.10023 ms
[GPU] Labeled extra frontier edge in 90.1997 ms
[GPU] Traversal phase 1 in 15.7139 ms
[GPU] Traversal phase (search frontier edge) in 7.26016 ms
[GPU] Rapair overwrite seed in 10.3672 ms
[GPU] Labeled seed scan in 3.99018 ms
[GPU] Labeled seed compaction in 1.60136 ms
[GPU] Back to host in 424.144 ms
[GPU] Mesh with 12970222 polygons 0 edges and 0 barrier-edge tips.
Printing JSON file as /home/rcarrasco/GPolylla/experiments/CPU_and_GPU/gpu-uniform-result/1/uniform_40251935.json
Tiempo de ejecución: 370.613 segundos

Reading OFF file /home/rcarrasco/GPolylla/data/41605450_points.1.off
[Polylla] Constructing Polylla...
[GPU] Copy vectors to device in 286.315 ms
[GPU] Labered max edges in 29.0682 ms
[GPU] Labeled frontier edges in 9.82453 ms
[GPU] Labeled seed edges in 9.39455 ms
[GPU] Labeled extra frontier edge in 93.2879 ms
[GPU] Traversal phase 1 in 16.1846 ms
[GPU] Traversal phase (search frontier edge) in 7.50399 ms
[GPU] Rapair overwrite seed in 10.7133 ms
[GPU] Labeled seed scan in 4.11773 ms
[GPU] Labeled seed compaction in 1.65716 ms
[GPU] Back to host in 371.204 ms
[GPU] Mesh with 13405621 polygons 0 edges and 0 barrier-edge tips.
Printing JSON file as /home/rcarrasco/GPolylla/experiments/CPU_and_GPU/gpu-uniform-result/1/uniform_41605450.json
Tiempo de ejecución: 378.062 segundos

Reading OFF file /home/rcarrasco/GPolylla/data/42958965_points.1.off
[Polylla] Constructing Polylla...
[GPU] Copy vectors to device in 296.08 ms
[GPU] Labered max edges in 31.3154 ms
[GPU] Labeled frontier edges in 10.1193 ms
[GPU] Labeled seed edges in 9.68711 ms
[GPU] Labeled extra frontier edge in 96.2172 ms
[GPU] Traversal phase 1 in 16.7279 ms
[GPU] Traversal phase (search frontier edge) in 7.74587 ms
[GPU] Rapair overwrite seed in 11.0672 ms
[GPU] Labeled seed scan in 4.28801 ms
[GPU] Labeled seed compaction in 1.70554 ms
[GPU] Back to host in 387.077 ms
[GPU] Mesh with 13841273 polygons 0 edges and 0 barrier-edge tips.
Printing JSON file as /home/rcarrasco/GPolylla/experiments/CPU_and_GPU/gpu-uniform-result/1/uniform_42958965.json
Tiempo de ejecución: 398.300 segundos

Reading OFF file /home/rcarrasco/GPolylla/data/44312480_points.1.off
[Polylla] Constructing Polylla...
[GPU] Copy vectors to device in 309.37 ms
[GPU] Labered max edges in 28.4754 ms
[GPU] Labeled frontier edges in 10.4558 ms
[GPU] Labeled seed edges in 9.99295 ms
[GPU] Labeled extra frontier edge in 99.1825 ms
[GPU] Traversal phase 1 in 17.2961 ms
[GPU] Traversal phase (search frontier edge) in 7.9883 ms
[GPU] Rapair overwrite seed in 11.4165 ms
[GPU] Labeled seed scan in 4.40104 ms
[GPU] Labeled seed compaction in 1.75991 ms
[GPU] Back to host in 387.93 ms
[GPU] Mesh with 14277128 polygons 0 edges and 0 barrier-edge tips.
Printing JSON file as /home/rcarrasco/GPolylla/experiments/CPU_and_GPU/gpu-uniform-result/1/uniform_44312480.json
Tiempo de ejecución: 414.166 segundos

