Mon Dec  4 07:05:00 PM -03 2023
Start: 1000000, End: 44312500, Intervalo: 1353515, Diferencia: 43312500, NSAMPLES: 32
Mon Dec  4 07:05:00 PM -03 2023
Ejecutando Polylla con tamaño 1000000
Reading OFF file /home/rcarrasco/GPolylla/data/1000000_points.1.off
[Polylla] Constructing Polylla...
[GPU] Copy vectors to device in 18.8798 ms
[GPU] Labered max edges in 0.325798 ms
[GPU] Labeled frontier edges in 0.137911 ms
[GPU] Labeled seed edges in 0.155245 ms
[GPU] Labeled extra frontier edge in 0.993423 ms
[GPU] Labeled seed scan in 0.401761 ms
[GPU] Labeled seed compaction in 0.065945 ms
[GPU] Traversal phase 1 in 0.57499 ms
[GPU] Traversal phase (search frontier edge) in 1.06564 ms
[GPU] Rapair overwrite seed in 0.132431 ms
[GPU] Back to host in 12.8536 ms
[GPU] Mesh with 338587 polygons 0 edges and 0 barrier-edge tips.
Printing JSON file as /home/rcarrasco/GPolylla/experiments/CPU_and_GPU/gpu-uniform-result/1/uniform_1000000.json
Tiempo de ejecución: 11.690 segundos

Mon Dec  4 07:05:12 PM -03 2023
Ejecutando Polylla con tamaño 2353515
Reading OFF file /home/rcarrasco/GPolylla/data/2353515_points.1.off
[Polylla] Constructing Polylla...
[GPU] Copy vectors to device in 36.0514 ms
[GPU] Labered max edges in 0.668187 ms
[GPU] Labeled frontier edges in 0.310138 ms
[GPU] Labeled seed edges in 0.34276 ms
[GPU] Labeled extra frontier edge in 2.56003 ms
[GPU] Labeled seed scan in 1.59986 ms
[GPU] Labeled seed compaction in 0.128133 ms
[GPU] Traversal phase 1 in 1.32924 ms
[GPU] Traversal phase (search frontier edge) in 1.13102 ms
[GPU] Rapair overwrite seed in 0.272467 ms
[GPU] Back to host in 27.6303 ms
[GPU] Mesh with 795870 polygons 0 edges and 0 barrier-edge tips.
Printing JSON file as /home/rcarrasco/GPolylla/experiments/CPU_and_GPU/gpu-uniform-result/1/uniform_2353515.json
Tiempo de ejecución: 24.652 segundos

Mon Dec  4 07:05:37 PM -03 2023
Ejecutando Polylla con tamaño 3707030
Reading OFF file /home/rcarrasco/GPolylla/data/3707030_points.1.off
[Polylla] Constructing Polylla...
[GPU] Copy vectors to device in 56.0855 ms
[GPU] Labered max edges in 1.07615 ms
[GPU] Labeled frontier edges in 0.477065 ms
[GPU] Labeled seed edges in 0.521559 ms
[GPU] Labeled extra frontier edge in 4.1194 ms
[GPU] Labeled seed scan in 2.6727 ms
[GPU] Labeled seed compaction in 0.189209 ms
[GPU] Traversal phase 1 in 2.07192 ms
[GPU] Traversal phase (search frontier edge) in 1.26698 ms
[GPU] Rapair overwrite seed in 0.407152 ms
[GPU] Back to host in 42.1487 ms
[GPU] Mesh with 1254478 polygons 0 edges and 0 barrier-edge tips.
Printing JSON file as /home/rcarrasco/GPolylla/experiments/CPU_and_GPU/gpu-uniform-result/1/uniform_3707030.json
Tiempo de ejecución: 37.944 segundos

Mon Dec  4 07:06:15 PM -03 2023
Ejecutando Polylla con tamaño 5060545
Reading OFF file /home/rcarrasco/GPolylla/data/5060545_points.1.off
[Polylla] Constructing Polylla...
[GPU] Copy vectors to device in 69.0783 ms
[GPU] Labered max edges in 1.51726 ms
[GPU] Labeled frontier edges in 0.651265 ms
[GPU] Labeled seed edges in 0.697964 ms
[GPU] Labeled extra frontier edge in 5.69398 ms
[GPU] Labeled seed scan in 0.680871 ms
[GPU] Labeled seed compaction in 0.251096 ms
[GPU] Traversal phase 1 in 2.82428 ms
[GPU] Traversal phase (search frontier edge) in 1.35945 ms
[GPU] Rapair overwrite seed in 0.539393 ms
[GPU] Back to host in 56.4223 ms
[GPU] Mesh with 1714014 polygons 0 edges and 0 barrier-edge tips.
Printing JSON file as /home/rcarrasco/GPolylla/experiments/CPU_and_GPU/gpu-uniform-result/1/uniform_5060545.json
Tiempo de ejecución: 51.346 segundos

Mon Dec  4 07:07:07 PM -03 2023
Ejecutando Polylla con tamaño 6414060
Reading OFF file /home/rcarrasco/GPolylla/data/6414060_points.1.off
[Polylla] Constructing Polylla...
[GPU] Copy vectors to device in 91.3851 ms
[GPU] Labered max edges in 1.94616 ms
[GPU] Labeled frontier edges in 0.82284 ms
[GPU] Labeled seed edges in 0.877925 ms
[GPU] Labeled extra frontier edge in 7.27613 ms
[GPU] Labeled seed scan in 3.59816 ms
[GPU] Labeled seed compaction in 0.313143 ms
[GPU] Traversal phase 1 in 3.57473 ms
[GPU] Traversal phase (search frontier edge) in 1.4447 ms
[GPU] Rapair overwrite seed in 0.673006 ms
[GPU] Back to host in 71.4565 ms
[GPU] Mesh with 2172434 polygons 0 edges and 0 barrier-edge tips.
Printing JSON file as /home/rcarrasco/GPolylla/experiments/CPU_and_GPU/gpu-uniform-result/1/uniform_6414060.json
Tiempo de ejecución: 65.628 segundos

Mon Dec  4 07:08:13 PM -03 2023
Ejecutando Polylla con tamaño 7767575
Reading OFF file /home/rcarrasco/GPolylla/data/7767575_points.1.off
[Polylla] Constructing Polylla...
[GPU] Copy vectors to device in 105.704 ms
[GPU] Labered max edges in 2.36562 ms
[GPU] Labeled frontier edges in 0.992351 ms
[GPU] Labeled seed edges in 1.04669 ms
[GPU] Labeled extra frontier edge in 8.86019 ms
[GPU] Labeled seed scan in 0.867073 ms
[GPU] Labeled seed compaction in 0.373668 ms
[GPU] Traversal phase 1 in 4.31587 ms
[GPU] Traversal phase (search frontier edge) in 1.53275 ms
[GPU] Rapair overwrite seed in 0.802823 ms
[GPU] Back to host in 93.4362 ms
[GPU] Mesh with 2629734 polygons 0 edges and 0 barrier-edge tips.
Printing JSON file as /home/rcarrasco/GPolylla/experiments/CPU_and_GPU/gpu-uniform-result/1/uniform_7767575.json
Tiempo de ejecución: 79.523 segundos

Mon Dec  4 07:09:33 PM -03 2023
Ejecutando Polylla con tamaño 9121090
Reading OFF file /home/rcarrasco/GPolylla/data/9121090_points.1.off
[Polylla] Constructing Polylla...
[GPU] Copy vectors to device in 131.76 ms
[GPU] Labered max edges in 2.80672 ms
[GPU] Labeled frontier edges in 1.164 ms
[GPU] Labeled seed edges in 1.22972 ms
[GPU] Labeled extra frontier edge in 10.4708 ms
[GPU] Labeled seed scan in 5.07893 ms
[GPU] Labeled seed compaction in 0.434864 ms
[GPU] Traversal phase 1 in 5.07213 ms
[GPU] Traversal phase (search frontier edge) in 1.628 ms
[GPU] Rapair overwrite seed in 0.932769 ms
[GPU] Back to host in 107.854 ms
[GPU] Mesh with 3088375 polygons 0 edges and 0 barrier-edge tips.
Printing JSON file as /home/rcarrasco/GPolylla/experiments/CPU_and_GPU/gpu-uniform-result/1/uniform_9121090.json
Tiempo de ejecución: 92.742 segundos

Mon Dec  4 07:11:06 PM -03 2023
Ejecutando Polylla con tamaño 10474605
Reading OFF file /home/rcarrasco/GPolylla/data/10474605_points.1.off
[Polylla] Constructing Polylla...
[GPU] Copy vectors to device in 144.96 ms
[GPU] Labered max edges in 3.25037 ms
[GPU] Labeled frontier edges in 1.3315 ms
[GPU] Labeled seed edges in 1.39767 ms
[GPU] Labeled extra frontier edge in 12.0446 ms
[GPU] Labeled seed scan in 1.06266 ms
[GPU] Labeled seed compaction in 0.494798 ms
[GPU] Traversal phase 1 in 5.82127 ms
[GPU] Traversal phase (search frontier edge) in 1.67926 ms
[GPU] Rapair overwrite seed in 1.06094 ms
[GPU] Back to host in 124.246 ms
[GPU] Mesh with 3546520 polygons 0 edges and 0 barrier-edge tips.
Printing JSON file as /home/rcarrasco/GPolylla/experiments/CPU_and_GPU/gpu-uniform-result/1/uniform_10474605.json
Tiempo de ejecución: 109.139 segundos

Mon Dec  4 07:12:56 PM -03 2023
Ejecutando Polylla con tamaño 11828120
Reading OFF file /home/rcarrasco/GPolylla/data/11828120_points.1.off
[Polylla] Constructing Polylla...
[GPU] Copy vectors to device in 169.604 ms
[GPU] Labered max edges in 3.68339 ms
[GPU] Labeled frontier edges in 1.50095 ms
[GPU] Labeled seed edges in 1.57885 ms
[GPU] Labeled extra frontier edge in 13.6125 ms
[GPU] Labeled seed scan in 1.15681 ms
[GPU] Labeled seed compaction in 0.557137 ms
[GPU] Traversal phase 1 in 6.56211 ms
[GPU] Traversal phase (search frontier edge) in 1.76224 ms
[GPU] Rapair overwrite seed in 1.19339 ms
[GPU] Back to host in 131.733 ms
[GPU] Mesh with 4005652 polygons 0 edges and 0 barrier-edge tips.
Printing JSON file as /home/rcarrasco/GPolylla/experiments/CPU_and_GPU/gpu-uniform-result/1/uniform_11828120.json
Tiempo de ejecución: 121.839 segundos

Mon Dec  4 07:14:58 PM -03 2023
Ejecutando Polylla con tamaño 13181635
Reading OFF file /home/rcarrasco/GPolylla/data/13181635_points.1.off
[Polylla] Constructing Polylla...
[GPU] Copy vectors to device in 185.918 ms
[GPU] Labered max edges in 3.9417 ms
[GPU] Labeled frontier edges in 1.66676 ms
[GPU] Labeled seed edges in 1.71683 ms
[GPU] Labeled extra frontier edge in 14.5124 ms
[GPU] Labeled seed scan in 1.18084 ms
[GPU] Labeled seed compaction in 0.593706 ms
[GPU] Traversal phase 1 in 6.9032 ms
[GPU] Traversal phase (search frontier edge) in 1.74356 ms
[GPU] Rapair overwrite seed in 1.31751 ms
[GPU] Back to host in 146.777 ms
[GPU] Mesh with 4464691 polygons 0 edges and 0 barrier-edge tips.
Printing JSON file as /home/rcarrasco/GPolylla/experiments/CPU_and_GPU/gpu-uniform-result/1/uniform_13181635.json
Tiempo de ejecución: 137.156 segundos

Mon Dec  4 07:17:16 PM -03 2023
Ejecutando Polylla con tamaño 14535150
Reading OFF file /home/rcarrasco/GPolylla/data/14535150_points.1.off
[Polylla] Constructing Polylla...
[GPU] Copy vectors to device in 199.353 ms
[GPU] Labered max edges in 4.12922 ms
[GPU] Labeled frontier edges in 1.82806 ms
[GPU] Labeled seed edges in 1.80699 ms
[GPU] Labeled extra frontier edge in 15.6104 ms
[GPU] Labeled seed scan in 3.74722 ms
[GPU] Labeled seed compaction in 0.584138 ms
[GPU] Traversal phase 1 in 6.35108 ms
[GPU] Traversal phase (search frontier edge) in 1.67222 ms
[GPU] Rapair overwrite seed in 1.45176 ms
[GPU] Back to host in 170.85 ms
[GPU] Mesh with 4922908 polygons 0 edges and 0 barrier-edge tips.
Printing JSON file as /home/rcarrasco/GPolylla/experiments/CPU_and_GPU/gpu-uniform-result/1/uniform_14535150.json
Tiempo de ejecución: 151.335 segundos

Mon Dec  4 07:19:47 PM -03 2023
Ejecutando Polylla con tamaño 15888665
Reading OFF file /home/rcarrasco/GPolylla/data/15888665_points.1.off
[Polylla] Constructing Polylla...
[GPU] Copy vectors to device in 221.297 ms
[GPU] Labered max edges in 4.67886 ms
[GPU] Labeled frontier edges in 2.00568 ms
[GPU] Labeled seed edges in 2.03299 ms
[GPU] Labeled extra frontier edge in 17.3102 ms
[GPU] Labeled seed scan in 1.35458 ms
[GPU] Labeled seed compaction in 0.694206 ms
[GPU] Traversal phase 1 in 8.02358 ms
[GPU] Traversal phase (search frontier edge) in 1.83162 ms
[GPU] Rapair overwrite seed in 1.58308 ms
[GPU] Back to host in 188.4 ms
[GPU] Mesh with 5380937 polygons 0 edges and 0 barrier-edge tips.
Printing JSON file as /home/rcarrasco/GPolylla/experiments/CPU_and_GPU/gpu-uniform-result/1/uniform_15888665.json
Tiempo de ejecución: 166.070 segundos

Mon Dec  4 07:22:33 PM -03 2023
Ejecutando Polylla con tamaño 17242180
Reading OFF file /home/rcarrasco/GPolylla/data/17242180_points.1.off
[Polylla] Constructing Polylla...
[GPU] Copy vectors to device in 266.208 ms
[GPU] Labered max edges in 4.95833 ms
[GPU] Labeled frontier edges in 2.1659 ms
[GPU] Labeled seed edges in 2.15389 ms
[GPU] Labeled extra frontier edge in 18.6112 ms
[GPU] Labeled seed scan in 3.40253 ms
[GPU] Labeled seed compaction in 0.710807 ms
[GPU] Traversal phase 1 in 7.94098 ms
[GPU] Traversal phase (search frontier edge) in 1.83042 ms
[GPU] Rapair overwrite seed in 1.71056 ms
[GPU] Back to host in 210.953 ms
[GPU] Mesh with 5839296 polygons 0 edges and 0 barrier-edge tips.
Printing JSON file as /home/rcarrasco/GPolylla/experiments/CPU_and_GPU/gpu-uniform-result/1/uniform_17242180.json
Tiempo de ejecución: 180.851 segundos

Mon Dec  4 07:25:35 PM -03 2023
Ejecutando Polylla con tamaño 18595695
Reading OFF file /home/rcarrasco/GPolylla/data/18595695_points.1.off
[Polylla] Constructing Polylla...
[GPU] Copy vectors to device in 253.375 ms
[GPU] Labered max edges in 5.88026 ms
[GPU] Labeled frontier edges in 2.33318 ms
[GPU] Labeled seed edges in 2.31879 ms
[GPU] Labeled extra frontier edge in 20.0521 ms
[GPU] Labeled seed scan in 7.24472 ms
[GPU] Labeled seed compaction in 0.742117 ms
[GPU] Traversal phase 1 in 8.12306 ms
[GPU] Traversal phase (search frontier edge) in 1.83458 ms
[GPU] Rapair overwrite seed in 1.84271 ms
[GPU] Back to host in 215.594 ms
[GPU] Mesh with 6298944 polygons 0 edges and 0 barrier-edge tips.
Printing JSON file as /home/rcarrasco/GPolylla/experiments/CPU_and_GPU/gpu-uniform-result/1/uniform_18595695.json
Tiempo de ejecución: 195.535 segundos

Mon Dec  4 07:28:51 PM -03 2023
Ejecutando Polylla con tamaño 19949210
Reading OFF file /home/rcarrasco/GPolylla/data/19949210_points.1.off
[Polylla] Constructing Polylla...
[GPU] Copy vectors to device in 274.068 ms
[GPU] Labered max edges in 6.30778 ms
[GPU] Labeled frontier edges in 2.51677 ms
[GPU] Labeled seed edges in 2.46971 ms
[GPU] Labeled extra frontier edge in 21.5603 ms
[GPU] Labeled seed scan in 1.54162 ms
[GPU] Labeled seed compaction in 0.794456 ms
[GPU] Traversal phase 1 in 8.71885 ms
[GPU] Traversal phase (search frontier edge) in 1.91029 ms
[GPU] Rapair overwrite seed in 1.96947 ms
[GPU] Back to host in 234.884 ms
[GPU] Mesh with 6757610 polygons 0 edges and 0 barrier-edge tips.
Printing JSON file as /home/rcarrasco/GPolylla/experiments/CPU_and_GPU/gpu-uniform-result/1/uniform_19949210.json
Tiempo de ejecución: 211.655 segundos

Mon Dec  4 07:32:23 PM -03 2023
Ejecutando Polylla con tamaño 21302725
Reading OFF file /home/rcarrasco/GPolylla/data/21302725_points.1.off
[Polylla] Constructing Polylla...
[GPU] Copy vectors to device in 288.814 ms
[GPU] Labered max edges in 6.07038 ms
[GPU] Labeled frontier edges in 2.67311 ms
[GPU] Labeled seed edges in 2.63692 ms
[GPU] Labeled extra frontier edge in 23.0718 ms
[GPU] Labeled seed scan in 6.11236 ms
[GPU] Labeled seed compaction in 0.847417 ms
[GPU] Traversal phase 1 in 9.31514 ms
[GPU] Traversal phase (search frontier edge) in 1.99114 ms
[GPU] Rapair overwrite seed in 2.09972 ms
[GPU] Back to host in 255.624 ms
[GPU] Mesh with 7216222 polygons 0 edges and 0 barrier-edge tips.
Printing JSON file as /home/rcarrasco/GPolylla/experiments/CPU_and_GPU/gpu-uniform-result/1/uniform_21302725.json
Tiempo de ejecución: 232.278 segundos

Mon Dec  4 07:36:15 PM -03 2023
Ejecutando Polylla con tamaño 22656240
Reading OFF file /home/rcarrasco/GPolylla/data/22656240_points.1.off
[Polylla] Constructing Polylla...
[GPU] Copy vectors to device in 312.204 ms
[GPU] Labered max edges in 6.44434 ms
[GPU] Labeled frontier edges in 2.8417 ms
[GPU] Labeled seed edges in 2.80494 ms
[GPU] Labeled extra frontier edge in 24.5403 ms
[GPU] Labeled seed scan in 2.0027 ms
[GPU] Labeled seed compaction in 0.900026 ms
[GPU] Traversal phase 1 in 9.91005 ms
[GPU] Traversal phase (search frontier edge) in 2.029 ms
[GPU] Rapair overwrite seed in 2.22934 ms
[GPU] Back to host in 264.239 ms
[GPU] Mesh with 7674105 polygons 0 edges and 0 barrier-edge tips.
Printing JSON file as /home/rcarrasco/GPolylla/experiments/CPU_and_GPU/gpu-uniform-result/1/uniform_22656240.json
Tiempo de ejecución: 243.472 segundos

Mon Dec  4 07:40:19 PM -03 2023
Ejecutando Polylla con tamaño 24009755
Reading OFF file /home/rcarrasco/GPolylla/data/24009755_points.1.off
[Polylla] Constructing Polylla...
[GPU] Copy vectors to device in 330.646 ms
[GPU] Labered max edges in 6.82965 ms
[GPU] Labeled frontier edges in 3.00814 ms
[GPU] Labeled seed edges in 2.963 ms
[GPU] Labeled extra frontier edge in 25.9707 ms
[GPU] Labeled seed scan in 2.19556 ms
[GPU] Labeled seed compaction in 0.950773 ms
[GPU] Traversal phase 1 in 10.4756 ms
[GPU] Traversal phase (search frontier edge) in 2.1014 ms
[GPU] Rapair overwrite seed in 2.36587 ms
[GPU] Back to host in 290.159 ms
[GPU] Mesh with 8131781 polygons 0 edges and 0 barrier-edge tips.
Printing JSON file as /home/rcarrasco/GPolylla/experiments/CPU_and_GPU/gpu-uniform-result/1/uniform_24009755.json
Tiempo de ejecución: 260.285 segundos

Mon Dec  4 07:44:40 PM -03 2023
Ejecutando Polylla con tamaño 25363270
Reading OFF file /home/rcarrasco/GPolylla/data/25363270_points.1.off
[Polylla] Constructing Polylla...
[GPU] Copy vectors to device in 347.89 ms
[GPU] Labered max edges in 7.23648 ms
[GPU] Labeled frontier edges in 3.18118 ms
[GPU] Labeled seed edges in 3.1377 ms
[GPU] Labeled extra frontier edge in 27.4259 ms
[GPU] Labeled seed scan in 1.97605 ms
[GPU] Labeled seed compaction in 1.00459 ms
[GPU] Traversal phase 1 in 11.0825 ms
[GPU] Traversal phase (search frontier edge) in 2.15152 ms
[GPU] Rapair overwrite seed in 2.48676 ms
[GPU] Back to host in 309.429 ms
[GPU] Mesh with 8588748 polygons 0 edges and 0 barrier-edge tips.
Printing JSON file as /home/rcarrasco/GPolylla/experiments/CPU_and_GPU/gpu-uniform-result/1/uniform_25363270.json
Tiempo de ejecución: 276.201 segundos

Mon Dec  4 07:49:16 PM -03 2023
Ejecutando Polylla con tamaño 26716785
Reading OFF file /home/rcarrasco/GPolylla/data/26716785_points.1.off
[Polylla] Constructing Polylla...
[GPU] Copy vectors to device in 375.216 ms
[GPU] Labered max edges in 7.64848 ms
[GPU] Labeled frontier edges in 3.35684 ms
[GPU] Labeled seed edges in 3.31086 ms
[GPU] Labeled extra frontier edge in 28.9021 ms
[GPU] Labeled seed scan in 5.87652 ms
[GPU] Labeled seed compaction in 1.05462 ms
[GPU] Traversal phase 1 in 11.6361 ms
[GPU] Traversal phase (search frontier edge) in 2.22235 ms
[GPU] Rapair overwrite seed in 2.61968 ms
[GPU] Back to host in 302.973 ms
[GPU] Mesh with 9045969 polygons 0 edges and 0 barrier-edge tips.
Printing JSON file as /home/rcarrasco/GPolylla/experiments/CPU_and_GPU/gpu-uniform-result/1/uniform_26716785.json
Tiempo de ejecución: 294.928 segundos

Mon Dec  4 07:54:11 PM -03 2023
Ejecutando Polylla con tamaño 28070300
Reading OFF file /home/rcarrasco/GPolylla/data/28070300_points.1.off
[Polylla] Constructing Polylla...
[GPU] Copy vectors to device in 396.46 ms
[GPU] Labered max edges in 8.05074 ms
[GPU] Labeled frontier edges in 3.51969 ms
[GPU] Labeled seed edges in 3.45502 ms
[GPU] Labeled extra frontier edge in 30.4074 ms
[GPU] Labeled seed scan in 4.3112 ms
[GPU] Labeled seed compaction in 1.10739 ms
[GPU] Traversal phase 1 in 12.2371 ms
[GPU] Traversal phase (search frontier edge) in 2.27675 ms
[GPU] Rapair overwrite seed in 2.75338 ms
[GPU] Back to host in 312.145 ms
[GPU] Mesh with 9506394 polygons 0 edges and 0 barrier-edge tips.
Printing JSON file as /home/rcarrasco/GPolylla/experiments/CPU_and_GPU/gpu-uniform-result/1/uniform_28070300.json
Tiempo de ejecución: 315.405 segundos

Mon Dec  4 07:59:27 PM -03 2023
Ejecutando Polylla con tamaño 29423815
Reading OFF file /home/rcarrasco/GPolylla/data/29423815_points.1.off
[Polylla] Constructing Polylla...
[GPU] Copy vectors to device in 326.928 ms
[GPU] Labered max edges in 8.3755 ms
[GPU] Labeled frontier edges in 3.68909 ms
[GPU] Labeled seed edges in 3.62233 ms
[GPU] Labeled extra frontier edge in 31.871 ms
[GPU] Labeled seed scan in 3.42084 ms
[GPU] Labeled seed compaction in 1.16219 ms
[GPU] Traversal phase 1 in 12.8465 ms
[GPU] Traversal phase (search frontier edge) in 2.34436 ms
[GPU] Rapair overwrite seed in 2.87789 ms
[GPU] Back to host in 399.907 ms
[GPU] Mesh with 9964122 polygons 0 edges and 0 barrier-edge tips.
Printing JSON file as /home/rcarrasco/GPolylla/experiments/CPU_and_GPU/gpu-uniform-result/1/uniform_29423815.json
Tiempo de ejecución: 325.966 segundos

Mon Dec  4 08:04:54 PM -03 2023
Ejecutando Polylla con tamaño 30777330
Reading OFF file /home/rcarrasco/GPolylla/data/30777330_points.1.off
[Polylla] Constructing Polylla...
[GPU] Copy vectors to device in 314.849 ms
[GPU] Labered max edges in 8.81267 ms
[GPU] Labeled frontier edges in 3.8558 ms
[GPU] Labeled seed edges in 3.78546 ms
[GPU] Labeled extra frontier edge in 33.3783 ms
[GPU] Labeled seed scan in 6.97304 ms
[GPU] Labeled seed compaction in 1.21199 ms
[GPU] Traversal phase 1 in 13.4256 ms
[GPU] Traversal phase (search frontier edge) in 2.41643 ms
[GPU] Rapair overwrite seed in 3.01775 ms
[GPU] Back to host in 348.108 ms
[GPU] Mesh with 10422691 polygons 0 edges and 0 barrier-edge tips.
Printing JSON file as /home/rcarrasco/GPolylla/experiments/CPU_and_GPU/gpu-uniform-result/1/uniform_30777330.json
Tiempo de ejecución: 344.638 segundos

Mon Dec  4 08:10:39 PM -03 2023
Ejecutando Polylla con tamaño 32130845
Reading OFF file /home/rcarrasco/GPolylla/data/32130845_points.1.off
[Polylla] Constructing Polylla...
[GPU] Copy vectors to device in 341.917 ms
[GPU] Labered max edges in 9.1724 ms
[GPU] Labeled frontier edges in 4.0331 ms
[GPU] Labeled seed edges in 3.96418 ms
[GPU] Labeled extra frontier edge in 34.8598 ms
[GPU] Labeled seed scan in 2.34738 ms
[GPU] Labeled seed compaction in 1.26644 ms
[GPU] Traversal phase 1 in 14.0107 ms
[GPU] Traversal phase (search frontier edge) in 2.46691 ms
[GPU] Rapair overwrite seed in 3.14989 ms
[GPU] Back to host in 364.651 ms
[GPU] Mesh with 10880747 polygons 0 edges and 0 barrier-edge tips.
Printing JSON file as /home/rcarrasco/GPolylla/experiments/CPU_and_GPU/gpu-uniform-result/1/uniform_32130845.json
Tiempo de ejecución: 353.138 segundos

Mon Dec  4 08:16:32 PM -03 2023
Ejecutando Polylla con tamaño 33484360
Reading OFF file /home/rcarrasco/GPolylla/data/33484360_points.1.off
[Polylla] Constructing Polylla...
[GPU] Copy vectors to device in 341.971 ms
[GPU] Labered max edges in 9.57391 ms
[GPU] Labeled frontier edges in 4.19795 ms
[GPU] Labeled seed edges in 4.12258 ms
[GPU] Labeled extra frontier edge in 36.3285 ms
[GPU] Labeled seed scan in 2.43626 ms
[GPU] Labeled seed compaction in 1.31826 ms
[GPU] Traversal phase 1 in 14.6069 ms
[GPU] Traversal phase (search frontier edge) in 2.54001 ms
[GPU] Rapair overwrite seed in 3.27572 ms
[GPU] Back to host in 378.561 ms
[GPU] Mesh with 11339772 polygons 0 edges and 0 barrier-edge tips.
Printing JSON file as /home/rcarrasco/GPolylla/experiments/CPU_and_GPU/gpu-uniform-result/1/uniform_33484360.json
Tiempo de ejecución: 370.391 segundos

Mon Dec  4 08:22:43 PM -03 2023
Ejecutando Polylla con tamaño 34837875
Reading OFF file /home/rcarrasco/GPolylla/data/34837875_points.1.off
[Polylla] Constructing Polylla...
[GPU] Copy vectors to device in 392.034 ms
[GPU] Labered max edges in 9.98104 ms
[GPU] Labeled frontier edges in 4.36452 ms
[GPU] Labeled seed edges in 4.30947 ms
[GPU] Labeled extra frontier edge in 37.8178 ms
[GPU] Labeled seed scan in 2.48684 ms
[GPU] Labeled seed compaction in 1.36999 ms
[GPU] Traversal phase 1 in 15.2031 ms
[GPU] Traversal phase (search frontier edge) in 2.59989 ms
[GPU] Rapair overwrite seed in 3.41024 ms
[GPU] Back to host in 388.946 ms
[GPU] Mesh with 11799192 polygons 0 edges and 0 barrier-edge tips.
Printing JSON file as /home/rcarrasco/GPolylla/experiments/CPU_and_GPU/gpu-uniform-result/1/uniform_34837875.json
Tiempo de ejecución: 395.112 segundos

Mon Dec  4 08:29:18 PM -03 2023
Ejecutando Polylla con tamaño 36191390
Reading OFF file /home/rcarrasco/GPolylla/data/36191390_points.1.off
[Polylla] Constructing Polylla...
[GPU] Copy vectors to device in 376.241 ms
[GPU] Labered max edges in 10.3316 ms
[GPU] Labeled frontier edges in 4.53549 ms
[GPU] Labeled seed edges in 4.50075 ms
[GPU] Labeled extra frontier edge in 39.2971 ms
[GPU] Labeled seed scan in 2.56568 ms
[GPU] Labeled seed compaction in 1.42191 ms
[GPU] Traversal phase 1 in 15.8042 ms
[GPU] Traversal phase (search frontier edge) in 2.67231 ms
[GPU] Rapair overwrite seed in 3.53505 ms
[GPU] Back to host in 410.147 ms
[GPU] Mesh with 12257322 polygons 0 edges and 0 barrier-edge tips.
Printing JSON file as /home/rcarrasco/GPolylla/experiments/CPU_and_GPU/gpu-uniform-result/1/uniform_36191390.json
Tiempo de ejecución: 409.875 segundos

Mon Dec  4 08:36:09 PM -03 2023
Ejecutando Polylla con tamaño 37544905
Reading OFF file /home/rcarrasco/GPolylla/data/37544905_points.1.off
[Polylla] Constructing Polylla...
[GPU] Copy vectors to device in 380.365 ms
[GPU] Labered max edges in 10.7612 ms
[GPU] Labeled frontier edges in 4.70404 ms
[GPU] Labeled seed edges in 4.64169 ms
[GPU] Labeled extra frontier edge in 40.8673 ms
[GPU] Labeled seed scan in 2.68685 ms
[GPU] Labeled seed compaction in 1.47335 ms
[GPU] Traversal phase 1 in 16.3946 ms
[GPU] Traversal phase (search frontier edge) in 2.72883 ms
[GPU] Rapair overwrite seed in 3.67116 ms
[GPU] Back to host in 423.374 ms
[GPU] Mesh with 12716639 polygons 0 edges and 0 barrier-edge tips.
Printing JSON file as /home/rcarrasco/GPolylla/experiments/CPU_and_GPU/gpu-uniform-result/1/uniform_37544905.json
Tiempo de ejecución: 429.431 segundos

Mon Dec  4 08:43:18 PM -03 2023
Ejecutando Polylla con tamaño 38898420
Reading OFF file /home/rcarrasco/GPolylla/data/38898420_points.1.off
[Polylla] Constructing Polylla...
[GPU] Copy vectors to device in 407.158 ms
[GPU] Labered max edges in 11.1292 ms
[GPU] Labeled frontier edges in 4.87385 ms
[GPU] Labeled seed edges in 4.78621 ms
[GPU] Labeled extra frontier edge in 42.3048 ms
[GPU] Labeled seed scan in 4.96742 ms
[GPU] Labeled seed compaction in 1.52794 ms
[GPU] Traversal phase 1 in 16.983 ms
[GPU] Traversal phase (search frontier edge) in 2.80082 ms
[GPU] Rapair overwrite seed in 3.80239 ms
[GPU] Back to host in 474.421 ms
[GPU] Mesh with 13175475 polygons 0 edges and 0 barrier-edge tips.
Printing JSON file as /home/rcarrasco/GPolylla/experiments/CPU_and_GPU/gpu-uniform-result/1/uniform_38898420.json
Tiempo de ejecución: 438.192 segundos

Mon Dec  4 08:50:37 PM -03 2023
Ejecutando Polylla con tamaño 40251935
Reading OFF file /home/rcarrasco/GPolylla/data/40251935_points.1.off
[Polylla] Constructing Polylla...
[GPU] Copy vectors to device in 423.698 ms
[GPU] Labered max edges in 11.5147 ms
[GPU] Labeled frontier edges in 5.0392 ms
[GPU] Labeled seed edges in 4.9526 ms
[GPU] Labeled extra frontier edge in 43.7751 ms
[GPU] Labeled seed scan in 2.81311 ms
[GPU] Labeled seed compaction in 1.57988 ms
[GPU] Traversal phase 1 in 17.5825 ms
[GPU] Traversal phase (search frontier edge) in 2.86058 ms
[GPU] Rapair overwrite seed in 3.92827 ms
[GPU] Back to host in 475.616 ms
[GPU] Mesh with 13634476 polygons 0 edges and 0 barrier-edge tips.
Printing JSON file as /home/rcarrasco/GPolylla/experiments/CPU_and_GPU/gpu-uniform-result/1/uniform_40251935.json
Tiempo de ejecución: 446.666 segundos

Mon Dec  4 08:58:04 PM -03 2023
Ejecutando Polylla con tamaño 41605450
Reading OFF file /home/rcarrasco/GPolylla/data/41605450_points.1.off
[Polylla] Constructing Polylla...
[GPU] Copy vectors to device in 421.532 ms
[GPU] Labered max edges in 11.9028 ms
[GPU] Labeled frontier edges in 5.21396 ms
[GPU] Labeled seed edges in 5.11296 ms
[GPU] Labeled extra frontier edge in 45.3098 ms
[GPU] Labeled seed scan in 17.8254 ms
[GPU] Labeled seed compaction in 1.63214 ms
[GPU] Traversal phase 1 in 18.1532 ms
[GPU] Traversal phase (search frontier edge) in 2.93175 ms
[GPU] Rapair overwrite seed in 4.053 ms
[GPU] Back to host in 488.621 ms
[GPU] Mesh with 14092148 polygons 0 edges and 0 barrier-edge tips.
Printing JSON file as /home/rcarrasco/GPolylla/experiments/CPU_and_GPU/gpu-uniform-result/1/uniform_41605450.json
Tiempo de ejecución: 469.241 segundos

Mon Dec  4 09:05:54 PM -03 2023
Ejecutando Polylla con tamaño 42958965
Reading OFF file /home/rcarrasco/GPolylla/data/42958965_points.1.off
[Polylla] Constructing Polylla...
[GPU] Copy vectors to device in 463.041 ms
[GPU] Labered max edges in 12.2452 ms
[GPU] Labeled frontier edges in 5.3799 ms
[GPU] Labeled seed edges in 5.29368 ms
[GPU] Labeled extra frontier edge in 46.7146 ms
[GPU] Labeled seed scan in 2.98047 ms
[GPU] Labeled seed compaction in 1.6838 ms
[GPU] Traversal phase 1 in 18.7575 ms
[GPU] Traversal phase (search frontier edge) in 3.00144 ms
[GPU] Rapair overwrite seed in 4.19146 ms
[GPU] Back to host in 516.567 ms
[GPU] Mesh with 14549373 polygons 0 edges and 0 barrier-edge tips.
Printing JSON file as /home/rcarrasco/GPolylla/experiments/CPU_and_GPU/gpu-uniform-result/1/uniform_42958965.json
Tiempo de ejecución: 487.555 segundos

Mon Dec  4 09:14:02 PM -03 2023
Ejecutando Polylla con tamaño 44312480
Reading OFF file /home/rcarrasco/GPolylla/data/44312480_points.1.off
[Polylla] Constructing Polylla...
[GPU] Copy vectors to device in 634.429 ms
[GPU] Labered max edges in 12.6572 ms
[GPU] Labeled frontier edges in 5.5429 ms
[GPU] Labeled seed edges in 5.45632 ms
[GPU] Labeled extra frontier edge in 48.1105 ms
[GPU] Labeled seed scan in 3.0699 ms
[GPU] Labeled seed compaction in 1.73704 ms
[GPU] Traversal phase 1 in 19.3218 ms
[GPU] Traversal phase (search frontier edge) in 3.05953 ms
[GPU] Rapair overwrite seed in 4.319 ms
[GPU] Back to host in 539.019 ms
[GPU] Mesh with 15007574 polygons 0 edges and 0 barrier-edge tips.
Printing JSON file as /home/rcarrasco/GPolylla/experiments/CPU_and_GPU/gpu-uniform-result/1/uniform_44312480.json
Tiempo de ejecución: 495.435 segundos

Mon Dec  4 09:22:18 PM -03 2023
