Thu Jan 18 09:56:10 PM UTC 2024
Start: 1000000, End: 100000000, Intervalo: 3093750, Diferencia: 99000000, NSAMPLES: 32
Valores: 1000000 4092529 7187761 10278436 13373649 16467364 19562929 22657600 25745476 28847641 31933801 35034561 38130625 41216400 44315649 47403225 50495236 53597041 56685841 59783824 62869041 65966884 69056100 72148036 75255625 78340201 81432576 84529636 87628321 90725625 93818596 96904336 100000000

Thu Jan 18 09:56:10 PM UTC 2024
Ejecutando Polylla con tamaño 1000000
Thu Jan 18 09:56:15 PM UTC 2024
Ejecutando Polylla con tamaño 4092529
Thu Jan 18 09:56:36 PM UTC 2024
Ejecutando Polylla con tamaño 7187761
Thu Jan 18 09:57:10 PM UTC 2024
Ejecutando Polylla con tamaño 10278436
Thu Jan 18 09:58:00 PM UTC 2024
Ejecutando Polylla con tamaño 13373649
Thu Jan 18 09:59:02 PM UTC 2024
Ejecutando Polylla con tamaño 16467364
Thu Jan 18 10:00:24 PM UTC 2024
Ejecutando Polylla con tamaño 19562929
Thu Jan 18 10:02:02 PM UTC 2024
Ejecutando Polylla con tamaño 22657600
Thu Jan 18 10:03:55 PM UTC 2024
Ejecutando Polylla con tamaño 25745476
Thu Jan 18 10:06:03 PM UTC 2024
Ejecutando Polylla con tamaño 28847641
Thu Jan 18 10:08:36 PM UTC 2024
Ejecutando Polylla con tamaño 31933801
Thu Jan 18 10:11:15 PM UTC 2024
Ejecutando Polylla con tamaño 35034561
Thu Jan 18 10:14:08 PM UTC 2024
Ejecutando Polylla con tamaño 38130625
Thu Jan 18 10:17:18 PM UTC 2024
Ejecutando Polylla con tamaño 41216400
Thu Jan 18 10:20:53 PM UTC 2024
Ejecutando Polylla con tamaño 44315649
Thu Jan 18 10:24:41 PM UTC 2024
Ejecutando Polylla con tamaño 47403225
Thu Jan 18 10:29:04 PM UTC 2024
Ejecutando Polylla con tamaño 50495236
Thu Jan 18 10:33:23 PM UTC 2024
Ejecutando Polylla con tamaño 53597041
Thu Jan 18 10:39:13 PM UTC 2024
Ejecutando Polylla con tamaño 56685841
Thu Jan 18 10:43:46 PM UTC 2024
Ejecutando Polylla con tamaño 59783824
Thu Jan 18 10:48:54 PM UTC 2024
Ejecutando Polylla con tamaño 62869041
Thu Jan 18 10:54:25 PM UTC 2024
Ejecutando Polylla con tamaño 65966884
Thu Jan 18 11:00:09 PM UTC 2024
Ejecutando Polylla con tamaño 69056100
Thu Jan 18 11:07:06 PM UTC 2024
Ejecutando Polylla con tamaño 72148036
Thu Jan 18 11:15:28 PM UTC 2024
Ejecutando Polylla con tamaño 75255625
Thu Jan 18 11:22:16 PM UTC 2024
Ejecutando Polylla con tamaño 78340201
Thu Jan 18 11:29:10 PM UTC 2024
Ejecutando Polylla con tamaño 81432576
Thu Jan 18 11:36:14 PM UTC 2024
Ejecutando Polylla con tamaño 84529636
Thu Jan 18 11:43:12 PM UTC 2024
Ejecutando Polylla con tamaño 87628321
Thu Jan 18 11:50:53 PM UTC 2024
Ejecutando Polylla con tamaño 90725625
Thu Jan 18 11:58:59 PM UTC 2024
Ejecutando Polylla con tamaño 93818596
Fri Jan 19 12:07:19 AM UTC 2024
Ejecutando Polylla con tamaño 96904336
Fri Jan 19 12:16:29 AM UTC 2024
Ejecutando Polylla con tamaño 100000000
Fri Jan 19 12:25:18 AM UTC 2024
