Ejecutando Polylla con tamaño 1000000
Generating points  
Generating triangles 
estimao 1996002 final 1996002
Constructing halfedges 
Triangulation generation time: 3240.84
[Polylla] Input mesh generated
[Polylla] Constructing Polylla...
[GPU] Copy vectors to device in 18.4734 ms
[GPU] Labered max edges in 0.236668 ms
[GPU] Labeled frontier edges in 0.139695 ms
[GPU] Labeled seed edges in 0.791439 ms
[GPU] Labeled seed scan in 0.419375 ms
[GPU] Labeled seed compaction in 0.060644 ms
[GPU] Traversal phase 1 in 0.407202 ms
[GPU] Traversal phase (search frontier edge) in 0.790287 ms
[GPU] Back to host in 11.9137 ms
Done!
Printing JSON file as uniform_1000000.json
output json in uniform_1000000.json
Tiempo de ejecución: 5.199 segundos
