Ejecutando Polylla con tamaño 100000000
Generating points  
Generating triangles 
estimao 199960002 final 199960002
Constructing halfedges 
Triangulation generation time: 416850
[Polylla] Input mesh generated
[Polylla] Constructing Polylla...
[GPU] Copy vectors to device in 1559.93 ms
[GPU] Labered max edges in 15.9722 ms
[GPU] Labeled frontier edges in 12.5403 ms
[GPU] Labeled seed edges in 12.537 ms
[GPU] Labeled seed scan in 6.27072 ms
[GPU] Labeled seed compaction in 4.29599 ms
[GPU] Traversal phase 1 in 45.1604 ms
[GPU] Traversal phase (search frontier edge) in 9.40523 ms
[GPU] Back to host in 1260.48 ms
Done!
Printing JSON file as uniform_100000000.json
output json in uniform_100000000.json
Tiempo de ejecución: 465.561 segundos
