Ejecutando Polylla con tamaño 25745476
Generating points  
Generating triangles 
estimao 51470658 final 51470658
Constructing halfedges 
Triangulation generation time: 107069
[Polylla] Input mesh generated
[Polylla] Constructing Polylla...
[GPU] Copy vectors to device in 356.517 ms
[GPU] Labered max edges in 4.316 ms
[GPU] Labeled frontier edges in 3.24155 ms
[GPU] Labeled seed edges in 3.2919 ms
[GPU] Labeled seed scan in 2.01159 ms
[GPU] Labeled seed compaction in 1.12472 ms
[GPU] Traversal phase 1 in 11.5941 ms
[GPU] Traversal phase (search frontier edge) in 2.33905 ms
[GPU] Back to host in 312.405 ms
Done!
Printing JSON file as uniform_25745476.json
output json in uniform_25745476.json
Tiempo de ejecución: 119.546 segundos
