Sat Mar 25 03:21:01 -03 2023
Start: 1000000, End: 44312500, Intervalo: 1353515, Diferencia: 43312500, NSAMPLES: 32
Sat Mar 25 03:21:01 -03 2023
Ejecutando Polylla con tamaño 1000000
Reading OFF file ../../data/1000000_points.1.off
[Polylla] Constructing Polylla...
[GPU] Copy vectors to device in 17.1376 ms
[GPU] Labered max edges in 0.280541 ms
[GPU] Labeled frontier edges in 0.136138 ms
[GPU] Labeled seed edges in 0.796098 ms
[GPU] Labeled seed scan in 0.402373 ms
[GPU] Labeled seed compaction in 0.057248 ms
[GPU] Traversal phase 1 in 0.451004 ms
[GPU] Traversal phase (search frontier edge) in 0.877674 ms
[GPU] Back to host in 10.3875 ms
Printing OFF file1000000 302941
output off in uniform_1000000.off
Tiempo de ejecución: 12.908 segundos

Sat Mar 25 03:21:14 -03 2023
Ejecutando Polylla con tamaño 2353515
Reading OFF file ../../data/2353515_points.1.off
[Polylla] Constructing Polylla...
[GPU] Copy vectors to device in 30.303 ms
[GPU] Labered max edges in 0.672464 ms
[GPU] Labeled frontier edges in 0.312292 ms
[GPU] Labeled seed edges in 0.820124 ms
[GPU] Labeled seed scan in 0.512652 ms
[GPU] Labeled seed compaction in 0.111441 ms
[GPU] Traversal phase 1 in 1.03845 ms
[GPU] Traversal phase (search frontier edge) in 0.99171 ms
[GPU] Back to host in 25.2398 ms
Printing OFF file2353515 711914
output off in uniform_2353515.off
Tiempo de ejecución: 30.201 segundos

Sat Mar 25 03:21:44 -03 2023
Ejecutando Polylla con tamaño 3707030
Reading OFF file ../../data/3707030_points.1.off
[Polylla] Constructing Polylla...
[GPU] Copy vectors to device in 54.7047 ms
[GPU] Labered max edges in 1.06033 ms
[GPU] Labeled frontier edges in 0.474299 ms
[GPU] Labeled seed edges in 0.860471 ms
[GPU] Labeled seed scan in 0.554141 ms
[GPU] Labeled seed compaction in 0.16354 ms
[GPU] Traversal phase 1 in 1.62447 ms
[GPU] Traversal phase (search frontier edge) in 1.07762 ms
[GPU] Back to host in 47.0703 ms
Printing OFF file3707030 1121394
output off in uniform_3707030.off
Tiempo de ejecución: 49.640 segundos

Sat Mar 25 03:22:33 -03 2023
Ejecutando Polylla con tamaño 5060545
Reading OFF file ../../data/5060545_points.1.off
[Polylla] Constructing Polylla...
[GPU] Copy vectors to device in 68.5848 ms
[GPU] Labered max edges in 1.44267 ms
[GPU] Labeled frontier edges in 0.64365 ms
[GPU] Labeled seed edges in 0.904233 ms
[GPU] Labeled seed scan in 0.632669 ms
[GPU] Labeled seed compaction in 0.216461 ms
[GPU] Traversal phase 1 in 2.21543 ms
[GPU] Traversal phase (search frontier edge) in 1.18256 ms
[GPU] Back to host in 63.4193 ms
Printing OFF file5060545 1531495
output off in uniform_5060545.off
Tiempo de ejecución: 68.484 segundos

Sat Mar 25 03:23:42 -03 2023
Ejecutando Polylla con tamaño 6414060
Reading OFF file ../../data/6414060_points.1.off
[Polylla] Constructing Polylla...
[GPU] Copy vectors to device in 75.4151 ms
[GPU] Labered max edges in 1.83431 ms
[GPU] Labeled frontier edges in 0.818201 ms
[GPU] Labeled seed edges in 0.979176 ms
[GPU] Labeled seed scan in 0.730034 ms
[GPU] Labeled seed compaction in 0.267817 ms
[GPU] Traversal phase 1 in 2.80027 ms
[GPU] Traversal phase (search frontier edge) in 1.2839 ms
[GPU] Back to host in 76.5842 ms
Printing OFF file6414060 1940863
output off in uniform_6414060.off
Tiempo de ejecución: 87.170 segundos

Sat Mar 25 03:25:09 -03 2023
Ejecutando Polylla con tamaño 7767575
Reading OFF file ../../data/7767575_points.1.off
[Polylla] Constructing Polylla...
[GPU] Copy vectors to device in 92.257 ms
[GPU] Labered max edges in 2.20711 ms
[GPU] Labeled frontier edges in 0.981359 ms
[GPU] Labeled seed edges in 1.08023 ms
[GPU] Labeled seed scan in 0.809805 ms
[GPU] Labeled seed compaction in 0.320787 ms
[GPU] Traversal phase 1 in 3.38353 ms
[GPU] Traversal phase (search frontier edge) in 1.33951 ms
[GPU] Back to host in 83.9514 ms
Printing OFF file7767575 2350641
output off in uniform_7767575.off
Tiempo de ejecución: 106.250 segundos

Sat Mar 25 03:26:55 -03 2023
Ejecutando Polylla con tamaño 9121090
Reading OFF file ../../data/9121090_points.1.off
[Polylla] Constructing Polylla...
[GPU] Copy vectors to device in 107.212 ms
[GPU] Labered max edges in 2.62135 ms
[GPU] Labeled frontier edges in 1.15566 ms
[GPU] Labeled seed edges in 1.19176 ms
[GPU] Labeled seed scan in 0.906899 ms
[GPU] Labeled seed compaction in 0.373418 ms
[GPU] Traversal phase 1 in 3.97547 ms
[GPU] Traversal phase (search frontier edge) in 1.43563 ms
[GPU] Back to host in 99.5227 ms
Printing OFF file9121090 2759791
output off in uniform_9121090.off
Tiempo de ejecución: 124.460 segundos

Sat Mar 25 03:29:00 -03 2023
Ejecutando Polylla con tamaño 10474605
Reading OFF file ../../data/10474605_points.1.off
[Polylla] Constructing Polylla...
[GPU] Copy vectors to device in 157.379 ms
[GPU] Labered max edges in 3.00639 ms
[GPU] Labeled frontier edges in 1.3174 ms
[GPU] Labeled seed edges in 1.31122 ms
[GPU] Labeled seed scan in 0.985448 ms
[GPU] Labeled seed compaction in 0.425817 ms
[GPU] Traversal phase 1 in 4.56513 ms
[GPU] Traversal phase (search frontier edge) in 1.48095 ms
[GPU] Back to host in 116.045 ms
Printing OFF file10474605 3170983
output off in uniform_10474605.off
Tiempo de ejecución: 153.992 segundos

Sat Mar 25 03:31:34 -03 2023
Ejecutando Polylla con tamaño 11828120
Reading OFF file ../../data/11828120_points.1.off
[Polylla] Constructing Polylla...
[GPU] Copy vectors to device in 166.118 ms
[GPU] Labered max edges in 3.38797 ms
[GPU] Labeled frontier edges in 1.48333 ms
[GPU] Labeled seed edges in 1.59455 ms
[GPU] Labeled seed scan in 1.05136 ms
[GPU] Labeled seed compaction in 0.477444 ms
[GPU] Traversal phase 1 in 5.14521 ms
[GPU] Traversal phase (search frontier edge) in 1.56475 ms
[GPU] Back to host in 142.708 ms
Printing OFF file11828120 3580665
output off in uniform_11828120.off
Tiempo de ejecución: 167.781 segundos

Sat Mar 25 03:34:22 -03 2023
Ejecutando Polylla con tamaño 13181635
Reading OFF file ../../data/13181635_points.1.off
[Polylla] Constructing Polylla...
[GPU] Copy vectors to device in 156.492 ms
[GPU] Labered max edges in 3.7559 ms
[GPU] Labeled frontier edges in 1.65496 ms
[GPU] Labeled seed edges in 1.71288 ms
[GPU] Labeled seed scan in 1.08873 ms
[GPU] Labeled seed compaction in 0.529524 ms
[GPU] Traversal phase 1 in 5.71502 ms
[GPU] Traversal phase (search frontier edge) in 1.65239 ms
[GPU] Back to host in 141.576 ms
Printing OFF file13181635 3991001
output off in uniform_13181635.off
Tiempo de ejecución: 194.419 segundos

Sat Mar 25 03:37:36 -03 2023
Ejecutando Polylla con tamaño 14535150
Reading OFF file ../../data/14535150_points.1.off
[Polylla] Constructing Polylla...
[GPU] Copy vectors to device in 177.804 ms
[GPU] Labered max edges in 4.17883 ms
[GPU] Labeled frontier edges in 1.82949 ms
[GPU] Labeled seed edges in 1.83706 ms
[GPU] Labeled seed scan in 1.19893 ms
[GPU] Labeled seed compaction in 0.583135 ms
[GPU] Traversal phase 1 in 6.30604 ms
[GPU] Traversal phase (search frontier edge) in 1.68898 ms
[GPU] Back to host in 249.22 ms
Printing OFF file14535150 4400194
output off in uniform_14535150.off
Tiempo de ejecución: 205.237 segundos

Sat Mar 25 03:41:01 -03 2023
Ejecutando Polylla con tamaño 15888665
Reading OFF file ../../data/15888665_points.1.off
[Polylla] Constructing Polylla...
[GPU] Copy vectors to device in 189.077 ms
[GPU] Labered max edges in 4.5597 ms
[GPU] Labeled frontier edges in 1.99354 ms
[GPU] Labeled seed edges in 1.96958 ms
[GPU] Labeled seed scan in 1.28537 ms
[GPU] Labeled seed compaction in 0.770069 ms
[GPU] Traversal phase 1 in 6.89201 ms
[GPU] Traversal phase (search frontier edge) in 1.77056 ms
[GPU] Back to host in 245.724 ms
Printing OFF file15888665 4810195
output off in uniform_15888665.off
Tiempo de ejecución: 220.677 segundos

Sat Mar 25 03:44:42 -03 2023
Ejecutando Polylla con tamaño 17242180
Reading OFF file ../../data/17242180_points.1.off
[Polylla] Constructing Polylla...
[GPU] Copy vectors to device in 210.116 ms
[GPU] Labered max edges in 4.9613 ms
[GPU] Labeled frontier edges in 2.16927 ms
[GPU] Labeled seed edges in 2.21956 ms
[GPU] Labeled seed scan in 1.33547 ms
[GPU] Labeled seed compaction in 0.686 ms
[GPU] Traversal phase 1 in 7.48963 ms
[GPU] Traversal phase (search frontier edge) in 1.85726 ms
[GPU] Back to host in 269.928 ms
Printing OFF file17242180 5219661
output off in uniform_17242180.off
Tiempo de ejecución: 243.592 segundos

Sat Mar 25 03:48:46 -03 2023
Ejecutando Polylla con tamaño 18595695
Reading OFF file ../../data/18595695_points.1.off
[Polylla] Constructing Polylla...
[GPU] Copy vectors to device in 216.7 ms
[GPU] Labered max edges in 5.34474 ms
[GPU] Labeled frontier edges in 2.33949 ms
[GPU] Labeled seed edges in 2.34789 ms
[GPU] Labeled seed scan in 1.58008 ms
[GPU] Labeled seed compaction in 0.738439 ms
[GPU] Traversal phase 1 in 8.07493 ms
[GPU] Traversal phase (search frontier edge) in 1.88867 ms
[GPU] Back to host in 323.312 ms
Printing OFF file18595695 5630513
output off in uniform_18595695.off
Tiempo de ejecución: 259.581 segundos

Sat Mar 25 03:53:05 -03 2023
Ejecutando Polylla con tamaño 19949210
Reading OFF file ../../data/19949210_points.1.off
[Polylla] Constructing Polylla...
[GPU] Copy vectors to device in 239.49 ms
[GPU] Labered max edges in 5.72099 ms
[GPU] Labeled frontier edges in 2.51041 ms
[GPU] Labeled seed edges in 2.48057 ms
[GPU] Labeled seed scan in 1.48719 ms
[GPU] Labeled seed compaction in 0.792321 ms
[GPU] Traversal phase 1 in 8.66256 ms
[GPU] Traversal phase (search frontier edge) in 1.9673 ms
[GPU] Back to host in 316.116 ms
Printing OFF file19949210 6039874
output off in uniform_19949210.off
Tiempo de ejecución: 281.288 segundos

Sat Mar 25 03:57:46 -03 2023
Ejecutando Polylla con tamaño 21302725
Reading OFF file ../../data/21302725_points.1.off
[Polylla] Constructing Polylla...
[GPU] Copy vectors to device in 224.849 ms
[GPU] Labered max edges in 6.12765 ms
[GPU] Labeled frontier edges in 2.67395 ms
[GPU] Labeled seed edges in 2.62783 ms
[GPU] Labeled seed scan in 1.67739 ms
[GPU] Labeled seed compaction in 0.843288 ms
[GPU] Traversal phase 1 in 9.24648 ms
[GPU] Traversal phase (search frontier edge) in 2.00591 ms
[GPU] Back to host in 291.531 ms
Printing OFF file21302725 6449242
output off in uniform_21302725.off
Tiempo de ejecución: 305.857 segundos

Sat Mar 25 04:02:52 -03 2023
Ejecutando Polylla con tamaño 22656240
Reading OFF file ../../data/22656240_points.1.off
[Polylla] Constructing Polylla...
[GPU] Copy vectors to device in 314.239 ms
[GPU] Labered max edges in 6.52055 ms
[GPU] Labeled frontier edges in 2.84711 ms
[GPU] Labeled seed edges in 2.86328 ms
[GPU] Labeled seed scan in 1.79262 ms
[GPU] Labeled seed compaction in 0.89656 ms
[GPU] Traversal phase 1 in 9.84038 ms
[GPU] Traversal phase (search frontier edge) in 2.08224 ms
[GPU] Back to host in 437.322 ms
Printing OFF file22656240 6859005
output off in uniform_22656240.off
Tiempo de ejecución: 330.573 segundos

Sat Mar 25 04:08:23 -03 2023
Ejecutando Polylla con tamaño 24009755
Reading OFF file ../../data/24009755_points.1.off
[Polylla] Constructing Polylla...
[GPU] Copy vectors to device in 303.253 ms
[GPU] Labered max edges in 6.87777 ms
[GPU] Labeled frontier edges in 3.01666 ms
[GPU] Labeled seed edges in 3.07291 ms
[GPU] Labeled seed scan in 1.86139 ms
[GPU] Labeled seed compaction in 0.948167 ms
[GPU] Traversal phase 1 in 10.4122 ms
[GPU] Traversal phase (search frontier edge) in 2.15804 ms
[GPU] Back to host in 406.31 ms
Printing OFF file24009755 7268238
output off in uniform_24009755.off
Tiempo de ejecución: 349.620 segundos

Sat Mar 25 04:14:12 -03 2023
Ejecutando Polylla con tamaño 25363270
Reading OFF file ../../data/25363270_points.1.off
[Polylla] Constructing Polylla...
[GPU] Copy vectors to device in 321.324 ms
[GPU] Labered max edges in 7.26444 ms
[GPU] Labeled frontier edges in 3.18118 ms
[GPU] Labeled seed edges in 3.19742 ms
[GPU] Labeled seed scan in 1.9473 ms
[GPU] Labeled seed compaction in 1.0016 ms
[GPU] Traversal phase 1 in 10.9977 ms
[GPU] Traversal phase (search frontier edge) in 2.19923 ms
[GPU] Back to host in 440.474 ms
Printing OFF file25363270 7676631
output off in uniform_25363270.off
Tiempo de ejecución: 369.804 segundos

Sat Mar 25 04:20:22 -03 2023
Ejecutando Polylla con tamaño 26716785
Reading OFF file ../../data/26716785_points.1.off
[Polylla] Constructing Polylla...
[GPU] Copy vectors to device in 343.439 ms
[GPU] Labered max edges in 7.67241 ms
[GPU] Labeled frontier edges in 3.56151 ms
[GPU] Labeled seed edges in 3.43243 ms
[GPU] Labeled seed scan in 2.08814 ms
[GPU] Labeled seed compaction in 1.05346 ms
[GPU] Traversal phase 1 in 11.5922 ms
[GPU] Traversal phase (search frontier edge) in 2.27334 ms
[GPU] Back to host in 470.296 ms
Printing OFF file26716785 8085633
output off in uniform_26716785.off
Tiempo de ejecución: 392.562 segundos

Sat Mar 25 04:26:55 -03 2023
Ejecutando Polylla con tamaño 28070300
Reading OFF file ../../data/28070300_points.1.off
[Polylla] Constructing Polylla...
[GPU] Copy vectors to device in 384.186 ms
[GPU] Labered max edges in 8.08548 ms
[GPU] Labeled frontier edges in 3.51784 ms
[GPU] Labeled seed edges in 3.64771 ms
[GPU] Labeled seed scan in 2.10384 ms
[GPU] Labeled seed compaction in 1.10535 ms
[GPU] Traversal phase 1 in 12.1663 ms
[GPU] Traversal phase (search frontier edge) in 2.32125 ms
[GPU] Back to host in 508.277 ms
Printing OFF file28070300 8497182
output off in uniform_28070300.off
Tiempo de ejecución: 420.977 segundos

Sat Mar 25 04:33:56 -03 2023
Ejecutando Polylla con tamaño 29423815
Reading OFF file ../../data/29423815_points.1.off
[Polylla] Constructing Polylla...
[GPU] Copy vectors to device in 412.396 ms
[GPU] Labered max edges in 8.45071 ms
[GPU] Labeled frontier edges in 3.68851 ms
[GPU] Labeled seed edges in 3.74665 ms
[GPU] Labeled seed scan in 2.30039 ms
[GPU] Labeled seed compaction in 1.15698 ms
[GPU] Traversal phase 1 in 12.7563 ms
[GPU] Traversal phase (search frontier edge) in 2.39647 ms
[GPU] Back to host in 514.705 ms
Printing OFF file29423815 8907845
output off in uniform_29423815.off
Tiempo de ejecución: 436.689 segundos

Sat Mar 25 04:41:13 -03 2023
Ejecutando Polylla con tamaño 30777330
Reading OFF file ../../data/30777330_points.1.off
[Polylla] Constructing Polylla...
[GPU] Copy vectors to device in 377.584 ms
[GPU] Labered max edges in 8.86921 ms
[GPU] Labeled frontier edges in 3.8571 ms
[GPU] Labeled seed edges in 3.86709 ms
[GPU] Labeled seed scan in 2.24106 ms
[GPU] Labeled seed compaction in 1.20954 ms
[GPU] Traversal phase 1 in 13.3363 ms
[GPU] Traversal phase (search frontier edge) in 2.46711 ms
[GPU] Back to host in 373.216 ms
Printing OFF file30777330 9317845
output off in uniform_30777330.off
Tiempo de ejecución: 443.172 segundos

Sat Mar 25 04:48:36 -03 2023
Ejecutando Polylla con tamaño 32130845
Reading OFF file ../../data/32130845_points.1.off
[Polylla] Constructing Polylla...
[GPU] Copy vectors to device in 415.639 ms
[GPU] Labered max edges in 9.25401 ms
[GPU] Labeled frontier edges in 4.03343 ms
[GPU] Labeled seed edges in 3.98919 ms
[GPU] Labeled seed scan in 2.33351 ms
[GPU] Labeled seed compaction in 1.2611 ms
[GPU] Traversal phase 1 in 13.9355 ms
[GPU] Traversal phase (search frontier edge) in 2.51835 ms
[GPU] Back to host in 507.418 ms
Printing OFF file32130845 9728626
output off in uniform_32130845.off
Tiempo de ejecución: 461.000 segundos

Sat Mar 25 04:56:17 -03 2023
Ejecutando Polylla con tamaño 33484360
Reading OFF file ../../data/33484360_points.1.off
[Polylla] Constructing Polylla...
[GPU] Copy vectors to device in 413.695 ms
[GPU] Labered max edges in 9.64923 ms
[GPU] Labeled frontier edges in 4.1973 ms
[GPU] Labeled seed edges in 4.12272 ms
[GPU] Labeled seed scan in 2.43925 ms
[GPU] Labeled seed compaction in 1.31381 ms
[GPU] Traversal phase 1 in 15.2958 ms
[GPU] Traversal phase (search frontier edge) in 2.59538 ms
[GPU] Back to host in 402.45 ms
Printing OFF file33484360 10138018
output off in uniform_33484360.off
Tiempo de ejecución: 476.521 segundos

Sat Mar 25 05:04:13 -03 2023
Ejecutando Polylla con tamaño 34837875
Reading OFF file ../../data/34837875_points.1.off
[Polylla] Constructing Polylla...
[GPU] Copy vectors to device in 471.611 ms
[GPU] Labered max edges in 10.0283 ms
[GPU] Labeled frontier edges in 4.36997 ms
[GPU] Labeled seed edges in 4.33569 ms
[GPU] Labeled seed scan in 2.47303 ms
[GPU] Labeled seed compaction in 1.36591 ms
[GPU] Traversal phase 1 in 15.13 ms
[GPU] Traversal phase (search frontier edge) in 2.6433 ms
[GPU] Back to host in 433.788 ms
Printing OFF file34837875 10547470
output off in uniform_34837875.off
Tiempo de ejecución: 491.457 segundos

Sat Mar 25 05:12:25 -03 2023
Ejecutando Polylla con tamaño 36191390
Reading OFF file ../../data/36191390_points.1.off
[Polylla] Constructing Polylla...
[GPU] Copy vectors to device in 396.021 ms
[GPU] Labered max edges in 10.4268 ms
[GPU] Labeled frontier edges in 4.54816 ms
[GPU] Labeled seed edges in 4.45898 ms
[GPU] Labeled seed scan in 2.61192 ms
[GPU] Labeled seed compaction in 1.41906 ms
[GPU] Traversal phase 1 in 15.7163 ms
[GPU] Traversal phase (search frontier edge) in 2.71715 ms
[GPU] Back to host in 439.231 ms
Printing OFF file36191390 10957693
output off in uniform_36191390.off
Tiempo de ejecución: 539.681 segundos

Sat Mar 25 05:21:24 -03 2023
Ejecutando Polylla con tamaño 37544905
Reading OFF file ../../data/37544905_points.1.off
[Polylla] Constructing Polylla...
[GPU] Copy vectors to device in 483.088 ms
[GPU] Labered max edges in 10.832 ms
[GPU] Labeled frontier edges in 4.70731 ms
[GPU] Labeled seed edges in 4.61986 ms
[GPU] Labeled seed scan in 2.6417 ms
[GPU] Labeled seed compaction in 1.4715 ms
[GPU] Traversal phase 1 in 16.3093 ms
[GPU] Traversal phase (search frontier edge) in 2.79044 ms
[GPU] Back to host in 456.574 ms
Printing OFF file37544905 11367527
output off in uniform_37544905.off
Tiempo de ejecución: 567.285 segundos

Sat Mar 25 05:30:52 -03 2023
Ejecutando Polylla con tamaño 38898420
Reading OFF file ../../data/38898420_points.1.off
[Polylla] Constructing Polylla...
[GPU] Copy vectors to device in 404.581 ms
[GPU] Labered max edges in 11.1909 ms
[GPU] Labeled frontier edges in 4.88547 ms
[GPU] Labeled seed edges in 4.78568 ms
[GPU] Labeled seed scan in 2.71955 ms
[GPU] Labeled seed compaction in 1.52306 ms
[GPU] Traversal phase 1 in 16.8868 ms
[GPU] Traversal phase (search frontier edge) in 2.85274 ms
[GPU] Back to host in 472.404 ms
Printing OFF file38898420 11778156
output off in uniform_38898420.off
Tiempo de ejecución: 577.465 segundos

Sat Mar 25 05:40:29 -03 2023
Ejecutando Polylla con tamaño 40251935
Reading OFF file ../../data/40251935_points.1.off
[Polylla] Constructing Polylla...
[GPU] Copy vectors to device in 403.56 ms
[GPU] Labered max edges in 11.5991 ms
[GPU] Labeled frontier edges in 5.03217 ms
[GPU] Labeled seed edges in 4.99429 ms
[GPU] Labeled seed scan in 2.83861 ms
[GPU] Labeled seed compaction in 1.57529 ms
[GPU] Traversal phase 1 in 17.506 ms
[GPU] Traversal phase (search frontier edge) in 2.92653 ms
[GPU] Back to host in 464.226 ms
Printing OFF file40251935 12188789
output off in uniform_40251935.off
Tiempo de ejecución: 583.809 segundos

Sat Mar 25 05:50:13 -03 2023
Ejecutando Polylla con tamaño 41605450
Reading OFF file ../../data/41605450_points.1.off
[Polylla] Constructing Polylla...
[GPU] Copy vectors to device in 431.875 ms
[GPU] Labered max edges in 11.9886 ms
[GPU] Labeled frontier edges in 5.21402 ms
[GPU] Labeled seed edges in 5.11997 ms
[GPU] Labeled seed scan in 2.90011 ms
[GPU] Labeled seed compaction in 1.62846 ms
[GPU] Traversal phase 1 in 18.0649 ms
[GPU] Traversal phase (search frontier edge) in 2.98516 ms
[GPU] Back to host in 512.03 ms
Printing OFF file41605450 12597729
output off in uniform_41605450.off
Tiempo de ejecución: 603.692 segundos

Sat Mar 25 06:00:17 -03 2023
Ejecutando Polylla con tamaño 42958965
Reading OFF file ../../data/42958965_points.1.off
[Polylla] Constructing Polylla...
[GPU] Copy vectors to device in 468.731 ms
[GPU] Labered max edges in 12.3389 ms
[GPU] Labeled frontier edges in 5.37967 ms
[GPU] Labeled seed edges in 5.29053 ms
[GPU] Labeled seed scan in 2.96617 ms
[GPU] Labeled seed compaction in 1.67973 ms
[GPU] Traversal phase 1 in 18.6493 ms
[GPU] Traversal phase (search frontier edge) in 3.05474 ms
[GPU] Back to host in 582.597 ms
Printing OFF file42958965 13007639
output off in uniform_42958965.off
Tiempo de ejecución: 632.329 segundos

Sat Mar 25 06:10:49 -03 2023
Ejecutando Polylla con tamaño 44312480
Reading OFF file ../../data/44312480_points.1.off
[Polylla] Constructing Polylla...
[GPU] Copy vectors to device in 450.983 ms
[GPU] Labered max edges in 12.7152 ms
[GPU] Labeled frontier edges in 5.5434 ms
[GPU] Labeled seed edges in 5.44341 ms
[GPU] Labeled seed scan in 3.03101 ms
[GPU] Labeled seed compaction in 1.73272 ms
[GPU] Traversal phase 1 in 19.2299 ms
[GPU] Traversal phase (search frontier edge) in 3.1271 ms
[GPU] Back to host in 481.728 ms
Printing OFF file44312480 13417452
output off in uniform_44312480.off
Tiempo de ejecución: 648.817 segundos

Sat Mar 25 06:21:38 -03 2023
